<?xml version="1.0" encoding="UTF-8"?>
<testsuite name="PutTest" tests="7" skipped="0" failures="0" errors="0" timestamp="2025-02-06T12:36:10" hostname="fv-az1931-969" time="2.055">
  <properties/>
  <testcase name="testPutUser[0](2, John Doe, Software Developer, true)" classname="PutTest" time="0.447"/>
  <testcase name="testPutUser[1](2, , QA Engineer, true)" classname="PutTest" time="0.279"/>
  <testcase name="testPutUser[2](2, Alice, , true)" classname="PutTest" time="0.283"/>
  <testcase name="testPutUser[3](2, VeryLongNameThatExceedsNormalLengthaldhiuhisabdkauhiugfKJKASJHFKSJH, Dev, true)" classname="PutTest" time="0.259"/>
  <testcase name="testPutUser[4](2, Bob, Business Analyst, true)" classname="PutTest" time="0.255"/>
  <testcase name="testPutUser[5](2, !@#$%^&amp;*(), Engineer, true)" classname="PutTest" time="0.264"/>
  <testcase name="testPutUser[6](3, Jane Doe, Tester, true)" classname="PutTest" time="0.258"/>
  <system-out><![CDATA[name before =null
Request method:	PUT
Request URI:	https://reqres.in/api/users/22
Proxy:			<none>
Request params:	<none>
Query params:	<none>
Form params:	<none>
Path params:	<none>
Headers:		Accept=*/*
				Content-Type=application/json
Cookies:		<none>
Multiparts:		<none>
Body:
{
    "name": "John Doe",
    "job": "Software Developer",
    "userID": 2
}
HTTP/1.1 200 OK
Date: Thu, 06 Feb 2025 12:36:10 GMT
Content-Type: application/json; charset=utf-8
Transfer-Encoding: chunked
Connection: keep-alive
Report-To: {"group":"heroku-nel","max_age":3600,"endpoints":[{"url":"https://nel.heroku.com/reports?ts=1738845370&sid=c4c9725f-1ab0-44d8-820f-430df2718e11&s=VnlvPib6iWAmzUR3AJdSeiTRzlqAcwet7LMnH6n5stE%3D"}]}
Reporting-Endpoints: heroku-nel=https://nel.heroku.com/reports?ts=1738845370&sid=c4c9725f-1ab0-44d8-820f-430df2718e11&s=VnlvPib6iWAmzUR3AJdSeiTRzlqAcwet7LMnH6n5stE%3D
Nel: {"report_to":"heroku-nel","max_age":3600,"success_fraction":0.005,"failure_fraction":0.05,"response_headers":["Via"]}
X-Powered-By: Express
Access-Control-Allow-Origin: *
Etag: W/"60-p7h9Pbowl5/zayrPX9k3oj/dTkA"
Via: 1.1 vegur
CF-Cache-Status: DYNAMIC
Vary: Accept-Encoding
Server: cloudflare
CF-RAY: 90db2f2f18ef5a0a-IAD
Content-Encoding: gzip
server-timing: cfL4;desc="?proto=TCP&rtt=1055&min_rtt=971&rtt_var=424&sent=6&recv=7&lost=0&retrans=0&sent_bytes=3108&recv_bytes=869&delivery_rate=4411946&cwnd=252&unsent_bytes=0&cid=6fc93949f3a7b0ee&ts=164&x=0"

{
    "name": "John Doe",
    "job": "Software Developer",
    "userID": 2,
    "updatedAt": "2025-02-06T12:36:10.847Z"
}
name before =null
Request method:	PUT
Request URI:	https://reqres.in/api/users/22
Proxy:			<none>
Request params:	<none>
Query params:	<none>
Form params:	<none>
Path params:	<none>
Headers:		Accept=*/*
				Content-Type=application/json
Cookies:		<none>
Multiparts:		<none>
Body:
{
    "name": "",
    "job": "QA Engineer",
    "userID": 2
}
HTTP/1.1 200 OK
Date: Thu, 06 Feb 2025 12:36:11 GMT
Content-Type: application/json; charset=utf-8
Transfer-Encoding: chunked
Connection: keep-alive
Report-To: {"group":"heroku-nel","max_age":3600,"endpoints":[{"url":"https://nel.heroku.com/reports?ts=1738845371&sid=c4c9725f-1ab0-44d8-820f-430df2718e11&s=8keseEqXEdir%2FMy0HvFqgMjRbTnbO6rGyS5RDrEDIe4%3D"}]}
Reporting-Endpoints: heroku-nel=https://nel.heroku.com/reports?ts=1738845371&sid=c4c9725f-1ab0-44d8-820f-430df2718e11&s=8keseEqXEdir%2FMy0HvFqgMjRbTnbO6rGyS5RDrEDIe4%3D
Nel: {"report_to":"heroku-nel","max_age":3600,"success_fraction":0.005,"failure_fraction":0.05,"response_headers":["Via"]}
X-Powered-By: Express
Access-Control-Allow-Origin: *
Etag: W/"51-ZWhAi0hpKjF0mcKl3RVMZ/EU2/U"
Via: 1.1 vegur
CF-Cache-Status: DYNAMIC
Vary: Accept-Encoding
Server: cloudflare
CF-RAY: 90db2f30ca0f073d-IAD
Content-Encoding: gzip
server-timing: cfL4;desc="?proto=TCP&rtt=1226&min_rtt=1165&rtt_var=480&sent=6&recv=7&lost=0&retrans=0&sent_bytes=3108&recv_bytes=854&delivery_rate=3677253&cwnd=252&unsent_bytes=0&cid=6b135c8e04fcbdcc&ts=176&x=0"

{
    "name": "",
    "job": "QA Engineer",
    "userID": 2,
    "updatedAt": "2025-02-06T12:36:11.129Z"
}
name before =null
Request method:	PUT
Request URI:	https://reqres.in/api/users/22
Proxy:			<none>
Request params:	<none>
Query params:	<none>
Form params:	<none>
Path params:	<none>
Headers:		Accept=*/*
				Content-Type=application/json
Cookies:		<none>
Multiparts:		<none>
Body:
{
    "name": "Alice",
    "job": "",
    "userID": 2
}
HTTP/1.1 200 OK
Date: Thu, 06 Feb 2025 12:36:11 GMT
Content-Type: application/json; charset=utf-8
Transfer-Encoding: chunked
Connection: keep-alive
Report-To: {"group":"heroku-nel","max_age":3600,"endpoints":[{"url":"https://nel.heroku.com/reports?ts=1738845371&sid=c4c9725f-1ab0-44d8-820f-430df2718e11&s=8keseEqXEdir%2FMy0HvFqgMjRbTnbO6rGyS5RDrEDIe4%3D"}]}
Reporting-Endpoints: heroku-nel=https://nel.heroku.com/reports?ts=1738845371&sid=c4c9725f-1ab0-44d8-820f-430df2718e11&s=8keseEqXEdir%2FMy0HvFqgMjRbTnbO6rGyS5RDrEDIe4%3D
Nel: {"report_to":"heroku-nel","max_age":3600,"success_fraction":0.005,"failure_fraction":0.05,"response_headers":["Via"]}
X-Powered-By: Express
Access-Control-Allow-Origin: *
Etag: W/"4b-pYq8fKaPU/ZSy5olBFyYZCzQmWI"
Via: 1.1 vegur
CF-Cache-Status: DYNAMIC
Vary: Accept-Encoding
Server: cloudflare
CF-RAY: 90db2f329d5a3b68-IAD
Content-Encoding: gzip
server-timing: cfL4;desc="?proto=TCP&rtt=1090&min_rtt=1075&rtt_var=414&sent=6&recv=8&lost=0&retrans=0&sent_bytes=3109&recv_bytes=848&delivery_rate=3985116&cwnd=239&unsent_bytes=0&cid=2e579238896d9c75&ts=173&x=0"

{
    "name": "Alice",
    "job": "",
    "userID": 2,
    "updatedAt": "2025-02-06T12:36:11.416Z"
}
name before =null
Request method:	PUT
Request URI:	https://reqres.in/api/users/22
Proxy:			<none>
Request params:	<none>
Query params:	<none>
Form params:	<none>
Path params:	<none>
Headers:		Accept=*/*
				Content-Type=application/json
Cookies:		<none>
Multiparts:		<none>
Body:
{
    "name": "VeryLongNameThatExceedsNormalLengthaldhiuhisabdkauhiugfKJKASJHFKSJH",
    "job": "Dev",
    "userID": 2
}
HTTP/1.1 200 OK
Date: Thu, 06 Feb 2025 12:36:11 GMT
Content-Type: application/json; charset=utf-8
Transfer-Encoding: chunked
Connection: keep-alive
Report-To: {"group":"heroku-nel","max_age":3600,"endpoints":[{"url":"https://nel.heroku.com/reports?ts=1738845371&sid=c4c9725f-1ab0-44d8-820f-430df2718e11&s=8keseEqXEdir%2FMy0HvFqgMjRbTnbO6rGyS5RDrEDIe4%3D"}]}
Reporting-Endpoints: heroku-nel=https://nel.heroku.com/reports?ts=1738845371&sid=c4c9725f-1ab0-44d8-820f-430df2718e11&s=8keseEqXEdir%2FMy0HvFqgMjRbTnbO6rGyS5RDrEDIe4%3D
Nel: {"report_to":"heroku-nel","max_age":3600,"success_fraction":0.005,"failure_fraction":0.05,"response_headers":["Via"]}
X-Powered-By: Express
Access-Control-Allow-Origin: *
Etag: W/"8c-g7wyUNOJOwV6OCvOyCZZrbsIcIo"
Via: 1.1 vegur
CF-Cache-Status: DYNAMIC
Vary: Accept-Encoding
Server: cloudflare
CF-RAY: 90db2f344dc66fa4-IAD
Content-Encoding: gzip
server-timing: cfL4;desc="?proto=TCP&rtt=1042&min_rtt=1026&rtt_var=300&sent=6&recv=8&lost=0&retrans=0&sent_bytes=3109&recv_bytes=914&delivery_rate=4147144&cwnd=249&unsent_bytes=0&cid=ff63cb09c74ddd01&ts=165&x=0"

{
    "name": "VeryLongNameThatExceedsNormalLengthaldhiuhisabdkauhiugfKJKASJHFKSJH",
    "job": "Dev",
    "userID": 2,
    "updatedAt": "2025-02-06T12:36:11.679Z"
}
name before =null
Request method:	PUT
Request URI:	https://reqres.in/api/users/22
Proxy:			<none>
Request params:	<none>
Query params:	<none>
Form params:	<none>
Path params:	<none>
Headers:		Accept=*/*
				Content-Type=application/json
Cookies:		<none>
Multiparts:		<none>
Body:
{
    "name": "Bob",
    "job": "Business Analyst",
    "userID": 2
}
HTTP/1.1 200 OK
Date: Thu, 06 Feb 2025 12:36:11 GMT
Content-Type: application/json; charset=utf-8
Transfer-Encoding: chunked
Connection: keep-alive
Report-To: {"group":"heroku-nel","max_age":3600,"endpoints":[{"url":"https://nel.heroku.com/reports?ts=1738845371&sid=c4c9725f-1ab0-44d8-820f-430df2718e11&s=8keseEqXEdir%2FMy0HvFqgMjRbTnbO6rGyS5RDrEDIe4%3D"}]}
Reporting-Endpoints: heroku-nel=https://nel.heroku.com/reports?ts=1738845371&sid=c4c9725f-1ab0-44d8-820f-430df2718e11&s=8keseEqXEdir%2FMy0HvFqgMjRbTnbO6rGyS5RDrEDIe4%3D
Nel: {"report_to":"heroku-nel","max_age":3600,"success_fraction":0.005,"failure_fraction":0.05,"response_headers":["Via"]}
X-Powered-By: Express
Access-Control-Allow-Origin: *
Etag: W/"59-T2nDPE5IbZ350+uojRuEKJV+3N4"
Via: 1.1 vegur
CF-Cache-Status: DYNAMIC
Vary: Accept-Encoding
Server: cloudflare
CF-RAY: 90db2f35ece2d6f4-IAD
Content-Encoding: gzip
server-timing: cfL4;desc="?proto=TCP&rtt=932&min_rtt=929&rtt_var=355&sent=6&recv=8&lost=0&retrans=0&sent_bytes=3108&recv_bytes=862&delivery_rate=4476489&cwnd=252&unsent_bytes=0&cid=ee26fa61a092c80a&ts=162&x=0"

{
    "name": "Bob",
    "job": "Business Analyst",
    "userID": 2,
    "updatedAt": "2025-02-06T12:36:11.939Z"
}
name before =null
Request method:	PUT
Request URI:	https://reqres.in/api/users/22
Proxy:			<none>
Request params:	<none>
Query params:	<none>
Form params:	<none>
Path params:	<none>
Headers:		Accept=*/*
				Content-Type=application/json
Cookies:		<none>
Multiparts:		<none>
Body:
{
    "name": "!@#$%^&*()",
    "job": "Engineer",
    "userID": 2
}
HTTP/1.1 200 OK
Date: Thu, 06 Feb 2025 12:36:12 GMT
Content-Type: application/json; charset=utf-8
Transfer-Encoding: chunked
Connection: keep-alive
Report-To: {"group":"heroku-nel","max_age":3600,"endpoints":[{"url":"https://nel.heroku.com/reports?ts=1738845372&sid=c4c9725f-1ab0-44d8-820f-430df2718e11&s=thzCjWvc1CVmMGSk1SE6L1AiSbJAJ%2BVOfDPTJL1k6Wk%3D"}]}
Reporting-Endpoints: heroku-nel=https://nel.heroku.com/reports?ts=1738845372&sid=c4c9725f-1ab0-44d8-820f-430df2718e11&s=thzCjWvc1CVmMGSk1SE6L1AiSbJAJ%2BVOfDPTJL1k6Wk%3D
Nel: {"report_to":"heroku-nel","max_age":3600,"success_fraction":0.005,"failure_fraction":0.05,"response_headers":["Via"]}
X-Powered-By: Express
Access-Control-Allow-Origin: *
Etag: W/"58-xLZPkNuhMS7vPmnjoUDjYJ2pTW8"
Via: 1.1 vegur
CF-Cache-Status: DYNAMIC
Vary: Accept-Encoding
Server: cloudflare
CF-RAY: 90db2f377c8107b0-IAD
Content-Encoding: gzip
server-timing: cfL4;desc="?proto=TCP&rtt=1346&min_rtt=1253&rtt_var=536&sent=6&recv=7&lost=0&retrans=0&sent_bytes=3108&recv_bytes=861&delivery_rate=3418994&cwnd=252&unsent_bytes=0&cid=86cb0100d20d008d&ts=165&x=0"

{
    "name": "!@#$%^&*()",
    "job": "Engineer",
    "userID": 2,
    "updatedAt": "2025-02-06T12:36:12.193Z"
}
name before =null
Request method:	PUT
Request URI:	https://reqres.in/api/users/23
Proxy:			<none>
Request params:	<none>
Query params:	<none>
Form params:	<none>
Path params:	<none>
Headers:		Accept=*/*
				Content-Type=application/json
Cookies:		<none>
Multiparts:		<none>
Body:
{
    "name": "Jane Doe",
    "job": "Tester",
    "userID": 3
}
HTTP/1.1 200 OK
Date: Thu, 06 Feb 2025 12:36:12 GMT
Content-Type: application/json; charset=utf-8
Transfer-Encoding: chunked
Connection: keep-alive
Report-To: {"group":"heroku-nel","max_age":3600,"endpoints":[{"url":"https://nel.heroku.com/reports?ts=1738845372&sid=c4c9725f-1ab0-44d8-820f-430df2718e11&s=thzCjWvc1CVmMGSk1SE6L1AiSbJAJ%2BVOfDPTJL1k6Wk%3D"}]}
Reporting-Endpoints: heroku-nel=https://nel.heroku.com/reports?ts=1738845372&sid=c4c9725f-1ab0-44d8-820f-430df2718e11&s=thzCjWvc1CVmMGSk1SE6L1AiSbJAJ%2BVOfDPTJL1k6Wk%3D
Nel: {"report_to":"heroku-nel","max_age":3600,"success_fraction":0.005,"failure_fraction":0.05,"response_headers":["Via"]}
X-Powered-By: Express
Access-Control-Allow-Origin: *
Etag: W/"54-8iE4QHosK37JlNIa9gJqrwvnnvA"
Via: 1.1 vegur
CF-Cache-Status: DYNAMIC
Vary: Accept-Encoding
Server: cloudflare
CF-RAY: 90db2f3928cec983-IAD
Content-Encoding: gzip
server-timing: cfL4;desc="?proto=TCP&rtt=966&min_rtt=946&rtt_var=369&sent=6&recv=7&lost=0&retrans=0&sent_bytes=3107&recv_bytes=857&delivery_rate=4528541&cwnd=252&unsent_bytes=0&cid=61855ac1dad6ead2&ts=164&x=0"

{
    "name": "Jane Doe",
    "job": "Tester",
    "userID": 3,
    "updatedAt": "2025-02-06T12:36:12.468Z"
}
]]></system-out>
  <system-err><![CDATA[]]></system-err>
</testsuite>
