<?xml version="1.0" encoding="UTF-8"?>
<testsuite name="PutTest" tests="7" skipped="0" failures="0" errors="0" timestamp="2025-02-03T15:00:04" hostname="fv-az816-580" time="2.845">
  <properties/>
  <testcase name="testPutUser[0](2, John Doe, Software Developer, true)" classname="PutTest" time="0.437"/>
  <testcase name="testPutUser[1](2, , QA Engineer, true)" classname="PutTest" time="0.407"/>
  <testcase name="testPutUser[2](2, Alice, , true)" classname="PutTest" time="0.391"/>
  <testcase name="testPutUser[3](2, VeryLongNameThatExceedsNormalLengthaldhiuhisabdkauhiugfKJKASJHFKSJH, Dev, true)" classname="PutTest" time="0.428"/>
  <testcase name="testPutUser[4](2, Bob, Business Analyst, true)" classname="PutTest" time="0.406"/>
  <testcase name="testPutUser[5](2, !@#$%^&amp;*(), Engineer, true)" classname="PutTest" time="0.379"/>
  <testcase name="testPutUser[6](3, Jane Doe, Tester, true)" classname="PutTest" time="0.387"/>
  <system-out><![CDATA[name before =null
Request method:	PUT
Request URI:	https://reqres.in/api/users/22
Proxy:			<none>
Request params:	<none>
Query params:	<none>
Form params:	<none>
Path params:	<none>
Headers:		Accept=*/*
				Content-Type=application/json
Cookies:		<none>
Multiparts:		<none>
Body:
{
    "name": "John Doe",
    "job": "Software Developer",
    "userID": 2
}
HTTP/1.1 200 OK
Date: Mon, 03 Feb 2025 15:00:04 GMT
Content-Type: application/json; charset=utf-8
Transfer-Encoding: chunked
Connection: keep-alive
Report-To: {"group":"heroku-nel","max_age":3600,"endpoints":[{"url":"https://nel.heroku.com/reports?ts=1738594804&sid=c4c9725f-1ab0-44d8-820f-430df2718e11&s=H3w2jVHsw3CBowUBbXNOZQYdU1OIGhOFlF6PgFO7A7I%3D"}]}
Reporting-Endpoints: heroku-nel=https://nel.heroku.com/reports?ts=1738594804&sid=c4c9725f-1ab0-44d8-820f-430df2718e11&s=H3w2jVHsw3CBowUBbXNOZQYdU1OIGhOFlF6PgFO7A7I%3D
Nel: {"report_to":"heroku-nel","max_age":3600,"success_fraction":0.005,"failure_fraction":0.05,"response_headers":["Via"]}
X-Powered-By: Express
Access-Control-Allow-Origin: *
Etag: W/"60-+xifgE7+LiwSHwZDGhNj1YyvNsE"
Via: 1.1 vegur
CF-Cache-Status: DYNAMIC
Vary: Accept-Encoding
Server: cloudflare
CF-RAY: 90c349d6799a3940-IAD
Content-Encoding: gzip
server-timing: cfL4;desc="?proto=TCP&rtt=5568&min_rtt=5554&rtt_var=2111&sent=6&recv=7&lost=0&retrans=0&sent_bytes=3109&recv_bytes=869&delivery_rate=755955&cwnd=252&unsent_bytes=0&cid=94e18f151f411654&ts=217&x=0"

{
    "name": "John Doe",
    "job": "Software Developer",
    "userID": 2,
    "updatedAt": "2025-02-03T15:00:04.383Z"
}
name before =null
Request method:	PUT
Request URI:	https://reqres.in/api/users/22
Proxy:			<none>
Request params:	<none>
Query params:	<none>
Form params:	<none>
Path params:	<none>
Headers:		Accept=*/*
				Content-Type=application/json
Cookies:		<none>
Multiparts:		<none>
Body:
{
    "name": "",
    "job": "QA Engineer",
    "userID": 2
}
HTTP/1.1 200 OK
Date: Mon, 03 Feb 2025 15:00:04 GMT
Content-Type: application/json; charset=utf-8
Transfer-Encoding: chunked
Connection: keep-alive
Content-Encoding: gzip
Cf-Ray: 90c349d8fd4ac984-IAD
Report-To: {"group":"heroku-nel","max_age":3600,"endpoints":[{"url":"https://nel.heroku.com/reports?ts=1738594804&sid=c4c9725f-1ab0-44d8-820f-430df2718e11&s=H3w2jVHsw3CBowUBbXNOZQYdU1OIGhOFlF6PgFO7A7I%3D"}]}
Reporting-Endpoints: heroku-nel=https://nel.heroku.com/reports?ts=1738594804&sid=c4c9725f-1ab0-44d8-820f-430df2718e11&s=H3w2jVHsw3CBowUBbXNOZQYdU1OIGhOFlF6PgFO7A7I%3D
Nel: {"report_to":"heroku-nel","max_age":3600,"success_fraction":0.005,"failure_fraction":0.05,"response_headers":["Via"]}
X-Powered-By: Express
Access-Control-Allow-Origin: *
Etag: W/"51-+39QcciPo9kS7QLCaaGQGPXlsHQ"
Via: 1.1 vegur
Cf-Cache-Status: DYNAMIC
Vary: Accept-Encoding
Server: cloudflare
server-timing: cfL4;desc="?proto=TCP&rtt=5419&min_rtt=5318&rtt_var=2066&sent=6&recv=7&lost=0&retrans=0&sent_bytes=3109&recv_bytes=854&delivery_rate=805566&cwnd=252&unsent_bytes=0&cid=0a78c6fb22aa87b5&ts=218&x=0"

{
    "name": "",
    "job": "QA Engineer",
    "userID": 2,
    "updatedAt": "2025-02-03T15:00:04.792Z"
}
name before =null
Request method:	PUT
Request URI:	https://reqres.in/api/users/22
Proxy:			<none>
Request params:	<none>
Query params:	<none>
Form params:	<none>
Path params:	<none>
Headers:		Accept=*/*
				Content-Type=application/json
Cookies:		<none>
Multiparts:		<none>
Body:
{
    "name": "Alice",
    "job": "",
    "userID": 2
}
HTTP/1.1 200 OK
Date: Mon, 03 Feb 2025 15:00:05 GMT
Content-Type: application/json; charset=utf-8
Transfer-Encoding: chunked
Connection: keep-alive
Report-To: {"group":"heroku-nel","max_age":3600,"endpoints":[{"url":"https://nel.heroku.com/reports?ts=1738594805&sid=c4c9725f-1ab0-44d8-820f-430df2718e11&s=j0jCgIdEpRfTLkiNWOWB8QKx1AmDzd5z0FQSYjm8Z8A%3D"}]}
Reporting-Endpoints: heroku-nel=https://nel.heroku.com/reports?ts=1738594805&sid=c4c9725f-1ab0-44d8-820f-430df2718e11&s=j0jCgIdEpRfTLkiNWOWB8QKx1AmDzd5z0FQSYjm8Z8A%3D
Nel: {"report_to":"heroku-nel","max_age":3600,"success_fraction":0.005,"failure_fraction":0.05,"response_headers":["Via"]}
X-Powered-By: Express
Access-Control-Allow-Origin: *
Etag: W/"4b-dB8tFX7YgtC5NHKRgaa5rVtYIfk"
Via: 1.1 vegur
CF-Cache-Status: DYNAMIC
Vary: Accept-Encoding
Server: cloudflare
CF-RAY: 90c349db79f1e63f-IAD
Content-Encoding: gzip
server-timing: cfL4;desc="?proto=TCP&rtt=5845&min_rtt=5397&rtt_var=2344&sent=6&recv=7&lost=0&retrans=0&sent_bytes=3109&recv_bytes=848&delivery_rate=793774&cwnd=252&unsent_bytes=0&cid=a0d09aba1428821b&ts=213&x=0"

{
    "name": "Alice",
    "job": "",
    "userID": 2,
    "updatedAt": "2025-02-03T15:00:05.187Z"
}
name before =null
Request method:	PUT
Request URI:	https://reqres.in/api/users/22
Proxy:			<none>
Request params:	<none>
Query params:	<none>
Form params:	<none>
Path params:	<none>
Headers:		Accept=*/*
				Content-Type=application/json
Cookies:		<none>
Multiparts:		<none>
Body:
{
    "name": "VeryLongNameThatExceedsNormalLengthaldhiuhisabdkauhiugfKJKASJHFKSJH",
    "job": "Dev",
    "userID": 2
}
HTTP/1.1 200 OK
Date: Mon, 03 Feb 2025 15:00:05 GMT
Content-Type: application/json; charset=utf-8
Transfer-Encoding: chunked
Connection: keep-alive
Report-To: {"group":"heroku-nel","max_age":3600,"endpoints":[{"url":"https://nel.heroku.com/reports?ts=1738594805&sid=c4c9725f-1ab0-44d8-820f-430df2718e11&s=j0jCgIdEpRfTLkiNWOWB8QKx1AmDzd5z0FQSYjm8Z8A%3D"}]}
Reporting-Endpoints: heroku-nel=https://nel.heroku.com/reports?ts=1738594805&sid=c4c9725f-1ab0-44d8-820f-430df2718e11&s=j0jCgIdEpRfTLkiNWOWB8QKx1AmDzd5z0FQSYjm8Z8A%3D
Nel: {"report_to":"heroku-nel","max_age":3600,"success_fraction":0.005,"failure_fraction":0.05,"response_headers":["Via"]}
X-Powered-By: Express
Access-Control-Allow-Origin: *
Etag: W/"8c-x8txlEpDaWP6AjJDbpCN27jST6k"
Via: 1.1 vegur
CF-Cache-Status: DYNAMIC
Vary: Accept-Encoding
Server: cloudflare
CF-RAY: 90c349de2a616905-IAD
Content-Encoding: gzip
server-timing: cfL4;desc="?proto=TCP&rtt=5435&min_rtt=5424&rtt_var=2056&sent=6&recv=8&lost=0&retrans=0&sent_bytes=3107&recv_bytes=914&delivery_rate=776931&cwnd=252&unsent_bytes=0&cid=e6ad6224b9684897&ts=222&x=0"

{
    "name": "VeryLongNameThatExceedsNormalLengthaldhiuhisabdkauhiugfKJKASJHFKSJH",
    "job": "Dev",
    "userID": 2,
    "updatedAt": "2025-02-03T15:00:05.617Z"
}
name before =null
Request method:	PUT
Request URI:	https://reqres.in/api/users/22
Proxy:			<none>
Request params:	<none>
Query params:	<none>
Form params:	<none>
Path params:	<none>
Headers:		Accept=*/*
				Content-Type=application/json
Cookies:		<none>
Multiparts:		<none>
Body:
{
    "name": "Bob",
    "job": "Business Analyst",
    "userID": 2
}
HTTP/1.1 200 OK
Date: Mon, 03 Feb 2025 15:00:06 GMT
Content-Type: application/json; charset=utf-8
Transfer-Encoding: chunked
Connection: keep-alive
Report-To: {"group":"heroku-nel","max_age":3600,"endpoints":[{"url":"https://nel.heroku.com/reports?ts=1738594806&sid=c4c9725f-1ab0-44d8-820f-430df2718e11&s=o8%2FGcwuzEAW47jNli6KCEeN6dRuxu31TbpiAH88TEAM%3D"}]}
Reporting-Endpoints: heroku-nel=https://nel.heroku.com/reports?ts=1738594806&sid=c4c9725f-1ab0-44d8-820f-430df2718e11&s=o8%2FGcwuzEAW47jNli6KCEeN6dRuxu31TbpiAH88TEAM%3D
Nel: {"report_to":"heroku-nel","max_age":3600,"success_fraction":0.005,"failure_fraction":0.05,"response_headers":["Via"]}
X-Powered-By: Express
Access-Control-Allow-Origin: *
Etag: W/"59-XmehfugQ+9bNPcxBO0zCITK3lsg"
Via: 1.1 vegur
CF-Cache-Status: DYNAMIC
Vary: Accept-Encoding
Server: cloudflare
CF-RAY: 90c349e0aac639a3-IAD
Content-Encoding: gzip
server-timing: cfL4;desc="?proto=TCP&rtt=5392&min_rtt=5392&rtt_var=2022&sent=6&recv=7&lost=0&retrans=0&sent_bytes=3108&recv_bytes=862&delivery_rate=794215&cwnd=252&unsent_bytes=0&cid=8cb3c2631d4d50ba&ts=227&x=0"

{
    "name": "Bob",
    "job": "Business Analyst",
    "userID": 2,
    "updatedAt": "2025-02-03T15:00:06.028Z"
}
name before =null
Request method:	PUT
Request URI:	https://reqres.in/api/users/22
Proxy:			<none>
Request params:	<none>
Query params:	<none>
Form params:	<none>
Path params:	<none>
Headers:		Accept=*/*
				Content-Type=application/json
Cookies:		<none>
Multiparts:		<none>
Body:
{
    "name": "!@#$%^&*()",
    "job": "Engineer",
    "userID": 2
}
HTTP/1.1 200 OK
Date: Mon, 03 Feb 2025 15:00:06 GMT
Content-Type: application/json; charset=utf-8
Transfer-Encoding: chunked
Connection: keep-alive
Report-To: {"group":"heroku-nel","max_age":3600,"endpoints":[{"url":"https://nel.heroku.com/reports?ts=1738594806&sid=c4c9725f-1ab0-44d8-820f-430df2718e11&s=o8%2FGcwuzEAW47jNli6KCEeN6dRuxu31TbpiAH88TEAM%3D"}]}
Reporting-Endpoints: heroku-nel=https://nel.heroku.com/reports?ts=1738594806&sid=c4c9725f-1ab0-44d8-820f-430df2718e11&s=o8%2FGcwuzEAW47jNli6KCEeN6dRuxu31TbpiAH88TEAM%3D
Nel: {"report_to":"heroku-nel","max_age":3600,"success_fraction":0.005,"failure_fraction":0.05,"response_headers":["Via"]}
X-Powered-By: Express
Access-Control-Allow-Origin: *
Etag: W/"58-ggbEWTdD5IU6Vq7dB7xGJLr+sgM"
Via: 1.1 vegur
CF-Cache-Status: DYNAMIC
Vary: Accept-Encoding
Server: cloudflare
CF-RAY: 90c349e3090207fd-IAD
Content-Encoding: gzip
server-timing: cfL4;desc="?proto=TCP&rtt=5550&min_rtt=5542&rtt_var=1573&sent=6&recv=8&lost=0&retrans=0&sent_bytes=3107&recv_bytes=861&delivery_rate=767604&cwnd=252&unsent_bytes=0&cid=70aac7b4059401e2&ts=219&x=0"

{
    "name": "!@#$%^&*()",
    "job": "Engineer",
    "userID": 2,
    "updatedAt": "2025-02-03T15:00:06.402Z"
}
name before =null
Request method:	PUT
Request URI:	https://reqres.in/api/users/23
Proxy:			<none>
Request params:	<none>
Query params:	<none>
Form params:	<none>
Path params:	<none>
Headers:		Accept=*/*
				Content-Type=application/json
Cookies:		<none>
Multiparts:		<none>
Body:
{
    "name": "Jane Doe",
    "job": "Tester",
    "userID": 3
}
HTTP/1.1 200 OK
Date: Mon, 03 Feb 2025 15:00:06 GMT
Content-Type: application/json; charset=utf-8
Transfer-Encoding: chunked
Connection: keep-alive
Report-To: {"group":"heroku-nel","max_age":3600,"endpoints":[{"url":"https://nel.heroku.com/reports?ts=1738594806&sid=c4c9725f-1ab0-44d8-820f-430df2718e11&s=o8%2FGcwuzEAW47jNli6KCEeN6dRuxu31TbpiAH88TEAM%3D"}]}
Reporting-Endpoints: heroku-nel=https://nel.heroku.com/reports?ts=1738594806&sid=c4c9725f-1ab0-44d8-820f-430df2718e11&s=o8%2FGcwuzEAW47jNli6KCEeN6dRuxu31TbpiAH88TEAM%3D
Nel: {"report_to":"heroku-nel","max_age":3600,"success_fraction":0.005,"failure_fraction":0.05,"response_headers":["Via"]}
X-Powered-By: Express
Access-Control-Allow-Origin: *
Etag: W/"54-rGqVVtgBd5sNws1z8VBu+jg+qmY"
Via: 1.1 vegur
CF-Cache-Status: DYNAMIC
Vary: Accept-Encoding
Server: cloudflare
CF-RAY: 90c349e59a11d704-IAD
Content-Encoding: gzip
server-timing: cfL4;desc="?proto=TCP&rtt=5446&min_rtt=5142&rtt_var=2145&sent=6&recv=7&lost=0&retrans=0&sent_bytes=3107&recv_bytes=857&delivery_rate=833138&cwnd=252&unsent_bytes=0&cid=67231c70d1e3252c&ts=210&x=0"

{
    "name": "Jane Doe",
    "job": "Tester",
    "userID": 3,
    "updatedAt": "2025-02-03T15:00:06.794Z"
}
]]></system-out>
  <system-err><![CDATA[]]></system-err>
</testsuite>
