<?xml version="1.0" encoding="UTF-8"?>
<testsuite name="PutTest" tests="7" skipped="0" failures="0" errors="0" timestamp="2025-02-06T09:14:54" hostname="fv-az1344-521" time="3.366">
  <properties/>
  <testcase name="testPutUser[0](2, John Doe, Software Developer, true)" classname="PutTest" time="0.746"/>
  <testcase name="testPutUser[1](2, , QA Engineer, true)" classname="PutTest" time="0.402"/>
  <testcase name="testPutUser[2](2, Alice, , true)" classname="PutTest" time="0.42"/>
  <testcase name="testPutUser[3](2, VeryLongNameThatExceedsNormalLengthaldhiuhisabdkauhiugfKJKASJHFKSJH, Dev, true)" classname="PutTest" time="0.387"/>
  <testcase name="testPutUser[4](2, Bob, Business Analyst, true)" classname="PutTest" time="0.404"/>
  <testcase name="testPutUser[5](2, !@#$%^&amp;*(), Engineer, true)" classname="PutTest" time="0.401"/>
  <testcase name="testPutUser[6](3, Jane Doe, Tester, true)" classname="PutTest" time="0.597"/>
  <system-out><![CDATA[name before =null
Request method:	PUT
Request URI:	https://reqres.in/api/users/22
Proxy:			<none>
Request params:	<none>
Query params:	<none>
Form params:	<none>
Path params:	<none>
Headers:		Accept=*/*
				Content-Type=application/json
Cookies:		<none>
Multiparts:		<none>
Body:
{
    "name": "John Doe",
    "job": "Software Developer",
    "userID": 2
}
HTTP/1.1 200 OK
Date: Thu, 06 Feb 2025 09:14:55 GMT
Content-Type: application/json; charset=utf-8
Transfer-Encoding: chunked
Connection: keep-alive
Report-To: {"group":"heroku-nel","max_age":3600,"endpoints":[{"url":"https://nel.heroku.com/reports?ts=1738833295&sid=c4c9725f-1ab0-44d8-820f-430df2718e11&s=7VLAGguASCW4adlNEvO6GFgQTWj87w2xGR2kkrtpJmY%3D"}]}
Reporting-Endpoints: heroku-nel=https://nel.heroku.com/reports?ts=1738833295&sid=c4c9725f-1ab0-44d8-820f-430df2718e11&s=7VLAGguASCW4adlNEvO6GFgQTWj87w2xGR2kkrtpJmY%3D
Nel: {"report_to":"heroku-nel","max_age":3600,"success_fraction":0.005,"failure_fraction":0.05,"response_headers":["Via"]}
X-Powered-By: Express
Access-Control-Allow-Origin: *
Etag: W/"60-TKTHe9oJj6jIWrkSfpqcSSekpGY"
Via: 1.1 vegur
CF-Cache-Status: DYNAMIC
Vary: Accept-Encoding
Server: cloudflare
CF-RAY: 90da085da8081590-SJC
Content-Encoding: gzip
server-timing: cfL4;desc="?proto=TCP&rtt=1630&min_rtt=1478&rtt_var=663&sent=6&recv=7&lost=0&retrans=0&sent_bytes=3108&recv_bytes=869&delivery_rate=2898511&cwnd=252&unsent_bytes=0&cid=ba4799486525e5b0&ts=318&x=0"

{
    "name": "John Doe",
    "job": "Software Developer",
    "userID": 2,
    "updatedAt": "2025-02-06T09:14:55.199Z"
}
name before =null
Request method:	PUT
Request URI:	https://reqres.in/api/users/22
Proxy:			<none>
Request params:	<none>
Query params:	<none>
Form params:	<none>
Path params:	<none>
Headers:		Accept=*/*
				Content-Type=application/json
Cookies:		<none>
Multiparts:		<none>
Body:
{
    "name": "",
    "job": "QA Engineer",
    "userID": 2
}
HTTP/1.1 200 OK
Date: Thu, 06 Feb 2025 09:14:55 GMT
Content-Type: application/json; charset=utf-8
Transfer-Encoding: chunked
Connection: keep-alive
Report-To: {"group":"heroku-nel","max_age":3600,"endpoints":[{"url":"https://nel.heroku.com/reports?ts=1738833295&sid=c4c9725f-1ab0-44d8-820f-430df2718e11&s=7VLAGguASCW4adlNEvO6GFgQTWj87w2xGR2kkrtpJmY%3D"}]}
Reporting-Endpoints: heroku-nel=https://nel.heroku.com/reports?ts=1738833295&sid=c4c9725f-1ab0-44d8-820f-430df2718e11&s=7VLAGguASCW4adlNEvO6GFgQTWj87w2xGR2kkrtpJmY%3D
Nel: {"report_to":"heroku-nel","max_age":3600,"success_fraction":0.005,"failure_fraction":0.05,"response_headers":["Via"]}
X-Powered-By: Express
Access-Control-Allow-Origin: *
Etag: W/"51-9f8Isb23PlEnF2a9L1/2i1Sz8Fc"
Via: 1.1 vegur
CF-Cache-Status: DYNAMIC
Vary: Accept-Encoding
Server: cloudflare
CF-RAY: 90da08604fb867e2-SJC
Content-Encoding: gzip
server-timing: cfL4;desc="?proto=TCP&rtt=1762&min_rtt=1619&rtt_var=709&sent=6&recv=7&lost=0&retrans=0&sent_bytes=3108&recv_bytes=854&delivery_rate=2646077&cwnd=252&unsent_bytes=0&cid=28d0bfa8a54d9793&ts=309&x=0"

{
    "name": "",
    "job": "QA Engineer",
    "userID": 2,
    "updatedAt": "2025-02-06T09:14:55.622Z"
}
name before =null
Request method:	PUT
Request URI:	https://reqres.in/api/users/22
Proxy:			<none>
Request params:	<none>
Query params:	<none>
Form params:	<none>
Path params:	<none>
Headers:		Accept=*/*
				Content-Type=application/json
Cookies:		<none>
Multiparts:		<none>
Body:
{
    "name": "Alice",
    "job": "",
    "userID": 2
}
HTTP/1.1 200 OK
Date: Thu, 06 Feb 2025 09:14:56 GMT
Content-Type: application/json; charset=utf-8
Transfer-Encoding: chunked
Connection: keep-alive
Report-To: {"group":"heroku-nel","max_age":3600,"endpoints":[{"url":"https://nel.heroku.com/reports?ts=1738833296&sid=c4c9725f-1ab0-44d8-820f-430df2718e11&s=423cPQEFJBku6jEr7E5KYXnXZnZhG5x4vas9wGoP2QY%3D"}]}
Reporting-Endpoints: heroku-nel=https://nel.heroku.com/reports?ts=1738833296&sid=c4c9725f-1ab0-44d8-820f-430df2718e11&s=423cPQEFJBku6jEr7E5KYXnXZnZhG5x4vas9wGoP2QY%3D
Nel: {"report_to":"heroku-nel","max_age":3600,"success_fraction":0.005,"failure_fraction":0.05,"response_headers":["Via"]}
X-Powered-By: Express
Access-Control-Allow-Origin: *
Etag: W/"4b-d2voXaGg7i1bP7atWcWe0MFGETE"
Via: 1.1 vegur
CF-Cache-Status: DYNAMIC
Vary: Accept-Encoding
Server: cloudflare
CF-RAY: 90da0862cb1e1664-SJC
Content-Encoding: gzip
server-timing: cfL4;desc="?proto=TCP&rtt=1623&min_rtt=1623&rtt_var=610&sent=6&recv=7&lost=0&retrans=0&sent_bytes=3108&recv_bytes=848&delivery_rate=2631449&cwnd=252&unsent_bytes=0&cid=132a5e5ca55e7281&ts=314&x=0"

{
    "name": "Alice",
    "job": "",
    "userID": 2,
    "updatedAt": "2025-02-06T09:14:56.033Z"
}
name before =null
Request method:	PUT
Request URI:	https://reqres.in/api/users/22
Proxy:			<none>
Request params:	<none>
Query params:	<none>
Form params:	<none>
Path params:	<none>
Headers:		Accept=*/*
				Content-Type=application/json
Cookies:		<none>
Multiparts:		<none>
Body:
{
    "name": "VeryLongNameThatExceedsNormalLengthaldhiuhisabdkauhiugfKJKASJHFKSJH",
    "job": "Dev",
    "userID": 2
}
HTTP/1.1 200 OK
Date: Thu, 06 Feb 2025 09:14:56 GMT
Content-Type: application/json; charset=utf-8
Transfer-Encoding: chunked
Connection: keep-alive
Report-To: {"group":"heroku-nel","max_age":3600,"endpoints":[{"url":"https://nel.heroku.com/reports?ts=1738833296&sid=c4c9725f-1ab0-44d8-820f-430df2718e11&s=423cPQEFJBku6jEr7E5KYXnXZnZhG5x4vas9wGoP2QY%3D"}]}
Reporting-Endpoints: heroku-nel=https://nel.heroku.com/reports?ts=1738833296&sid=c4c9725f-1ab0-44d8-820f-430df2718e11&s=423cPQEFJBku6jEr7E5KYXnXZnZhG5x4vas9wGoP2QY%3D
Nel: {"report_to":"heroku-nel","max_age":3600,"success_fraction":0.005,"failure_fraction":0.05,"response_headers":["Via"]}
X-Powered-By: Express
Access-Control-Allow-Origin: *
Etag: W/"8c-7yuucUJTgIloa2UmbDAK2dWHdkI"
Via: 1.1 vegur
CF-Cache-Status: DYNAMIC
Vary: Accept-Encoding
Server: cloudflare
CF-RAY: 90da08655b2d2379-SJC
Content-Encoding: gzip
server-timing: cfL4;desc="?proto=TCP&rtt=1842&min_rtt=1839&rtt_var=692&sent=6&recv=7&lost=0&retrans=0&sent_bytes=3107&recv_bytes=914&delivery_rate=2329526&cwnd=252&unsent_bytes=0&cid=869f85f574a83790&ts=301&x=0"

{
    "name": "VeryLongNameThatExceedsNormalLengthaldhiuhisabdkauhiugfKJKASJHFKSJH",
    "job": "Dev",
    "userID": 2,
    "updatedAt": "2025-02-06T09:14:56.436Z"
}
name before =null
Request method:	PUT
Request URI:	https://reqres.in/api/users/22
Proxy:			<none>
Request params:	<none>
Query params:	<none>
Form params:	<none>
Path params:	<none>
Headers:		Accept=*/*
				Content-Type=application/json
Cookies:		<none>
Multiparts:		<none>
Body:
{
    "name": "Bob",
    "job": "Business Analyst",
    "userID": 2
}
HTTP/1.1 200 OK
Date: Thu, 06 Feb 2025 09:14:56 GMT
Content-Type: application/json; charset=utf-8
Transfer-Encoding: chunked
Connection: keep-alive
Report-To: {"group":"heroku-nel","max_age":3600,"endpoints":[{"url":"https://nel.heroku.com/reports?ts=1738833296&sid=c4c9725f-1ab0-44d8-820f-430df2718e11&s=423cPQEFJBku6jEr7E5KYXnXZnZhG5x4vas9wGoP2QY%3D"}]}
Reporting-Endpoints: heroku-nel=https://nel.heroku.com/reports?ts=1738833296&sid=c4c9725f-1ab0-44d8-820f-430df2718e11&s=423cPQEFJBku6jEr7E5KYXnXZnZhG5x4vas9wGoP2QY%3D
Nel: {"report_to":"heroku-nel","max_age":3600,"success_fraction":0.005,"failure_fraction":0.05,"response_headers":["Via"]}
X-Powered-By: Express
Access-Control-Allow-Origin: *
Etag: W/"59-uNugEXDPFvBWsB6mpkZMZA4g94s"
Via: 1.1 vegur
CF-Cache-Status: DYNAMIC
Vary: Accept-Encoding
Server: cloudflare
CF-RAY: 90da0867dd4115df-SJC
Content-Encoding: gzip
server-timing: cfL4;desc="?proto=TCP&rtt=1498&min_rtt=1454&rtt_var=577&sent=6&recv=7&lost=0&retrans=0&sent_bytes=3107&recv_bytes=862&delivery_rate=2946354&cwnd=252&unsent_bytes=0&cid=8819716818f8b45c&ts=311&x=0"

{
    "name": "Bob",
    "job": "Business Analyst",
    "userID": 2,
    "updatedAt": "2025-02-06T09:14:56.838Z"
}
name before =null
Request method:	PUT
Request URI:	https://reqres.in/api/users/22
Proxy:			<none>
Request params:	<none>
Query params:	<none>
Form params:	<none>
Path params:	<none>
Headers:		Accept=*/*
				Content-Type=application/json
Cookies:		<none>
Multiparts:		<none>
Body:
{
    "name": "!@#$%^&*()",
    "job": "Engineer",
    "userID": 2
}
HTTP/1.1 200 OK
Date: Thu, 06 Feb 2025 09:14:57 GMT
Content-Type: application/json; charset=utf-8
Transfer-Encoding: chunked
Connection: keep-alive
Report-To: {"group":"heroku-nel","max_age":3600,"endpoints":[{"url":"https://nel.heroku.com/reports?ts=1738833297&sid=c4c9725f-1ab0-44d8-820f-430df2718e11&s=Wgk%2BVrtSvihl9OD5SlZtDOUu%2B%2F5FHUr11rTYqbz6EYA%3D"}]}
Reporting-Endpoints: heroku-nel=https://nel.heroku.com/reports?ts=1738833297&sid=c4c9725f-1ab0-44d8-820f-430df2718e11&s=Wgk%2BVrtSvihl9OD5SlZtDOUu%2B%2F5FHUr11rTYqbz6EYA%3D
Nel: {"report_to":"heroku-nel","max_age":3600,"success_fraction":0.005,"failure_fraction":0.05,"response_headers":["Via"]}
X-Powered-By: Express
Access-Control-Allow-Origin: *
Etag: W/"58-6ziX0QaNJ+jHW0IyjLLT/G82VEc"
Via: 1.1 vegur
CF-Cache-Status: DYNAMIC
Vary: Accept-Encoding
Server: cloudflare
CF-RAY: 90da086a490e67c1-SJC
Content-Encoding: gzip
server-timing: cfL4;desc="?proto=TCP&rtt=1505&min_rtt=1497&rtt_var=567&sent=6&recv=7&lost=0&retrans=0&sent_bytes=3108&recv_bytes=861&delivery_rate=2861723&cwnd=252&unsent_bytes=0&cid=f4eeae2b08394a4d&ts=317&x=0"

{
    "name": "!@#$%^&*()",
    "job": "Engineer",
    "userID": 2,
    "updatedAt": "2025-02-06T09:14:57.229Z"
}
name before =null
Request method:	PUT
Request URI:	https://reqres.in/api/users/23
Proxy:			<none>
Request params:	<none>
Query params:	<none>
Form params:	<none>
Path params:	<none>
Headers:		Accept=*/*
				Content-Type=application/json
Cookies:		<none>
Multiparts:		<none>
Body:
{
    "name": "Jane Doe",
    "job": "Tester",
    "userID": 3
}
HTTP/1.1 200 OK
Date: Thu, 06 Feb 2025 09:14:57 GMT
Content-Type: application/json; charset=utf-8
Transfer-Encoding: chunked
Connection: keep-alive
Content-Encoding: gzip
Cf-Ray: 90da086e6a54cf5d-SJC
Report-To: {"group":"heroku-nel","max_age":3600,"endpoints":[{"url":"https://nel.heroku.com/reports?ts=1738833297&sid=c4c9725f-1ab0-44d8-820f-430df2718e11&s=Wgk%2BVrtSvihl9OD5SlZtDOUu%2B%2F5FHUr11rTYqbz6EYA%3D"}]}
Reporting-Endpoints: heroku-nel=https://nel.heroku.com/reports?ts=1738833297&sid=c4c9725f-1ab0-44d8-820f-430df2718e11&s=Wgk%2BVrtSvihl9OD5SlZtDOUu%2B%2F5FHUr11rTYqbz6EYA%3D
Nel: {"report_to":"heroku-nel","max_age":3600,"success_fraction":0.005,"failure_fraction":0.05,"response_headers":["Via"]}
X-Powered-By: Express
Access-Control-Allow-Origin: *
Etag: W/"54-HniMBvzNxBNDZ9kvLGEsFqqlVbg"
Via: 1.1 vegur
Cf-Cache-Status: DYNAMIC
Vary: Accept-Encoding
Server: cloudflare
server-timing: cfL4;desc="?proto=TCP&rtt=1645&min_rtt=1548&rtt_var=650&sent=6&recv=7&lost=0&retrans=0&sent_bytes=3108&recv_bytes=857&delivery_rate=2767441&cwnd=252&unsent_bytes=0&cid=817dc5c5829bbd23&ts=265&x=0"

{
    "name": "Jane Doe",
    "job": "Tester",
    "userID": 3,
    "updatedAt": "2025-02-06T09:14:57.853Z"
}
]]></system-out>
  <system-err><![CDATA[]]></system-err>
</testsuite>
