<?xml version="1.0" encoding="UTF-8"?>
<testsuite name="Put_Test" tests="7" skipped="0" failures="0" errors="0" timestamp="2025-01-31T07:23:28" hostname="fv-az1334-115" time="3.54">
  <properties/>
  <testcase name="testPutUser[0](2, John Doe, Software Developer, true)" classname="Put_Test" time="0.769"/>
  <testcase name="testPutUser[1](2, , QA Engineer, true)" classname="Put_Test" time="0.441"/>
  <testcase name="testPutUser[2](2, Alice, , true)" classname="Put_Test" time="0.457"/>
  <testcase name="testPutUser[3](2, VeryLongNameThatExceedsNormalLengthaldhiuhisabdkauhiugfKJKASJHFKSJH, Dev, true)" classname="Put_Test" time="0.41"/>
  <testcase name="testPutUser[4](2, Bob, Business Analyst, true)" classname="Put_Test" time="0.395"/>
  <testcase name="testPutUser[5](2, !@#$%^&amp;*(), Engineer, true)" classname="Put_Test" time="0.416"/>
  <testcase name="testPutUser[6](3, Jane Doe, Tester, true)" classname="Put_Test" time="0.642"/>
  <system-out><![CDATA[name before =null
Request method:	PUT
Request URI:	https://reqres.in/api/users/22
Proxy:			<none>
Request params:	<none>
Query params:	<none>
Form params:	<none>
Path params:	<none>
Headers:		Accept=*/*
				Content-Type=application/json
Cookies:		<none>
Multiparts:		<none>
Body:
{
    "name": "John Doe",
    "job": "Software Developer",
    "userID": 2
}
HTTP/1.1 200 OK
Date: Fri, 31 Jan 2025 07:23:29 GMT
Content-Type: application/json; charset=utf-8
Transfer-Encoding: chunked
Connection: keep-alive
Report-To: {"group":"heroku-nel","max_age":3600,"endpoints":[{"url":"https://nel.heroku.com/reports?ts=1738308209&sid=c4c9725f-1ab0-44d8-820f-430df2718e11&s=iajAc1pxtBtfMxwFaRSelHtgFQhPzy%2F8%2FR4CCFR5cEs%3D"}]}
Reporting-Endpoints: heroku-nel=https://nel.heroku.com/reports?ts=1738308209&sid=c4c9725f-1ab0-44d8-820f-430df2718e11&s=iajAc1pxtBtfMxwFaRSelHtgFQhPzy%2F8%2FR4CCFR5cEs%3D
Nel: {"report_to":"heroku-nel","max_age":3600,"success_fraction":0.005,"failure_fraction":0.05,"response_headers":["Via"]}
X-Powered-By: Express
Access-Control-Allow-Origin: *
Etag: W/"60-s/lzBUrRDjW8n2rGZIi5laVHH0w"
Via: 1.1 vegur
CF-Cache-Status: DYNAMIC
Vary: Accept-Encoding
Server: cloudflare
CF-RAY: 90a7f4e18d7bceed-SJC
Content-Encoding: gzip
server-timing: cfL4;desc="?proto=TCP&rtt=1442&min_rtt=1421&rtt_var=548&sent=6&recv=7&lost=0&retrans=0&sent_bytes=3106&recv_bytes=869&delivery_rate=3014778&cwnd=252&unsent_bytes=0&cid=998f2f3de6f9276f&ts=280&x=0"

{
    "name": "John Doe",
    "job": "Software Developer",
    "userID": 2,
    "updatedAt": "2025-01-31T07:23:29.093Z"
}
name before =null
Request method:	PUT
Request URI:	https://reqres.in/api/users/22
Proxy:			<none>
Request params:	<none>
Query params:	<none>
Form params:	<none>
Path params:	<none>
Headers:		Accept=*/*
				Content-Type=application/json
Cookies:		<none>
Multiparts:		<none>
Body:
{
    "name": "",
    "job": "QA Engineer",
    "userID": 2
}
HTTP/1.1 200 OK
Date: Fri, 31 Jan 2025 07:23:29 GMT
Content-Type: application/json; charset=utf-8
Transfer-Encoding: chunked
Connection: keep-alive
Report-To: {"group":"heroku-nel","max_age":3600,"endpoints":[{"url":"https://nel.heroku.com/reports?ts=1738308209&sid=c4c9725f-1ab0-44d8-820f-430df2718e11&s=iajAc1pxtBtfMxwFaRSelHtgFQhPzy%2F8%2FR4CCFR5cEs%3D"}]}
Reporting-Endpoints: heroku-nel=https://nel.heroku.com/reports?ts=1738308209&sid=c4c9725f-1ab0-44d8-820f-430df2718e11&s=iajAc1pxtBtfMxwFaRSelHtgFQhPzy%2F8%2FR4CCFR5cEs%3D
Nel: {"report_to":"heroku-nel","max_age":3600,"success_fraction":0.005,"failure_fraction":0.05,"response_headers":["Via"]}
X-Powered-By: Express
Access-Control-Allow-Origin: *
Etag: W/"51-yhZ0X42gbiGUW5qr676qwDrljfY"
Via: 1.1 vegur
CF-Cache-Status: DYNAMIC
Vary: Accept-Encoding
Server: cloudflare
CF-RAY: 90a7f4e44b8f2287-SJC
Content-Encoding: gzip
server-timing: cfL4;desc="?proto=TCP&rtt=1507&min_rtt=1431&rtt_var=591&sent=6&recv=7&lost=0&retrans=0&sent_bytes=3106&recv_bytes=854&delivery_rate=2993710&cwnd=252&unsent_bytes=0&cid=3d669e2e0e31f952&ts=277&x=0"

{
    "name": "",
    "job": "QA Engineer",
    "userID": 2,
    "updatedAt": "2025-01-31T07:23:29.526Z"
}
name before =null
Request method:	PUT
Request URI:	https://reqres.in/api/users/22
Proxy:			<none>
Request params:	<none>
Query params:	<none>
Form params:	<none>
Path params:	<none>
Headers:		Accept=*/*
				Content-Type=application/json
Cookies:		<none>
Multiparts:		<none>
Body:
{
    "name": "Alice",
    "job": "",
    "userID": 2
}
HTTP/1.1 200 OK
Date: Fri, 31 Jan 2025 07:23:30 GMT
Content-Type: application/json; charset=utf-8
Transfer-Encoding: chunked
Connection: keep-alive
Report-To: {"group":"heroku-nel","max_age":3600,"endpoints":[{"url":"https://nel.heroku.com/reports?ts=1738308209&sid=c4c9725f-1ab0-44d8-820f-430df2718e11&s=iajAc1pxtBtfMxwFaRSelHtgFQhPzy%2F8%2FR4CCFR5cEs%3D"}]}
Reporting-Endpoints: heroku-nel=https://nel.heroku.com/reports?ts=1738308209&sid=c4c9725f-1ab0-44d8-820f-430df2718e11&s=iajAc1pxtBtfMxwFaRSelHtgFQhPzy%2F8%2FR4CCFR5cEs%3D
Nel: {"report_to":"heroku-nel","max_age":3600,"success_fraction":0.005,"failure_fraction":0.05,"response_headers":["Via"]}
X-Powered-By: Express
Access-Control-Allow-Origin: *
Etag: W/"4b-AdIWNhOshkKPMMziYdZXTXd6OZY"
Via: 1.1 vegur
CF-Cache-Status: DYNAMIC
Vary: Accept-Encoding
Server: cloudflare
CF-RAY: 90a7f4e6fa5cce90-SJC
Content-Encoding: gzip
server-timing: cfL4;desc="?proto=TCP&rtt=1458&min_rtt=1358&rtt_var=581&sent=6&recv=7&lost=0&retrans=0&sent_bytes=3106&recv_bytes=848&delivery_rate=3154639&cwnd=252&unsent_bytes=0&cid=404037bcf3526325&ts=313&x=0"

{
    "name": "Alice",
    "job": "",
    "userID": 2,
    "updatedAt": "2025-01-31T07:23:29.986Z"
}
name before =null
Request method:	PUT
Request URI:	https://reqres.in/api/users/22
Proxy:			<none>
Request params:	<none>
Query params:	<none>
Form params:	<none>
Path params:	<none>
Headers:		Accept=*/*
				Content-Type=application/json
Cookies:		<none>
Multiparts:		<none>
Body:
{
    "name": "VeryLongNameThatExceedsNormalLengthaldhiuhisabdkauhiugfKJKASJHFKSJH",
    "job": "Dev",
    "userID": 2
}
HTTP/1.1 200 OK
Date: Fri, 31 Jan 2025 07:23:30 GMT
Content-Type: application/json; charset=utf-8
Transfer-Encoding: chunked
Connection: keep-alive
Report-To: {"group":"heroku-nel","max_age":3600,"endpoints":[{"url":"https://nel.heroku.com/reports?ts=1738308210&sid=c4c9725f-1ab0-44d8-820f-430df2718e11&s=17Eurs3fkUUyazEbQAV8jbIFMoSJdgEiPaNVUwxPNtM%3D"}]}
Reporting-Endpoints: heroku-nel=https://nel.heroku.com/reports?ts=1738308210&sid=c4c9725f-1ab0-44d8-820f-430df2718e11&s=17Eurs3fkUUyazEbQAV8jbIFMoSJdgEiPaNVUwxPNtM%3D
Nel: {"report_to":"heroku-nel","max_age":3600,"success_fraction":0.005,"failure_fraction":0.05,"response_headers":["Via"]}
X-Powered-By: Express
Access-Control-Allow-Origin: *
Etag: W/"8c-go5yaoCfFh/vrcPUQKbRhynZbhE"
Via: 1.1 vegur
CF-Cache-Status: DYNAMIC
Vary: Accept-Encoding
Server: cloudflare
CF-RAY: 90a7f4e9c9c5cf1a-SJC
Content-Encoding: gzip
server-timing: cfL4;desc="?proto=TCP&rtt=1299&min_rtt=1233&rtt_var=510&sent=6&recv=7&lost=0&retrans=0&sent_bytes=3105&recv_bytes=914&delivery_rate=3474452&cwnd=239&unsent_bytes=0&cid=54c1fa444ff3bf4e&ts=280&x=0"

{
    "name": "VeryLongNameThatExceedsNormalLengthaldhiuhisabdkauhiugfKJKASJHFKSJH",
    "job": "Dev",
    "userID": 2,
    "updatedAt": "2025-01-31T07:23:30.410Z"
}
name before =null
Request method:	PUT
Request URI:	https://reqres.in/api/users/22
Proxy:			<none>
Request params:	<none>
Query params:	<none>
Form params:	<none>
Path params:	<none>
Headers:		Accept=*/*
				Content-Type=application/json
Cookies:		<none>
Multiparts:		<none>
Body:
{
    "name": "Bob",
    "job": "Business Analyst",
    "userID": 2
}
HTTP/1.1 200 OK
Date: Fri, 31 Jan 2025 07:23:30 GMT
Content-Type: application/json; charset=utf-8
Transfer-Encoding: chunked
Connection: keep-alive
Report-To: {"group":"heroku-nel","max_age":3600,"endpoints":[{"url":"https://nel.heroku.com/reports?ts=1738308210&sid=c4c9725f-1ab0-44d8-820f-430df2718e11&s=17Eurs3fkUUyazEbQAV8jbIFMoSJdgEiPaNVUwxPNtM%3D"}]}
Reporting-Endpoints: heroku-nel=https://nel.heroku.com/reports?ts=1738308210&sid=c4c9725f-1ab0-44d8-820f-430df2718e11&s=17Eurs3fkUUyazEbQAV8jbIFMoSJdgEiPaNVUwxPNtM%3D
Nel: {"report_to":"heroku-nel","max_age":3600,"success_fraction":0.005,"failure_fraction":0.05,"response_headers":["Via"]}
X-Powered-By: Express
Access-Control-Allow-Origin: *
Etag: W/"59-iDXJUSryn9UwTG9RGP+96R3efOc"
Via: 1.1 vegur
CF-Cache-Status: DYNAMIC
Vary: Accept-Encoding
Server: cloudflare
CF-RAY: 90a7f4ec5bffd015-SJC
Content-Encoding: gzip
server-timing: cfL4;desc="?proto=TCP&rtt=1464&min_rtt=1330&rtt_var=595&sent=6&recv=7&lost=0&retrans=0&sent_bytes=3106&recv_bytes=862&delivery_rate=3221052&cwnd=252&unsent_bytes=0&cid=ec38161adfa4e80e&ts=272&x=0"

{
    "name": "Bob",
    "job": "Business Analyst",
    "userID": 2,
    "updatedAt": "2025-01-31T07:23:30.808Z"
}
name before =null
Request method:	PUT
Request URI:	https://reqres.in/api/users/22
Proxy:			<none>
Request params:	<none>
Query params:	<none>
Form params:	<none>
Path params:	<none>
Headers:		Accept=*/*
				Content-Type=application/json
Cookies:		<none>
Multiparts:		<none>
Body:
{
    "name": "!@#$%^&*()",
    "job": "Engineer",
    "userID": 2
}
HTTP/1.1 200 OK
Date: Fri, 31 Jan 2025 07:23:31 GMT
Content-Type: application/json; charset=utf-8
Transfer-Encoding: chunked
Connection: keep-alive
Report-To: {"group":"heroku-nel","max_age":3600,"endpoints":[{"url":"https://nel.heroku.com/reports?ts=1738308211&sid=c4c9725f-1ab0-44d8-820f-430df2718e11&s=9dNEUp%2BusN13jMFi%2FcVt3rqB2m0sMfTyDPNtx8PlY%2F4%3D"}]}
Reporting-Endpoints: heroku-nel=https://nel.heroku.com/reports?ts=1738308211&sid=c4c9725f-1ab0-44d8-820f-430df2718e11&s=9dNEUp%2BusN13jMFi%2FcVt3rqB2m0sMfTyDPNtx8PlY%2F4%3D
Nel: {"report_to":"heroku-nel","max_age":3600,"success_fraction":0.005,"failure_fraction":0.05,"response_headers":["Via"]}
X-Powered-By: Express
Access-Control-Allow-Origin: *
Etag: W/"58-7Gfu1E6x7SF1sR22fNLHisbFSYU"
Via: 1.1 vegur
CF-Cache-Status: DYNAMIC
Vary: Accept-Encoding
Server: cloudflare
CF-RAY: 90a7f4eee9a8cf41-SJC
Content-Encoding: gzip
server-timing: cfL4;desc="?proto=TCP&rtt=1463&min_rtt=1370&rtt_var=580&sent=6&recv=7&lost=0&retrans=0&sent_bytes=3105&recv_bytes=861&delivery_rate=3127007&cwnd=252&unsent_bytes=0&cid=d880dcfbafaf7c47&ts=288&x=0"

{
    "name": "!@#$%^&*()",
    "job": "Engineer",
    "userID": 2,
    "updatedAt": "2025-01-31T07:23:31.221Z"
}
name before =null
Request method:	PUT
Request URI:	https://reqres.in/api/users/23
Proxy:			<none>
Request params:	<none>
Query params:	<none>
Form params:	<none>
Path params:	<none>
Headers:		Accept=*/*
				Content-Type=application/json
Cookies:		<none>
Multiparts:		<none>
Body:
{
    "name": "Jane Doe",
    "job": "Tester",
    "userID": 3
}
HTTP/1.1 200 OK
Date: Fri, 31 Jan 2025 07:23:31 GMT
Content-Type: application/json; charset=utf-8
Transfer-Encoding: chunked
Connection: keep-alive
Content-Encoding: gzip
Cf-Ray: 90a7f4f2fb7deb34-SJC
Report-To: {"group":"heroku-nel","max_age":3600,"endpoints":[{"url":"https://nel.heroku.com/reports?ts=1738308211&sid=c4c9725f-1ab0-44d8-820f-430df2718e11&s=9dNEUp%2BusN13jMFi%2FcVt3rqB2m0sMfTyDPNtx8PlY%2F4%3D"}]}
Reporting-Endpoints: heroku-nel=https://nel.heroku.com/reports?ts=1738308211&sid=c4c9725f-1ab0-44d8-820f-430df2718e11&s=9dNEUp%2BusN13jMFi%2FcVt3rqB2m0sMfTyDPNtx8PlY%2F4%3D
Nel: {"report_to":"heroku-nel","max_age":3600,"success_fraction":0.005,"failure_fraction":0.05,"response_headers":["Via"]}
X-Powered-By: Express
Access-Control-Allow-Origin: *
Etag: W/"54-N33XwaUHTtZ10NcjJRqlUznV0iw"
Via: 1.1 vegur
Cf-Cache-Status: DYNAMIC
Vary: Accept-Encoding
Server: cloudflare
server-timing: cfL4;desc="?proto=TCP&rtt=1315&min_rtt=1193&rtt_var=535&sent=6&recv=7&lost=0&retrans=0&sent_bytes=3106&recv_bytes=857&delivery_rate=3590947&cwnd=252&unsent_bytes=0&cid=929e6667d275d127&ts=267&x=0"

{
    "name": "Jane Doe",
    "job": "Tester",
    "userID": 3,
    "updatedAt": "2025-01-31T07:23:31.868Z"
}
]]></system-out>
  <system-err><![CDATA[]]></system-err>
</testsuite>
