<?xml version="1.0" encoding="UTF-8"?>
<testsuite name="GetTest" tests="3" skipped="0" failures="0" errors="0" timestamp="2025-02-08T11:06:13" hostname="fv-az1308-518" time="4.409">
  <properties/>
  <testcase name="GetUser[0](9, true)" classname="GetTest" time="3.925"/>
  <testcase name="GetUser[1](999, false)" classname="GetTest" time="0.213"/>
  <testcase name="GetUser[2](0, false)" classname="GetTest" time="0.208"/>
  <system-out><![CDATA[Request method:	GET
Request URI:	https://reqres.in/api/users/9
Proxy:			<none>
Request params:	<none>
Query params:	<none>
Form params:	<none>
Path params:	id=9
Headers:		Accept=*/*
Cookies:		<none>
Multiparts:		<none>
Body:			<none>
HTTP/1.1 200 OK
Date: Sat, 08 Feb 2025 11:06:15 GMT
Content-Type: application/json; charset=utf-8
Transfer-Encoding: chunked
Connection: keep-alive
Report-To: {"group":"heroku-nel","max_age":3600,"endpoints":[{"url":"https://nel.heroku.com/reports?ts=1739003458&sid=c4c9725f-1ab0-44d8-820f-430df2718e11&s=bRANcEtcKVTgJtwLIUO27QYt3%2BxVepO%2FO%2F8VOsbsAJE%3D"}]}
Reporting-Endpoints: heroku-nel=https://nel.heroku.com/reports?ts=1739003458&sid=c4c9725f-1ab0-44d8-820f-430df2718e11&s=bRANcEtcKVTgJtwLIUO27QYt3%2BxVepO%2FO%2F8VOsbsAJE%3D
Nel: {"report_to":"heroku-nel","max_age":3600,"success_fraction":0.005,"failure_fraction":0.05,"response_headers":["Via"]}
X-Powered-By: Express
Access-Control-Allow-Origin: *
Etag: W/"152-FpYvp70F61UHmjz1MpAbXegc4Hc"
Via: 1.1 vegur
Cache-Control: max-age=14400
CF-Cache-Status: REVALIDATED
Vary: Accept-Encoding
Server: cloudflare
CF-RAY: 90eb26370b92c5ba-IAD
Content-Encoding: gzip
server-timing: cfL4;desc="?proto=TCP&rtt=1104&min_rtt=951&rtt_var=466&sent=7&recv=7&lost=0&retrans=0&sent_bytes=3107&recv_bytes=759&delivery_rate=4504731&cwnd=252&unsent_bytes=0&cid=d978c4f0fb7ada5a&ts=281&x=0"

{
    "data": {
        "id": 9,
        "email": "tobias.funke@reqres.in",
        "first_name": "Tobias",
        "last_name": "Funke",
        "avatar": "https://reqres.in/img/faces/9-image.jpg"
    },
    "support": {
        "url": "https://contentcaddy.io?utm_source=reqres&utm_medium=json&utm_campaign=referral",
        "text": "Tired of writing endless social media content? Let Content Caddy generate it for you."
    }
}
Request method:	GET
Request URI:	https://reqres.in/api/users/999
Proxy:			<none>
Request params:	<none>
Query params:	<none>
Form params:	<none>
Path params:	id=999
Headers:		Accept=*/*
Cookies:		<none>
Multiparts:		<none>
Body:			<none>
HTTP/1.1 404 Not Found
Date: Sat, 08 Feb 2025 11:06:17 GMT
Content-Type: application/json; charset=utf-8
Content-Length: 2
Connection: keep-alive
Report-To: {"group":"heroku-nel","max_age":3600,"endpoints":[{"url":"https://nel.heroku.com/reports?ts=1739012777&sid=c4c9725f-1ab0-44d8-820f-430df2718e11&s=pcvG3wL1IEgU3OmnjiBljDw8kZwb%2FcnLLwAivI2dzww%3D"}]}
Reporting-Endpoints: heroku-nel=https://nel.heroku.com/reports?ts=1739012777&sid=c4c9725f-1ab0-44d8-820f-430df2718e11&s=pcvG3wL1IEgU3OmnjiBljDw8kZwb%2FcnLLwAivI2dzww%3D
Nel: {"report_to":"heroku-nel","max_age":3600,"success_fraction":0.005,"failure_fraction":0.05,"response_headers":["Via"]}
X-Powered-By: Express
Access-Control-Allow-Origin: *
Etag: W/"2-vyGp6PvFo4RvsFtPoIWeCReyIC8"
Via: 1.1 vegur
Cache-Control: max-age=14400
CF-Cache-Status: EXPIRED
Vary: Accept-Encoding
Server: cloudflare
CF-RAY: 90eb26417f183b23-IAD
server-timing: cfL4;desc="?proto=TCP&rtt=1381&min_rtt=1368&rtt_var=522&sent=5&recv=7&lost=0&retrans=0&sent_bytes=3108&recv_bytes=761&delivery_rate=3131578&cwnd=252&unsent_bytes=0&cid=6069b5dd9d4b4b71&ts=185&x=0"

{
    
}
Request method:	GET
Request URI:	https://reqres.in/api/users/0
Proxy:			<none>
Request params:	<none>
Query params:	<none>
Form params:	<none>
Path params:	id=0
Headers:		Accept=*/*
Cookies:		<none>
Multiparts:		<none>
Body:			<none>
HTTP/1.1 404 Not Found
Date: Sat, 08 Feb 2025 11:06:17 GMT
Content-Type: application/json; charset=utf-8
Content-Length: 2
Connection: keep-alive
Report-To: {"group":"heroku-nel","max_age":3600,"endpoints":[{"url":"https://nel.heroku.com/reports?ts=1739012777&sid=c4c9725f-1ab0-44d8-820f-430df2718e11&s=pcvG3wL1IEgU3OmnjiBljDw8kZwb%2FcnLLwAivI2dzww%3D"}]}
Reporting-Endpoints: heroku-nel=https://nel.heroku.com/reports?ts=1739012777&sid=c4c9725f-1ab0-44d8-820f-430df2718e11&s=pcvG3wL1IEgU3OmnjiBljDw8kZwb%2FcnLLwAivI2dzww%3D
Nel: {"report_to":"heroku-nel","max_age":3600,"success_fraction":0.005,"failure_fraction":0.05,"response_headers":["Via"]}
X-Powered-By: Express
Access-Control-Allow-Origin: *
Etag: W/"2-vyGp6PvFo4RvsFtPoIWeCReyIC8"
Via: 1.1 vegur
Cache-Control: max-age=14400
CF-Cache-Status: MISS
Vary: Accept-Encoding
Server: cloudflare
CF-RAY: 90eb2642e9b72099-IAD
server-timing: cfL4;desc="?proto=TCP&rtt=996&min_rtt=966&rtt_var=384&sent=6&recv=7&lost=0&retrans=0&sent_bytes=3108&recv_bytes=759&delivery_rate=4434782&cwnd=252&unsent_bytes=0&cid=accb9c4bd7db51cb&ts=176&x=0"

{
    
}
]]></system-out>
  <system-err><![CDATA[]]></system-err>
</testsuite>
