<?xml version="1.0" encoding="UTF-8"?>
<testsuite name="GetTest" tests="3" skipped="0" failures="0" errors="0" timestamp="2025-02-06T13:10:39" hostname="fv-az1336-587" time="4.669">
  <properties/>
  <testcase name="GetUser[0](9, true)" classname="GetTest" time="3.867"/>
  <testcase name="GetUser[1](999, false)" classname="GetTest" time="0.364"/>
  <testcase name="GetUser[2](0, false)" classname="GetTest" time="0.359"/>
  <system-out><![CDATA[Request method:	GET
Request URI:	https://reqres.in/api/users/9
Proxy:			<none>
Request params:	<none>
Query params:	<none>
Form params:	<none>
Path params:	id=9
Headers:		Accept=*/*
Cookies:		<none>
Multiparts:		<none>
Body:			<none>
HTTP/1.1 200 OK
Date: Thu, 06 Feb 2025 13:10:41 GMT
Content-Type: application/json; charset=utf-8
Transfer-Encoding: chunked
Connection: keep-alive
Report-To: {"group":"heroku-nel","max_age":3600,"endpoints":[{"url":"https://nel.heroku.com/reports?ts=1738847441&sid=c4c9725f-1ab0-44d8-820f-430df2718e11&s=3DZamTzXuqBW67HPtyQe1RyCnOYrBNquSClsGfRhBF8%3D"}]}
Reporting-Endpoints: heroku-nel=https://nel.heroku.com/reports?ts=1738847441&sid=c4c9725f-1ab0-44d8-820f-430df2718e11&s=3DZamTzXuqBW67HPtyQe1RyCnOYrBNquSClsGfRhBF8%3D
Nel: {"report_to":"heroku-nel","max_age":3600,"success_fraction":0.005,"failure_fraction":0.05,"response_headers":["Via"]}
X-Powered-By: Express
Access-Control-Allow-Origin: *
Etag: W/"152-FpYvp70F61UHmjz1MpAbXegc4Hc"
Via: 1.1 vegur
Cache-Control: max-age=14400
CF-Cache-Status: MISS
Vary: Accept-Encoding
Server: cloudflare
CF-RAY: 90db61bd7dcd2aa0-LAX
Content-Encoding: gzip
server-timing: cfL4;desc="?proto=TCP&rtt=11364&min_rtt=11263&rtt_var=3255&sent=7&recv=8&lost=0&retrans=0&sent_bytes=3109&recv_bytes=759&delivery_rate=380090&cwnd=245&unsent_bytes=0&cid=52bb96366b837c10&ts=423&x=0"

{
    "data": {
        "id": 9,
        "email": "tobias.funke@reqres.in",
        "first_name": "Tobias",
        "last_name": "Funke",
        "avatar": "https://reqres.in/img/faces/9-image.jpg"
    },
    "support": {
        "url": "https://contentcaddy.io?utm_source=reqres&utm_medium=json&utm_campaign=referral",
        "text": "Tired of writing endless social media content? Let Content Caddy generate it for you."
    }
}
Request method:	GET
Request URI:	https://reqres.in/api/users/999
Proxy:			<none>
Request params:	<none>
Query params:	<none>
Form params:	<none>
Path params:	id=999
Headers:		Accept=*/*
Cookies:		<none>
Multiparts:		<none>
Body:			<none>
HTTP/1.1 404 Not Found
Date: Thu, 06 Feb 2025 13:10:43 GMT
Content-Type: application/json; charset=utf-8
Content-Length: 2
Connection: keep-alive
Report-To: {"group":"heroku-nel","max_age":3600,"endpoints":[{"url":"https://nel.heroku.com/reports?ts=1738847443&sid=c4c9725f-1ab0-44d8-820f-430df2718e11&s=MyatjVSEcKixuh%2F7CNViTtH7gwOnWdb162yX51tcRsY%3D"}]}
Reporting-Endpoints: heroku-nel=https://nel.heroku.com/reports?ts=1738847443&sid=c4c9725f-1ab0-44d8-820f-430df2718e11&s=MyatjVSEcKixuh%2F7CNViTtH7gwOnWdb162yX51tcRsY%3D
Nel: {"report_to":"heroku-nel","max_age":3600,"success_fraction":0.005,"failure_fraction":0.05,"response_headers":["Via"]}
X-Powered-By: Express
Access-Control-Allow-Origin: *
Etag: W/"2-vyGp6PvFo4RvsFtPoIWeCReyIC8"
Via: 1.1 vegur
Cache-Control: max-age=14400
CF-Cache-Status: MISS
Vary: Accept-Encoding
Server: cloudflare
CF-RAY: 90db61ca3b2dcba4-LAX
server-timing: cfL4;desc="?proto=TCP&rtt=11667&min_rtt=11465&rtt_var=4443&sent=6&recv=7&lost=0&retrans=0&sent_bytes=3108&recv_bytes=761&delivery_rate=373658&cwnd=234&unsent_bytes=0&cid=be8dd96c566232e7&ts=316&x=0"

{
    
}
Request method:	GET
Request URI:	https://reqres.in/api/users/0
Proxy:			<none>
Request params:	<none>
Query params:	<none>
Form params:	<none>
Path params:	id=0
Headers:		Accept=*/*
Cookies:		<none>
Multiparts:		<none>
Body:			<none>
HTTP/1.1 404 Not Found
Date: Thu, 06 Feb 2025 13:10:44 GMT
Content-Type: application/json; charset=utf-8
Content-Length: 2
Connection: keep-alive
Report-To: {"group":"heroku-nel","max_age":3600,"endpoints":[{"url":"https://nel.heroku.com/reports?ts=1738847444&sid=c4c9725f-1ab0-44d8-820f-430df2718e11&s=GygO9V%2FAv%2FLzCA%2FJszEomjFIMljILrL4t96vjQgXU%2FU%3D"}]}
Reporting-Endpoints: heroku-nel=https://nel.heroku.com/reports?ts=1738847444&sid=c4c9725f-1ab0-44d8-820f-430df2718e11&s=GygO9V%2FAv%2FLzCA%2FJszEomjFIMljILrL4t96vjQgXU%2FU%3D
Nel: {"report_to":"heroku-nel","max_age":3600,"success_fraction":0.005,"failure_fraction":0.05,"response_headers":["Via"]}
X-Powered-By: Express
Access-Control-Allow-Origin: *
Etag: W/"2-vyGp6PvFo4RvsFtPoIWeCReyIC8"
Via: 1.1 vegur
Cache-Control: max-age=14400
CF-Cache-Status: MISS
Vary: Accept-Encoding
Server: cloudflare
CF-RAY: 90db61cc79cb1039-LAX
server-timing: cfL4;desc="?proto=TCP&rtt=11551&min_rtt=11405&rtt_var=4381&sent=6&recv=7&lost=0&retrans=0&sent_bytes=3107&recv_bytes=759&delivery_rate=375624&cwnd=180&unsent_bytes=0&cid=65fb7c1496a00029&ts=311&x=0"

{
    
}
]]></system-out>
  <system-err><![CDATA[]]></system-err>
</testsuite>
