<?xml version="1.0" encoding="UTF-8"?>
<testsuite name="Put_Test" tests="7" skipped="0" failures="0" errors="0" timestamp="2025-01-30T15:28:08" hostname="fv-az816-580" time="2.793">
  <properties/>
  <testcase name="testPutUser[0](2, John Doe, Software Developer, true)" classname="Put_Test" time="0.545"/>
  <testcase name="testPutUser[1](2, , QA Engineer, true)" classname="Put_Test" time="0.384"/>
  <testcase name="testPutUser[2](2, Alice, , true)" classname="Put_Test" time="0.355"/>
  <testcase name="testPutUser[3](2, VeryLongNameThatExceedsNormalLengthaldhiuhisabdkauhiugfKJKASJHFKSJH, Dev, true)" classname="Put_Test" time="0.352"/>
  <testcase name="testPutUser[4](2, Bob, Business Analyst, true)" classname="Put_Test" time="0.324"/>
  <testcase name="testPutUser[5](2, !@#$%^&amp;*(), Engineer, true)" classname="Put_Test" time="0.327"/>
  <testcase name="testPutUser[6](3, Jane Doe, Tester, true)" classname="Put_Test" time="0.492"/>
  <system-out><![CDATA[name before =null
Request method:	PUT
Request URI:	https://reqres.in/api/users/22
Proxy:			<none>
Request params:	<none>
Query params:	<none>
Form params:	<none>
Path params:	<none>
Headers:		Accept=*/*
				Content-Type=application/json
Cookies:		<none>
Multiparts:		<none>
Body:
{
    "name": "John Doe",
    "job": "Software Developer",
    "userID": 2
}
HTTP/1.1 200 OK
Date: Thu, 30 Jan 2025 15:28:08 GMT
Content-Type: application/json; charset=utf-8
Transfer-Encoding: chunked
Connection: keep-alive
Report-To: {"group":"heroku-nel","max_age":3600,"endpoints":[{"url":"https://nel.heroku.com/reports?ts=1738250888&sid=c4c9725f-1ab0-44d8-820f-430df2718e11&s=HFX1oDm%2FitTCsVHG5tllxzhuwSCN0ygX6W71acWaQXI%3D"}]}
Reporting-Endpoints: heroku-nel=https://nel.heroku.com/reports?ts=1738250888&sid=c4c9725f-1ab0-44d8-820f-430df2718e11&s=HFX1oDm%2FitTCsVHG5tllxzhuwSCN0ygX6W71acWaQXI%3D
Nel: {"report_to":"heroku-nel","max_age":3600,"success_fraction":0.005,"failure_fraction":0.05,"response_headers":["Via"]}
X-Powered-By: Express
Access-Control-Allow-Origin: *
Etag: W/"60-zf32ri9fvvrhYvb68nRPvF5wFaY"
Via: 1.1 vegur
CF-Cache-Status: DYNAMIC
Vary: Accept-Encoding
Server: cloudflare
CF-RAY: 90a27d749b9b3931-IAD
Content-Encoding: gzip
server-timing: cfL4;desc="?proto=TCP&rtt=5423&min_rtt=5392&rtt_var=2044&sent=6&recv=7&lost=0&retrans=0&sent_bytes=3106&recv_bytes=869&delivery_rate=794510&cwnd=252&unsent_bytes=0&cid=c6a61c6a94291705&ts=180&x=0"

{
    "name": "John Doe",
    "job": "Software Developer",
    "userID": 2,
    "updatedAt": "2025-01-30T15:28:08.540Z"
}
name before =null
Request method:	PUT
Request URI:	https://reqres.in/api/users/22
Proxy:			<none>
Request params:	<none>
Query params:	<none>
Form params:	<none>
Path params:	<none>
Headers:		Accept=*/*
				Content-Type=application/json
Cookies:		<none>
Multiparts:		<none>
Body:
{
    "name": "",
    "job": "QA Engineer",
    "userID": 2
}
HTTP/1.1 200 OK
Date: Thu, 30 Jan 2025 15:28:08 GMT
Content-Type: application/json; charset=utf-8
Transfer-Encoding: chunked
Connection: keep-alive
Report-To: {"group":"heroku-nel","max_age":3600,"endpoints":[{"url":"https://nel.heroku.com/reports?ts=1738250888&sid=c4c9725f-1ab0-44d8-820f-430df2718e11&s=HFX1oDm%2FitTCsVHG5tllxzhuwSCN0ygX6W71acWaQXI%3D"}]}
Reporting-Endpoints: heroku-nel=https://nel.heroku.com/reports?ts=1738250888&sid=c4c9725f-1ab0-44d8-820f-430df2718e11&s=HFX1oDm%2FitTCsVHG5tllxzhuwSCN0ygX6W71acWaQXI%3D
Nel: {"report_to":"heroku-nel","max_age":3600,"success_fraction":0.005,"failure_fraction":0.05,"response_headers":["Via"]}
X-Powered-By: Express
Access-Control-Allow-Origin: *
Etag: W/"51-pYlJMNEKmBMYN770kWp3XMKNnpg"
Via: 1.1 vegur
CF-Cache-Status: DYNAMIC
Vary: Accept-Encoding
Server: cloudflare
CF-RAY: 90a27d76d8440832-IAD
Content-Encoding: gzip
server-timing: cfL4;desc="?proto=TCP&rtt=5547&min_rtt=5537&rtt_var=2097&sent=6&recv=7&lost=0&retrans=0&sent_bytes=3107&recv_bytes=854&delivery_rate=762277&cwnd=252&unsent_bytes=0&cid=9a742ada67069b76&ts=202&x=0"

{
    "name": "",
    "job": "QA Engineer",
    "userID": 2,
    "updatedAt": "2025-01-30T15:28:08.927Z"
}
name before =null
Request method:	PUT
Request URI:	https://reqres.in/api/users/22
Proxy:			<none>
Request params:	<none>
Query params:	<none>
Form params:	<none>
Path params:	<none>
Headers:		Accept=*/*
				Content-Type=application/json
Cookies:		<none>
Multiparts:		<none>
Body:
{
    "name": "Alice",
    "job": "",
    "userID": 2
}
HTTP/1.1 200 OK
Date: Thu, 30 Jan 2025 15:28:09 GMT
Content-Type: application/json; charset=utf-8
Transfer-Encoding: chunked
Connection: keep-alive
Report-To: {"group":"heroku-nel","max_age":3600,"endpoints":[{"url":"https://nel.heroku.com/reports?ts=1738250889&sid=c4c9725f-1ab0-44d8-820f-430df2718e11&s=U7re%2Fe8TrBU5CcZqhgwob0A5%2BGZMHNg9tL3GH%2BDFJi4%3D"}]}
Reporting-Endpoints: heroku-nel=https://nel.heroku.com/reports?ts=1738250889&sid=c4c9725f-1ab0-44d8-820f-430df2718e11&s=U7re%2Fe8TrBU5CcZqhgwob0A5%2BGZMHNg9tL3GH%2BDFJi4%3D
Nel: {"report_to":"heroku-nel","max_age":3600,"success_fraction":0.005,"failure_fraction":0.05,"response_headers":["Via"]}
X-Powered-By: Express
Access-Control-Allow-Origin: *
Etag: W/"4b-KjvvNJW/psJNZGLrk0O81jujg5Q"
Via: 1.1 vegur
CF-Cache-Status: DYNAMIC
Vary: Accept-Encoding
Server: cloudflare
CF-RAY: 90a27d794b02387a-IAD
Content-Encoding: gzip
server-timing: cfL4;desc="?proto=TCP&rtt=5526&min_rtt=5489&rtt_var=2085&sent=6&recv=7&lost=0&retrans=0&sent_bytes=3107&recv_bytes=848&delivery_rate=780470&cwnd=252&unsent_bytes=0&cid=df1aefbda8e2d37e&ts=185&x=0"

{
    "name": "Alice",
    "job": "",
    "userID": 2,
    "updatedAt": "2025-01-30T15:28:09.288Z"
}
name before =null
Request method:	PUT
Request URI:	https://reqres.in/api/users/22
Proxy:			<none>
Request params:	<none>
Query params:	<none>
Form params:	<none>
Path params:	<none>
Headers:		Accept=*/*
				Content-Type=application/json
Cookies:		<none>
Multiparts:		<none>
Body:
{
    "name": "VeryLongNameThatExceedsNormalLengthaldhiuhisabdkauhiugfKJKASJHFKSJH",
    "job": "Dev",
    "userID": 2
}
HTTP/1.1 200 OK
Date: Thu, 30 Jan 2025 15:28:09 GMT
Content-Type: application/json; charset=utf-8
Transfer-Encoding: chunked
Connection: keep-alive
Report-To: {"group":"heroku-nel","max_age":3600,"endpoints":[{"url":"https://nel.heroku.com/reports?ts=1738250889&sid=c4c9725f-1ab0-44d8-820f-430df2718e11&s=U7re%2Fe8TrBU5CcZqhgwob0A5%2BGZMHNg9tL3GH%2BDFJi4%3D"}]}
Reporting-Endpoints: heroku-nel=https://nel.heroku.com/reports?ts=1738250889&sid=c4c9725f-1ab0-44d8-820f-430df2718e11&s=U7re%2Fe8TrBU5CcZqhgwob0A5%2BGZMHNg9tL3GH%2BDFJi4%3D
Nel: {"report_to":"heroku-nel","max_age":3600,"success_fraction":0.005,"failure_fraction":0.05,"response_headers":["Via"]}
X-Powered-By: Express
Access-Control-Allow-Origin: *
Etag: W/"8c-hhMUwRxpbXS2i1cu7/nt735FrKY"
Via: 1.1 vegur
CF-Cache-Status: DYNAMIC
Vary: Accept-Encoding
Server: cloudflare
CF-RAY: 90a27d7b68d9084c-IAD
Content-Encoding: gzip
server-timing: cfL4;desc="?proto=TCP&rtt=5518&min_rtt=5505&rtt_var=1572&sent=6&recv=8&lost=0&retrans=0&sent_bytes=3106&recv_bytes=914&delivery_rate=769534&cwnd=252&unsent_bytes=0&cid=f5d6f0d03d31c959&ts=180&x=0"

{
    "name": "VeryLongNameThatExceedsNormalLengthaldhiuhisabdkauhiugfKJKASJHFKSJH",
    "job": "Dev",
    "userID": 2,
    "updatedAt": "2025-01-30T15:28:09.626Z"
}
name before =null
Request method:	PUT
Request URI:	https://reqres.in/api/users/22
Proxy:			<none>
Request params:	<none>
Query params:	<none>
Form params:	<none>
Path params:	<none>
Headers:		Accept=*/*
				Content-Type=application/json
Cookies:		<none>
Multiparts:		<none>
Body:
{
    "name": "Bob",
    "job": "Business Analyst",
    "userID": 2
}
HTTP/1.1 200 OK
Date: Thu, 30 Jan 2025 15:28:10 GMT
Content-Type: application/json; charset=utf-8
Transfer-Encoding: chunked
Connection: keep-alive
Report-To: {"group":"heroku-nel","max_age":3600,"endpoints":[{"url":"https://nel.heroku.com/reports?ts=1738250889&sid=c4c9725f-1ab0-44d8-820f-430df2718e11&s=U7re%2Fe8TrBU5CcZqhgwob0A5%2BGZMHNg9tL3GH%2BDFJi4%3D"}]}
Reporting-Endpoints: heroku-nel=https://nel.heroku.com/reports?ts=1738250889&sid=c4c9725f-1ab0-44d8-820f-430df2718e11&s=U7re%2Fe8TrBU5CcZqhgwob0A5%2BGZMHNg9tL3GH%2BDFJi4%3D
Nel: {"report_to":"heroku-nel","max_age":3600,"success_fraction":0.005,"failure_fraction":0.05,"response_headers":["Via"]}
X-Powered-By: Express
Access-Control-Allow-Origin: *
Etag: W/"59-HqOPd1jLAbGSNW7exFbXP0fdxVw"
Via: 1.1 vegur
CF-Cache-Status: DYNAMIC
Vary: Accept-Encoding
Server: cloudflare
CF-RAY: 90a27d7d99726fb0-IAD
Content-Encoding: gzip
server-timing: cfL4;desc="?proto=TCP&rtt=5307&min_rtt=5209&rtt_var=2023&sent=6&recv=7&lost=0&retrans=0&sent_bytes=3106&recv_bytes=862&delivery_rate=822422&cwnd=252&unsent_bytes=0&cid=1837bc35075000c9&ts=170&x=0"

{
    "name": "Bob",
    "job": "Business Analyst",
    "userID": 2,
    "updatedAt": "2025-01-30T15:28:09.966Z"
}
name before =null
Request method:	PUT
Request URI:	https://reqres.in/api/users/22
Proxy:			<none>
Request params:	<none>
Query params:	<none>
Form params:	<none>
Path params:	<none>
Headers:		Accept=*/*
				Content-Type=application/json
Cookies:		<none>
Multiparts:		<none>
Body:
{
    "name": "!@#$%^&*()",
    "job": "Engineer",
    "userID": 2
}
HTTP/1.1 200 OK
Date: Thu, 30 Jan 2025 15:28:10 GMT
Content-Type: application/json; charset=utf-8
Transfer-Encoding: chunked
Connection: keep-alive
Report-To: {"group":"heroku-nel","max_age":3600,"endpoints":[{"url":"https://nel.heroku.com/reports?ts=1738250890&sid=c4c9725f-1ab0-44d8-820f-430df2718e11&s=uCg14GtLhe5bCyok8cTK1ii6MZyOGSOsWa7%2FJnVpB1g%3D"}]}
Reporting-Endpoints: heroku-nel=https://nel.heroku.com/reports?ts=1738250890&sid=c4c9725f-1ab0-44d8-820f-430df2718e11&s=uCg14GtLhe5bCyok8cTK1ii6MZyOGSOsWa7%2FJnVpB1g%3D
Nel: {"report_to":"heroku-nel","max_age":3600,"success_fraction":0.005,"failure_fraction":0.05,"response_headers":["Via"]}
X-Powered-By: Express
Access-Control-Allow-Origin: *
Etag: W/"58-O7/VyDeIj1QvcoaukZ8Psw3CUzM"
Via: 1.1 vegur
CF-Cache-Status: DYNAMIC
Vary: Accept-Encoding
Server: cloudflare
CF-RAY: 90a27d7f8f919c46-IAD
Content-Encoding: gzip
server-timing: cfL4;desc="?proto=TCP&rtt=5283&min_rtt=5220&rtt_var=2003&sent=6&recv=7&lost=0&retrans=0&sent_bytes=3106&recv_bytes=861&delivery_rate=820689&cwnd=252&unsent_bytes=0&cid=5cf61a6fc63d0887&ts=174&x=0"

{
    "name": "!@#$%^&*()",
    "job": "Engineer",
    "userID": 2,
    "updatedAt": "2025-01-30T15:28:10.284Z"
}
name before =null
Request method:	PUT
Request URI:	https://reqres.in/api/users/23
Proxy:			<none>
Request params:	<none>
Query params:	<none>
Form params:	<none>
Path params:	<none>
Headers:		Accept=*/*
				Content-Type=application/json
Cookies:		<none>
Multiparts:		<none>
Body:
{
    "name": "Jane Doe",
    "job": "Tester",
    "userID": 3
}
HTTP/1.1 200 OK
Date: Thu, 30 Jan 2025 15:28:10 GMT
Content-Type: application/json; charset=utf-8
Transfer-Encoding: chunked
Connection: keep-alive
Report-To: {"group":"heroku-nel","max_age":3600,"endpoints":[{"url":"https://nel.heroku.com/reports?ts=1738250890&sid=c4c9725f-1ab0-44d8-820f-430df2718e11&s=uCg14GtLhe5bCyok8cTK1ii6MZyOGSOsWa7%2FJnVpB1g%3D"}]}
Reporting-Endpoints: heroku-nel=https://nel.heroku.com/reports?ts=1738250890&sid=c4c9725f-1ab0-44d8-820f-430df2718e11&s=uCg14GtLhe5bCyok8cTK1ii6MZyOGSOsWa7%2FJnVpB1g%3D
Nel: {"report_to":"heroku-nel","max_age":3600,"success_fraction":0.005,"failure_fraction":0.05,"response_headers":["Via"]}
X-Powered-By: Express
Access-Control-Allow-Origin: *
Etag: W/"54-YpI3K5OzxVrHJlnhKEujzvBwovI"
Via: 1.1 vegur
CF-Cache-Status: DYNAMIC
Vary: Accept-Encoding
Server: cloudflare
CF-RAY: 90a27d82b8fbd6cb-IAD
Content-Encoding: gzip
server-timing: cfL4;desc="?proto=TCP&rtt=5224&min_rtt=5209&rtt_var=1964&sent=6&recv=7&lost=0&retrans=0&sent_bytes=3106&recv_bytes=857&delivery_rate=822422&cwnd=252&unsent_bytes=0&cid=f3e7191184af57e2&ts=171&x=0"

{
    "name": "Jane Doe",
    "job": "Tester",
    "userID": 3,
    "updatedAt": "2025-01-30T15:28:10.795Z"
}
]]></system-out>
  <system-err><![CDATA[]]></system-err>
</testsuite>
