<?xml version="1.0" encoding="UTF-8"?>
<testsuite name="PutTest" tests="7" skipped="0" failures="0" errors="0" timestamp="2025-02-10T14:10:16" hostname="fv-az1316-159" time="2.543">
  <properties/>
  <testcase name="testPutUser[0](2, John Doe, Software Developer, true)" classname="PutTest" time="0.502"/>
  <testcase name="testPutUser[1](2, , QA Engineer, true)" classname="PutTest" time="0.284"/>
  <testcase name="testPutUser[2](2, Alice, , true)" classname="PutTest" time="0.312"/>
  <testcase name="testPutUser[3](2, VeryLongNameThatExceedsNormalLengthaldhiuhisabdkauhiugfKJKASJHFKSJH, Dev, true)" classname="PutTest" time="0.287"/>
  <testcase name="testPutUser[4](2, Bob, Business Analyst, true)" classname="PutTest" time="0.269"/>
  <testcase name="testPutUser[5](2, !@#$%^&amp;*(), Engineer, true)" classname="PutTest" time="0.441"/>
  <testcase name="testPutUser[6](3, Jane Doe, Tester, true)" classname="PutTest" time="0.437"/>
  <system-out><![CDATA[name before =null
Request method:	PUT
Request URI:	https://reqres.in/api/users/22
Proxy:			<none>
Request params:	<none>
Query params:	<none>
Form params:	<none>
Path params:	<none>
Headers:		Accept=*/*
				Content-Type=application/json
Cookies:		<none>
Multiparts:		<none>
Body:
{
    "name": "John Doe",
    "job": "Software Developer",
    "userID": 2
}
HTTP/1.1 200 OK
Date: Mon, 10 Feb 2025 14:10:17 GMT
Content-Type: application/json; charset=utf-8
Transfer-Encoding: chunked
Connection: keep-alive
Report-To: {"group":"heroku-nel","max_age":3600,"endpoints":[{"url":"https://nel.heroku.com/reports?ts=1739196617&sid=c4c9725f-1ab0-44d8-820f-430df2718e11&s=1m%2FwpBIZiMPQWXY87dMqz6ouShY6mOTSvqHD6J7j2SM%3D"}]}
Reporting-Endpoints: heroku-nel=https://nel.heroku.com/reports?ts=1739196617&sid=c4c9725f-1ab0-44d8-820f-430df2718e11&s=1m%2FwpBIZiMPQWXY87dMqz6ouShY6mOTSvqHD6J7j2SM%3D
Nel: {"report_to":"heroku-nel","max_age":3600,"success_fraction":0.005,"failure_fraction":0.05,"response_headers":["Via"]}
X-Powered-By: Express
Access-Control-Allow-Origin: *
Etag: W/"60-HFYBslMqzc1MQArgpjdaW8WBdCE"
Via: 1.1 vegur
CF-Cache-Status: DYNAMIC
Vary: Accept-Encoding
Server: cloudflare
CF-RAY: 90fcae889b3ea489-ORD
Content-Encoding: gzip
server-timing: cfL4;desc="?proto=TCP&rtt=2609&min_rtt=2595&rtt_var=1002&sent=6&recv=7&lost=0&retrans=0&sent_bytes=3109&recv_bytes=869&delivery_rate=1579646&cwnd=252&unsent_bytes=0&cid=e502a9be57bdec80&ts=182&x=0"

{
    "name": "John Doe",
    "job": "Software Developer",
    "userID": 2,
    "updatedAt": "2025-02-10T14:10:17.185Z"
}
name before =null
Request method:	PUT
Request URI:	https://reqres.in/api/users/22
Proxy:			<none>
Request params:	<none>
Query params:	<none>
Form params:	<none>
Path params:	<none>
Headers:		Accept=*/*
				Content-Type=application/json
Cookies:		<none>
Multiparts:		<none>
Body:
{
    "name": "",
    "job": "QA Engineer",
    "userID": 2
}
HTTP/1.1 200 OK
Date: Mon, 10 Feb 2025 14:10:17 GMT
Content-Type: application/json; charset=utf-8
Transfer-Encoding: chunked
Connection: keep-alive
Report-To: {"group":"heroku-nel","max_age":3600,"endpoints":[{"url":"https://nel.heroku.com/reports?ts=1739196617&sid=c4c9725f-1ab0-44d8-820f-430df2718e11&s=1m%2FwpBIZiMPQWXY87dMqz6ouShY6mOTSvqHD6J7j2SM%3D"}]}
Reporting-Endpoints: heroku-nel=https://nel.heroku.com/reports?ts=1739196617&sid=c4c9725f-1ab0-44d8-820f-430df2718e11&s=1m%2FwpBIZiMPQWXY87dMqz6ouShY6mOTSvqHD6J7j2SM%3D
Nel: {"report_to":"heroku-nel","max_age":3600,"success_fraction":0.005,"failure_fraction":0.05,"response_headers":["Via"]}
X-Powered-By: Express
Access-Control-Allow-Origin: *
Etag: W/"51-0UP65AKYz/l/yrQrVaWQSuFyKu0"
Via: 1.1 vegur
CF-Cache-Status: DYNAMIC
Vary: Accept-Encoding
Server: cloudflare
CF-RAY: 90fcae8a9ea622db-ORD
Content-Encoding: gzip
server-timing: cfL4;desc="?proto=TCP&rtt=3049&min_rtt=2927&rtt_var=1185&sent=6&recv=7&lost=0&retrans=0&sent_bytes=3107&recv_bytes=854&delivery_rate=1463614&cwnd=252&unsent_bytes=0&cid=d037de17ac2143a8&ts=188&x=0"

{
    "name": "",
    "job": "QA Engineer",
    "userID": 2,
    "updatedAt": "2025-02-10T14:10:17.501Z"
}
name before =null
Request method:	PUT
Request URI:	https://reqres.in/api/users/22
Proxy:			<none>
Request params:	<none>
Query params:	<none>
Form params:	<none>
Path params:	<none>
Headers:		Accept=*/*
				Content-Type=application/json
Cookies:		<none>
Multiparts:		<none>
Body:
{
    "name": "Alice",
    "job": "",
    "userID": 2
}
HTTP/1.1 200 OK
Date: Mon, 10 Feb 2025 14:10:17 GMT
Content-Type: application/json; charset=utf-8
Transfer-Encoding: chunked
Connection: keep-alive
Report-To: {"group":"heroku-nel","max_age":3600,"endpoints":[{"url":"https://nel.heroku.com/reports?ts=1739196617&sid=c4c9725f-1ab0-44d8-820f-430df2718e11&s=1m%2FwpBIZiMPQWXY87dMqz6ouShY6mOTSvqHD6J7j2SM%3D"}]}
Reporting-Endpoints: heroku-nel=https://nel.heroku.com/reports?ts=1739196617&sid=c4c9725f-1ab0-44d8-820f-430df2718e11&s=1m%2FwpBIZiMPQWXY87dMqz6ouShY6mOTSvqHD6J7j2SM%3D
Nel: {"report_to":"heroku-nel","max_age":3600,"success_fraction":0.005,"failure_fraction":0.05,"response_headers":["Via"]}
X-Powered-By: Express
Access-Control-Allow-Origin: *
Etag: W/"4b-l0mTbEhruqSoZ9fwTJQX1mQsVQE"
Via: 1.1 vegur
CF-Cache-Status: DYNAMIC
Vary: Accept-Encoding
Server: cloudflare
CF-RAY: 90fcae8c6a891ce8-ORD
Content-Encoding: gzip
server-timing: cfL4;desc="?proto=TCP&rtt=2907&min_rtt=2732&rtt_var=1149&sent=6&recv=7&lost=0&retrans=0&sent_bytes=3108&recv_bytes=848&delivery_rate=1568081&cwnd=252&unsent_bytes=0&cid=8578495fef9471d7&ts=191&x=0"

{
    "name": "Alice",
    "job": "",
    "userID": 2,
    "updatedAt": "2025-02-10T14:10:17.802Z"
}
name before =null
Request method:	PUT
Request URI:	https://reqres.in/api/users/22
Proxy:			<none>
Request params:	<none>
Query params:	<none>
Form params:	<none>
Path params:	<none>
Headers:		Accept=*/*
				Content-Type=application/json
Cookies:		<none>
Multiparts:		<none>
Body:
{
    "name": "VeryLongNameThatExceedsNormalLengthaldhiuhisabdkauhiugfKJKASJHFKSJH",
    "job": "Dev",
    "userID": 2
}
HTTP/1.1 200 OK
Date: Mon, 10 Feb 2025 14:10:18 GMT
Content-Type: application/json; charset=utf-8
Transfer-Encoding: chunked
Connection: keep-alive
Report-To: {"group":"heroku-nel","max_age":3600,"endpoints":[{"url":"https://nel.heroku.com/reports?ts=1739196618&sid=c4c9725f-1ab0-44d8-820f-430df2718e11&s=ECzMAaiBCgt3JwXVSWR80yahNiCBf1icdmIBXhLbAFg%3D"}]}
Reporting-Endpoints: heroku-nel=https://nel.heroku.com/reports?ts=1739196618&sid=c4c9725f-1ab0-44d8-820f-430df2718e11&s=ECzMAaiBCgt3JwXVSWR80yahNiCBf1icdmIBXhLbAFg%3D
Nel: {"report_to":"heroku-nel","max_age":3600,"success_fraction":0.005,"failure_fraction":0.05,"response_headers":["Via"]}
X-Powered-By: Express
Access-Control-Allow-Origin: *
Etag: W/"8c-KdYfF92gxStsFdxU4gFpCzAI8i4"
Via: 1.1 vegur
CF-Cache-Status: DYNAMIC
Vary: Accept-Encoding
Server: cloudflare
CF-RAY: 90fcae8e4df389fb-ORD
Content-Encoding: gzip
server-timing: cfL4;desc="?proto=TCP&rtt=2615&min_rtt=2549&rtt_var=1003&sent=6&recv=7&lost=0&retrans=0&sent_bytes=3108&recv_bytes=914&delivery_rate=1680659&cwnd=252&unsent_bytes=0&cid=bcfadc4306b550d2&ts=192&x=0"

{
    "name": "VeryLongNameThatExceedsNormalLengthaldhiuhisabdkauhiugfKJKASJHFKSJH",
    "job": "Dev",
    "userID": 2,
    "updatedAt": "2025-02-10T14:10:18.105Z"
}
name before =null
Request method:	PUT
Request URI:	https://reqres.in/api/users/22
Proxy:			<none>
Request params:	<none>
Query params:	<none>
Form params:	<none>
Path params:	<none>
Headers:		Accept=*/*
				Content-Type=application/json
Cookies:		<none>
Multiparts:		<none>
Body:
{
    "name": "Bob",
    "job": "Business Analyst",
    "userID": 2
}
HTTP/1.1 200 OK
Date: Mon, 10 Feb 2025 14:10:18 GMT
Content-Type: application/json; charset=utf-8
Transfer-Encoding: chunked
Connection: keep-alive
Report-To: {"group":"heroku-nel","max_age":3600,"endpoints":[{"url":"https://nel.heroku.com/reports?ts=1739196618&sid=c4c9725f-1ab0-44d8-820f-430df2718e11&s=ECzMAaiBCgt3JwXVSWR80yahNiCBf1icdmIBXhLbAFg%3D"}]}
Reporting-Endpoints: heroku-nel=https://nel.heroku.com/reports?ts=1739196618&sid=c4c9725f-1ab0-44d8-820f-430df2718e11&s=ECzMAaiBCgt3JwXVSWR80yahNiCBf1icdmIBXhLbAFg%3D
Nel: {"report_to":"heroku-nel","max_age":3600,"success_fraction":0.005,"failure_fraction":0.05,"response_headers":["Via"]}
X-Powered-By: Express
Access-Control-Allow-Origin: *
Etag: W/"59-fR+/g8bYGjZ51AUgydESmtDYX7M"
Via: 1.1 vegur
CF-Cache-Status: DYNAMIC
Vary: Accept-Encoding
Server: cloudflare
CF-RAY: 90fcae900d120271-ORD
Content-Encoding: gzip
server-timing: cfL4;desc="?proto=TCP&rtt=2246&min_rtt=1928&rtt_var=1359&sent=6&recv=7&lost=0&retrans=0&sent_bytes=3108&recv_bytes=862&delivery_rate=957532&cwnd=252&unsent_bytes=0&cid=080bb2e6b458f136&ts=185&x=0"

{
    "name": "Bob",
    "job": "Business Analyst",
    "userID": 2,
    "updatedAt": "2025-02-10T14:10:18.372Z"
}
name before =null
Request method:	PUT
Request URI:	https://reqres.in/api/users/22
Proxy:			<none>
Request params:	<none>
Query params:	<none>
Form params:	<none>
Path params:	<none>
Headers:		Accept=*/*
				Content-Type=application/json
Cookies:		<none>
Multiparts:		<none>
Body:
{
    "name": "!@#$%^&*()",
    "job": "Engineer",
    "userID": 2
}
HTTP/1.1 200 OK
Date: Mon, 10 Feb 2025 14:10:18 GMT
Content-Type: application/json; charset=utf-8
Transfer-Encoding: chunked
Connection: keep-alive
Report-To: {"group":"heroku-nel","max_age":3600,"endpoints":[{"url":"https://nel.heroku.com/reports?ts=1739196618&sid=c4c9725f-1ab0-44d8-820f-430df2718e11&s=ECzMAaiBCgt3JwXVSWR80yahNiCBf1icdmIBXhLbAFg%3D"}]}
Reporting-Endpoints: heroku-nel=https://nel.heroku.com/reports?ts=1739196618&sid=c4c9725f-1ab0-44d8-820f-430df2718e11&s=ECzMAaiBCgt3JwXVSWR80yahNiCBf1icdmIBXhLbAFg%3D
Nel: {"report_to":"heroku-nel","max_age":3600,"success_fraction":0.005,"failure_fraction":0.05,"response_headers":["Via"]}
X-Powered-By: Express
Access-Control-Allow-Origin: *
Etag: W/"58-/YzlXaasSg7WtNJgJ6K0qhBx8b0"
Via: 1.1 vegur
CF-Cache-Status: DYNAMIC
Vary: Accept-Encoding
Server: cloudflare
CF-RAY: 90fcae92c8330271-ORD
Content-Encoding: gzip
server-timing: cfL4;desc="?proto=TCP&rtt=2057&min_rtt=1968&rtt_var=801&sent=6&recv=7&lost=0&retrans=0&sent_bytes=3108&recv_bytes=861&delivery_rate=2176829&cwnd=252&unsent_bytes=0&cid=f6c68fc37d18cd67&ts=182&x=0"

{
    "name": "!@#$%^&*()",
    "job": "Engineer",
    "userID": 2,
    "updatedAt": "2025-02-10T14:10:18.814Z"
}
name before =null
Request method:	PUT
Request URI:	https://reqres.in/api/users/23
Proxy:			<none>
Request params:	<none>
Query params:	<none>
Form params:	<none>
Path params:	<none>
Headers:		Accept=*/*
				Content-Type=application/json
Cookies:		<none>
Multiparts:		<none>
Body:
{
    "name": "Jane Doe",
    "job": "Tester",
    "userID": 3
}
HTTP/1.1 200 OK
Date: Mon, 10 Feb 2025 14:10:19 GMT
Content-Type: application/json; charset=utf-8
Transfer-Encoding: chunked
Connection: keep-alive
Report-To: {"group":"heroku-nel","max_age":3600,"endpoints":[{"url":"https://nel.heroku.com/reports?ts=1739196619&sid=c4c9725f-1ab0-44d8-820f-430df2718e11&s=Y9Ga9iP4T%2F2Rsm1HAGryZQqkl9Z3txEviC%2FTZoZ9u7g%3D"}]}
Reporting-Endpoints: heroku-nel=https://nel.heroku.com/reports?ts=1739196619&sid=c4c9725f-1ab0-44d8-820f-430df2718e11&s=Y9Ga9iP4T%2F2Rsm1HAGryZQqkl9Z3txEviC%2FTZoZ9u7g%3D
Nel: {"report_to":"heroku-nel","max_age":3600,"success_fraction":0.005,"failure_fraction":0.05,"response_headers":["Via"]}
X-Powered-By: Express
Access-Control-Allow-Origin: *
Etag: W/"54-vruMUWyylVcPsXCYoK1C0ZxAueM"
Via: 1.1 vegur
CF-Cache-Status: DYNAMIC
Vary: Accept-Encoding
Server: cloudflare
CF-RAY: 90fcae957cc9eb07-ORD
Content-Encoding: gzip
server-timing: cfL4;desc="?proto=TCP&rtt=2539&min_rtt=2474&rtt_var=974&sent=6&recv=7&lost=0&retrans=0&sent_bytes=3108&recv_bytes=857&delivery_rate=1731608&cwnd=252&unsent_bytes=0&cid=2982702db1ec1351&ts=191&x=0"

{
    "name": "Jane Doe",
    "job": "Tester",
    "userID": 3,
    "updatedAt": "2025-02-10T14:10:19.256Z"
}
]]></system-out>
  <system-err><![CDATA[]]></system-err>
</testsuite>
