<?xml version="1.0" encoding="UTF-8"?>
<testsuite name="GetTest" tests="3" skipped="0" failures="0" errors="0" timestamp="2025-02-01T19:02:37" hostname="fv-az1334-115" time="4.316">
  <properties/>
  <testcase name="GetUser[0](9, true)" classname="GetTest" time="3.594"/>
  <testcase name="GetUser[1](999, false)" classname="GetTest" time="0.326"/>
  <testcase name="GetUser[2](0, false)" classname="GetTest" time="0.32"/>
  <system-out><![CDATA[Request method:	GET
Request URI:	https://reqres.in/api/users/9
Proxy:			<none>
Request params:	<none>
Query params:	<none>
Form params:	<none>
Path params:	id=9
Headers:		Accept=*/*
Cookies:		<none>
Multiparts:		<none>
Body:			<none>
HTTP/1.1 200 OK
Date: Sat, 01 Feb 2025 19:02:40 GMT
Content-Type: application/json; charset=utf-8
Transfer-Encoding: chunked
Connection: keep-alive
Report-To: {"group":"heroku-nel","max_age":3600,"endpoints":[{"url":"https://nel.heroku.com/reports?ts=1738436560&sid=c4c9725f-1ab0-44d8-820f-430df2718e11&s=llhz9pbyiaGIvy8X%2BlcgcEiEGhKL1yirI6Brc7PLAGw%3D"}]}
Reporting-Endpoints: heroku-nel=https://nel.heroku.com/reports?ts=1738436560&sid=c4c9725f-1ab0-44d8-820f-430df2718e11&s=llhz9pbyiaGIvy8X%2BlcgcEiEGhKL1yirI6Brc7PLAGw%3D
Nel: {"report_to":"heroku-nel","max_age":3600,"success_fraction":0.005,"failure_fraction":0.05,"response_headers":["Via"]}
X-Powered-By: Express
Access-Control-Allow-Origin: *
Etag: W/"152-FpYvp70F61UHmjz1MpAbXegc4Hc"
Via: 1.1 vegur
Cache-Control: max-age=14400
CF-Cache-Status: MISS
Vary: Accept-Encoding
Server: cloudflare
CF-RAY: 90b43272dbaa7af7-SJC
Content-Encoding: gzip
server-timing: cfL4;desc="?proto=TCP&rtt=1803&min_rtt=1715&rtt_var=706&sent=7&recv=7&lost=0&retrans=0&sent_bytes=3105&recv_bytes=759&delivery_rate=2497959&cwnd=252&unsent_bytes=0&cid=c49f176400eb93be&ts=397&x=0"

{
    "data": {
        "id": 9,
        "email": "tobias.funke@reqres.in",
        "first_name": "Tobias",
        "last_name": "Funke",
        "avatar": "https://reqres.in/img/faces/9-image.jpg"
    },
    "support": {
        "url": "https://contentcaddy.io?utm_source=reqres&utm_medium=json&utm_campaign=referral",
        "text": "Tired of writing endless social media content? Let Content Caddy generate it for you."
    }
}
Request method:	GET
Request URI:	https://reqres.in/api/users/999
Proxy:			<none>
Request params:	<none>
Query params:	<none>
Form params:	<none>
Path params:	id=999
Headers:		Accept=*/*
Cookies:		<none>
Multiparts:		<none>
Body:			<none>
HTTP/1.1 404 Not Found
Date: Sat, 01 Feb 2025 19:02:41 GMT
Content-Type: application/json; charset=utf-8
Content-Length: 2
Connection: keep-alive
Report-To: {"group":"heroku-nel","max_age":3600,"endpoints":[{"url":"https://nel.heroku.com/reports?ts=1738436561&sid=c4c9725f-1ab0-44d8-820f-430df2718e11&s=j8YyikXwu%2FkMRocL3IVwoz%2F8LZEc0qrv7VMuTCGcdUk%3D"}]}
Reporting-Endpoints: heroku-nel=https://nel.heroku.com/reports?ts=1738436561&sid=c4c9725f-1ab0-44d8-820f-430df2718e11&s=j8YyikXwu%2FkMRocL3IVwoz%2F8LZEc0qrv7VMuTCGcdUk%3D
Nel: {"report_to":"heroku-nel","max_age":3600,"success_fraction":0.005,"failure_fraction":0.05,"response_headers":["Via"]}
X-Powered-By: Express
Access-Control-Allow-Origin: *
Etag: W/"2-vyGp6PvFo4RvsFtPoIWeCReyIC8"
Via: 1.1 vegur
Cache-Control: max-age=14400
CF-Cache-Status: MISS
Vary: Accept-Encoding
Server: cloudflare
CF-RAY: 90b4327e3c4967e5-SJC
server-timing: cfL4;desc="?proto=TCP&rtt=1665&min_rtt=1654&rtt_var=628&sent=6&recv=7&lost=0&retrans=0&sent_bytes=3106&recv_bytes=761&delivery_rate=2590084&cwnd=252&unsent_bytes=0&cid=c46cc8e9b0017014&ts=294&x=0"

{
    
}
Request method:	GET
Request URI:	https://reqres.in/api/users/0
Proxy:			<none>
Request params:	<none>
Query params:	<none>
Form params:	<none>
Path params:	id=0
Headers:		Accept=*/*
Cookies:		<none>
Multiparts:		<none>
Body:			<none>
HTTP/1.1 404 Not Found
Date: Sat, 01 Feb 2025 19:02:42 GMT
Content-Type: application/json; charset=utf-8
Content-Length: 2
Connection: keep-alive
Report-To: {"group":"heroku-nel","max_age":3600,"endpoints":[{"url":"https://nel.heroku.com/reports?ts=1738436562&sid=c4c9725f-1ab0-44d8-820f-430df2718e11&s=tYaeGilNsmjJKoQhdHgC9HuZEP4oCnTvEIRAqttu0Dc%3D"}]}
Reporting-Endpoints: heroku-nel=https://nel.heroku.com/reports?ts=1738436562&sid=c4c9725f-1ab0-44d8-820f-430df2718e11&s=tYaeGilNsmjJKoQhdHgC9HuZEP4oCnTvEIRAqttu0Dc%3D
Nel: {"report_to":"heroku-nel","max_age":3600,"success_fraction":0.005,"failure_fraction":0.05,"response_headers":["Via"]}
X-Powered-By: Express
Access-Control-Allow-Origin: *
Etag: W/"2-vyGp6PvFo4RvsFtPoIWeCReyIC8"
Via: 1.1 vegur
Cache-Control: max-age=14400
CF-Cache-Status: MISS
Vary: Accept-Encoding
Server: cloudflare
CF-RAY: 90b432803bc7fa9e-SJC
server-timing: cfL4;desc="?proto=TCP&rtt=1762&min_rtt=1725&rtt_var=673&sent=6&recv=7&lost=0&retrans=0&sent_bytes=3105&recv_bytes=759&delivery_rate=2483478&cwnd=252&unsent_bytes=0&cid=27347197fbfb108a&ts=294&x=0"

{
    
}
]]></system-out>
  <system-err><![CDATA[]]></system-err>
</testsuite>
