<?xml version="1.0" encoding="UTF-8"?>
<testsuite name="GetTest" tests="3" skipped="0" failures="0" errors="0" timestamp="2025-02-06T09:14:47" hostname="fv-az1344-521" time="4.686">
  <properties/>
  <testcase name="GetUser[0](9, true)" classname="GetTest" time="3.99"/>
  <testcase name="GetUser[1](999, false)" classname="GetTest" time="0.309"/>
  <testcase name="GetUser[2](0, false)" classname="GetTest" time="0.32"/>
  <system-out><![CDATA[Request method:	GET
Request URI:	https://reqres.in/api/users/9
Proxy:			<none>
Request params:	<none>
Query params:	<none>
Form params:	<none>
Path params:	id=9
Headers:		Accept=*/*
Cookies:		<none>
Multiparts:		<none>
Body:			<none>
HTTP/1.1 200 OK
Date: Thu, 06 Feb 2025 09:14:49 GMT
Content-Type: application/json; charset=utf-8
Transfer-Encoding: chunked
Connection: keep-alive
Report-To: {"group":"heroku-nel","max_age":3600,"endpoints":[{"url":"https://nel.heroku.com/reports?ts=1738833289&sid=c4c9725f-1ab0-44d8-820f-430df2718e11&s=b7t8KMImYDPZzMoqVFqYPv%2BXLNAb%2B3hVfn4VXn5uQ%2FQ%3D"}]}
Reporting-Endpoints: heroku-nel=https://nel.heroku.com/reports?ts=1738833289&sid=c4c9725f-1ab0-44d8-820f-430df2718e11&s=b7t8KMImYDPZzMoqVFqYPv%2BXLNAb%2B3hVfn4VXn5uQ%2FQ%3D
Nel: {"report_to":"heroku-nel","max_age":3600,"success_fraction":0.005,"failure_fraction":0.05,"response_headers":["Via"]}
X-Powered-By: Express
Access-Control-Allow-Origin: *
Etag: W/"152-FpYvp70F61UHmjz1MpAbXegc4Hc"
Via: 1.1 vegur
Cache-Control: max-age=14400
CF-Cache-Status: MISS
Vary: Accept-Encoding
Server: cloudflare
CF-RAY: 90da083b5f29faca-SJC
Content-Encoding: gzip
server-timing: cfL4;desc="?proto=TCP&rtt=1690&min_rtt=1650&rtt_var=647&sent=7&recv=7&lost=0&retrans=0&sent_bytes=3108&recv_bytes=759&delivery_rate=2596363&cwnd=252&unsent_bytes=0&cid=b4ae07f68a81a72a&ts=464&x=0"

{
    "data": {
        "id": 9,
        "email": "tobias.funke@reqres.in",
        "first_name": "Tobias",
        "last_name": "Funke",
        "avatar": "https://reqres.in/img/faces/9-image.jpg"
    },
    "support": {
        "url": "https://contentcaddy.io?utm_source=reqres&utm_medium=json&utm_campaign=referral",
        "text": "Tired of writing endless social media content? Let Content Caddy generate it for you."
    }
}
Request method:	GET
Request URI:	https://reqres.in/api/users/999
Proxy:			<none>
Request params:	<none>
Query params:	<none>
Form params:	<none>
Path params:	id=999
Headers:		Accept=*/*
Cookies:		<none>
Multiparts:		<none>
Body:			<none>
HTTP/1.1 404 Not Found
Date: Thu, 06 Feb 2025 09:14:51 GMT
Content-Type: application/json; charset=utf-8
Content-Length: 2
Connection: keep-alive
Report-To: {"group":"heroku-nel","max_age":3600,"endpoints":[{"url":"https://nel.heroku.com/reports?ts=1738833291&sid=c4c9725f-1ab0-44d8-820f-430df2718e11&s=iK%2FEgk2WT1QpLj4QbZz6MdgJay6WKPBO7NtLN07mpQk%3D"}]}
Reporting-Endpoints: heroku-nel=https://nel.heroku.com/reports?ts=1738833291&sid=c4c9725f-1ab0-44d8-820f-430df2718e11&s=iK%2FEgk2WT1QpLj4QbZz6MdgJay6WKPBO7NtLN07mpQk%3D
Nel: {"report_to":"heroku-nel","max_age":3600,"success_fraction":0.005,"failure_fraction":0.05,"response_headers":["Via"]}
X-Powered-By: Express
Access-Control-Allow-Origin: *
Etag: W/"2-vyGp6PvFo4RvsFtPoIWeCReyIC8"
Via: 1.1 vegur
Cache-Control: max-age=14400
CF-Cache-Status: MISS
Vary: Accept-Encoding
Server: cloudflare
CF-RAY: 90da0847f8251749-SJC
server-timing: cfL4;desc="?proto=TCP&rtt=1686&min_rtt=1540&rtt_var=682&sent=6&recv=7&lost=0&retrans=0&sent_bytes=3109&recv_bytes=761&delivery_rate=2781818&cwnd=252&unsent_bytes=0&cid=b74fefbba50b8900&ts=281&x=0"

{
    
}
Request method:	GET
Request URI:	https://reqres.in/api/users/0
Proxy:			<none>
Request params:	<none>
Query params:	<none>
Form params:	<none>
Path params:	id=0
Headers:		Accept=*/*
Cookies:		<none>
Multiparts:		<none>
Body:			<none>
HTTP/1.1 404 Not Found
Date: Thu, 06 Feb 2025 09:14:52 GMT
Content-Type: application/json; charset=utf-8
Content-Length: 2
Connection: keep-alive
Report-To: {"group":"heroku-nel","max_age":3600,"endpoints":[{"url":"https://nel.heroku.com/reports?ts=1738833292&sid=c4c9725f-1ab0-44d8-820f-430df2718e11&s=StciJVQhddavz9xJ15GqKXF3TdF6LSqv6TY8s7YQQYE%3D"}]}
Reporting-Endpoints: heroku-nel=https://nel.heroku.com/reports?ts=1738833292&sid=c4c9725f-1ab0-44d8-820f-430df2718e11&s=StciJVQhddavz9xJ15GqKXF3TdF6LSqv6TY8s7YQQYE%3D
Nel: {"report_to":"heroku-nel","max_age":3600,"success_fraction":0.005,"failure_fraction":0.05,"response_headers":["Via"]}
X-Powered-By: Express
Access-Control-Allow-Origin: *
Etag: W/"2-vyGp6PvFo4RvsFtPoIWeCReyIC8"
Via: 1.1 vegur
Cache-Control: max-age=14400
CF-Cache-Status: MISS
Vary: Accept-Encoding
Server: cloudflare
CF-RAY: 90da084a0cda2519-SJC
server-timing: cfL4;desc="?proto=TCP&rtt=1619&min_rtt=1605&rtt_var=612&sent=6&recv=7&lost=0&retrans=0&sent_bytes=3108&recv_bytes=759&delivery_rate=2669158&cwnd=252&unsent_bytes=0&cid=6679b42270629692&ts=291&x=0"

{
    
}
]]></system-out>
  <system-err><![CDATA[]]></system-err>
</testsuite>
