<?xml version="1.0" encoding="UTF-8"?>
<testsuite name="PutTest" tests="7" skipped="0" failures="0" errors="0" timestamp="2025-02-08T11:06:19" hostname="fv-az1308-518" time="2.031">
  <properties/>
  <testcase name="testPutUser[0](2, John Doe, Software Developer, true)" classname="PutTest" time="0.442"/>
  <testcase name="testPutUser[1](2, , QA Engineer, true)" classname="PutTest" time="0.264"/>
  <testcase name="testPutUser[2](2, Alice, , true)" classname="PutTest" time="0.29"/>
  <testcase name="testPutUser[3](2, VeryLongNameThatExceedsNormalLengthaldhiuhisabdkauhiugfKJKASJHFKSJH, Dev, true)" classname="PutTest" time="0.266"/>
  <testcase name="testPutUser[4](2, Bob, Business Analyst, true)" classname="PutTest" time="0.261"/>
  <testcase name="testPutUser[5](2, !@#$%^&amp;*(), Engineer, true)" classname="PutTest" time="0.247"/>
  <testcase name="testPutUser[6](3, Jane Doe, Tester, true)" classname="PutTest" time="0.251"/>
  <system-out><![CDATA[name before =null
Request method:	PUT
Request URI:	https://reqres.in/api/users/22
Proxy:			<none>
Request params:	<none>
Query params:	<none>
Form params:	<none>
Path params:	<none>
Headers:		Accept=*/*
				Content-Type=application/json
Cookies:		<none>
Multiparts:		<none>
Body:
{
    "name": "John Doe",
    "job": "Software Developer",
    "userID": 2
}
HTTP/1.1 200 OK
Date: Sat, 08 Feb 2025 11:06:19 GMT
Content-Type: application/json; charset=utf-8
Transfer-Encoding: chunked
Connection: keep-alive
Report-To: {"group":"heroku-nel","max_age":3600,"endpoints":[{"url":"https://nel.heroku.com/reports?ts=1739012779&sid=c4c9725f-1ab0-44d8-820f-430df2718e11&s=hU8K4UQi3MExwTTbG4%2F6WKt%2BFNrtFIa50%2F0gRFNYPxY%3D"}]}
Reporting-Endpoints: heroku-nel=https://nel.heroku.com/reports?ts=1739012779&sid=c4c9725f-1ab0-44d8-820f-430df2718e11&s=hU8K4UQi3MExwTTbG4%2F6WKt%2BFNrtFIa50%2F0gRFNYPxY%3D
Nel: {"report_to":"heroku-nel","max_age":3600,"success_fraction":0.005,"failure_fraction":0.05,"response_headers":["Via"]}
X-Powered-By: Express
Access-Control-Allow-Origin: *
Etag: W/"60-TeRI1vgSfxQuH02H49HHOE8j4Vg"
Via: 1.1 vegur
CF-Cache-Status: DYNAMIC
Vary: Accept-Encoding
Server: cloudflare
CF-RAY: 90eb264f8b5458ae-IAD
Content-Encoding: gzip
server-timing: cfL4;desc="?proto=TCP&rtt=1027&min_rtt=993&rtt_var=396&sent=6&recv=7&lost=0&retrans=0&sent_bytes=3108&recv_bytes=869&delivery_rate=4314199&cwnd=252&unsent_bytes=0&cid=381b359929bd5a4c&ts=162&x=0"

{
    "name": "John Doe",
    "job": "Software Developer",
    "userID": 2,
    "updatedAt": "2025-02-08T11:06:19.563Z"
}
name before =null
Request method:	PUT
Request URI:	https://reqres.in/api/users/22
Proxy:			<none>
Request params:	<none>
Query params:	<none>
Form params:	<none>
Path params:	<none>
Headers:		Accept=*/*
				Content-Type=application/json
Cookies:		<none>
Multiparts:		<none>
Body:
{
    "name": "",
    "job": "QA Engineer",
    "userID": 2
}
HTTP/1.1 200 OK
Date: Sat, 08 Feb 2025 11:06:19 GMT
Content-Type: application/json; charset=utf-8
Transfer-Encoding: chunked
Connection: keep-alive
Report-To: {"group":"heroku-nel","max_age":3600,"endpoints":[{"url":"https://nel.heroku.com/reports?ts=1739012779&sid=c4c9725f-1ab0-44d8-820f-430df2718e11&s=hU8K4UQi3MExwTTbG4%2F6WKt%2BFNrtFIa50%2F0gRFNYPxY%3D"}]}
Reporting-Endpoints: heroku-nel=https://nel.heroku.com/reports?ts=1739012779&sid=c4c9725f-1ab0-44d8-820f-430df2718e11&s=hU8K4UQi3MExwTTbG4%2F6WKt%2BFNrtFIa50%2F0gRFNYPxY%3D
Nel: {"report_to":"heroku-nel","max_age":3600,"success_fraction":0.005,"failure_fraction":0.05,"response_headers":["Via"]}
X-Powered-By: Express
Access-Control-Allow-Origin: *
Etag: W/"51-LRmPc+VHm9CPmegt46dxqgZXlh0"
Via: 1.1 vegur
CF-Cache-Status: DYNAMIC
Vary: Accept-Encoding
Server: cloudflare
CF-RAY: 90eb26513e840654-IAD
Content-Encoding: gzip
server-timing: cfL4;desc="?proto=TCP&rtt=1988&min_rtt=1885&rtt_var=619&sent=6&recv=8&lost=0&retrans=0&sent_bytes=3107&recv_bytes=854&delivery_rate=2261879&cwnd=252&unsent_bytes=0&cid=9b7eece91978c8c3&ts=168&x=0"

{
    "name": "",
    "job": "QA Engineer",
    "userID": 2,
    "updatedAt": "2025-02-08T11:06:19.834Z"
}
name before =null
Request method:	PUT
Request URI:	https://reqres.in/api/users/22
Proxy:			<none>
Request params:	<none>
Query params:	<none>
Form params:	<none>
Path params:	<none>
Headers:		Accept=*/*
				Content-Type=application/json
Cookies:		<none>
Multiparts:		<none>
Body:
{
    "name": "Alice",
    "job": "",
    "userID": 2
}
HTTP/1.1 200 OK
Date: Sat, 08 Feb 2025 11:06:20 GMT
Content-Type: application/json; charset=utf-8
Transfer-Encoding: chunked
Connection: keep-alive
Report-To: {"group":"heroku-nel","max_age":3600,"endpoints":[{"url":"https://nel.heroku.com/reports?ts=1739012780&sid=c4c9725f-1ab0-44d8-820f-430df2718e11&s=Qch5BpOYlSq1fPLxy4fCgAV6YOqgvdZChntqLDAyl8c%3D"}]}
Reporting-Endpoints: heroku-nel=https://nel.heroku.com/reports?ts=1739012780&sid=c4c9725f-1ab0-44d8-820f-430df2718e11&s=Qch5BpOYlSq1fPLxy4fCgAV6YOqgvdZChntqLDAyl8c%3D
Nel: {"report_to":"heroku-nel","max_age":3600,"success_fraction":0.005,"failure_fraction":0.05,"response_headers":["Via"]}
X-Powered-By: Express
Access-Control-Allow-Origin: *
Etag: W/"4b-e+9kaTruyU7hPViDDUKCIMN2+SM"
Via: 1.1 vegur
CF-Cache-Status: DYNAMIC
Vary: Accept-Encoding
Server: cloudflare
CF-RAY: 90eb26532f7ec566-IAD
Content-Encoding: gzip
server-timing: cfL4;desc="?proto=TCP&rtt=1235&min_rtt=1044&rtt_var=528&sent=6&recv=7&lost=0&retrans=0&sent_bytes=3108&recv_bytes=848&delivery_rate=4103448&cwnd=252&unsent_bytes=0&cid=424fdb4bb6985a04&ts=165&x=0"

{
    "name": "Alice",
    "job": "",
    "userID": 2,
    "updatedAt": "2025-02-08T11:06:20.135Z"
}
name before =null
Request method:	PUT
Request URI:	https://reqres.in/api/users/22
Proxy:			<none>
Request params:	<none>
Query params:	<none>
Form params:	<none>
Path params:	<none>
Headers:		Accept=*/*
				Content-Type=application/json
Cookies:		<none>
Multiparts:		<none>
Body:
{
    "name": "VeryLongNameThatExceedsNormalLengthaldhiuhisabdkauhiugfKJKASJHFKSJH",
    "job": "Dev",
    "userID": 2
}
HTTP/1.1 200 OK
Date: Sat, 08 Feb 2025 11:06:20 GMT
Content-Type: application/json; charset=utf-8
Transfer-Encoding: chunked
Connection: keep-alive
Report-To: {"group":"heroku-nel","max_age":3600,"endpoints":[{"url":"https://nel.heroku.com/reports?ts=1739012780&sid=c4c9725f-1ab0-44d8-820f-430df2718e11&s=Qch5BpOYlSq1fPLxy4fCgAV6YOqgvdZChntqLDAyl8c%3D"}]}
Reporting-Endpoints: heroku-nel=https://nel.heroku.com/reports?ts=1739012780&sid=c4c9725f-1ab0-44d8-820f-430df2718e11&s=Qch5BpOYlSq1fPLxy4fCgAV6YOqgvdZChntqLDAyl8c%3D
Nel: {"report_to":"heroku-nel","max_age":3600,"success_fraction":0.005,"failure_fraction":0.05,"response_headers":["Via"]}
X-Powered-By: Express
Access-Control-Allow-Origin: *
Etag: W/"8c-3SuKvAS+fAW3IaC3HTJibw2QHdU"
Via: 1.1 vegur
CF-Cache-Status: DYNAMIC
Vary: Accept-Encoding
Server: cloudflare
CF-RAY: 90eb2654cb1986f4-IAD
Content-Encoding: gzip
server-timing: cfL4;desc="?proto=TCP&rtt=1306&min_rtt=1231&rtt_var=515&sent=6&recv=7&lost=0&retrans=0&sent_bytes=3107&recv_bytes=914&delivery_rate=3480097&cwnd=252&unsent_bytes=0&cid=c3d2822ed21edc20&ts=164&x=0"

{
    "name": "VeryLongNameThatExceedsNormalLengthaldhiuhisabdkauhiugfKJKASJHFKSJH",
    "job": "Dev",
    "userID": 2,
    "updatedAt": "2025-02-08T11:06:20.405Z"
}
name before =null
Request method:	PUT
Request URI:	https://reqres.in/api/users/22
Proxy:			<none>
Request params:	<none>
Query params:	<none>
Form params:	<none>
Path params:	<none>
Headers:		Accept=*/*
				Content-Type=application/json
Cookies:		<none>
Multiparts:		<none>
Body:
{
    "name": "Bob",
    "job": "Business Analyst",
    "userID": 2
}
HTTP/1.1 200 OK
Date: Sat, 08 Feb 2025 11:06:20 GMT
Content-Type: application/json; charset=utf-8
Transfer-Encoding: chunked
Connection: keep-alive
Report-To: {"group":"heroku-nel","max_age":3600,"endpoints":[{"url":"https://nel.heroku.com/reports?ts=1739012780&sid=c4c9725f-1ab0-44d8-820f-430df2718e11&s=Qch5BpOYlSq1fPLxy4fCgAV6YOqgvdZChntqLDAyl8c%3D"}]}
Reporting-Endpoints: heroku-nel=https://nel.heroku.com/reports?ts=1739012780&sid=c4c9725f-1ab0-44d8-820f-430df2718e11&s=Qch5BpOYlSq1fPLxy4fCgAV6YOqgvdZChntqLDAyl8c%3D
Nel: {"report_to":"heroku-nel","max_age":3600,"success_fraction":0.005,"failure_fraction":0.05,"response_headers":["Via"]}
X-Powered-By: Express
Access-Control-Allow-Origin: *
Etag: W/"59-vtcuquX7i0hp977Pk8Hbdj87J2E"
Via: 1.1 vegur
CF-Cache-Status: DYNAMIC
Vary: Accept-Encoding
Server: cloudflare
CF-RAY: 90eb265678f03982-IAD
Content-Encoding: gzip
server-timing: cfL4;desc="?proto=TCP&rtt=1480&min_rtt=1475&rtt_var=564&sent=6&recv=7&lost=0&retrans=0&sent_bytes=3107&recv_bytes=862&delivery_rate=2820276&cwnd=252&unsent_bytes=0&cid=11679c6bdf80c503&ts=161&x=0"

{
    "name": "Bob",
    "job": "Business Analyst",
    "userID": 2,
    "updatedAt": "2025-02-08T11:06:20.666Z"
}
name before =null
Request method:	PUT
Request URI:	https://reqres.in/api/users/22
Proxy:			<none>
Request params:	<none>
Query params:	<none>
Form params:	<none>
Path params:	<none>
Headers:		Accept=*/*
				Content-Type=application/json
Cookies:		<none>
Multiparts:		<none>
Body:
{
    "name": "!@#$%^&*()",
    "job": "Engineer",
    "userID": 2
}
HTTP/1.1 200 OK
Date: Sat, 08 Feb 2025 11:06:20 GMT
Content-Type: application/json; charset=utf-8
Transfer-Encoding: chunked
Connection: keep-alive
Report-To: {"group":"heroku-nel","max_age":3600,"endpoints":[{"url":"https://nel.heroku.com/reports?ts=1739012780&sid=c4c9725f-1ab0-44d8-820f-430df2718e11&s=Qch5BpOYlSq1fPLxy4fCgAV6YOqgvdZChntqLDAyl8c%3D"}]}
Reporting-Endpoints: heroku-nel=https://nel.heroku.com/reports?ts=1739012780&sid=c4c9725f-1ab0-44d8-820f-430df2718e11&s=Qch5BpOYlSq1fPLxy4fCgAV6YOqgvdZChntqLDAyl8c%3D
Nel: {"report_to":"heroku-nel","max_age":3600,"success_fraction":0.005,"failure_fraction":0.05,"response_headers":["Via"]}
X-Powered-By: Express
Access-Control-Allow-Origin: *
Etag: W/"58-uoGkrUgywGBCssLYoC9yeGvv17w"
Via: 1.1 vegur
CF-Cache-Status: DYNAMIC
Vary: Accept-Encoding
Server: cloudflare
CF-RAY: 90eb26580dccd6ef-IAD
Content-Encoding: gzip
server-timing: cfL4;desc="?proto=TCP&rtt=1028&min_rtt=981&rtt_var=401&sent=6&recv=7&lost=0&retrans=0&sent_bytes=3108&recv_bytes=861&delivery_rate=4366972&cwnd=252&unsent_bytes=0&cid=d750a34376def3ac&ts=158&x=0"

{
    "name": "!@#$%^&*()",
    "job": "Engineer",
    "userID": 2,
    "updatedAt": "2025-02-08T11:06:20.915Z"
}
name before =null
Request method:	PUT
Request URI:	https://reqres.in/api/users/23
Proxy:			<none>
Request params:	<none>
Query params:	<none>
Form params:	<none>
Path params:	<none>
Headers:		Accept=*/*
				Content-Type=application/json
Cookies:		<none>
Multiparts:		<none>
Body:
{
    "name": "Jane Doe",
    "job": "Tester",
    "userID": 3
}
HTTP/1.1 200 OK
Date: Sat, 08 Feb 2025 11:06:21 GMT
Content-Type: application/json; charset=utf-8
Transfer-Encoding: chunked
Connection: keep-alive
Report-To: {"group":"heroku-nel","max_age":3600,"endpoints":[{"url":"https://nel.heroku.com/reports?ts=1739012781&sid=c4c9725f-1ab0-44d8-820f-430df2718e11&s=gOU5LRuzPcmHWxqYLWUBWqkjxZ7n8%2FuhIduvdYVbB40%3D"}]}
Reporting-Endpoints: heroku-nel=https://nel.heroku.com/reports?ts=1739012781&sid=c4c9725f-1ab0-44d8-820f-430df2718e11&s=gOU5LRuzPcmHWxqYLWUBWqkjxZ7n8%2FuhIduvdYVbB40%3D
Nel: {"report_to":"heroku-nel","max_age":3600,"success_fraction":0.005,"failure_fraction":0.05,"response_headers":["Via"]}
X-Powered-By: Express
Access-Control-Allow-Origin: *
Etag: W/"54-2rtpmkFCQimf2jnXn9oQv3hM1Pc"
Via: 1.1 vegur
CF-Cache-Status: DYNAMIC
Vary: Accept-Encoding
Server: cloudflare
CF-RAY: 90eb26598c846fb3-IAD
Content-Encoding: gzip
server-timing: cfL4;desc="?proto=TCP&rtt=1284&min_rtt=1172&rtt_var=520&sent=6&recv=7&lost=0&retrans=0&sent_bytes=3108&recv_bytes=857&delivery_rate=3655290&cwnd=252&unsent_bytes=0&cid=b0e9ec5deb107c7e&ts=177&x=0"

{
    "name": "Jane Doe",
    "job": "Tester",
    "userID": 3,
    "updatedAt": "2025-02-08T11:06:21.165Z"
}
]]></system-out>
  <system-err><![CDATA[]]></system-err>
</testsuite>
