<?xml version="1.0" encoding="UTF-8"?>
<testsuite name="Put_Test" tests="7" skipped="0" failures="0" errors="0" timestamp="2025-01-30T15:08:32" hostname="fv-az1371-570" time="2.68">
  <properties/>
  <testcase name="testPutUser[0](2, John Doe, Software Developer, true)" classname="Put_Test" time="0.491"/>
  <testcase name="testPutUser[1](2, , QA Engineer, true)" classname="Put_Test" time="0.49"/>
  <testcase name="testPutUser[2](2, Alice, , true)" classname="Put_Test" time="0.299"/>
  <testcase name="testPutUser[3](2, VeryLongNameThatExceedsNormalLengthaldhiuhisabdkauhiugfKJKASJHFKSJH, Dev, true)" classname="Put_Test" time="0.307"/>
  <testcase name="testPutUser[4](2, Bob, Business Analyst, true)" classname="Put_Test" time="0.321"/>
  <testcase name="testPutUser[5](2, !@#$%^&amp;*(), Engineer, true)" classname="Put_Test" time="0.294"/>
  <testcase name="testPutUser[6](3, Jane Doe, Tester, true)" classname="Put_Test" time="0.475"/>
  <system-out><![CDATA[name before =null
Request method:	PUT
Request URI:	https://reqres.in/api/users/22
Proxy:			<none>
Request params:	<none>
Query params:	<none>
Form params:	<none>
Path params:	<none>
Headers:		Accept=*/*
				Content-Type=application/json
Cookies:		<none>
Multiparts:		<none>
Body:
{
    "name": "John Doe",
    "job": "Software Developer",
    "userID": 2
}
HTTP/1.1 200 OK
Date: Thu, 30 Jan 2025 15:08:32 GMT
Content-Type: application/json; charset=utf-8
Transfer-Encoding: chunked
Connection: keep-alive
Report-To: {"group":"heroku-nel","max_age":3600,"endpoints":[{"url":"https://nel.heroku.com/reports?ts=1738249712&sid=c4c9725f-1ab0-44d8-820f-430df2718e11&s=8wdZ3ej5kMqEYqrfz7I837wTsgBg9uN%2FLJZ1BgkUn%2Fk%3D"}]}
Reporting-Endpoints: heroku-nel=https://nel.heroku.com/reports?ts=1738249712&sid=c4c9725f-1ab0-44d8-820f-430df2718e11&s=8wdZ3ej5kMqEYqrfz7I837wTsgBg9uN%2FLJZ1BgkUn%2Fk%3D
Nel: {"report_to":"heroku-nel","max_age":3600,"success_fraction":0.005,"failure_fraction":0.05,"response_headers":["Via"]}
X-Powered-By: Express
Access-Control-Allow-Origin: *
Etag: W/"60-H8EjzG4QG32hjuOwH6McSWKBzi0"
Via: 1.1 vegur
CF-Cache-Status: DYNAMIC
Vary: Accept-Encoding
Server: cloudflare
CF-RAY: 90a260bf894f0256-ORD
Content-Encoding: gzip
server-timing: cfL4;desc="?proto=TCP&rtt=2454&min_rtt=1940&rtt_var=1755&sent=6&recv=7&lost=0&retrans=0&sent_bytes=3107&recv_bytes=869&delivery_rate=707865&cwnd=251&unsent_bytes=0&cid=e92985edbdbeaa4b&ts=186&x=0"

{
    "name": "John Doe",
    "job": "Software Developer",
    "userID": 2,
    "updatedAt": "2025-01-30T15:08:32.695Z"
}
name before =null
Request method:	PUT
Request URI:	https://reqres.in/api/users/22
Proxy:			<none>
Request params:	<none>
Query params:	<none>
Form params:	<none>
Path params:	<none>
Headers:		Accept=*/*
				Content-Type=application/json
Cookies:		<none>
Multiparts:		<none>
Body:
{
    "name": "",
    "job": "QA Engineer",
    "userID": 2
}
HTTP/1.1 200 OK
Date: Thu, 30 Jan 2025 15:08:33 GMT
Content-Type: application/json; charset=utf-8
Transfer-Encoding: chunked
Connection: keep-alive
Report-To: {"group":"heroku-nel","max_age":3600,"endpoints":[{"url":"https://nel.heroku.com/reports?ts=1738249713&sid=c4c9725f-1ab0-44d8-820f-430df2718e11&s=uqRN%2FL5a%2BgqkLA6ck1cz2k8cMZbDnSq%2FQWdPIGKiK%2F0%3D"}]}
Reporting-Endpoints: heroku-nel=https://nel.heroku.com/reports?ts=1738249713&sid=c4c9725f-1ab0-44d8-820f-430df2718e11&s=uqRN%2FL5a%2BgqkLA6ck1cz2k8cMZbDnSq%2FQWdPIGKiK%2F0%3D
Nel: {"report_to":"heroku-nel","max_age":3600,"success_fraction":0.005,"failure_fraction":0.05,"response_headers":["Via"]}
X-Powered-By: Express
Access-Control-Allow-Origin: *
Etag: W/"51-mwemw73X1/ON0Bc62Mb4d6/DpLc"
Via: 1.1 vegur
CF-Cache-Status: DYNAMIC
Vary: Accept-Encoding
Server: cloudflare
CF-RAY: 90a260c289f92a09-ORD
Content-Encoding: gzip
server-timing: cfL4;desc="?proto=TCP&rtt=2942&min_rtt=2762&rtt_var=1164&sent=6&recv=7&lost=0&retrans=0&sent_bytes=3106&recv_bytes=854&delivery_rate=1551049&cwnd=240&unsent_bytes=0&cid=799ee209df634444&ts=185&x=0"

{
    "name": "",
    "job": "QA Engineer",
    "userID": 2,
    "updatedAt": "2025-01-30T15:08:33.181Z"
}
name before =null
Request method:	PUT
Request URI:	https://reqres.in/api/users/22
Proxy:			<none>
Request params:	<none>
Query params:	<none>
Form params:	<none>
Path params:	<none>
Headers:		Accept=*/*
				Content-Type=application/json
Cookies:		<none>
Multiparts:		<none>
Body:
{
    "name": "Alice",
    "job": "",
    "userID": 2
}
HTTP/1.1 200 OK
Date: Thu, 30 Jan 2025 15:08:33 GMT
Content-Type: application/json; charset=utf-8
Transfer-Encoding: chunked
Connection: keep-alive
Report-To: {"group":"heroku-nel","max_age":3600,"endpoints":[{"url":"https://nel.heroku.com/reports?ts=1738249713&sid=c4c9725f-1ab0-44d8-820f-430df2718e11&s=uqRN%2FL5a%2BgqkLA6ck1cz2k8cMZbDnSq%2FQWdPIGKiK%2F0%3D"}]}
Reporting-Endpoints: heroku-nel=https://nel.heroku.com/reports?ts=1738249713&sid=c4c9725f-1ab0-44d8-820f-430df2718e11&s=uqRN%2FL5a%2BgqkLA6ck1cz2k8cMZbDnSq%2FQWdPIGKiK%2F0%3D
Nel: {"report_to":"heroku-nel","max_age":3600,"success_fraction":0.005,"failure_fraction":0.05,"response_headers":["Via"]}
X-Powered-By: Express
Access-Control-Allow-Origin: *
Etag: W/"4b-sXNJ9x2CH8zoy/B5MRhuxREr11g"
Via: 1.1 vegur
CF-Cache-Status: DYNAMIC
Vary: Accept-Encoding
Server: cloudflare
CF-RAY: 90a260c47d8eeae0-ORD
Content-Encoding: gzip
server-timing: cfL4;desc="?proto=TCP&rtt=2302&min_rtt=2273&rtt_var=873&sent=6&recv=7&lost=0&retrans=0&sent_bytes=3106&recv_bytes=848&delivery_rate=1884733&cwnd=252&unsent_bytes=0&cid=f017dcfe8da18764&ts=179&x=0"

{
    "name": "Alice",
    "job": "",
    "userID": 2,
    "updatedAt": "2025-01-30T15:08:33.485Z"
}
name before =null
Request method:	PUT
Request URI:	https://reqres.in/api/users/22
Proxy:			<none>
Request params:	<none>
Query params:	<none>
Form params:	<none>
Path params:	<none>
Headers:		Accept=*/*
				Content-Type=application/json
Cookies:		<none>
Multiparts:		<none>
Body:
{
    "name": "VeryLongNameThatExceedsNormalLengthaldhiuhisabdkauhiugfKJKASJHFKSJH",
    "job": "Dev",
    "userID": 2
}
HTTP/1.1 200 OK
Date: Thu, 30 Jan 2025 15:08:33 GMT
Content-Type: application/json; charset=utf-8
Transfer-Encoding: chunked
Connection: keep-alive
Report-To: {"group":"heroku-nel","max_age":3600,"endpoints":[{"url":"https://nel.heroku.com/reports?ts=1738249713&sid=c4c9725f-1ab0-44d8-820f-430df2718e11&s=uqRN%2FL5a%2BgqkLA6ck1cz2k8cMZbDnSq%2FQWdPIGKiK%2F0%3D"}]}
Reporting-Endpoints: heroku-nel=https://nel.heroku.com/reports?ts=1738249713&sid=c4c9725f-1ab0-44d8-820f-430df2718e11&s=uqRN%2FL5a%2BgqkLA6ck1cz2k8cMZbDnSq%2FQWdPIGKiK%2F0%3D
Nel: {"report_to":"heroku-nel","max_age":3600,"success_fraction":0.005,"failure_fraction":0.05,"response_headers":["Via"]}
X-Powered-By: Express
Access-Control-Allow-Origin: *
Etag: W/"8c-JpEHLO40Tet9Lgz3u52fJtYSV3E"
Via: 1.1 vegur
CF-Cache-Status: DYNAMIC
Vary: Accept-Encoding
Server: cloudflare
CF-RAY: 90a260c6599be830-ORD
Content-Encoding: gzip
server-timing: cfL4;desc="?proto=TCP&rtt=2876&min_rtt=2827&rtt_var=836&sent=6&recv=8&lost=0&retrans=0&sent_bytes=3106&recv_bytes=914&delivery_rate=1511644&cwnd=252&unsent_bytes=0&cid=0642e436bfa9ab99&ts=185&x=0"

{
    "name": "VeryLongNameThatExceedsNormalLengthaldhiuhisabdkauhiugfKJKASJHFKSJH",
    "job": "Dev",
    "userID": 2,
    "updatedAt": "2025-01-30T15:08:33.792Z"
}
name before =null
Request method:	PUT
Request URI:	https://reqres.in/api/users/22
Proxy:			<none>
Request params:	<none>
Query params:	<none>
Form params:	<none>
Path params:	<none>
Headers:		Accept=*/*
				Content-Type=application/json
Cookies:		<none>
Multiparts:		<none>
Body:
{
    "name": "Bob",
    "job": "Business Analyst",
    "userID": 2
}
HTTP/1.1 200 OK
Date: Thu, 30 Jan 2025 15:08:34 GMT
Content-Type: application/json; charset=utf-8
Transfer-Encoding: chunked
Connection: keep-alive
Report-To: {"group":"heroku-nel","max_age":3600,"endpoints":[{"url":"https://nel.heroku.com/reports?ts=1738249714&sid=c4c9725f-1ab0-44d8-820f-430df2718e11&s=LQgzJTpZV%2FBM%2BJkWGrfs%2B%2FcPDf9RRGGw8bFJqQc9xyo%3D"}]}
Reporting-Endpoints: heroku-nel=https://nel.heroku.com/reports?ts=1738249714&sid=c4c9725f-1ab0-44d8-820f-430df2718e11&s=LQgzJTpZV%2FBM%2BJkWGrfs%2B%2FcPDf9RRGGw8bFJqQc9xyo%3D
Nel: {"report_to":"heroku-nel","max_age":3600,"success_fraction":0.005,"failure_fraction":0.05,"response_headers":["Via"]}
X-Powered-By: Express
Access-Control-Allow-Origin: *
Etag: W/"59-rLAS6tQ300O+ah2sC3eDuJ6Ee6Q"
Via: 1.1 vegur
CF-Cache-Status: DYNAMIC
Vary: Accept-Encoding
Server: cloudflare
CF-RAY: 90a260c858ebeb69-ORD
Content-Encoding: gzip
server-timing: cfL4;desc="?proto=TCP&rtt=2427&min_rtt=2394&rtt_var=921&sent=6&recv=7&lost=0&retrans=0&sent_bytes=3105&recv_bytes=862&delivery_rate=1789473&cwnd=252&unsent_bytes=0&cid=4e45cc650d3d64ed&ts=189&x=0"

{
    "name": "Bob",
    "job": "Business Analyst",
    "userID": 2,
    "updatedAt": "2025-01-30T15:08:34.110Z"
}
name before =null
Request method:	PUT
Request URI:	https://reqres.in/api/users/22
Proxy:			<none>
Request params:	<none>
Query params:	<none>
Form params:	<none>
Path params:	<none>
Headers:		Accept=*/*
				Content-Type=application/json
Cookies:		<none>
Multiparts:		<none>
Body:
{
    "name": "!@#$%^&*()",
    "job": "Engineer",
    "userID": 2
}
HTTP/1.1 200 OK
Date: Thu, 30 Jan 2025 15:08:34 GMT
Content-Type: application/json; charset=utf-8
Transfer-Encoding: chunked
Connection: keep-alive
Report-To: {"group":"heroku-nel","max_age":3600,"endpoints":[{"url":"https://nel.heroku.com/reports?ts=1738249714&sid=c4c9725f-1ab0-44d8-820f-430df2718e11&s=LQgzJTpZV%2FBM%2BJkWGrfs%2B%2FcPDf9RRGGw8bFJqQc9xyo%3D"}]}
Reporting-Endpoints: heroku-nel=https://nel.heroku.com/reports?ts=1738249714&sid=c4c9725f-1ab0-44d8-820f-430df2718e11&s=LQgzJTpZV%2FBM%2BJkWGrfs%2B%2FcPDf9RRGGw8bFJqQc9xyo%3D
Nel: {"report_to":"heroku-nel","max_age":3600,"success_fraction":0.005,"failure_fraction":0.05,"response_headers":["Via"]}
X-Powered-By: Express
Access-Control-Allow-Origin: *
Etag: W/"58-N4JkdIIFkVkgOc2moa1+A71wAVM"
Via: 1.1 vegur
CF-Cache-Status: DYNAMIC
Vary: Accept-Encoding
Server: cloudflare
CF-RAY: 90a260ca4e7ccef4-ORD
Content-Encoding: gzip
server-timing: cfL4;desc="?proto=TCP&rtt=2470&min_rtt=2470&rtt_var=928&sent=6&recv=7&lost=0&retrans=0&sent_bytes=3106&recv_bytes=861&delivery_rate=1729511&cwnd=252&unsent_bytes=0&cid=ae7d6541ea717281&ts=177&x=0"

{
    "name": "!@#$%^&*()",
    "job": "Engineer",
    "userID": 2,
    "updatedAt": "2025-01-30T15:08:34.407Z"
}
name before =null
Request method:	PUT
Request URI:	https://reqres.in/api/users/23
Proxy:			<none>
Request params:	<none>
Query params:	<none>
Form params:	<none>
Path params:	<none>
Headers:		Accept=*/*
				Content-Type=application/json
Cookies:		<none>
Multiparts:		<none>
Body:
{
    "name": "Jane Doe",
    "job": "Tester",
    "userID": 3
}
HTTP/1.1 200 OK
Date: Thu, 30 Jan 2025 15:08:34 GMT
Content-Type: application/json; charset=utf-8
Transfer-Encoding: chunked
Connection: keep-alive
Report-To: {"group":"heroku-nel","max_age":3600,"endpoints":[{"url":"https://nel.heroku.com/reports?ts=1738249714&sid=c4c9725f-1ab0-44d8-820f-430df2718e11&s=LQgzJTpZV%2FBM%2BJkWGrfs%2B%2FcPDf9RRGGw8bFJqQc9xyo%3D"}]}
Reporting-Endpoints: heroku-nel=https://nel.heroku.com/reports?ts=1738249714&sid=c4c9725f-1ab0-44d8-820f-430df2718e11&s=LQgzJTpZV%2FBM%2BJkWGrfs%2B%2FcPDf9RRGGw8bFJqQc9xyo%3D
Nel: {"report_to":"heroku-nel","max_age":3600,"success_fraction":0.005,"failure_fraction":0.05,"response_headers":["Via"]}
X-Powered-By: Express
Access-Control-Allow-Origin: *
Etag: W/"54-kclcXYIoEgNo5/W9oFkIZBFnuwg"
Via: 1.1 vegur
CF-Cache-Status: DYNAMIC
Vary: Accept-Encoding
Server: cloudflare
CF-RAY: 90a260cd3e64ce93-ORD
Content-Encoding: gzip
server-timing: cfL4;desc="?proto=TCP&rtt=2509&min_rtt=2463&rtt_var=732&sent=6&recv=8&lost=0&retrans=0&sent_bytes=3106&recv_bytes=857&delivery_rate=1735115&cwnd=252&unsent_bytes=0&cid=4226a60df406501f&ts=183&x=0"

{
    "name": "Jane Doe",
    "job": "Tester",
    "userID": 3,
    "updatedAt": "2025-01-30T15:08:34.891Z"
}
]]></system-out>
  <system-err><![CDATA[]]></system-err>
</testsuite>
