<?xml version="1.0" encoding="UTF-8"?>
<testsuite name="PutTest" tests="7" skipped="0" failures="0" errors="0" timestamp="2025-02-03T14:59:58" hostname="fv-az1334-115" time="3.054">
  <properties/>
  <testcase name="testPutUser[0](2, John Doe, Software Developer, true)" classname="PutTest" time="0.459"/>
  <testcase name="testPutUser[1](2, , QA Engineer, true)" classname="PutTest" time="0.441"/>
  <testcase name="testPutUser[2](2, Alice, , true)" classname="PutTest" time="0.425"/>
  <testcase name="testPutUser[3](2, VeryLongNameThatExceedsNormalLengthaldhiuhisabdkauhiugfKJKASJHFKSJH, Dev, true)" classname="PutTest" time="0.429"/>
  <testcase name="testPutUser[4](2, Bob, Business Analyst, true)" classname="PutTest" time="0.468"/>
  <testcase name="testPutUser[5](2, !@#$%^&amp;*(), Engineer, true)" classname="PutTest" time="0.402"/>
  <testcase name="testPutUser[6](3, Jane Doe, Tester, true)" classname="PutTest" time="0.419"/>
  <system-out><![CDATA[name before =null
Request method:	PUT
Request URI:	https://reqres.in/api/users/22
Proxy:			<none>
Request params:	<none>
Query params:	<none>
Form params:	<none>
Path params:	<none>
Headers:		Accept=*/*
				Content-Type=application/json
Cookies:		<none>
Multiparts:		<none>
Body:
{
    "name": "John Doe",
    "job": "Software Developer",
    "userID": 2
}
HTTP/1.1 200 OK
Date: Mon, 03 Feb 2025 14:59:58 GMT
Content-Type: application/json; charset=utf-8
Transfer-Encoding: chunked
Connection: keep-alive
Report-To: {"group":"heroku-nel","max_age":3600,"endpoints":[{"url":"https://nel.heroku.com/reports?ts=1738594798&sid=c4c9725f-1ab0-44d8-820f-430df2718e11&s=%2Bfl9BHgIIeMXWIppZk737Uw0eJFDC2pbHy3Uzqcmc5E%3D"}]}
Reporting-Endpoints: heroku-nel=https://nel.heroku.com/reports?ts=1738594798&sid=c4c9725f-1ab0-44d8-820f-430df2718e11&s=%2Bfl9BHgIIeMXWIppZk737Uw0eJFDC2pbHy3Uzqcmc5E%3D
Nel: {"report_to":"heroku-nel","max_age":3600,"success_fraction":0.005,"failure_fraction":0.05,"response_headers":["Via"]}
X-Powered-By: Express
Access-Control-Allow-Origin: *
Etag: W/"60-zvPS1jN/Ul1aKcjLo+VGjJ28Dv8"
Via: 1.1 vegur
CF-Cache-Status: DYNAMIC
Vary: Accept-Encoding
Server: cloudflare
CF-RAY: 90c349b14db3eb36-SJC
Content-Encoding: gzip
server-timing: cfL4;desc="?proto=TCP&rtt=1757&min_rtt=1736&rtt_var=694&sent=6&recv=7&lost=0&retrans=0&sent_bytes=3108&recv_bytes=869&delivery_rate=2244106&cwnd=252&unsent_bytes=0&cid=a36ed9453b0f0c3d&ts=279&x=0"

{
    "name": "John Doe",
    "job": "Software Developer",
    "userID": 2,
    "updatedAt": "2025-02-03T14:59:58.487Z"
}
name before =null
Request method:	PUT
Request URI:	https://reqres.in/api/users/22
Proxy:			<none>
Request params:	<none>
Query params:	<none>
Form params:	<none>
Path params:	<none>
Headers:		Accept=*/*
				Content-Type=application/json
Cookies:		<none>
Multiparts:		<none>
Body:
{
    "name": "",
    "job": "QA Engineer",
    "userID": 2
}
HTTP/1.1 200 OK
Date: Mon, 03 Feb 2025 14:59:58 GMT
Content-Type: application/json; charset=utf-8
Transfer-Encoding: chunked
Connection: keep-alive
Report-To: {"group":"heroku-nel","max_age":3600,"endpoints":[{"url":"https://nel.heroku.com/reports?ts=1738594798&sid=c4c9725f-1ab0-44d8-820f-430df2718e11&s=%2Bfl9BHgIIeMXWIppZk737Uw0eJFDC2pbHy3Uzqcmc5E%3D"}]}
Reporting-Endpoints: heroku-nel=https://nel.heroku.com/reports?ts=1738594798&sid=c4c9725f-1ab0-44d8-820f-430df2718e11&s=%2Bfl9BHgIIeMXWIppZk737Uw0eJFDC2pbHy3Uzqcmc5E%3D
Nel: {"report_to":"heroku-nel","max_age":3600,"success_fraction":0.005,"failure_fraction":0.05,"response_headers":["Via"]}
X-Powered-By: Express
Access-Control-Allow-Origin: *
Etag: W/"51-APsXke3xMelU3ILbQfzw6wqm+zY"
Via: 1.1 vegur
CF-Cache-Status: DYNAMIC
Vary: Accept-Encoding
Server: cloudflare
CF-RAY: 90c349b3f8e8174b-SJC
Content-Encoding: gzip
server-timing: cfL4;desc="?proto=TCP&rtt=2045&min_rtt=1877&rtt_var=824&sent=6&recv=7&lost=0&retrans=0&sent_bytes=3108&recv_bytes=854&delivery_rate=2282365&cwnd=252&unsent_bytes=0&cid=dc51fadddf42300a&ts=291&x=0"

{
    "name": "",
    "job": "QA Engineer",
    "userID": 2,
    "updatedAt": "2025-02-03T14:59:58.925Z"
}
name before =null
Request method:	PUT
Request URI:	https://reqres.in/api/users/22
Proxy:			<none>
Request params:	<none>
Query params:	<none>
Form params:	<none>
Path params:	<none>
Headers:		Accept=*/*
				Content-Type=application/json
Cookies:		<none>
Multiparts:		<none>
Body:
{
    "name": "Alice",
    "job": "",
    "userID": 2
}
HTTP/1.1 200 OK
Date: Mon, 03 Feb 2025 14:59:59 GMT
Content-Type: application/json; charset=utf-8
Transfer-Encoding: chunked
Connection: keep-alive
Report-To: {"group":"heroku-nel","max_age":3600,"endpoints":[{"url":"https://nel.heroku.com/reports?ts=1738594799&sid=c4c9725f-1ab0-44d8-820f-430df2718e11&s=7uB5wrr3jZ8yRjm4YHJ6VQa2icXy1tHWD%2F52zyPqVhM%3D"}]}
Reporting-Endpoints: heroku-nel=https://nel.heroku.com/reports?ts=1738594799&sid=c4c9725f-1ab0-44d8-820f-430df2718e11&s=7uB5wrr3jZ8yRjm4YHJ6VQa2icXy1tHWD%2F52zyPqVhM%3D
Nel: {"report_to":"heroku-nel","max_age":3600,"success_fraction":0.005,"failure_fraction":0.05,"response_headers":["Via"]}
X-Powered-By: Express
Access-Control-Allow-Origin: *
Etag: W/"4b-YO2tYns6NO/L22IQWfjhmtwTKoc"
Via: 1.1 vegur
CF-Cache-Status: DYNAMIC
Vary: Accept-Encoding
Server: cloudflare
CF-RAY: 90c349b6a8c6227e-SJC
Content-Encoding: gzip
server-timing: cfL4;desc="?proto=TCP&rtt=1709&min_rtt=1649&rtt_var=661&sent=6&recv=7&lost=0&retrans=0&sent_bytes=3109&recv_bytes=848&delivery_rate=2597938&cwnd=252&unsent_bytes=0&cid=fad6538d755e7ab3&ts=286&x=0"

{
    "name": "Alice",
    "job": "",
    "userID": 2,
    "updatedAt": "2025-02-03T14:59:59.351Z"
}
name before =null
Request method:	PUT
Request URI:	https://reqres.in/api/users/22
Proxy:			<none>
Request params:	<none>
Query params:	<none>
Form params:	<none>
Path params:	<none>
Headers:		Accept=*/*
				Content-Type=application/json
Cookies:		<none>
Multiparts:		<none>
Body:
{
    "name": "VeryLongNameThatExceedsNormalLengthaldhiuhisabdkauhiugfKJKASJHFKSJH",
    "job": "Dev",
    "userID": 2
}
HTTP/1.1 200 OK
Date: Mon, 03 Feb 2025 14:59:59 GMT
Content-Type: application/json; charset=utf-8
Transfer-Encoding: chunked
Connection: keep-alive
Report-To: {"group":"heroku-nel","max_age":3600,"endpoints":[{"url":"https://nel.heroku.com/reports?ts=1738594799&sid=c4c9725f-1ab0-44d8-820f-430df2718e11&s=7uB5wrr3jZ8yRjm4YHJ6VQa2icXy1tHWD%2F52zyPqVhM%3D"}]}
Reporting-Endpoints: heroku-nel=https://nel.heroku.com/reports?ts=1738594799&sid=c4c9725f-1ab0-44d8-820f-430df2718e11&s=7uB5wrr3jZ8yRjm4YHJ6VQa2icXy1tHWD%2F52zyPqVhM%3D
Nel: {"report_to":"heroku-nel","max_age":3600,"success_fraction":0.005,"failure_fraction":0.05,"response_headers":["Via"]}
X-Powered-By: Express
Access-Control-Allow-Origin: *
Etag: W/"8c-PSMsjNymEx301dVX9Vdfc4JUsaE"
Via: 1.1 vegur
CF-Cache-Status: DYNAMIC
Vary: Accept-Encoding
Server: cloudflare
CF-RAY: 90c349b95bac2519-SJC
Content-Encoding: gzip
server-timing: cfL4;desc="?proto=TCP&rtt=1932&min_rtt=1721&rtt_var=796&sent=6&recv=7&lost=0&retrans=0&sent_bytes=3108&recv_bytes=914&delivery_rate=2489250&cwnd=252&unsent_bytes=0&cid=fb8d8685251dce73&ts=290&x=0"

{
    "name": "VeryLongNameThatExceedsNormalLengthaldhiuhisabdkauhiugfKJKASJHFKSJH",
    "job": "Dev",
    "userID": 2,
    "updatedAt": "2025-02-03T14:59:59.776Z"
}
name before =null
Request method:	PUT
Request URI:	https://reqres.in/api/users/22
Proxy:			<none>
Request params:	<none>
Query params:	<none>
Form params:	<none>
Path params:	<none>
Headers:		Accept=*/*
				Content-Type=application/json
Cookies:		<none>
Multiparts:		<none>
Body:
{
    "name": "Bob",
    "job": "Business Analyst",
    "userID": 2
}
HTTP/1.1 200 OK
Date: Mon, 03 Feb 2025 15:00:00 GMT
Content-Type: application/json; charset=utf-8
Transfer-Encoding: chunked
Connection: keep-alive
Report-To: {"group":"heroku-nel","max_age":3600,"endpoints":[{"url":"https://nel.heroku.com/reports?ts=1738594800&sid=c4c9725f-1ab0-44d8-820f-430df2718e11&s=5eHn0g9iPpsOQXoaLTaz%2FMo%2FxanEeYvrBHIKLQfqcRs%3D"}]}
Reporting-Endpoints: heroku-nel=https://nel.heroku.com/reports?ts=1738594800&sid=c4c9725f-1ab0-44d8-820f-430df2718e11&s=5eHn0g9iPpsOQXoaLTaz%2FMo%2FxanEeYvrBHIKLQfqcRs%3D
Nel: {"report_to":"heroku-nel","max_age":3600,"success_fraction":0.005,"failure_fraction":0.05,"response_headers":["Via"]}
X-Powered-By: Express
Access-Control-Allow-Origin: *
Etag: W/"59-k6aViJ9kzZkEWR2Xjg4GaaH9WPA"
Via: 1.1 vegur
CF-Cache-Status: DYNAMIC
Vary: Accept-Encoding
Server: cloudflare
CF-RAY: 90c349bc3ce867a4-SJC
Content-Encoding: gzip
server-timing: cfL4;desc="?proto=TCP&rtt=1700&min_rtt=1677&rtt_var=645&sent=6&recv=7&lost=0&retrans=0&sent_bytes=3107&recv_bytes=862&delivery_rate=2554561&cwnd=252&unsent_bytes=0&cid=1fe21572d4169879&ts=294&x=0"

{
    "name": "Bob",
    "job": "Business Analyst",
    "userID": 2,
    "updatedAt": "2025-02-03T15:00:00.244Z"
}
name before =null
Request method:	PUT
Request URI:	https://reqres.in/api/users/22
Proxy:			<none>
Request params:	<none>
Query params:	<none>
Form params:	<none>
Path params:	<none>
Headers:		Accept=*/*
				Content-Type=application/json
Cookies:		<none>
Multiparts:		<none>
Body:
{
    "name": "!@#$%^&*()",
    "job": "Engineer",
    "userID": 2
}
HTTP/1.1 200 OK
Date: Mon, 03 Feb 2025 15:00:00 GMT
Content-Type: application/json; charset=utf-8
Transfer-Encoding: chunked
Connection: keep-alive
Report-To: {"group":"heroku-nel","max_age":3600,"endpoints":[{"url":"https://nel.heroku.com/reports?ts=1738594800&sid=c4c9725f-1ab0-44d8-820f-430df2718e11&s=5eHn0g9iPpsOQXoaLTaz%2FMo%2FxanEeYvrBHIKLQfqcRs%3D"}]}
Reporting-Endpoints: heroku-nel=https://nel.heroku.com/reports?ts=1738594800&sid=c4c9725f-1ab0-44d8-820f-430df2718e11&s=5eHn0g9iPpsOQXoaLTaz%2FMo%2FxanEeYvrBHIKLQfqcRs%3D
Nel: {"report_to":"heroku-nel","max_age":3600,"success_fraction":0.005,"failure_fraction":0.05,"response_headers":["Via"]}
X-Powered-By: Express
Access-Control-Allow-Origin: *
Etag: W/"58-pkTiN/ZY7ik5QxsDST+E0KX0uVc"
Via: 1.1 vegur
CF-Cache-Status: DYNAMIC
Vary: Accept-Encoding
Server: cloudflare
CF-RAY: 90c349bed85ceb32-SJC
Content-Encoding: gzip
server-timing: cfL4;desc="?proto=TCP&rtt=1633&min_rtt=1628&rtt_var=614&sent=6&recv=7&lost=0&retrans=0&sent_bytes=3108&recv_bytes=861&delivery_rate=2631449&cwnd=252&unsent_bytes=0&cid=72b0dfb14b7fcda1&ts=282&x=0"

{
    "name": "!@#$%^&*()",
    "job": "Engineer",
    "userID": 2,
    "updatedAt": "2025-02-03T15:00:00.662Z"
}
name before =null
Request method:	PUT
Request URI:	https://reqres.in/api/users/23
Proxy:			<none>
Request params:	<none>
Query params:	<none>
Form params:	<none>
Path params:	<none>
Headers:		Accept=*/*
				Content-Type=application/json
Cookies:		<none>
Multiparts:		<none>
Body:
{
    "name": "Jane Doe",
    "job": "Tester",
    "userID": 3
}
HTTP/1.1 200 OK
Date: Mon, 03 Feb 2025 15:00:01 GMT
Content-Type: application/json; charset=utf-8
Transfer-Encoding: chunked
Connection: keep-alive
Report-To: {"group":"heroku-nel","max_age":3600,"endpoints":[{"url":"https://nel.heroku.com/reports?ts=1738594801&sid=c4c9725f-1ab0-44d8-820f-430df2718e11&s=4agM6JOkwT2Nu9X%2FB1QFrzcCeoKsF0Bo6Pts7h3g8DA%3D"}]}
Reporting-Endpoints: heroku-nel=https://nel.heroku.com/reports?ts=1738594801&sid=c4c9725f-1ab0-44d8-820f-430df2718e11&s=4agM6JOkwT2Nu9X%2FB1QFrzcCeoKsF0Bo6Pts7h3g8DA%3D
Nel: {"report_to":"heroku-nel","max_age":3600,"success_fraction":0.005,"failure_fraction":0.05,"response_headers":["Via"]}
X-Powered-By: Express
Access-Control-Allow-Origin: *
Etag: W/"54-K4bEmoFzodC157mck9dqD6J3Ero"
Via: 1.1 vegur
CF-Cache-Status: DYNAMIC
Vary: Accept-Encoding
Server: cloudflare
CF-RAY: 90c349c17d606456-SJC
Content-Encoding: gzip
server-timing: cfL4;desc="?proto=TCP&rtt=1769&min_rtt=1761&rtt_var=677&sent=6&recv=7&lost=0&retrans=0&sent_bytes=3109&recv_bytes=857&delivery_rate=2344827&cwnd=252&unsent_bytes=0&cid=196e73f24fcb4093&ts=286&x=0"

{
    "name": "Jane Doe",
    "job": "Tester",
    "userID": 3,
    "updatedAt": "2025-02-03T15:00:01.082Z"
}
]]></system-out>
  <system-err><![CDATA[]]></system-err>
</testsuite>
