<?xml version="1.0" encoding="UTF-8"?>
<testsuite name="PutTest" tests="7" skipped="0" failures="0" errors="0" timestamp="2025-02-06T10:55:39" hostname="fv-az1701-40" time="3.263">
  <properties/>
  <testcase name="testPutUser[0](2, John Doe, Software Developer, true)" classname="PutTest" time="0.687"/>
  <testcase name="testPutUser[1](2, , QA Engineer, true)" classname="PutTest" time="0.384"/>
  <testcase name="testPutUser[2](2, Alice, , true)" classname="PutTest" time="0.41"/>
  <testcase name="testPutUser[3](2, VeryLongNameThatExceedsNormalLengthaldhiuhisabdkauhiugfKJKASJHFKSJH, Dev, true)" classname="PutTest" time="0.42"/>
  <testcase name="testPutUser[4](2, Bob, Business Analyst, true)" classname="PutTest" time="0.36"/>
  <testcase name="testPutUser[5](2, !@#$%^&amp;*(), Engineer, true)" classname="PutTest" time="0.363"/>
  <testcase name="testPutUser[6](3, Jane Doe, Tester, true)" classname="PutTest" time="0.628"/>
  <system-out><![CDATA[name before =null
Request method:	PUT
Request URI:	https://reqres.in/api/users/22
Proxy:			<none>
Request params:	<none>
Query params:	<none>
Form params:	<none>
Path params:	<none>
Headers:		Accept=*/*
				Content-Type=application/json
Cookies:		<none>
Multiparts:		<none>
Body:
{
    "name": "John Doe",
    "job": "Software Developer",
    "userID": 2
}
HTTP/1.1 200 OK
Date: Thu, 06 Feb 2025 10:55:40 GMT
Content-Type: application/json; charset=utf-8
Transfer-Encoding: chunked
Connection: keep-alive
Report-To: {"group":"heroku-nel","max_age":3600,"endpoints":[{"url":"https://nel.heroku.com/reports?ts=1738839340&sid=c4c9725f-1ab0-44d8-820f-430df2718e11&s=hyMVBFzcyKtc%2BKjjv0Osy%2BduocCd2hReR9BKRr3Un9I%3D"}]}
Reporting-Endpoints: heroku-nel=https://nel.heroku.com/reports?ts=1738839340&sid=c4c9725f-1ab0-44d8-820f-430df2718e11&s=hyMVBFzcyKtc%2BKjjv0Osy%2BduocCd2hReR9BKRr3Un9I%3D
Nel: {"report_to":"heroku-nel","max_age":3600,"success_fraction":0.005,"failure_fraction":0.05,"response_headers":["Via"]}
X-Powered-By: Express
Access-Control-Allow-Origin: *
Etag: W/"60-nkyZRghAxrwHMSTzD08COZrM8M4"
Via: 1.1 vegur
CF-Cache-Status: DYNAMIC
Vary: Accept-Encoding
Server: cloudflare
CF-RAY: 90da9bf4fd3fcf0a-SJC
Content-Encoding: gzip
server-timing: cfL4;desc="?proto=TCP&rtt=1424&min_rtt=1389&rtt_var=592&sent=6&recv=7&lost=0&retrans=0&sent_bytes=3108&recv_bytes=869&delivery_rate=2559139&cwnd=252&unsent_bytes=0&cid=f3bc5389f64a49eb&ts=289&x=0"

{
    "name": "John Doe",
    "job": "Software Developer",
    "userID": 2,
    "updatedAt": "2025-02-06T10:55:40.517Z"
}
name before =null
Request method:	PUT
Request URI:	https://reqres.in/api/users/22
Proxy:			<none>
Request params:	<none>
Query params:	<none>
Form params:	<none>
Path params:	<none>
Headers:		Accept=*/*
				Content-Type=application/json
Cookies:		<none>
Multiparts:		<none>
Body:
{
    "name": "",
    "job": "QA Engineer",
    "userID": 2
}
HTTP/1.1 200 OK
Date: Thu, 06 Feb 2025 10:55:40 GMT
Content-Type: application/json; charset=utf-8
Transfer-Encoding: chunked
Connection: keep-alive
Report-To: {"group":"heroku-nel","max_age":3600,"endpoints":[{"url":"https://nel.heroku.com/reports?ts=1738839340&sid=c4c9725f-1ab0-44d8-820f-430df2718e11&s=hyMVBFzcyKtc%2BKjjv0Osy%2BduocCd2hReR9BKRr3Un9I%3D"}]}
Reporting-Endpoints: heroku-nel=https://nel.heroku.com/reports?ts=1738839340&sid=c4c9725f-1ab0-44d8-820f-430df2718e11&s=hyMVBFzcyKtc%2BKjjv0Osy%2BduocCd2hReR9BKRr3Un9I%3D
Nel: {"report_to":"heroku-nel","max_age":3600,"success_fraction":0.005,"failure_fraction":0.05,"response_headers":["Via"]}
X-Powered-By: Express
Access-Control-Allow-Origin: *
Etag: W/"51-91w8kTM+kUfqlIkB3A1tKkoMPic"
Via: 1.1 vegur
CF-Cache-Status: DYNAMIC
Vary: Accept-Encoding
Server: cloudflare
CF-RAY: 90da9bf76d1e156c-SJC
Content-Encoding: gzip
server-timing: cfL4;desc="?proto=TCP&rtt=1259&min_rtt=1255&rtt_var=479&sent=6&recv=7&lost=0&retrans=0&sent_bytes=3108&recv_bytes=854&delivery_rate=3326086&cwnd=252&unsent_bytes=0&cid=b8d541a9ab07250c&ts=284&x=0"

{
    "name": "",
    "job": "QA Engineer",
    "userID": 2,
    "updatedAt": "2025-02-06T10:55:40.902Z"
}
name before =null
Request method:	PUT
Request URI:	https://reqres.in/api/users/22
Proxy:			<none>
Request params:	<none>
Query params:	<none>
Form params:	<none>
Path params:	<none>
Headers:		Accept=*/*
				Content-Type=application/json
Cookies:		<none>
Multiparts:		<none>
Body:
{
    "name": "Alice",
    "job": "",
    "userID": 2
}
HTTP/1.1 200 OK
Date: Thu, 06 Feb 2025 10:55:41 GMT
Content-Type: application/json; charset=utf-8
Transfer-Encoding: chunked
Connection: keep-alive
Report-To: {"group":"heroku-nel","max_age":3600,"endpoints":[{"url":"https://nel.heroku.com/reports?ts=1738839341&sid=c4c9725f-1ab0-44d8-820f-430df2718e11&s=vQzGkvKv1OApE2rB24mpoTIXDE2XMQrG%2BrcwUVWAeks%3D"}]}
Reporting-Endpoints: heroku-nel=https://nel.heroku.com/reports?ts=1738839341&sid=c4c9725f-1ab0-44d8-820f-430df2718e11&s=vQzGkvKv1OApE2rB24mpoTIXDE2XMQrG%2BrcwUVWAeks%3D
Nel: {"report_to":"heroku-nel","max_age":3600,"success_fraction":0.005,"failure_fraction":0.05,"response_headers":["Via"]}
X-Powered-By: Express
Access-Control-Allow-Origin: *
Etag: W/"4b-O0Yc8Wrm6wd6yCyACyxI9CZRuQo"
Via: 1.1 vegur
CF-Cache-Status: DYNAMIC
Vary: Accept-Encoding
Server: cloudflare
CF-RAY: 90da9bf9ee3dfb50-SJC
Content-Encoding: gzip
server-timing: cfL4;desc="?proto=TCP&rtt=1428&min_rtt=1425&rtt_var=541&sent=6&recv=7&lost=0&retrans=0&sent_bytes=3109&recv_bytes=848&delivery_rate=2952446&cwnd=252&unsent_bytes=0&cid=bddb35435f472d52&ts=286&x=0"

{
    "name": "Alice",
    "job": "",
    "userID": 2,
    "updatedAt": "2025-02-06T10:55:41.310Z"
}
name before =null
Request method:	PUT
Request URI:	https://reqres.in/api/users/22
Proxy:			<none>
Request params:	<none>
Query params:	<none>
Form params:	<none>
Path params:	<none>
Headers:		Accept=*/*
				Content-Type=application/json
Cookies:		<none>
Multiparts:		<none>
Body:
{
    "name": "VeryLongNameThatExceedsNormalLengthaldhiuhisabdkauhiugfKJKASJHFKSJH",
    "job": "Dev",
    "userID": 2
}
HTTP/1.1 200 OK
Date: Thu, 06 Feb 2025 10:55:41 GMT
Content-Type: application/json; charset=utf-8
Transfer-Encoding: chunked
Connection: keep-alive
Report-To: {"group":"heroku-nel","max_age":3600,"endpoints":[{"url":"https://nel.heroku.com/reports?ts=1738839341&sid=c4c9725f-1ab0-44d8-820f-430df2718e11&s=vQzGkvKv1OApE2rB24mpoTIXDE2XMQrG%2BrcwUVWAeks%3D"}]}
Reporting-Endpoints: heroku-nel=https://nel.heroku.com/reports?ts=1738839341&sid=c4c9725f-1ab0-44d8-820f-430df2718e11&s=vQzGkvKv1OApE2rB24mpoTIXDE2XMQrG%2BrcwUVWAeks%3D
Nel: {"report_to":"heroku-nel","max_age":3600,"success_fraction":0.005,"failure_fraction":0.05,"response_headers":["Via"]}
X-Powered-By: Express
Access-Control-Allow-Origin: *
Etag: W/"8c-C/vZMeV82zLTNgElljQy9imWnrA"
Via: 1.1 vegur
CF-Cache-Status: DYNAMIC
Vary: Accept-Encoding
Server: cloudflare
CF-RAY: 90da9bfc8d5f967f-SJC
Content-Encoding: gzip
server-timing: cfL4;desc="?proto=TCP&rtt=2346&min_rtt=1345&rtt_var=1220&sent=6&recv=7&lost=0&retrans=0&sent_bytes=3108&recv_bytes=914&delivery_rate=3185130&cwnd=252&unsent_bytes=0&cid=3eefa6c2280f68b8&ts=294&x=0"

{
    "name": "VeryLongNameThatExceedsNormalLengthaldhiuhisabdkauhiugfKJKASJHFKSJH",
    "job": "Dev",
    "userID": 2,
    "updatedAt": "2025-02-06T10:55:41.733Z"
}
name before =null
Request method:	PUT
Request URI:	https://reqres.in/api/users/22
Proxy:			<none>
Request params:	<none>
Query params:	<none>
Form params:	<none>
Path params:	<none>
Headers:		Accept=*/*
				Content-Type=application/json
Cookies:		<none>
Multiparts:		<none>
Body:
{
    "name": "Bob",
    "job": "Business Analyst",
    "userID": 2
}
HTTP/1.1 200 OK
Date: Thu, 06 Feb 2025 10:55:42 GMT
Content-Type: application/json; charset=utf-8
Transfer-Encoding: chunked
Connection: keep-alive
Report-To: {"group":"heroku-nel","max_age":3600,"endpoints":[{"url":"https://nel.heroku.com/reports?ts=1738839342&sid=c4c9725f-1ab0-44d8-820f-430df2718e11&s=6hp8txNgfUppQJx%2BMdWaRP%2B9CzY1QkbXAlf%2Bq0HXg8c%3D"}]}
Reporting-Endpoints: heroku-nel=https://nel.heroku.com/reports?ts=1738839342&sid=c4c9725f-1ab0-44d8-820f-430df2718e11&s=6hp8txNgfUppQJx%2BMdWaRP%2B9CzY1QkbXAlf%2Bq0HXg8c%3D
Nel: {"report_to":"heroku-nel","max_age":3600,"success_fraction":0.005,"failure_fraction":0.05,"response_headers":["Via"]}
X-Powered-By: Express
Access-Control-Allow-Origin: *
Etag: W/"59-e/5Zgr4kjlcHDUWzSy/fJ8rotJ4"
Via: 1.1 vegur
CF-Cache-Status: DYNAMIC
Vary: Accept-Encoding
Server: cloudflare
CF-RAY: 90da9bfeec12eb2a-SJC
Content-Encoding: gzip
server-timing: cfL4;desc="?proto=TCP&rtt=1499&min_rtt=1499&rtt_var=563&sent=6&recv=7&lost=0&retrans=0&sent_bytes=3108&recv_bytes=862&delivery_rate=2848404&cwnd=252&unsent_bytes=0&cid=796cb0bd1bb07795&ts=275&x=0"

{
    "name": "Bob",
    "job": "Business Analyst",
    "userID": 2,
    "updatedAt": "2025-02-06T10:55:42.104Z"
}
name before =null
Request method:	PUT
Request URI:	https://reqres.in/api/users/22
Proxy:			<none>
Request params:	<none>
Query params:	<none>
Form params:	<none>
Path params:	<none>
Headers:		Accept=*/*
				Content-Type=application/json
Cookies:		<none>
Multiparts:		<none>
Body:
{
    "name": "!@#$%^&*()",
    "job": "Engineer",
    "userID": 2
}
HTTP/1.1 200 OK
Date: Thu, 06 Feb 2025 10:55:42 GMT
Content-Type: application/json; charset=utf-8
Transfer-Encoding: chunked
Connection: keep-alive
Report-To: {"group":"heroku-nel","max_age":3600,"endpoints":[{"url":"https://nel.heroku.com/reports?ts=1738839342&sid=c4c9725f-1ab0-44d8-820f-430df2718e11&s=6hp8txNgfUppQJx%2BMdWaRP%2B9CzY1QkbXAlf%2Bq0HXg8c%3D"}]}
Reporting-Endpoints: heroku-nel=https://nel.heroku.com/reports?ts=1738839342&sid=c4c9725f-1ab0-44d8-820f-430df2718e11&s=6hp8txNgfUppQJx%2BMdWaRP%2B9CzY1QkbXAlf%2Bq0HXg8c%3D
Nel: {"report_to":"heroku-nel","max_age":3600,"success_fraction":0.005,"failure_fraction":0.05,"response_headers":["Via"]}
X-Powered-By: Express
Access-Control-Allow-Origin: *
Etag: W/"58-QF/ntQQ5nqbtBJHzoQfJlRN8EIY"
Via: 1.1 vegur
CF-Cache-Status: DYNAMIC
Vary: Accept-Encoding
Server: cloudflare
CF-RAY: 90da9c0139adcf26-SJC
Content-Encoding: gzip
server-timing: cfL4;desc="?proto=TCP&rtt=1406&min_rtt=1350&rtt_var=546&sent=6&recv=7&lost=0&retrans=0&sent_bytes=3108&recv_bytes=861&delivery_rate=3173333&cwnd=252&unsent_bytes=0&cid=05fac8e3552a9ec4&ts=273&x=0"

{
    "name": "!@#$%^&*()",
    "job": "Engineer",
    "userID": 2,
    "updatedAt": "2025-02-06T10:55:42.469Z"
}
name before =null
Request method:	PUT
Request URI:	https://reqres.in/api/users/23
Proxy:			<none>
Request params:	<none>
Query params:	<none>
Form params:	<none>
Path params:	<none>
Headers:		Accept=*/*
				Content-Type=application/json
Cookies:		<none>
Multiparts:		<none>
Body:
{
    "name": "Jane Doe",
    "job": "Tester",
    "userID": 3
}
HTTP/1.1 200 OK
Date: Thu, 06 Feb 2025 10:55:43 GMT
Content-Type: application/json; charset=utf-8
Transfer-Encoding: chunked
Connection: keep-alive
Report-To: {"group":"heroku-nel","max_age":3600,"endpoints":[{"url":"https://nel.heroku.com/reports?ts=1738839343&sid=c4c9725f-1ab0-44d8-820f-430df2718e11&s=9quXadhcoZyLDhPmItmnwdI%2FtWfvw8wZNcrO%2BoyC2bM%3D"}]}
Reporting-Endpoints: heroku-nel=https://nel.heroku.com/reports?ts=1738839343&sid=c4c9725f-1ab0-44d8-820f-430df2718e11&s=9quXadhcoZyLDhPmItmnwdI%2FtWfvw8wZNcrO%2BoyC2bM%3D
Nel: {"report_to":"heroku-nel","max_age":3600,"success_fraction":0.005,"failure_fraction":0.05,"response_headers":["Via"]}
X-Powered-By: Express
Access-Control-Allow-Origin: *
Etag: W/"54-jbda3RaFCkm8DE8CTUqFhTpL06E"
Via: 1.1 vegur
CF-Cache-Status: DYNAMIC
Vary: Accept-Encoding
Server: cloudflare
CF-RAY: 90da9c051b27645e-SJC
Content-Encoding: gzip
server-timing: cfL4;desc="?proto=TCP&rtt=1426&min_rtt=1419&rtt_var=547&sent=6&recv=7&lost=0&retrans=0&sent_bytes=3109&recv_bytes=857&delivery_rate=2898511&cwnd=252&unsent_bytes=0&cid=e4acc99247db7b2f&ts=283&x=0"

{
    "name": "Jane Doe",
    "job": "Tester",
    "userID": 3,
    "updatedAt": "2025-02-06T10:55:43.099Z"
}
]]></system-out>
  <system-err><![CDATA[]]></system-err>
</testsuite>
