<?xml version="1.0" encoding="UTF-8"?>
<testsuite name="Put_Test" tests="7" skipped="0" failures="0" errors="0" timestamp="2025-01-30T18:06:34" hostname="fv-az1276-131" time="2.821">
  <properties/>
  <testcase name="testPutUser[0](2, John Doe, Software Developer, true)" classname="Put_Test" time="0.523"/>
  <testcase name="testPutUser[1](2, , QA Engineer, true)" classname="Put_Test" time="0.341"/>
  <testcase name="testPutUser[2](2, Alice, , true)" classname="Put_Test" time="0.513"/>
  <testcase name="testPutUser[3](2, VeryLongNameThatExceedsNormalLengthaldhiuhisabdkauhiugfKJKASJHFKSJH, Dev, true)" classname="Put_Test" time="0.323"/>
  <testcase name="testPutUser[4](2, Bob, Business Analyst, true)" classname="Put_Test" time="0.304"/>
  <testcase name="testPutUser[5](2, !@#$%^&amp;*(), Engineer, true)" classname="Put_Test" time="0.311"/>
  <testcase name="testPutUser[6](3, Jane Doe, Tester, true)" classname="Put_Test" time="0.495"/>
  <system-out><![CDATA[name before =null
Request method:	PUT
Request URI:	https://reqres.in/api/users/22
Proxy:			<none>
Request params:	<none>
Query params:	<none>
Form params:	<none>
Path params:	<none>
Headers:		Accept=*/*
				Content-Type=application/json
Cookies:		<none>
Multiparts:		<none>
Body:
{
    "name": "John Doe",
    "job": "Software Developer",
    "userID": 2
}
HTTP/1.1 200 OK
Date: Thu, 30 Jan 2025 18:06:34 GMT
Content-Type: application/json; charset=utf-8
Transfer-Encoding: chunked
Connection: keep-alive
Report-To: {"group":"heroku-nel","max_age":3600,"endpoints":[{"url":"https://nel.heroku.com/reports?ts=1738260394&sid=c4c9725f-1ab0-44d8-820f-430df2718e11&s=xHCMvWGzvHe5%2BRu929ku0rhXPUAppolTfI0UKplxvMI%3D"}]}
Reporting-Endpoints: heroku-nel=https://nel.heroku.com/reports?ts=1738260394&sid=c4c9725f-1ab0-44d8-820f-430df2718e11&s=xHCMvWGzvHe5%2BRu929ku0rhXPUAppolTfI0UKplxvMI%3D
Nel: {"report_to":"heroku-nel","max_age":3600,"success_fraction":0.005,"failure_fraction":0.05,"response_headers":["Via"]}
X-Powered-By: Express
Access-Control-Allow-Origin: *
Etag: W/"60-Yts9Md6I9ARtcyaYuAJn0F0Q/RI"
Via: 1.1 vegur
CF-Cache-Status: DYNAMIC
Vary: Accept-Encoding
Server: cloudflare
CF-RAY: 90a3658a7c25f15f-ORD
Content-Encoding: gzip
server-timing: cfL4;desc="?proto=TCP&rtt=1926&min_rtt=1823&rtt_var=603&sent=6&recv=8&lost=0&retrans=0&sent_bytes=3105&recv_bytes=869&delivery_rate=2340983&cwnd=252&unsent_bytes=0&cid=c677a071c9497d51&ts=181&x=0"

{
    "name": "John Doe",
    "job": "Software Developer",
    "userID": 2,
    "updatedAt": "2025-01-30T18:06:34.759Z"
}
name before =null
Request method:	PUT
Request URI:	https://reqres.in/api/users/22
Proxy:			<none>
Request params:	<none>
Query params:	<none>
Form params:	<none>
Path params:	<none>
Headers:		Accept=*/*
				Content-Type=application/json
Cookies:		<none>
Multiparts:		<none>
Body:
{
    "name": "",
    "job": "QA Engineer",
    "userID": 2
}
HTTP/1.1 200 OK
Date: Thu, 30 Jan 2025 18:06:35 GMT
Content-Type: application/json; charset=utf-8
Transfer-Encoding: chunked
Connection: keep-alive
Report-To: {"group":"heroku-nel","max_age":3600,"endpoints":[{"url":"https://nel.heroku.com/reports?ts=1738260395&sid=c4c9725f-1ab0-44d8-820f-430df2718e11&s=6L%2B0NBqthNi3lu%2BL9RhTX5LUEI%2BCho1bl4yC1JZdxCA%3D"}]}
Reporting-Endpoints: heroku-nel=https://nel.heroku.com/reports?ts=1738260395&sid=c4c9725f-1ab0-44d8-820f-430df2718e11&s=6L%2B0NBqthNi3lu%2BL9RhTX5LUEI%2BCho1bl4yC1JZdxCA%3D
Nel: {"report_to":"heroku-nel","max_age":3600,"success_fraction":0.005,"failure_fraction":0.05,"response_headers":["Via"]}
X-Powered-By: Express
Access-Control-Allow-Origin: *
Etag: W/"51-AZleFzEHn2cz6nPxzSFVhFIDgP8"
Via: 1.1 vegur
CF-Cache-Status: DYNAMIC
Vary: Accept-Encoding
Server: cloudflare
CF-RAY: 90a3658c9c7e2ff6-ORD
Content-Encoding: gzip
server-timing: cfL4;desc="?proto=TCP&rtt=3002&min_rtt=2862&rtt_var=1354&sent=6&recv=7&lost=0&retrans=0&sent_bytes=3105&recv_bytes=854&delivery_rate=1074222&cwnd=252&unsent_bytes=0&cid=5eae83ccabc871d6&ts=180&x=0"

{
    "name": "",
    "job": "QA Engineer",
    "userID": 2,
    "updatedAt": "2025-01-30T18:06:35.103Z"
}
name before =null
Request method:	PUT
Request URI:	https://reqres.in/api/users/22
Proxy:			<none>
Request params:	<none>
Query params:	<none>
Form params:	<none>
Path params:	<none>
Headers:		Accept=*/*
				Content-Type=application/json
Cookies:		<none>
Multiparts:		<none>
Body:
{
    "name": "Alice",
    "job": "",
    "userID": 2
}
HTTP/1.1 200 OK
Date: Thu, 30 Jan 2025 18:06:35 GMT
Content-Type: application/json; charset=utf-8
Transfer-Encoding: chunked
Connection: keep-alive
Report-To: {"group":"heroku-nel","max_age":3600,"endpoints":[{"url":"https://nel.heroku.com/reports?ts=1738260395&sid=c4c9725f-1ab0-44d8-820f-430df2718e11&s=6L%2B0NBqthNi3lu%2BL9RhTX5LUEI%2BCho1bl4yC1JZdxCA%3D"}]}
Reporting-Endpoints: heroku-nel=https://nel.heroku.com/reports?ts=1738260395&sid=c4c9725f-1ab0-44d8-820f-430df2718e11&s=6L%2B0NBqthNi3lu%2BL9RhTX5LUEI%2BCho1bl4yC1JZdxCA%3D
Nel: {"report_to":"heroku-nel","max_age":3600,"success_fraction":0.005,"failure_fraction":0.05,"response_headers":["Via"]}
X-Powered-By: Express
Access-Control-Allow-Origin: *
Etag: W/"4b-pBkwmtBdF30qngcKYz5du24s018"
Via: 1.1 vegur
CF-Cache-Status: DYNAMIC
Vary: Accept-Encoding
Server: cloudflare
CF-RAY: 90a3658fb9b010e4-ORD
Content-Encoding: gzip
server-timing: cfL4;desc="?proto=TCP&rtt=1860&min_rtt=1715&rtt_var=747&sent=6&recv=7&lost=0&retrans=0&sent_bytes=3106&recv_bytes=848&delivery_rate=2497959&cwnd=252&unsent_bytes=0&cid=3f9bf140ae3e3787&ts=195&x=0"

{
    "name": "Alice",
    "job": "",
    "userID": 2,
    "updatedAt": "2025-01-30T18:06:35.616Z"
}
name before =null
Request method:	PUT
Request URI:	https://reqres.in/api/users/22
Proxy:			<none>
Request params:	<none>
Query params:	<none>
Form params:	<none>
Path params:	<none>
Headers:		Accept=*/*
				Content-Type=application/json
Cookies:		<none>
Multiparts:		<none>
Body:
{
    "name": "VeryLongNameThatExceedsNormalLengthaldhiuhisabdkauhiugfKJKASJHFKSJH",
    "job": "Dev",
    "userID": 2
}
HTTP/1.1 200 OK
Date: Thu, 30 Jan 2025 18:06:35 GMT
Content-Type: application/json; charset=utf-8
Transfer-Encoding: chunked
Connection: keep-alive
Report-To: {"group":"heroku-nel","max_age":3600,"endpoints":[{"url":"https://nel.heroku.com/reports?ts=1738260395&sid=c4c9725f-1ab0-44d8-820f-430df2718e11&s=6L%2B0NBqthNi3lu%2BL9RhTX5LUEI%2BCho1bl4yC1JZdxCA%3D"}]}
Reporting-Endpoints: heroku-nel=https://nel.heroku.com/reports?ts=1738260395&sid=c4c9725f-1ab0-44d8-820f-430df2718e11&s=6L%2B0NBqthNi3lu%2BL9RhTX5LUEI%2BCho1bl4yC1JZdxCA%3D
Nel: {"report_to":"heroku-nel","max_age":3600,"success_fraction":0.005,"failure_fraction":0.05,"response_headers":["Via"]}
X-Powered-By: Express
Access-Control-Allow-Origin: *
Etag: W/"8c-1xcePX8w3/fMiYbzNNXxDluceY4"
Via: 1.1 vegur
CF-Cache-Status: DYNAMIC
Vary: Accept-Encoding
Server: cloudflare
CF-RAY: 90a36591ccbfe18e-ORD
Content-Encoding: gzip
server-timing: cfL4;desc="?proto=TCP&rtt=2385&min_rtt=2383&rtt_var=897&sent=6&recv=7&lost=0&retrans=0&sent_bytes=3105&recv_bytes=914&delivery_rate=1785744&cwnd=252&unsent_bytes=0&cid=674dff8412623590&ts=197&x=0"

{
    "name": "VeryLongNameThatExceedsNormalLengthaldhiuhisabdkauhiugfKJKASJHFKSJH",
    "job": "Dev",
    "userID": 2,
    "updatedAt": "2025-01-30T18:06:35.941Z"
}
name before =null
Request method:	PUT
Request URI:	https://reqres.in/api/users/22
Proxy:			<none>
Request params:	<none>
Query params:	<none>
Form params:	<none>
Path params:	<none>
Headers:		Accept=*/*
				Content-Type=application/json
Cookies:		<none>
Multiparts:		<none>
Body:
{
    "name": "Bob",
    "job": "Business Analyst",
    "userID": 2
}
HTTP/1.1 200 OK
Date: Thu, 30 Jan 2025 18:06:36 GMT
Content-Type: application/json; charset=utf-8
Transfer-Encoding: chunked
Connection: keep-alive
Report-To: {"group":"heroku-nel","max_age":3600,"endpoints":[{"url":"https://nel.heroku.com/reports?ts=1738260396&sid=c4c9725f-1ab0-44d8-820f-430df2718e11&s=wI9qXhtWat1GXKqmwvqeOuVkKAqR8uFI8i0zuwulyM4%3D"}]}
Reporting-Endpoints: heroku-nel=https://nel.heroku.com/reports?ts=1738260396&sid=c4c9725f-1ab0-44d8-820f-430df2718e11&s=wI9qXhtWat1GXKqmwvqeOuVkKAqR8uFI8i0zuwulyM4%3D
Nel: {"report_to":"heroku-nel","max_age":3600,"success_fraction":0.005,"failure_fraction":0.05,"response_headers":["Via"]}
X-Powered-By: Express
Access-Control-Allow-Origin: *
Etag: W/"59-UdcqfIrW2niguppDGevqt1fM8I4"
Via: 1.1 vegur
CF-Cache-Status: DYNAMIC
Vary: Accept-Encoding
Server: cloudflare
CF-RAY: 90a36593ba1aa3e4-ORD
Content-Encoding: gzip
server-timing: cfL4;desc="?proto=TCP&rtt=1911&min_rtt=1739&rtt_var=775&sent=6&recv=7&lost=0&retrans=0&sent_bytes=3107&recv_bytes=862&delivery_rate=2463484&cwnd=252&unsent_bytes=0&cid=f9990d9fd44d78f1&ts=179&x=0"

{
    "name": "Bob",
    "job": "Business Analyst",
    "userID": 2,
    "updatedAt": "2025-01-30T18:06:36.247Z"
}
name before =null
Request method:	PUT
Request URI:	https://reqres.in/api/users/22
Proxy:			<none>
Request params:	<none>
Query params:	<none>
Form params:	<none>
Path params:	<none>
Headers:		Accept=*/*
				Content-Type=application/json
Cookies:		<none>
Multiparts:		<none>
Body:
{
    "name": "!@#$%^&*()",
    "job": "Engineer",
    "userID": 2
}
HTTP/1.1 200 OK
Date: Thu, 30 Jan 2025 18:06:36 GMT
Content-Type: application/json; charset=utf-8
Transfer-Encoding: chunked
Connection: keep-alive
Report-To: {"group":"heroku-nel","max_age":3600,"endpoints":[{"url":"https://nel.heroku.com/reports?ts=1738260396&sid=c4c9725f-1ab0-44d8-820f-430df2718e11&s=wI9qXhtWat1GXKqmwvqeOuVkKAqR8uFI8i0zuwulyM4%3D"}]}
Reporting-Endpoints: heroku-nel=https://nel.heroku.com/reports?ts=1738260396&sid=c4c9725f-1ab0-44d8-820f-430df2718e11&s=wI9qXhtWat1GXKqmwvqeOuVkKAqR8uFI8i0zuwulyM4%3D
Nel: {"report_to":"heroku-nel","max_age":3600,"success_fraction":0.005,"failure_fraction":0.05,"response_headers":["Via"]}
X-Powered-By: Express
Access-Control-Allow-Origin: *
Etag: W/"58-h96V7y+VuWXE2bGKl4ji4BxuRcg"
Via: 1.1 vegur
CF-Cache-Status: DYNAMIC
Vary: Accept-Encoding
Server: cloudflare
CF-RAY: 90a36595abe5cf04-ORD
Content-Encoding: gzip
server-timing: cfL4;desc="?proto=TCP&rtt=2754&min_rtt=2579&rtt_var=1092&sent=6&recv=7&lost=0&retrans=0&sent_bytes=3107&recv_bytes=861&delivery_rate=1661108&cwnd=252&unsent_bytes=0&cid=c46c04ff3de237d8&ts=182&x=0"

{
    "name": "!@#$%^&*()",
    "job": "Engineer",
    "userID": 2,
    "updatedAt": "2025-01-30T18:06:36.556Z"
}
name before =null
Request method:	PUT
Request URI:	https://reqres.in/api/users/23
Proxy:			<none>
Request params:	<none>
Query params:	<none>
Form params:	<none>
Path params:	<none>
Headers:		Accept=*/*
				Content-Type=application/json
Cookies:		<none>
Multiparts:		<none>
Body:
{
    "name": "Jane Doe",
    "job": "Tester",
    "userID": 3
}
HTTP/1.1 200 OK
Date: Thu, 30 Jan 2025 18:06:37 GMT
Content-Type: application/json; charset=utf-8
Transfer-Encoding: chunked
Connection: keep-alive
Report-To: {"group":"heroku-nel","max_age":3600,"endpoints":[{"url":"https://nel.heroku.com/reports?ts=1738260397&sid=c4c9725f-1ab0-44d8-820f-430df2718e11&s=LCCyR75Ix2AhZGq3K8Cz5tv0RLnXdxLS3GeeygsACdU%3D"}]}
Reporting-Endpoints: heroku-nel=https://nel.heroku.com/reports?ts=1738260397&sid=c4c9725f-1ab0-44d8-820f-430df2718e11&s=LCCyR75Ix2AhZGq3K8Cz5tv0RLnXdxLS3GeeygsACdU%3D
Nel: {"report_to":"heroku-nel","max_age":3600,"success_fraction":0.005,"failure_fraction":0.05,"response_headers":["Via"]}
X-Powered-By: Express
Access-Control-Allow-Origin: *
Etag: W/"54-SEzbjUDdc/2bxZaREX6Zj6pJbJU"
Via: 1.1 vegur
CF-Cache-Status: DYNAMIC
Vary: Accept-Encoding
Server: cloudflare
CF-RAY: 90a36598c961cb4e-ORD
Content-Encoding: gzip
server-timing: cfL4;desc="?proto=TCP&rtt=2789&min_rtt=2642&rtt_var=1096&sent=6&recv=7&lost=0&retrans=0&sent_bytes=3106&recv_bytes=857&delivery_rate=1621498&cwnd=252&unsent_bytes=0&cid=6fe8b14164e4ae01&ts=187&x=0"

{
    "name": "Jane Doe",
    "job": "Tester",
    "userID": 3,
    "updatedAt": "2025-01-30T18:06:37.061Z"
}
]]></system-out>
  <system-err><![CDATA[]]></system-err>
</testsuite>
