<?xml version="1.0" encoding="UTF-8"?>
<testsuite name="PutTest" tests="7" skipped="0" failures="0" errors="0" timestamp="2025-02-01T19:02:44" hostname="fv-az1334-115" time="3.589">
  <properties/>
  <testcase name="testPutUser[0](2, John Doe, Software Developer, true)" classname="PutTest" time="0.747"/>
  <testcase name="testPutUser[1](2, , QA Engineer, true)" classname="PutTest" time="0.485"/>
  <testcase name="testPutUser[2](2, Alice, , true)" classname="PutTest" time="0.419"/>
  <testcase name="testPutUser[3](2, VeryLongNameThatExceedsNormalLengthaldhiuhisabdkauhiugfKJKASJHFKSJH, Dev, true)" classname="PutTest" time="0.42"/>
  <testcase name="testPutUser[4](2, Bob, Business Analyst, true)" classname="PutTest" time="0.419"/>
  <testcase name="testPutUser[5](2, !@#$%^&amp;*(), Engineer, true)" classname="PutTest" time="0.419"/>
  <testcase name="testPutUser[6](3, Jane Doe, Tester, true)" classname="PutTest" time="0.668"/>
  <system-out><![CDATA[name before =null
Request method:	PUT
Request URI:	https://reqres.in/api/users/22
Proxy:			<none>
Request params:	<none>
Query params:	<none>
Form params:	<none>
Path params:	<none>
Headers:		Accept=*/*
				Content-Type=application/json
Cookies:		<none>
Multiparts:		<none>
Body:
{
    "name": "John Doe",
    "job": "Software Developer",
    "userID": 2
}
HTTP/1.1 200 OK
Date: Sat, 01 Feb 2025 19:02:45 GMT
Content-Type: application/json; charset=utf-8
Transfer-Encoding: chunked
Connection: keep-alive
Report-To: {"group":"heroku-nel","max_age":3600,"endpoints":[{"url":"https://nel.heroku.com/reports?ts=1738436565&sid=c4c9725f-1ab0-44d8-820f-430df2718e11&s=Mcz34U8fIZuAhHJ%2FwfDBkJHYrrh245QW5Z8eDu7B0iw%3D"}]}
Reporting-Endpoints: heroku-nel=https://nel.heroku.com/reports?ts=1738436565&sid=c4c9725f-1ab0-44d8-820f-430df2718e11&s=Mcz34U8fIZuAhHJ%2FwfDBkJHYrrh245QW5Z8eDu7B0iw%3D
Nel: {"report_to":"heroku-nel","max_age":3600,"success_fraction":0.005,"failure_fraction":0.05,"response_headers":["Via"]}
X-Powered-By: Express
Access-Control-Allow-Origin: *
Etag: W/"60-MbTxDby3FYVP3zyaSBQ5cmuFX/Q"
Via: 1.1 vegur
CF-Cache-Status: DYNAMIC
Vary: Accept-Encoding
Server: cloudflare
CF-RAY: 90b432944ea467e3-SJC
Content-Encoding: gzip
server-timing: cfL4;desc="?proto=TCP&rtt=1557&min_rtt=1508&rtt_var=600&sent=6&recv=7&lost=0&retrans=0&sent_bytes=3106&recv_bytes=869&delivery_rate=2840848&cwnd=252&unsent_bytes=0&cid=172de3e8c49cee2f&ts=291&x=0"

{
    "name": "John Doe",
    "job": "Software Developer",
    "userID": 2,
    "updatedAt": "2025-02-01T19:02:45.377Z"
}
name before =null
Request method:	PUT
Request URI:	https://reqres.in/api/users/22
Proxy:			<none>
Request params:	<none>
Query params:	<none>
Form params:	<none>
Path params:	<none>
Headers:		Accept=*/*
				Content-Type=application/json
Cookies:		<none>
Multiparts:		<none>
Body:
{
    "name": "",
    "job": "QA Engineer",
    "userID": 2
}
HTTP/1.1 200 OK
Date: Sat, 01 Feb 2025 19:02:45 GMT
Content-Type: application/json; charset=utf-8
Transfer-Encoding: chunked
Connection: keep-alive
Report-To: {"group":"heroku-nel","max_age":3600,"endpoints":[{"url":"https://nel.heroku.com/reports?ts=1738436565&sid=c4c9725f-1ab0-44d8-820f-430df2718e11&s=Mcz34U8fIZuAhHJ%2FwfDBkJHYrrh245QW5Z8eDu7B0iw%3D"}]}
Reporting-Endpoints: heroku-nel=https://nel.heroku.com/reports?ts=1738436565&sid=c4c9725f-1ab0-44d8-820f-430df2718e11&s=Mcz34U8fIZuAhHJ%2FwfDBkJHYrrh245QW5Z8eDu7B0iw%3D
Nel: {"report_to":"heroku-nel","max_age":3600,"success_fraction":0.005,"failure_fraction":0.05,"response_headers":["Via"]}
X-Powered-By: Express
Access-Control-Allow-Origin: *
Etag: W/"51-Lr8BMSRgnre1XjV4LUfQfp/VXh4"
Via: 1.1 vegur
CF-Cache-Status: DYNAMIC
Vary: Accept-Encoding
Server: cloudflare
CF-RAY: 90b432974870aaac-SJC
Content-Encoding: gzip
server-timing: cfL4;desc="?proto=TCP&rtt=1690&min_rtt=1641&rtt_var=651&sent=6&recv=7&lost=0&retrans=0&sent_bytes=3106&recv_bytes=854&delivery_rate=2610603&cwnd=252&unsent_bytes=0&cid=37252d8404edf39f&ts=319&x=0"

{
    "name": "",
    "job": "QA Engineer",
    "userID": 2,
    "updatedAt": "2025-02-01T19:02:45.863Z"
}
name before =null
Request method:	PUT
Request URI:	https://reqres.in/api/users/22
Proxy:			<none>
Request params:	<none>
Query params:	<none>
Form params:	<none>
Path params:	<none>
Headers:		Accept=*/*
				Content-Type=application/json
Cookies:		<none>
Multiparts:		<none>
Body:
{
    "name": "Alice",
    "job": "",
    "userID": 2
}
HTTP/1.1 200 OK
Date: Sat, 01 Feb 2025 19:02:46 GMT
Content-Type: application/json; charset=utf-8
Transfer-Encoding: chunked
Connection: keep-alive
Report-To: {"group":"heroku-nel","max_age":3600,"endpoints":[{"url":"https://nel.heroku.com/reports?ts=1738436566&sid=c4c9725f-1ab0-44d8-820f-430df2718e11&s=rcjZhdNu%2BpYuwydc%2BPKniipqXmK7gEtJvkx13a2R99I%3D"}]}
Reporting-Endpoints: heroku-nel=https://nel.heroku.com/reports?ts=1738436566&sid=c4c9725f-1ab0-44d8-820f-430df2718e11&s=rcjZhdNu%2BpYuwydc%2BPKniipqXmK7gEtJvkx13a2R99I%3D
Nel: {"report_to":"heroku-nel","max_age":3600,"success_fraction":0.005,"failure_fraction":0.05,"response_headers":["Via"]}
X-Powered-By: Express
Access-Control-Allow-Origin: *
Etag: W/"4b-S8WH1jPSX3rXX+Z8wVkde3cLKcA"
Via: 1.1 vegur
CF-Cache-Status: DYNAMIC
Vary: Accept-Encoding
Server: cloudflare
CF-RAY: 90b4329a0f2a2584-SJC
Content-Encoding: gzip
server-timing: cfL4;desc="?proto=TCP&rtt=1672&min_rtt=1668&rtt_var=634&sent=6&recv=7&lost=0&retrans=0&sent_bytes=3105&recv_bytes=848&delivery_rate=2512609&cwnd=252&unsent_bytes=0&cid=3f7a3566935a0b80&ts=284&x=0"

{
    "name": "Alice",
    "job": "",
    "userID": 2,
    "updatedAt": "2025-02-01T19:02:46.287Z"
}
name before =null
Request method:	PUT
Request URI:	https://reqres.in/api/users/22
Proxy:			<none>
Request params:	<none>
Query params:	<none>
Form params:	<none>
Path params:	<none>
Headers:		Accept=*/*
				Content-Type=application/json
Cookies:		<none>
Multiparts:		<none>
Body:
{
    "name": "VeryLongNameThatExceedsNormalLengthaldhiuhisabdkauhiugfKJKASJHFKSJH",
    "job": "Dev",
    "userID": 2
}
HTTP/1.1 200 OK
Date: Sat, 01 Feb 2025 19:02:46 GMT
Content-Type: application/json; charset=utf-8
Transfer-Encoding: chunked
Connection: keep-alive
Report-To: {"group":"heroku-nel","max_age":3600,"endpoints":[{"url":"https://nel.heroku.com/reports?ts=1738436566&sid=c4c9725f-1ab0-44d8-820f-430df2718e11&s=rcjZhdNu%2BpYuwydc%2BPKniipqXmK7gEtJvkx13a2R99I%3D"}]}
Reporting-Endpoints: heroku-nel=https://nel.heroku.com/reports?ts=1738436566&sid=c4c9725f-1ab0-44d8-820f-430df2718e11&s=rcjZhdNu%2BpYuwydc%2BPKniipqXmK7gEtJvkx13a2R99I%3D
Nel: {"report_to":"heroku-nel","max_age":3600,"success_fraction":0.005,"failure_fraction":0.05,"response_headers":["Via"]}
X-Powered-By: Express
Access-Control-Allow-Origin: *
Etag: W/"8c-GUU9c1mxcCO8FJfBCZgZM/AJph4"
Via: 1.1 vegur
CF-Cache-Status: DYNAMIC
Vary: Accept-Encoding
Server: cloudflare
CF-RAY: 90b4329cac4517ec-SJC
Content-Encoding: gzip
server-timing: cfL4;desc="?proto=TCP&rtt=1737&min_rtt=1681&rtt_var=670&sent=6&recv=7&lost=0&retrans=0&sent_bytes=3106&recv_bytes=914&delivery_rate=2548483&cwnd=252&unsent_bytes=0&cid=c3f83befdc549709&ts=290&x=0"

{
    "name": "VeryLongNameThatExceedsNormalLengthaldhiuhisabdkauhiugfKJKASJHFKSJH",
    "job": "Dev",
    "userID": 2,
    "updatedAt": "2025-02-01T19:02:46.713Z"
}
name before =null
Request method:	PUT
Request URI:	https://reqres.in/api/users/22
Proxy:			<none>
Request params:	<none>
Query params:	<none>
Form params:	<none>
Path params:	<none>
Headers:		Accept=*/*
				Content-Type=application/json
Cookies:		<none>
Multiparts:		<none>
Body:
{
    "name": "Bob",
    "job": "Business Analyst",
    "userID": 2
}
HTTP/1.1 200 OK
Date: Sat, 01 Feb 2025 19:02:47 GMT
Content-Type: application/json; charset=utf-8
Transfer-Encoding: chunked
Connection: keep-alive
Report-To: {"group":"heroku-nel","max_age":3600,"endpoints":[{"url":"https://nel.heroku.com/reports?ts=1738436567&sid=c4c9725f-1ab0-44d8-820f-430df2718e11&s=zcY6idqXuxnxHkUIXqO2d%2FYdKvoxo7EVvaFd5EwNnI8%3D"}]}
Reporting-Endpoints: heroku-nel=https://nel.heroku.com/reports?ts=1738436567&sid=c4c9725f-1ab0-44d8-820f-430df2718e11&s=zcY6idqXuxnxHkUIXqO2d%2FYdKvoxo7EVvaFd5EwNnI8%3D
Nel: {"report_to":"heroku-nel","max_age":3600,"success_fraction":0.005,"failure_fraction":0.05,"response_headers":["Via"]}
X-Powered-By: Express
Access-Control-Allow-Origin: *
Etag: W/"59-1HqNOYmESieozuFeHo9C78KNSl4"
Via: 1.1 vegur
CF-Cache-Status: DYNAMIC
Vary: Accept-Encoding
Server: cloudflare
CF-RAY: 90b4329f48a167d9-SJC
Content-Encoding: gzip
server-timing: cfL4;desc="?proto=TCP&rtt=2177&min_rtt=1627&rtt_var=1710&sent=6&recv=7&lost=0&retrans=0&sent_bytes=3106&recv_bytes=862&delivery_rate=710801&cwnd=252&unsent_bytes=0&cid=2f97d37f83ff631d&ts=294&x=0"

{
    "name": "Bob",
    "job": "Business Analyst",
    "userID": 2,
    "updatedAt": "2025-02-01T19:02:47.128Z"
}
name before =null
Request method:	PUT
Request URI:	https://reqres.in/api/users/22
Proxy:			<none>
Request params:	<none>
Query params:	<none>
Form params:	<none>
Path params:	<none>
Headers:		Accept=*/*
				Content-Type=application/json
Cookies:		<none>
Multiparts:		<none>
Body:
{
    "name": "!@#$%^&*()",
    "job": "Engineer",
    "userID": 2
}
HTTP/1.1 200 OK
Date: Sat, 01 Feb 2025 19:02:47 GMT
Content-Type: application/json; charset=utf-8
Transfer-Encoding: chunked
Connection: keep-alive
Report-To: {"group":"heroku-nel","max_age":3600,"endpoints":[{"url":"https://nel.heroku.com/reports?ts=1738436567&sid=c4c9725f-1ab0-44d8-820f-430df2718e11&s=zcY6idqXuxnxHkUIXqO2d%2FYdKvoxo7EVvaFd5EwNnI8%3D"}]}
Reporting-Endpoints: heroku-nel=https://nel.heroku.com/reports?ts=1738436567&sid=c4c9725f-1ab0-44d8-820f-430df2718e11&s=zcY6idqXuxnxHkUIXqO2d%2FYdKvoxo7EVvaFd5EwNnI8%3D
Nel: {"report_to":"heroku-nel","max_age":3600,"success_fraction":0.005,"failure_fraction":0.05,"response_headers":["Via"]}
X-Powered-By: Express
Access-Control-Allow-Origin: *
Etag: W/"58-UKTRFG0c2x41qiVaA673Zx/Uyjc"
Via: 1.1 vegur
CF-Cache-Status: DYNAMIC
Vary: Accept-Encoding
Server: cloudflare
CF-RAY: 90b432a1e8b35c1d-SJC
Content-Encoding: gzip
server-timing: cfL4;desc="?proto=TCP&rtt=1769&min_rtt=1643&rtt_var=706&sent=6&recv=7&lost=0&retrans=0&sent_bytes=3106&recv_bytes=861&delivery_rate=2607425&cwnd=252&unsent_bytes=0&cid=269c4739e2ca8ba2&ts=291&x=0"

{
    "name": "!@#$%^&*()",
    "job": "Engineer",
    "userID": 2,
    "updatedAt": "2025-02-01T19:02:47.554Z"
}
name before =null
Request method:	PUT
Request URI:	https://reqres.in/api/users/23
Proxy:			<none>
Request params:	<none>
Query params:	<none>
Form params:	<none>
Path params:	<none>
Headers:		Accept=*/*
				Content-Type=application/json
Cookies:		<none>
Multiparts:		<none>
Body:
{
    "name": "Jane Doe",
    "job": "Tester",
    "userID": 3
}
HTTP/1.1 200 OK
Date: Sat, 01 Feb 2025 19:02:48 GMT
Content-Type: application/json; charset=utf-8
Transfer-Encoding: chunked
Connection: keep-alive
Report-To: {"group":"heroku-nel","max_age":3600,"endpoints":[{"url":"https://nel.heroku.com/reports?ts=1738436568&sid=c4c9725f-1ab0-44d8-820f-430df2718e11&s=SiAsXMyIXNZjoUp7EbiTReHDcTpszOAUem2V7hCLHLE%3D"}]}
Reporting-Endpoints: heroku-nel=https://nel.heroku.com/reports?ts=1738436568&sid=c4c9725f-1ab0-44d8-820f-430df2718e11&s=SiAsXMyIXNZjoUp7EbiTReHDcTpszOAUem2V7hCLHLE%3D
Nel: {"report_to":"heroku-nel","max_age":3600,"success_fraction":0.005,"failure_fraction":0.05,"response_headers":["Via"]}
X-Powered-By: Express
Access-Control-Allow-Origin: *
Etag: W/"54-4mEfDF4N2XkibFKjdoJfrSA2I30"
Via: 1.1 vegur
CF-Cache-Status: DYNAMIC
Vary: Accept-Encoding
Server: cloudflare
CF-RAY: 90b432a62cf62349-SJC
Content-Encoding: gzip
server-timing: cfL4;desc="?proto=TCP&rtt=1841&min_rtt=1783&rtt_var=710&sent=6&recv=7&lost=0&retrans=0&sent_bytes=3106&recv_bytes=857&delivery_rate=2402692&cwnd=252&unsent_bytes=0&cid=82cde320753331b9&ts=283&x=0"

{
    "name": "Jane Doe",
    "job": "Tester",
    "userID": 3,
    "updatedAt": "2025-02-01T19:02:48.225Z"
}
]]></system-out>
  <system-err><![CDATA[]]></system-err>
</testsuite>
