<?xml version="1.0" encoding="UTF-8"?>
<testsuite name="Put_Test" tests="7" skipped="0" failures="0" errors="0" timestamp="2025-01-30T19:23:31" hostname="fv-az813-262" time="2.915">
  <properties/>
  <testcase name="testPutUser[0](2, John Doe, Software Developer, true)" classname="Put_Test" time="0.578"/>
  <testcase name="testPutUser[1](2, , QA Engineer, true)" classname="Put_Test" time="0.367"/>
  <testcase name="testPutUser[2](2, Alice, , true)" classname="Put_Test" time="0.371"/>
  <testcase name="testPutUser[3](2, VeryLongNameThatExceedsNormalLengthaldhiuhisabdkauhiugfKJKASJHFKSJH, Dev, true)" classname="Put_Test" time="0.384"/>
  <testcase name="testPutUser[4](2, Bob, Business Analyst, true)" classname="Put_Test" time="0.358"/>
  <testcase name="testPutUser[5](2, !@#$%^&amp;*(), Engineer, true)" classname="Put_Test" time="0.374"/>
  <testcase name="testPutUser[6](3, Jane Doe, Tester, true)" classname="Put_Test" time="0.474"/>
  <system-out><![CDATA[name before =null
Request method:	PUT
Request URI:	https://reqres.in/api/users/22
Proxy:			<none>
Request params:	<none>
Query params:	<none>
Form params:	<none>
Path params:	<none>
Headers:		Accept=*/*
				Content-Type=application/json
Cookies:		<none>
Multiparts:		<none>
Body:
{
    "name": "John Doe",
    "job": "Software Developer",
    "userID": 2
}
HTTP/1.1 200 OK
Date: Thu, 30 Jan 2025 19:23:31 GMT
Content-Type: application/json; charset=utf-8
Transfer-Encoding: chunked
Connection: keep-alive
Report-To: {"group":"heroku-nel","max_age":3600,"endpoints":[{"url":"https://nel.heroku.com/reports?ts=1738265011&sid=c4c9725f-1ab0-44d8-820f-430df2718e11&s=j1mjmBMUektPt66EAIeuUqbT9Q81PGwTVT2fLydyazY%3D"}]}
Reporting-Endpoints: heroku-nel=https://nel.heroku.com/reports?ts=1738265011&sid=c4c9725f-1ab0-44d8-820f-430df2718e11&s=j1mjmBMUektPt66EAIeuUqbT9Q81PGwTVT2fLydyazY%3D
Nel: {"report_to":"heroku-nel","max_age":3600,"success_fraction":0.005,"failure_fraction":0.05,"response_headers":["Via"]}
X-Powered-By: Express
Access-Control-Allow-Origin: *
Etag: W/"60-4iKvt8Es+bmDe83+X9y1yVppM8Y"
Via: 1.1 vegur
CF-Cache-Status: DYNAMIC
Vary: Accept-Encoding
Server: cloudflare
CF-RAY: 90a3d6434be50809-IAD
Content-Encoding: gzip
server-timing: cfL4;desc="?proto=TCP&rtt=5760&min_rtt=5599&rtt_var=2214&sent=5&recv=7&lost=0&retrans=0&sent_bytes=3106&recv_bytes=869&delivery_rate=765136&cwnd=252&unsent_bytes=0&cid=30ba466beaae17c1&ts=214&x=0"

{
    "name": "John Doe",
    "job": "Software Developer",
    "userID": 2,
    "updatedAt": "2025-01-30T19:23:31.882Z"
}
name before =null
Request method:	PUT
Request URI:	https://reqres.in/api/users/22
Proxy:			<none>
Request params:	<none>
Query params:	<none>
Form params:	<none>
Path params:	<none>
Headers:		Accept=*/*
				Content-Type=application/json
Cookies:		<none>
Multiparts:		<none>
Body:
{
    "name": "",
    "job": "QA Engineer",
    "userID": 2
}
HTTP/1.1 200 OK
Date: Thu, 30 Jan 2025 19:23:32 GMT
Content-Type: application/json; charset=utf-8
Transfer-Encoding: chunked
Connection: keep-alive
Report-To: {"group":"heroku-nel","max_age":3600,"endpoints":[{"url":"https://nel.heroku.com/reports?ts=1738265012&sid=c4c9725f-1ab0-44d8-820f-430df2718e11&s=ViKiJ0PIfPruQEzI3AuDFPhYeFK2cMj3sOfX2qHRtGg%3D"}]}
Reporting-Endpoints: heroku-nel=https://nel.heroku.com/reports?ts=1738265012&sid=c4c9725f-1ab0-44d8-820f-430df2718e11&s=ViKiJ0PIfPruQEzI3AuDFPhYeFK2cMj3sOfX2qHRtGg%3D
Nel: {"report_to":"heroku-nel","max_age":3600,"success_fraction":0.005,"failure_fraction":0.05,"response_headers":["Via"]}
X-Powered-By: Express
Access-Control-Allow-Origin: *
Etag: W/"51-Vq5utGER6u3KztQeAwp00U1cX4o"
Via: 1.1 vegur
CF-Cache-Status: DYNAMIC
Vary: Accept-Encoding
Server: cloudflare
CF-RAY: 90a3d645d9829c5b-IAD
Content-Encoding: gzip
server-timing: cfL4;desc="?proto=TCP&rtt=5338&min_rtt=5266&rtt_var=2026&sent=6&recv=7&lost=0&retrans=0&sent_bytes=3106&recv_bytes=854&delivery_rate=813520&cwnd=252&unsent_bytes=0&cid=d1e8eb2133371133&ts=170&x=0"

{
    "name": "",
    "job": "QA Engineer",
    "userID": 2,
    "updatedAt": "2025-01-30T19:23:32.250Z"
}
name before =null
Request method:	PUT
Request URI:	https://reqres.in/api/users/22
Proxy:			<none>
Request params:	<none>
Query params:	<none>
Form params:	<none>
Path params:	<none>
Headers:		Accept=*/*
				Content-Type=application/json
Cookies:		<none>
Multiparts:		<none>
Body:
{
    "name": "Alice",
    "job": "",
    "userID": 2
}
HTTP/1.1 200 OK
Date: Thu, 30 Jan 2025 19:23:32 GMT
Content-Type: application/json; charset=utf-8
Transfer-Encoding: chunked
Connection: keep-alive
Report-To: {"group":"heroku-nel","max_age":3600,"endpoints":[{"url":"https://nel.heroku.com/reports?ts=1738265012&sid=c4c9725f-1ab0-44d8-820f-430df2718e11&s=ViKiJ0PIfPruQEzI3AuDFPhYeFK2cMj3sOfX2qHRtGg%3D"}]}
Reporting-Endpoints: heroku-nel=https://nel.heroku.com/reports?ts=1738265012&sid=c4c9725f-1ab0-44d8-820f-430df2718e11&s=ViKiJ0PIfPruQEzI3AuDFPhYeFK2cMj3sOfX2qHRtGg%3D
Nel: {"report_to":"heroku-nel","max_age":3600,"success_fraction":0.005,"failure_fraction":0.05,"response_headers":["Via"]}
X-Powered-By: Express
Access-Control-Allow-Origin: *
Etag: W/"4b-xthxRiiUUXkSb4WlUtYXv8jIL6E"
Via: 1.1 vegur
CF-Cache-Status: DYNAMIC
Vary: Accept-Encoding
Server: cloudflare
CF-RAY: 90a3d6481f83d683-IAD
Content-Encoding: gzip
server-timing: cfL4;desc="?proto=TCP&rtt=5253&min_rtt=5238&rtt_var=1995&sent=6&recv=7&lost=0&retrans=0&sent_bytes=3106&recv_bytes=848&delivery_rate=798806&cwnd=252&unsent_bytes=0&cid=4a508eb3a50153de&ts=186&x=0"

{
    "name": "Alice",
    "job": "",
    "userID": 2,
    "updatedAt": "2025-01-30T19:23:32.624Z"
}
name before =null
Request method:	PUT
Request URI:	https://reqres.in/api/users/22
Proxy:			<none>
Request params:	<none>
Query params:	<none>
Form params:	<none>
Path params:	<none>
Headers:		Accept=*/*
				Content-Type=application/json
Cookies:		<none>
Multiparts:		<none>
Body:
{
    "name": "VeryLongNameThatExceedsNormalLengthaldhiuhisabdkauhiugfKJKASJHFKSJH",
    "job": "Dev",
    "userID": 2
}
HTTP/1.1 200 OK
Date: Thu, 30 Jan 2025 19:23:33 GMT
Content-Type: application/json; charset=utf-8
Transfer-Encoding: chunked
Connection: keep-alive
Report-To: {"group":"heroku-nel","max_age":3600,"endpoints":[{"url":"https://nel.heroku.com/reports?ts=1738265012&sid=c4c9725f-1ab0-44d8-820f-430df2718e11&s=ViKiJ0PIfPruQEzI3AuDFPhYeFK2cMj3sOfX2qHRtGg%3D"}]}
Reporting-Endpoints: heroku-nel=https://nel.heroku.com/reports?ts=1738265012&sid=c4c9725f-1ab0-44d8-820f-430df2718e11&s=ViKiJ0PIfPruQEzI3AuDFPhYeFK2cMj3sOfX2qHRtGg%3D
Nel: {"report_to":"heroku-nel","max_age":3600,"success_fraction":0.005,"failure_fraction":0.05,"response_headers":["Via"]}
X-Powered-By: Express
Access-Control-Allow-Origin: *
Etag: W/"8c-GV2vxO8Tq9bJ7QY5v3LZIVwuSp8"
Via: 1.1 vegur
CF-Cache-Status: DYNAMIC
Vary: Accept-Encoding
Server: cloudflare
CF-RAY: 90a3d64a49ff5a7c-IAD
Content-Encoding: gzip
server-timing: cfL4;desc="?proto=TCP&rtt=5239&min_rtt=5183&rtt_var=1983&sent=6&recv=7&lost=0&retrans=0&sent_bytes=3106&recv_bytes=914&delivery_rate=826548&cwnd=252&unsent_bytes=0&cid=73630c3fddbd8732&ts=215&x=0"

{
    "name": "VeryLongNameThatExceedsNormalLengthaldhiuhisabdkauhiugfKJKASJHFKSJH",
    "job": "Dev",
    "userID": 2,
    "updatedAt": "2025-01-30T19:23:33.006Z"
}
name before =null
Request method:	PUT
Request URI:	https://reqres.in/api/users/22
Proxy:			<none>
Request params:	<none>
Query params:	<none>
Form params:	<none>
Path params:	<none>
Headers:		Accept=*/*
				Content-Type=application/json
Cookies:		<none>
Multiparts:		<none>
Body:
{
    "name": "Bob",
    "job": "Business Analyst",
    "userID": 2
}
HTTP/1.1 200 OK
Date: Thu, 30 Jan 2025 19:23:33 GMT
Content-Type: application/json; charset=utf-8
Transfer-Encoding: chunked
Connection: keep-alive
Report-To: {"group":"heroku-nel","max_age":3600,"endpoints":[{"url":"https://nel.heroku.com/reports?ts=1738265013&sid=c4c9725f-1ab0-44d8-820f-430df2718e11&s=a23ubO6wDQQZi22%2FwNyb7W6JN2%2BEiGr5Ab8gQrd6vi8%3D"}]}
Reporting-Endpoints: heroku-nel=https://nel.heroku.com/reports?ts=1738265013&sid=c4c9725f-1ab0-44d8-820f-430df2718e11&s=a23ubO6wDQQZi22%2FwNyb7W6JN2%2BEiGr5Ab8gQrd6vi8%3D
Nel: {"report_to":"heroku-nel","max_age":3600,"success_fraction":0.005,"failure_fraction":0.05,"response_headers":["Via"]}
X-Powered-By: Express
Access-Control-Allow-Origin: *
Etag: W/"59-usfi4nep1s1rxE2jvMn/xkiCaDM"
Via: 1.1 vegur
CF-Cache-Status: DYNAMIC
Vary: Accept-Encoding
Server: cloudflare
CF-RAY: 90a3d64cd81b879a-IAD
Content-Encoding: gzip
server-timing: cfL4;desc="?proto=TCP&rtt=5157&min_rtt=5157&rtt_var=1934&sent=6&recv=7&lost=0&retrans=0&sent_bytes=3106&recv_bytes=862&delivery_rate=830232&cwnd=252&unsent_bytes=0&cid=9cb8f86c55fc934b&ts=166&x=0"

{
    "name": "Bob",
    "job": "Business Analyst",
    "userID": 2,
    "updatedAt": "2025-01-30T19:23:33.369Z"
}
name before =null
Request method:	PUT
Request URI:	https://reqres.in/api/users/22
Proxy:			<none>
Request params:	<none>
Query params:	<none>
Form params:	<none>
Path params:	<none>
Headers:		Accept=*/*
				Content-Type=application/json
Cookies:		<none>
Multiparts:		<none>
Body:
{
    "name": "!@#$%^&*()",
    "job": "Engineer",
    "userID": 2
}
HTTP/1.1 200 OK
Date: Thu, 30 Jan 2025 19:23:33 GMT
Content-Type: application/json; charset=utf-8
Transfer-Encoding: chunked
Connection: keep-alive
Report-To: {"group":"heroku-nel","max_age":3600,"endpoints":[{"url":"https://nel.heroku.com/reports?ts=1738265013&sid=c4c9725f-1ab0-44d8-820f-430df2718e11&s=a23ubO6wDQQZi22%2FwNyb7W6JN2%2BEiGr5Ab8gQrd6vi8%3D"}]}
Reporting-Endpoints: heroku-nel=https://nel.heroku.com/reports?ts=1738265013&sid=c4c9725f-1ab0-44d8-820f-430df2718e11&s=a23ubO6wDQQZi22%2FwNyb7W6JN2%2BEiGr5Ab8gQrd6vi8%3D
Nel: {"report_to":"heroku-nel","max_age":3600,"success_fraction":0.005,"failure_fraction":0.05,"response_headers":["Via"]}
X-Powered-By: Express
Access-Control-Allow-Origin: *
Etag: W/"58-uTAZzJAyIks/rAFkRiJ6I8A9OzM"
Via: 1.1 vegur
CF-Cache-Status: DYNAMIC
Vary: Accept-Encoding
Server: cloudflare
CF-RAY: 90a3d64f1d6ed6cc-IAD
Content-Encoding: gzip
server-timing: cfL4;desc="?proto=TCP&rtt=5242&min_rtt=5151&rtt_var=1528&sent=6&recv=8&lost=0&retrans=0&sent_bytes=3106&recv_bytes=861&delivery_rate=830715&cwnd=252&unsent_bytes=0&cid=cfb17f28e7c093e9&ts=179&x=0"

{
    "name": "!@#$%^&*()",
    "job": "Engineer",
    "userID": 2,
    "updatedAt": "2025-01-30T19:23:33.746Z"
}
name before =null
Request method:	PUT
Request URI:	https://reqres.in/api/users/23
Proxy:			<none>
Request params:	<none>
Query params:	<none>
Form params:	<none>
Path params:	<none>
Headers:		Accept=*/*
				Content-Type=application/json
Cookies:		<none>
Multiparts:		<none>
Body:
{
    "name": "Jane Doe",
    "job": "Tester",
    "userID": 3
}
HTTP/1.1 200 OK
Date: Thu, 30 Jan 2025 19:23:34 GMT
Content-Type: application/json; charset=utf-8
Transfer-Encoding: chunked
Connection: keep-alive
Report-To: {"group":"heroku-nel","max_age":3600,"endpoints":[{"url":"https://nel.heroku.com/reports?ts=1738265014&sid=c4c9725f-1ab0-44d8-820f-430df2718e11&s=td0mQtr1hvvwE3StzVjysZMo65FwOir8%2BZe3kMoiBV0%3D"}]}
Reporting-Endpoints: heroku-nel=https://nel.heroku.com/reports?ts=1738265014&sid=c4c9725f-1ab0-44d8-820f-430df2718e11&s=td0mQtr1hvvwE3StzVjysZMo65FwOir8%2BZe3kMoiBV0%3D
Nel: {"report_to":"heroku-nel","max_age":3600,"success_fraction":0.005,"failure_fraction":0.05,"response_headers":["Via"]}
X-Powered-By: Express
Access-Control-Allow-Origin: *
Etag: W/"54-QYBxWvPsFY6YwHHLCFQBYMu31eA"
Via: 1.1 vegur
CF-Cache-Status: DYNAMIC
Vary: Accept-Encoding
Server: cloudflare
CF-RAY: 90a3d6522c0d0827-IAD
Content-Encoding: gzip
server-timing: cfL4;desc="?proto=TCP&rtt=5452&min_rtt=5450&rtt_var=2048&sent=6&recv=7&lost=0&retrans=0&sent_bytes=3107&recv_bytes=857&delivery_rate=783324&cwnd=252&unsent_bytes=0&cid=6e2a2792d0ea8c60&ts=172&x=0"

{
    "name": "Jane Doe",
    "job": "Tester",
    "userID": 3,
    "updatedAt": "2025-01-30T19:23:34.226Z"
}
]]></system-out>
  <system-err><![CDATA[]]></system-err>
</testsuite>
