<?xml version="1.0" encoding="UTF-8"?>
<testsuite name="Put_Test" tests="7" skipped="0" failures="0" errors="0" timestamp="2025-01-31T12:14:55" hostname="fv-az1922-273" time="3.614">
  <properties/>
  <testcase name="testPutUser[0](2, John Doe, Software Developer, true)" classname="Put_Test" time="0.724"/>
  <testcase name="testPutUser[1](2, , QA Engineer, true)" classname="Put_Test" time="0.465"/>
  <testcase name="testPutUser[2](2, Alice, , true)" classname="Put_Test" time="0.43"/>
  <testcase name="testPutUser[3](2, VeryLongNameThatExceedsNormalLengthaldhiuhisabdkauhiugfKJKASJHFKSJH, Dev, true)" classname="Put_Test" time="0.435"/>
  <testcase name="testPutUser[4](2, Bob, Business Analyst, true)" classname="Put_Test" time="0.432"/>
  <testcase name="testPutUser[5](2, !@#$%^&amp;*(), Engineer, true)" classname="Put_Test" time="0.424"/>
  <testcase name="testPutUser[6](3, Jane Doe, Tester, true)" classname="Put_Test" time="0.693"/>
  <system-out><![CDATA[name before =null
Request method:	PUT
Request URI:	https://reqres.in/api/users/22
Proxy:			<none>
Request params:	<none>
Query params:	<none>
Form params:	<none>
Path params:	<none>
Headers:		Accept=*/*
				Content-Type=application/json
Cookies:		<none>
Multiparts:		<none>
Body:
{
    "name": "John Doe",
    "job": "Software Developer",
    "userID": 2
}
HTTP/1.1 200 OK
Date: Fri, 31 Jan 2025 12:14:55 GMT
Content-Type: application/json; charset=utf-8
Transfer-Encoding: chunked
Connection: keep-alive
Report-To: {"group":"heroku-nel","max_age":3600,"endpoints":[{"url":"https://nel.heroku.com/reports?ts=1738325695&sid=c4c9725f-1ab0-44d8-820f-430df2718e11&s=zsrlarLuKDMPfst7J04n%2BzxSMCrhtrGyocrRTN2wAtM%3D"}]}
Reporting-Endpoints: heroku-nel=https://nel.heroku.com/reports?ts=1738325695&sid=c4c9725f-1ab0-44d8-820f-430df2718e11&s=zsrlarLuKDMPfst7J04n%2BzxSMCrhtrGyocrRTN2wAtM%3D
Nel: {"report_to":"heroku-nel","max_age":3600,"success_fraction":0.005,"failure_fraction":0.05,"response_headers":["Via"]}
X-Powered-By: Express
Access-Control-Allow-Origin: *
Etag: W/"60-acg6hINDO0FC4mjwOyMS+SsI0Io"
Via: 1.1 vegur
CF-Cache-Status: DYNAMIC
Vary: Accept-Encoding
Server: cloudflare
CF-RAY: 90a99fcd2d6167c1-SJC
Content-Encoding: gzip
server-timing: cfL4;desc="?proto=TCP&rtt=1764&min_rtt=1751&rtt_var=666&sent=6&recv=7&lost=0&retrans=0&sent_bytes=3106&recv_bytes=869&delivery_rate=2446601&cwnd=252&unsent_bytes=0&cid=e109826c850b2127&ts=269&x=0"

{
    "name": "John Doe",
    "job": "Software Developer",
    "userID": 2,
    "updatedAt": "2025-01-31T12:14:55.742Z"
}
name before =null
Request method:	PUT
Request URI:	https://reqres.in/api/users/22
Proxy:			<none>
Request params:	<none>
Query params:	<none>
Form params:	<none>
Path params:	<none>
Headers:		Accept=*/*
				Content-Type=application/json
Cookies:		<none>
Multiparts:		<none>
Body:
{
    "name": "",
    "job": "QA Engineer",
    "userID": 2
}
HTTP/1.1 200 OK
Date: Fri, 31 Jan 2025 12:14:56 GMT
Content-Type: application/json; charset=utf-8
Transfer-Encoding: chunked
Connection: keep-alive
Report-To: {"group":"heroku-nel","max_age":3600,"endpoints":[{"url":"https://nel.heroku.com/reports?ts=1738325696&sid=c4c9725f-1ab0-44d8-820f-430df2718e11&s=7JCP0VHEuv11gKxJM3eZ44J9ypc%2Fz53vnp5ndyGV398%3D"}]}
Reporting-Endpoints: heroku-nel=https://nel.heroku.com/reports?ts=1738325696&sid=c4c9725f-1ab0-44d8-820f-430df2718e11&s=7JCP0VHEuv11gKxJM3eZ44J9ypc%2Fz53vnp5ndyGV398%3D
Nel: {"report_to":"heroku-nel","max_age":3600,"success_fraction":0.005,"failure_fraction":0.05,"response_headers":["Via"]}
X-Powered-By: Express
Access-Control-Allow-Origin: *
Etag: W/"51-nPYY4KgUtieG3JlyTE2kyWLhXmU"
Via: 1.1 vegur
CF-Cache-Status: DYNAMIC
Vary: Accept-Encoding
Server: cloudflare
CF-RAY: 90a99fcffa449669-SJC
Content-Encoding: gzip
server-timing: cfL4;desc="?proto=TCP&rtt=1654&min_rtt=1615&rtt_var=633&sent=6&recv=7&lost=0&retrans=0&sent_bytes=3107&recv_bytes=854&delivery_rate=2652631&cwnd=252&unsent_bytes=0&cid=fc3631977f765ffa&ts=285&x=0"

{
    "name": "",
    "job": "QA Engineer",
    "userID": 2,
    "updatedAt": "2025-01-31T12:14:56.193Z"
}
name before =null
Request method:	PUT
Request URI:	https://reqres.in/api/users/22
Proxy:			<none>
Request params:	<none>
Query params:	<none>
Form params:	<none>
Path params:	<none>
Headers:		Accept=*/*
				Content-Type=application/json
Cookies:		<none>
Multiparts:		<none>
Body:
{
    "name": "Alice",
    "job": "",
    "userID": 2
}
HTTP/1.1 200 OK
Date: Fri, 31 Jan 2025 12:14:56 GMT
Content-Type: application/json; charset=utf-8
Transfer-Encoding: chunked
Connection: keep-alive
Report-To: {"group":"heroku-nel","max_age":3600,"endpoints":[{"url":"https://nel.heroku.com/reports?ts=1738325696&sid=c4c9725f-1ab0-44d8-820f-430df2718e11&s=7JCP0VHEuv11gKxJM3eZ44J9ypc%2Fz53vnp5ndyGV398%3D"}]}
Reporting-Endpoints: heroku-nel=https://nel.heroku.com/reports?ts=1738325696&sid=c4c9725f-1ab0-44d8-820f-430df2718e11&s=7JCP0VHEuv11gKxJM3eZ44J9ypc%2Fz53vnp5ndyGV398%3D
Nel: {"report_to":"heroku-nel","max_age":3600,"success_fraction":0.005,"failure_fraction":0.05,"response_headers":["Via"]}
X-Powered-By: Express
Access-Control-Allow-Origin: *
Etag: W/"4b-ZxLAd5RsdGc8X1C9peKVVQN13/4"
Via: 1.1 vegur
CF-Cache-Status: DYNAMIC
Vary: Accept-Encoding
Server: cloudflare
CF-RAY: 90a99fd2ac6267af-SJC
Content-Encoding: gzip
server-timing: cfL4;desc="?proto=TCP&rtt=1534&min_rtt=1510&rtt_var=583&sent=6&recv=7&lost=0&retrans=0&sent_bytes=3107&recv_bytes=848&delivery_rate=2837086&cwnd=252&unsent_bytes=0&cid=8c2c1587cf78ec2e&ts=286&x=0"

{
    "name": "Alice",
    "job": "",
    "userID": 2,
    "updatedAt": "2025-01-31T12:14:56.629Z"
}
name before =null
Request method:	PUT
Request URI:	https://reqres.in/api/users/22
Proxy:			<none>
Request params:	<none>
Query params:	<none>
Form params:	<none>
Path params:	<none>
Headers:		Accept=*/*
				Content-Type=application/json
Cookies:		<none>
Multiparts:		<none>
Body:
{
    "name": "VeryLongNameThatExceedsNormalLengthaldhiuhisabdkauhiugfKJKASJHFKSJH",
    "job": "Dev",
    "userID": 2
}
HTTP/1.1 200 OK
Date: Fri, 31 Jan 2025 12:14:57 GMT
Content-Type: application/json; charset=utf-8
Transfer-Encoding: chunked
Connection: keep-alive
Report-To: {"group":"heroku-nel","max_age":3600,"endpoints":[{"url":"https://nel.heroku.com/reports?ts=1738325697&sid=c4c9725f-1ab0-44d8-820f-430df2718e11&s=2jeTjeSWlOQzwt72d%2Bd0a8fflZYxvTx%2FKyVEJYix9CY%3D"}]}
Reporting-Endpoints: heroku-nel=https://nel.heroku.com/reports?ts=1738325697&sid=c4c9725f-1ab0-44d8-820f-430df2718e11&s=2jeTjeSWlOQzwt72d%2Bd0a8fflZYxvTx%2FKyVEJYix9CY%3D
Nel: {"report_to":"heroku-nel","max_age":3600,"success_fraction":0.005,"failure_fraction":0.05,"response_headers":["Via"]}
X-Powered-By: Express
Access-Control-Allow-Origin: *
Etag: W/"8c-WS81b6jCdUWiJbX3ayI6Hk0qzkA"
Via: 1.1 vegur
CF-Cache-Status: DYNAMIC
Vary: Accept-Encoding
Server: cloudflare
CF-RAY: 90a99fd56fdaeb1e-SJC
Content-Encoding: gzip
server-timing: cfL4;desc="?proto=TCP&rtt=1492&min_rtt=1396&rtt_var=592&sent=6&recv=7&lost=0&retrans=0&sent_bytes=3106&recv_bytes=914&delivery_rate=3068767&cwnd=252&unsent_bytes=0&cid=8fd7ec59131febdb&ts=286&x=0"

{
    "name": "VeryLongNameThatExceedsNormalLengthaldhiuhisabdkauhiugfKJKASJHFKSJH",
    "job": "Dev",
    "userID": 2,
    "updatedAt": "2025-01-31T12:14:57.070Z"
}
name before =null
Request method:	PUT
Request URI:	https://reqres.in/api/users/22
Proxy:			<none>
Request params:	<none>
Query params:	<none>
Form params:	<none>
Path params:	<none>
Headers:		Accept=*/*
				Content-Type=application/json
Cookies:		<none>
Multiparts:		<none>
Body:
{
    "name": "Bob",
    "job": "Business Analyst",
    "userID": 2
}
HTTP/1.1 200 OK
Date: Fri, 31 Jan 2025 12:14:57 GMT
Content-Type: application/json; charset=utf-8
Transfer-Encoding: chunked
Connection: keep-alive
Report-To: {"group":"heroku-nel","max_age":3600,"endpoints":[{"url":"https://nel.heroku.com/reports?ts=1738325697&sid=c4c9725f-1ab0-44d8-820f-430df2718e11&s=2jeTjeSWlOQzwt72d%2Bd0a8fflZYxvTx%2FKyVEJYix9CY%3D"}]}
Reporting-Endpoints: heroku-nel=https://nel.heroku.com/reports?ts=1738325697&sid=c4c9725f-1ab0-44d8-820f-430df2718e11&s=2jeTjeSWlOQzwt72d%2Bd0a8fflZYxvTx%2FKyVEJYix9CY%3D
Nel: {"report_to":"heroku-nel","max_age":3600,"success_fraction":0.005,"failure_fraction":0.05,"response_headers":["Via"]}
X-Powered-By: Express
Access-Control-Allow-Origin: *
Etag: W/"59-q2phiFKcEGFQEVR1Fh5dvnDxQ3E"
Via: 1.1 vegur
CF-Cache-Status: DYNAMIC
Vary: Accept-Encoding
Server: cloudflare
CF-RAY: 90a99fd82833faaa-SJC
Content-Encoding: gzip
server-timing: cfL4;desc="?proto=TCP&rtt=1856&min_rtt=1734&rtt_var=737&sent=6&recv=7&lost=0&retrans=0&sent_bytes=3105&recv_bytes=862&delivery_rate=2470588&cwnd=252&unsent_bytes=0&cid=751ed059e5d226cf&ts=285&x=0"

{
    "name": "Bob",
    "job": "Business Analyst",
    "userID": 2,
    "updatedAt": "2025-01-31T12:14:57.511Z"
}
name before =null
Request method:	PUT
Request URI:	https://reqres.in/api/users/22
Proxy:			<none>
Request params:	<none>
Query params:	<none>
Form params:	<none>
Path params:	<none>
Headers:		Accept=*/*
				Content-Type=application/json
Cookies:		<none>
Multiparts:		<none>
Body:
{
    "name": "!@#$%^&*()",
    "job": "Engineer",
    "userID": 2
}
HTTP/1.1 200 OK
Date: Fri, 31 Jan 2025 12:14:58 GMT
Content-Type: application/json; charset=utf-8
Transfer-Encoding: chunked
Connection: keep-alive
Report-To: {"group":"heroku-nel","max_age":3600,"endpoints":[{"url":"https://nel.heroku.com/reports?ts=1738325697&sid=c4c9725f-1ab0-44d8-820f-430df2718e11&s=2jeTjeSWlOQzwt72d%2Bd0a8fflZYxvTx%2FKyVEJYix9CY%3D"}]}
Reporting-Endpoints: heroku-nel=https://nel.heroku.com/reports?ts=1738325697&sid=c4c9725f-1ab0-44d8-820f-430df2718e11&s=2jeTjeSWlOQzwt72d%2Bd0a8fflZYxvTx%2FKyVEJYix9CY%3D
Nel: {"report_to":"heroku-nel","max_age":3600,"success_fraction":0.005,"failure_fraction":0.05,"response_headers":["Via"]}
X-Powered-By: Express
Access-Control-Allow-Origin: *
Etag: W/"58-BX5vDAgqvYb0JK6vAJky0WHCzGc"
Via: 1.1 vegur
CF-Cache-Status: DYNAMIC
Vary: Accept-Encoding
Server: cloudflare
CF-RAY: 90a99fdadf66faec-SJC
Content-Encoding: gzip
server-timing: cfL4;desc="?proto=TCP&rtt=1792&min_rtt=1778&rtt_var=676&sent=6&recv=7&lost=0&retrans=0&sent_bytes=3105&recv_bytes=861&delivery_rate=2409448&cwnd=252&unsent_bytes=0&cid=3a32f784a3df68d8&ts=284&x=0"

{
    "name": "!@#$%^&*()",
    "job": "Engineer",
    "userID": 2,
    "updatedAt": "2025-01-31T12:14:57.935Z"
}
name before =null
Request method:	PUT
Request URI:	https://reqres.in/api/users/23
Proxy:			<none>
Request params:	<none>
Query params:	<none>
Form params:	<none>
Path params:	<none>
Headers:		Accept=*/*
				Content-Type=application/json
Cookies:		<none>
Multiparts:		<none>
Body:
{
    "name": "Jane Doe",
    "job": "Tester",
    "userID": 3
}
HTTP/1.1 200 OK
Date: Fri, 31 Jan 2025 12:14:58 GMT
Content-Type: application/json; charset=utf-8
Transfer-Encoding: chunked
Connection: keep-alive
Report-To: {"group":"heroku-nel","max_age":3600,"endpoints":[{"url":"https://nel.heroku.com/reports?ts=1738325698&sid=c4c9725f-1ab0-44d8-820f-430df2718e11&s=GZ8EbnoExk0xRcLTq3ygPqJNyv0xnn93wUHSD8W%2FZk0%3D"}]}
Reporting-Endpoints: heroku-nel=https://nel.heroku.com/reports?ts=1738325698&sid=c4c9725f-1ab0-44d8-820f-430df2718e11&s=GZ8EbnoExk0xRcLTq3ygPqJNyv0xnn93wUHSD8W%2FZk0%3D
Nel: {"report_to":"heroku-nel","max_age":3600,"success_fraction":0.005,"failure_fraction":0.05,"response_headers":["Via"]}
X-Powered-By: Express
Access-Control-Allow-Origin: *
Etag: W/"54-PNUHXGmA5/rUU7ALUPr49+SEX+8"
Via: 1.1 vegur
CF-Cache-Status: DYNAMIC
Vary: Accept-Encoding
Server: cloudflare
CF-RAY: 90a99fdf39a4229f-SJC
Content-Encoding: gzip
server-timing: cfL4;desc="?proto=TCP&rtt=1729&min_rtt=1712&rtt_var=654&sent=6&recv=7&lost=0&retrans=0&sent_bytes=3106&recv_bytes=857&delivery_rate=2502336&cwnd=252&unsent_bytes=0&cid=a96234fd506f242e&ts=269&x=0"

{
    "name": "Jane Doe",
    "job": "Tester",
    "userID": 3,
    "updatedAt": "2025-01-31T12:14:58.633Z"
}
]]></system-out>
  <system-err><![CDATA[]]></system-err>
</testsuite>
