<?xml version="1.0" encoding="UTF-8"?>
<testsuite name="DeleteTest" tests="1" skipped="0" failures="0" errors="0" timestamp="2025-02-06T12:25:48" hostname="fv-az1931-969" time="0.181">
  <properties/>
  <testcase name="DeleteUser[0](204)" classname="DeleteTest" time="0.181"/>
  <system-out><![CDATA[Request method:	DELETE
Request URI:	https://reqres.in/api/users/2
Proxy:			<none>
Request params:	<none>
Query params:	<none>
Form params:	<none>
Path params:	<none>
Headers:		Accept=*/*
Cookies:		<none>
Multiparts:		<none>
Body:			<none>
HTTP/1.1 204 No Content
Date: Thu, 06 Feb 2025 12:25:48 GMT
Content-Length: 0
Connection: keep-alive
Report-To: {"group":"heroku-nel","max_age":3600,"endpoints":[{"url":"https://nel.heroku.com/reports?ts=1738844748&sid=c4c9725f-1ab0-44d8-820f-430df2718e11&s=AdK4cWd3qco4FWNOgWBtkzcBuVM2jAhi%2BN%2Bi2VJcu9U%3D"}]}
Reporting-Endpoints: heroku-nel=https://nel.heroku.com/reports?ts=1738844748&sid=c4c9725f-1ab0-44d8-820f-430df2718e11&s=AdK4cWd3qco4FWNOgWBtkzcBuVM2jAhi%2BN%2Bi2VJcu9U%3D
Nel: {"report_to":"heroku-nel","max_age":3600,"success_fraction":0.005,"failure_fraction":0.05,"response_headers":["Via"]}
X-Powered-By: Express
Access-Control-Allow-Origin: *
Etag: W/"2-vyGp6PvFo4RvsFtPoIWeCReyIC8"
Via: 1.1 vegur
cf-cache-status: DYNAMIC
Server: cloudflare
CF-RAY: 90db1ffbc8e7c95f-IAD
server-timing: cfL4;desc="?proto=TCP&rtt=1288&min_rtt=1223&rtt_var=505&sent=6&recv=7&lost=0&retrans=0&sent_bytes=3108&recv_bytes=762&delivery_rate=3502861&cwnd=252&unsent_bytes=0&cid=ece34911a396e4a2&ts=167&x=0"
]]></system-out>
  <system-err><![CDATA[]]></system-err>
</testsuite>
