<?xml version="1.0" encoding="UTF-8"?>
<testsuite name="Put_Test" tests="7" skipped="0" failures="0" errors="0" timestamp="2025-01-30T19:28:46" hostname="fv-az1922-273" time="3.572">
  <properties/>
  <testcase name="testPutUser[0](2, John Doe, Software Developer, true)" classname="Put_Test" time="0.732"/>
  <testcase name="testPutUser[1](2, , QA Engineer, true)" classname="Put_Test" time="0.446"/>
  <testcase name="testPutUser[2](2, Alice, , true)" classname="Put_Test" time="0.435"/>
  <testcase name="testPutUser[3](2, VeryLongNameThatExceedsNormalLengthaldhiuhisabdkauhiugfKJKASJHFKSJH, Dev, true)" classname="Put_Test" time="0.417"/>
  <testcase name="testPutUser[4](2, Bob, Business Analyst, true)" classname="Put_Test" time="0.414"/>
  <testcase name="testPutUser[5](2, !@#$%^&amp;*(), Engineer, true)" classname="Put_Test" time="0.435"/>
  <testcase name="testPutUser[6](3, Jane Doe, Tester, true)" classname="Put_Test" time="0.685"/>
  <system-out><![CDATA[name before =null
Request method:	PUT
Request URI:	https://reqres.in/api/users/22
Proxy:			<none>
Request params:	<none>
Query params:	<none>
Form params:	<none>
Path params:	<none>
Headers:		Accept=*/*
				Content-Type=application/json
Cookies:		<none>
Multiparts:		<none>
Body:
{
    "name": "John Doe",
    "job": "Software Developer",
    "userID": 2
}
HTTP/1.1 200 OK
Date: Thu, 30 Jan 2025 19:28:47 GMT
Content-Type: application/json; charset=utf-8
Transfer-Encoding: chunked
Connection: keep-alive
Report-To: {"group":"heroku-nel","max_age":3600,"endpoints":[{"url":"https://nel.heroku.com/reports?ts=1738265327&sid=c4c9725f-1ab0-44d8-820f-430df2718e11&s=7GLOU7vQ1To5dVksDGR0GtX6UrKmre5Vy5hqgDlN25c%3D"}]}
Reporting-Endpoints: heroku-nel=https://nel.heroku.com/reports?ts=1738265327&sid=c4c9725f-1ab0-44d8-820f-430df2718e11&s=7GLOU7vQ1To5dVksDGR0GtX6UrKmre5Vy5hqgDlN25c%3D
Nel: {"report_to":"heroku-nel","max_age":3600,"success_fraction":0.005,"failure_fraction":0.05,"response_headers":["Via"]}
X-Powered-By: Express
Access-Control-Allow-Origin: *
Etag: W/"60-k+6Iwc8YuvmpZ61GXLJ7GBIV6go"
Via: 1.1 vegur
CF-Cache-Status: DYNAMIC
Vary: Accept-Encoding
Server: cloudflare
CF-RAY: 90a3ddf7a879227e-SJC
Content-Encoding: gzip
server-timing: cfL4;desc="?proto=TCP&rtt=1529&min_rtt=1447&rtt_var=601&sent=6&recv=7&lost=0&retrans=0&sent_bytes=3106&recv_bytes=869&delivery_rate=2960608&cwnd=252&unsent_bytes=0&cid=8dd4001b1900d428&ts=294&x=0"

{
    "name": "John Doe",
    "job": "Software Developer",
    "userID": 2,
    "updatedAt": "2025-01-30T19:28:47.515Z"
}
name before =null
Request method:	PUT
Request URI:	https://reqres.in/api/users/22
Proxy:			<none>
Request params:	<none>
Query params:	<none>
Form params:	<none>
Path params:	<none>
Headers:		Accept=*/*
				Content-Type=application/json
Cookies:		<none>
Multiparts:		<none>
Body:
{
    "name": "",
    "job": "QA Engineer",
    "userID": 2
}
HTTP/1.1 200 OK
Date: Thu, 30 Jan 2025 19:28:48 GMT
Content-Type: application/json; charset=utf-8
Transfer-Encoding: chunked
Connection: keep-alive
Report-To: {"group":"heroku-nel","max_age":3600,"endpoints":[{"url":"https://nel.heroku.com/reports?ts=1738265327&sid=c4c9725f-1ab0-44d8-820f-430df2718e11&s=7GLOU7vQ1To5dVksDGR0GtX6UrKmre5Vy5hqgDlN25c%3D"}]}
Reporting-Endpoints: heroku-nel=https://nel.heroku.com/reports?ts=1738265327&sid=c4c9725f-1ab0-44d8-820f-430df2718e11&s=7GLOU7vQ1To5dVksDGR0GtX6UrKmre5Vy5hqgDlN25c%3D
Nel: {"report_to":"heroku-nel","max_age":3600,"success_fraction":0.005,"failure_fraction":0.05,"response_headers":["Via"]}
X-Powered-By: Express
Access-Control-Allow-Origin: *
Etag: W/"51-KdrTD+OaU8DkW7BDthT7n2O5Xm0"
Via: 1.1 vegur
CF-Cache-Status: DYNAMIC
Vary: Accept-Encoding
Server: cloudflare
CF-RAY: 90a3ddfa7da8ceed-SJC
Content-Encoding: gzip
server-timing: cfL4;desc="?proto=TCP&rtt=1281&min_rtt=1239&rtt_var=495&sent=6&recv=7&lost=0&retrans=0&sent_bytes=3106&recv_bytes=854&delivery_rate=3457627&cwnd=252&unsent_bytes=0&cid=0647f6bc5746cb0b&ts=293&x=0"

{
    "name": "",
    "job": "QA Engineer",
    "userID": 2,
    "updatedAt": "2025-01-30T19:28:47.969Z"
}
name before =null
Request method:	PUT
Request URI:	https://reqres.in/api/users/22
Proxy:			<none>
Request params:	<none>
Query params:	<none>
Form params:	<none>
Path params:	<none>
Headers:		Accept=*/*
				Content-Type=application/json
Cookies:		<none>
Multiparts:		<none>
Body:
{
    "name": "Alice",
    "job": "",
    "userID": 2
}
HTTP/1.1 200 OK
Date: Thu, 30 Jan 2025 19:28:48 GMT
Content-Type: application/json; charset=utf-8
Transfer-Encoding: chunked
Connection: keep-alive
Report-To: {"group":"heroku-nel","max_age":3600,"endpoints":[{"url":"https://nel.heroku.com/reports?ts=1738265328&sid=c4c9725f-1ab0-44d8-820f-430df2718e11&s=F%2FVEW48Xdvd%2FtdXx8cxsCEhwHwxS14U4sLcMmBgLUJU%3D"}]}
Reporting-Endpoints: heroku-nel=https://nel.heroku.com/reports?ts=1738265328&sid=c4c9725f-1ab0-44d8-820f-430df2718e11&s=F%2FVEW48Xdvd%2FtdXx8cxsCEhwHwxS14U4sLcMmBgLUJU%3D
Nel: {"report_to":"heroku-nel","max_age":3600,"success_fraction":0.005,"failure_fraction":0.05,"response_headers":["Via"]}
X-Powered-By: Express
Access-Control-Allow-Origin: *
Etag: W/"4b-G67PjwQ98i0w63TV04ua7N2UZsE"
Via: 1.1 vegur
CF-Cache-Status: DYNAMIC
Vary: Accept-Encoding
Server: cloudflare
CF-RAY: 90a3ddfd380c6441-SJC
Content-Encoding: gzip
server-timing: cfL4;desc="?proto=TCP&rtt=1357&min_rtt=1192&rtt_var=565&sent=6&recv=7&lost=0&retrans=0&sent_bytes=3105&recv_bytes=848&delivery_rate=3593959&cwnd=252&unsent_bytes=0&cid=aabe3d1d55458805&ts=287&x=0"

{
    "name": "Alice",
    "job": "",
    "userID": 2,
    "updatedAt": "2025-01-30T19:28:48.404Z"
}
name before =null
Request method:	PUT
Request URI:	https://reqres.in/api/users/22
Proxy:			<none>
Request params:	<none>
Query params:	<none>
Form params:	<none>
Path params:	<none>
Headers:		Accept=*/*
				Content-Type=application/json
Cookies:		<none>
Multiparts:		<none>
Body:
{
    "name": "VeryLongNameThatExceedsNormalLengthaldhiuhisabdkauhiugfKJKASJHFKSJH",
    "job": "Dev",
    "userID": 2
}
HTTP/1.1 200 OK
Date: Thu, 30 Jan 2025 19:28:48 GMT
Content-Type: application/json; charset=utf-8
Transfer-Encoding: chunked
Connection: keep-alive
Report-To: {"group":"heroku-nel","max_age":3600,"endpoints":[{"url":"https://nel.heroku.com/reports?ts=1738265328&sid=c4c9725f-1ab0-44d8-820f-430df2718e11&s=F%2FVEW48Xdvd%2FtdXx8cxsCEhwHwxS14U4sLcMmBgLUJU%3D"}]}
Reporting-Endpoints: heroku-nel=https://nel.heroku.com/reports?ts=1738265328&sid=c4c9725f-1ab0-44d8-820f-430df2718e11&s=F%2FVEW48Xdvd%2FtdXx8cxsCEhwHwxS14U4sLcMmBgLUJU%3D
Nel: {"report_to":"heroku-nel","max_age":3600,"success_fraction":0.005,"failure_fraction":0.05,"response_headers":["Via"]}
X-Powered-By: Express
Access-Control-Allow-Origin: *
Etag: W/"8c-XgAC5EWSOV9MJq2sHTww3D16uZM"
Via: 1.1 vegur
CF-Cache-Status: DYNAMIC
Vary: Accept-Encoding
Server: cloudflare
CF-RAY: 90a3ddffdea6eb32-SJC
Content-Encoding: gzip
server-timing: cfL4;desc="?proto=TCP&rtt=1391&min_rtt=1324&rtt_var=544&sent=6&recv=7&lost=0&retrans=0&sent_bytes=3107&recv_bytes=914&delivery_rate=3235649&cwnd=252&unsent_bytes=0&cid=78180274a8304446&ts=293&x=0"

{
    "name": "VeryLongNameThatExceedsNormalLengthaldhiuhisabdkauhiugfKJKASJHFKSJH",
    "job": "Dev",
    "userID": 2,
    "updatedAt": "2025-01-30T19:28:48.819Z"
}
name before =null
Request method:	PUT
Request URI:	https://reqres.in/api/users/22
Proxy:			<none>
Request params:	<none>
Query params:	<none>
Form params:	<none>
Path params:	<none>
Headers:		Accept=*/*
				Content-Type=application/json
Cookies:		<none>
Multiparts:		<none>
Body:
{
    "name": "Bob",
    "job": "Business Analyst",
    "userID": 2
}
HTTP/1.1 200 OK
Date: Thu, 30 Jan 2025 19:28:49 GMT
Content-Type: application/json; charset=utf-8
Transfer-Encoding: chunked
Connection: keep-alive
Report-To: {"group":"heroku-nel","max_age":3600,"endpoints":[{"url":"https://nel.heroku.com/reports?ts=1738265329&sid=c4c9725f-1ab0-44d8-820f-430df2718e11&s=5iw3qjBsErngVOYEouOONPB2U6LSnheX610tN%2BNBr6k%3D"}]}
Reporting-Endpoints: heroku-nel=https://nel.heroku.com/reports?ts=1738265329&sid=c4c9725f-1ab0-44d8-820f-430df2718e11&s=5iw3qjBsErngVOYEouOONPB2U6LSnheX610tN%2BNBr6k%3D
Nel: {"report_to":"heroku-nel","max_age":3600,"success_fraction":0.005,"failure_fraction":0.05,"response_headers":["Via"]}
X-Powered-By: Express
Access-Control-Allow-Origin: *
Etag: W/"59-pjfESUsYZKja/+EkAh0AI607lAk"
Via: 1.1 vegur
CF-Cache-Status: DYNAMIC
Vary: Accept-Encoding
Server: cloudflare
CF-RAY: 90a3de025f991573-SJC
Content-Encoding: gzip
server-timing: cfL4;desc="?proto=TCP&rtt=1233&min_rtt=1210&rtt_var=470&sent=6&recv=7&lost=0&retrans=0&sent_bytes=3106&recv_bytes=862&delivery_rate=3540495&cwnd=252&unsent_bytes=0&cid=85b15995274771ef&ts=296&x=0"

{
    "name": "Bob",
    "job": "Business Analyst",
    "userID": 2,
    "updatedAt": "2025-01-30T19:28:49.237Z"
}
name before =null
Request method:	PUT
Request URI:	https://reqres.in/api/users/22
Proxy:			<none>
Request params:	<none>
Query params:	<none>
Form params:	<none>
Path params:	<none>
Headers:		Accept=*/*
				Content-Type=application/json
Cookies:		<none>
Multiparts:		<none>
Body:
{
    "name": "!@#$%^&*()",
    "job": "Engineer",
    "userID": 2
}
HTTP/1.1 200 OK
Date: Thu, 30 Jan 2025 19:28:49 GMT
Content-Type: application/json; charset=utf-8
Transfer-Encoding: chunked
Connection: keep-alive
Report-To: {"group":"heroku-nel","max_age":3600,"endpoints":[{"url":"https://nel.heroku.com/reports?ts=1738265329&sid=c4c9725f-1ab0-44d8-820f-430df2718e11&s=5iw3qjBsErngVOYEouOONPB2U6LSnheX610tN%2BNBr6k%3D"}]}
Reporting-Endpoints: heroku-nel=https://nel.heroku.com/reports?ts=1738265329&sid=c4c9725f-1ab0-44d8-820f-430df2718e11&s=5iw3qjBsErngVOYEouOONPB2U6LSnheX610tN%2BNBr6k%3D
Nel: {"report_to":"heroku-nel","max_age":3600,"success_fraction":0.005,"failure_fraction":0.05,"response_headers":["Via"]}
X-Powered-By: Express
Access-Control-Allow-Origin: *
Etag: W/"58-Hb89MFZRcyXkvSghQSinUlSwF9I"
Via: 1.1 vegur
CF-Cache-Status: DYNAMIC
Vary: Accept-Encoding
Server: cloudflare
CF-RAY: 90a3de05081c9458-SJC
Content-Encoding: gzip
server-timing: cfL4;desc="?proto=TCP&rtt=1301&min_rtt=1216&rtt_var=517&sent=6&recv=7&lost=0&retrans=0&sent_bytes=3107&recv_bytes=861&delivery_rate=3523026&cwnd=252&unsent_bytes=0&cid=c264560d800be685&ts=300&x=0"

{
    "name": "!@#$%^&*()",
    "job": "Engineer",
    "userID": 2,
    "updatedAt": "2025-01-30T19:28:49.656Z"
}
name before =null
Request method:	PUT
Request URI:	https://reqres.in/api/users/23
Proxy:			<none>
Request params:	<none>
Query params:	<none>
Form params:	<none>
Path params:	<none>
Headers:		Accept=*/*
				Content-Type=application/json
Cookies:		<none>
Multiparts:		<none>
Body:
{
    "name": "Jane Doe",
    "job": "Tester",
    "userID": 3
}
HTTP/1.1 200 OK
Date: Thu, 30 Jan 2025 19:28:50 GMT
Content-Type: application/json; charset=utf-8
Transfer-Encoding: chunked
Connection: keep-alive
Report-To: {"group":"heroku-nel","max_age":3600,"endpoints":[{"url":"https://nel.heroku.com/reports?ts=1738265330&sid=c4c9725f-1ab0-44d8-820f-430df2718e11&s=tLgo%2FPk2gB2ikPsRNq7A%2Bn%2BlGHjO0%2FV2OeG4HSXTHhM%3D"}]}
Reporting-Endpoints: heroku-nel=https://nel.heroku.com/reports?ts=1738265330&sid=c4c9725f-1ab0-44d8-820f-430df2718e11&s=tLgo%2FPk2gB2ikPsRNq7A%2Bn%2BlGHjO0%2FV2OeG4HSXTHhM%3D
Nel: {"report_to":"heroku-nel","max_age":3600,"success_fraction":0.005,"failure_fraction":0.05,"response_headers":["Via"]}
X-Powered-By: Express
Access-Control-Allow-Origin: *
Etag: W/"54-9Kxnwp3+zT3da8E0PwBgH/0o4D4"
Via: 1.1 vegur
CF-Cache-Status: DYNAMIC
Vary: Accept-Encoding
Server: cloudflare
CF-RAY: 90a3de098a8ded3d-SJC
Content-Encoding: gzip
server-timing: cfL4;desc="?proto=TCP&rtt=1297&min_rtt=1183&rtt_var=525&sent=6&recv=7&lost=0&retrans=0&sent_bytes=3105&recv_bytes=857&delivery_rate=3621301&cwnd=252&unsent_bytes=0&cid=756ae080128362fc&ts=281&x=0"

{
    "name": "Jane Doe",
    "job": "Tester",
    "userID": 3,
    "updatedAt": "2025-01-30T19:28:50.366Z"
}
]]></system-out>
  <system-err><![CDATA[]]></system-err>
</testsuite>
