<?xml version="1.0" encoding="UTF-8"?>
<testsuite name="PutTest" tests="7" skipped="0" failures="0" errors="0" timestamp="2025-02-03T14:26:53" hostname="fv-az1441-609" time="2.651">
  <properties/>
  <testcase name="testPutUser[0](2, John Doe, Software Developer, true)" classname="PutTest" time="0.525"/>
  <testcase name="testPutUser[1](2, , QA Engineer, true)" classname="PutTest" time="0.359"/>
  <testcase name="testPutUser[2](2, Alice, , true)" classname="PutTest" time="0.34"/>
  <testcase name="testPutUser[3](2, VeryLongNameThatExceedsNormalLengthaldhiuhisabdkauhiugfKJKASJHFKSJH, Dev, true)" classname="PutTest" time="0.334"/>
  <testcase name="testPutUser[4](2, Bob, Business Analyst, true)" classname="PutTest" time="0.369"/>
  <testcase name="testPutUser[5](2, !@#$%^&amp;*(), Engineer, true)" classname="PutTest" time="0.375"/>
  <testcase name="testPutUser[6](3, Jane Doe, Tester, true)" classname="PutTest" time="0.339"/>
  <system-out><![CDATA[name before =null
Request method:	PUT
Request URI:	https://reqres.in/api/users/22
Proxy:			<none>
Request params:	<none>
Query params:	<none>
Form params:	<none>
Path params:	<none>
Headers:		Accept=*/*
				Content-Type=application/json
Cookies:		<none>
Multiparts:		<none>
Body:
{
    "name": "John Doe",
    "job": "Software Developer",
    "userID": 2
}
HTTP/1.1 200 OK
Date: Mon, 03 Feb 2025 14:26:53 GMT
Content-Type: application/json; charset=utf-8
Transfer-Encoding: chunked
Connection: keep-alive
Report-To: {"group":"heroku-nel","max_age":3600,"endpoints":[{"url":"https://nel.heroku.com/reports?ts=1738592813&sid=c4c9725f-1ab0-44d8-820f-430df2718e11&s=cnBj3ZQLnCicyB2iv4Wwm2x2Pbo4o6zSVcuxXoaqGJM%3D"}]}
Reporting-Endpoints: heroku-nel=https://nel.heroku.com/reports?ts=1738592813&sid=c4c9725f-1ab0-44d8-820f-430df2718e11&s=cnBj3ZQLnCicyB2iv4Wwm2x2Pbo4o6zSVcuxXoaqGJM%3D
Nel: {"report_to":"heroku-nel","max_age":3600,"success_fraction":0.005,"failure_fraction":0.05,"response_headers":["Via"]}
X-Powered-By: Express
Access-Control-Allow-Origin: *
Etag: W/"60-/gnySwUG996zSbzcijYUJWjCeek"
Via: 1.1 vegur
CF-Cache-Status: DYNAMIC
Vary: Accept-Encoding
Server: cloudflare
CF-RAY: 90c3193b98e805f1-IAD
Content-Encoding: gzip
server-timing: cfL4;desc="?proto=TCP&rtt=5273&min_rtt=5171&rtt_var=2012&sent=6&recv=7&lost=0&retrans=0&sent_bytes=3108&recv_bytes=869&delivery_rate=828466&cwnd=252&unsent_bytes=0&cid=bf3bdb859d6099a1&ts=181&x=0"

{
    "name": "John Doe",
    "job": "Software Developer",
    "userID": 2,
    "updatedAt": "2025-02-03T14:26:53.502Z"
}
name before =null
Request method:	PUT
Request URI:	https://reqres.in/api/users/22
Proxy:			<none>
Request params:	<none>
Query params:	<none>
Form params:	<none>
Path params:	<none>
Headers:		Accept=*/*
				Content-Type=application/json
Cookies:		<none>
Multiparts:		<none>
Body:
{
    "name": "",
    "job": "QA Engineer",
    "userID": 2
}
HTTP/1.1 200 OK
Date: Mon, 03 Feb 2025 14:26:53 GMT
Content-Type: application/json; charset=utf-8
Transfer-Encoding: chunked
Connection: keep-alive
Report-To: {"group":"heroku-nel","max_age":3600,"endpoints":[{"url":"https://nel.heroku.com/reports?ts=1738592813&sid=c4c9725f-1ab0-44d8-820f-430df2718e11&s=cnBj3ZQLnCicyB2iv4Wwm2x2Pbo4o6zSVcuxXoaqGJM%3D"}]}
Reporting-Endpoints: heroku-nel=https://nel.heroku.com/reports?ts=1738592813&sid=c4c9725f-1ab0-44d8-820f-430df2718e11&s=cnBj3ZQLnCicyB2iv4Wwm2x2Pbo4o6zSVcuxXoaqGJM%3D
Nel: {"report_to":"heroku-nel","max_age":3600,"success_fraction":0.005,"failure_fraction":0.05,"response_headers":["Via"]}
X-Powered-By: Express
Access-Control-Allow-Origin: *
Etag: W/"51-RtjeTDQF8VKrZcJy14p9SBOU3dA"
Via: 1.1 vegur
CF-Cache-Status: DYNAMIC
Vary: Accept-Encoding
Server: cloudflare
CF-RAY: 90c3193dea9205d0-IAD
Content-Encoding: gzip
server-timing: cfL4;desc="?proto=TCP&rtt=5601&min_rtt=5592&rtt_var=2116&sent=6&recv=7&lost=0&retrans=0&sent_bytes=3108&recv_bytes=854&delivery_rate=755822&cwnd=252&unsent_bytes=0&cid=fdd674732e8b6dc8&ts=172&x=0"

{
    "name": "",
    "job": "QA Engineer",
    "userID": 2,
    "updatedAt": "2025-02-03T14:26:53.863Z"
}
name before =null
Request method:	PUT
Request URI:	https://reqres.in/api/users/22
Proxy:			<none>
Request params:	<none>
Query params:	<none>
Form params:	<none>
Path params:	<none>
Headers:		Accept=*/*
				Content-Type=application/json
Cookies:		<none>
Multiparts:		<none>
Body:
{
    "name": "Alice",
    "job": "",
    "userID": 2
}
HTTP/1.1 200 OK
Date: Mon, 03 Feb 2025 14:26:54 GMT
Content-Type: application/json; charset=utf-8
Transfer-Encoding: chunked
Connection: keep-alive
Report-To: {"group":"heroku-nel","max_age":3600,"endpoints":[{"url":"https://nel.heroku.com/reports?ts=1738592814&sid=c4c9725f-1ab0-44d8-820f-430df2718e11&s=ZzBUyJgGPJLuAutKCki8tPdzoFF2fN%2BxLlLWoRSqKlg%3D"}]}
Reporting-Endpoints: heroku-nel=https://nel.heroku.com/reports?ts=1738592814&sid=c4c9725f-1ab0-44d8-820f-430df2718e11&s=ZzBUyJgGPJLuAutKCki8tPdzoFF2fN%2BxLlLWoRSqKlg%3D
Nel: {"report_to":"heroku-nel","max_age":3600,"success_fraction":0.005,"failure_fraction":0.05,"response_headers":["Via"]}
X-Powered-By: Express
Access-Control-Allow-Origin: *
Etag: W/"4b-slINq7nqLUoHS4m527UsMsbWfbI"
Via: 1.1 vegur
CF-Cache-Status: DYNAMIC
Vary: Accept-Encoding
Server: cloudflare
CF-RAY: 90c319400968d6d1-IAD
Content-Encoding: gzip
server-timing: cfL4;desc="?proto=TCP&rtt=5361&min_rtt=5340&rtt_var=2018&sent=6&recv=7&lost=0&retrans=0&sent_bytes=3108&recv_bytes=848&delivery_rate=802247&cwnd=252&unsent_bytes=0&cid=35b4b8fad9044950&ts=170&x=0"

{
    "name": "Alice",
    "job": "",
    "userID": 2,
    "updatedAt": "2025-02-03T14:26:54.200Z"
}
name before =null
Request method:	PUT
Request URI:	https://reqres.in/api/users/22
Proxy:			<none>
Request params:	<none>
Query params:	<none>
Form params:	<none>
Path params:	<none>
Headers:		Accept=*/*
				Content-Type=application/json
Cookies:		<none>
Multiparts:		<none>
Body:
{
    "name": "VeryLongNameThatExceedsNormalLengthaldhiuhisabdkauhiugfKJKASJHFKSJH",
    "job": "Dev",
    "userID": 2
}
HTTP/1.1 200 OK
Date: Mon, 03 Feb 2025 14:26:54 GMT
Content-Type: application/json; charset=utf-8
Transfer-Encoding: chunked
Connection: keep-alive
Report-To: {"group":"heroku-nel","max_age":3600,"endpoints":[{"url":"https://nel.heroku.com/reports?ts=1738592814&sid=c4c9725f-1ab0-44d8-820f-430df2718e11&s=ZzBUyJgGPJLuAutKCki8tPdzoFF2fN%2BxLlLWoRSqKlg%3D"}]}
Reporting-Endpoints: heroku-nel=https://nel.heroku.com/reports?ts=1738592814&sid=c4c9725f-1ab0-44d8-820f-430df2718e11&s=ZzBUyJgGPJLuAutKCki8tPdzoFF2fN%2BxLlLWoRSqKlg%3D
Nel: {"report_to":"heroku-nel","max_age":3600,"success_fraction":0.005,"failure_fraction":0.05,"response_headers":["Via"]}
X-Powered-By: Express
Access-Control-Allow-Origin: *
Etag: W/"8c-NGih7KjJOFnpoYIjTMcCu/a2wCU"
Via: 1.1 vegur
CF-Cache-Status: DYNAMIC
Vary: Accept-Encoding
Server: cloudflare
CF-RAY: 90c319422ae3c566-IAD
Content-Encoding: gzip
server-timing: cfL4;desc="?proto=TCP&rtt=5374&min_rtt=5279&rtt_var=2047&sent=6&recv=7&lost=0&retrans=0&sent_bytes=3108&recv_bytes=914&delivery_rate=811517&cwnd=252&unsent_bytes=0&cid=6783809ba40ca812&ts=174&x=0"

{
    "name": "VeryLongNameThatExceedsNormalLengthaldhiuhisabdkauhiugfKJKASJHFKSJH",
    "job": "Dev",
    "userID": 2,
    "updatedAt": "2025-02-03T14:26:54.544Z"
}
name before =null
Request method:	PUT
Request URI:	https://reqres.in/api/users/22
Proxy:			<none>
Request params:	<none>
Query params:	<none>
Form params:	<none>
Path params:	<none>
Headers:		Accept=*/*
				Content-Type=application/json
Cookies:		<none>
Multiparts:		<none>
Body:
{
    "name": "Bob",
    "job": "Business Analyst",
    "userID": 2
}
HTTP/1.1 200 OK
Date: Mon, 03 Feb 2025 14:26:54 GMT
Content-Type: application/json; charset=utf-8
Transfer-Encoding: chunked
Connection: keep-alive
Report-To: {"group":"heroku-nel","max_age":3600,"endpoints":[{"url":"https://nel.heroku.com/reports?ts=1738592814&sid=c4c9725f-1ab0-44d8-820f-430df2718e11&s=ZzBUyJgGPJLuAutKCki8tPdzoFF2fN%2BxLlLWoRSqKlg%3D"}]}
Reporting-Endpoints: heroku-nel=https://nel.heroku.com/reports?ts=1738592814&sid=c4c9725f-1ab0-44d8-820f-430df2718e11&s=ZzBUyJgGPJLuAutKCki8tPdzoFF2fN%2BxLlLWoRSqKlg%3D
Nel: {"report_to":"heroku-nel","max_age":3600,"success_fraction":0.005,"failure_fraction":0.05,"response_headers":["Via"]}
X-Powered-By: Express
Access-Control-Allow-Origin: *
Etag: W/"59-2FUPF5EoAQFXAAgTpYtzgXRT1pg"
Via: 1.1 vegur
CF-Cache-Status: DYNAMIC
Vary: Accept-Encoding
Server: cloudflare
CF-RAY: 90c319447f8f8006-IAD
Content-Encoding: gzip
server-timing: cfL4;desc="?proto=TCP&rtt=5340&min_rtt=5256&rtt_var=2031&sent=6&recv=7&lost=0&retrans=0&sent_bytes=3108&recv_bytes=862&delivery_rate=815068&cwnd=252&unsent_bytes=0&cid=31dc271ca22c6a33&ts=173&x=0"

{
    "name": "Bob",
    "job": "Business Analyst",
    "userID": 2,
    "updatedAt": "2025-02-03T14:26:54.914Z"
}
name before =null
Request method:	PUT
Request URI:	https://reqres.in/api/users/22
Proxy:			<none>
Request params:	<none>
Query params:	<none>
Form params:	<none>
Path params:	<none>
Headers:		Accept=*/*
				Content-Type=application/json
Cookies:		<none>
Multiparts:		<none>
Body:
{
    "name": "!@#$%^&*()",
    "job": "Engineer",
    "userID": 2
}
HTTP/1.1 200 OK
Date: Mon, 03 Feb 2025 14:26:55 GMT
Content-Type: application/json; charset=utf-8
Transfer-Encoding: chunked
Connection: keep-alive
Report-To: {"group":"heroku-nel","max_age":3600,"endpoints":[{"url":"https://nel.heroku.com/reports?ts=1738592815&sid=c4c9725f-1ab0-44d8-820f-430df2718e11&s=fwmvYO035Eq4WGXcv16OTAbkkKF%2FYhC%2FfTiaxOujnqM%3D"}]}
Reporting-Endpoints: heroku-nel=https://nel.heroku.com/reports?ts=1738592815&sid=c4c9725f-1ab0-44d8-820f-430df2718e11&s=fwmvYO035Eq4WGXcv16OTAbkkKF%2FYhC%2FfTiaxOujnqM%3D
Nel: {"report_to":"heroku-nel","max_age":3600,"success_fraction":0.005,"failure_fraction":0.05,"response_headers":["Via"]}
X-Powered-By: Express
Access-Control-Allow-Origin: *
Etag: W/"58-zvPRM0eG0HTNolg9Nbj/VLCzFVs"
Via: 1.1 vegur
CF-Cache-Status: DYNAMIC
Vary: Accept-Encoding
Server: cloudflare
CF-RAY: 90c31946dc4c72ed-IAD
Content-Encoding: gzip
server-timing: cfL4;desc="?proto=TCP&rtt=5268&min_rtt=5122&rtt_var=2025&sent=6&recv=7&lost=0&retrans=0&sent_bytes=3108&recv_bytes=861&delivery_rate=836392&cwnd=239&unsent_bytes=0&cid=f805d6124c7bb9eb&ts=170&x=0"

{
    "name": "!@#$%^&*()",
    "job": "Engineer",
    "userID": 2,
    "updatedAt": "2025-02-03T14:26:55.293Z"
}
name before =null
Request method:	PUT
Request URI:	https://reqres.in/api/users/23
Proxy:			<none>
Request params:	<none>
Query params:	<none>
Form params:	<none>
Path params:	<none>
Headers:		Accept=*/*
				Content-Type=application/json
Cookies:		<none>
Multiparts:		<none>
Body:
{
    "name": "Jane Doe",
    "job": "Tester",
    "userID": 3
}
HTTP/1.1 200 OK
Date: Mon, 03 Feb 2025 14:26:55 GMT
Content-Type: application/json; charset=utf-8
Transfer-Encoding: chunked
Connection: keep-alive
Report-To: {"group":"heroku-nel","max_age":3600,"endpoints":[{"url":"https://nel.heroku.com/reports?ts=1738592815&sid=c4c9725f-1ab0-44d8-820f-430df2718e11&s=fwmvYO035Eq4WGXcv16OTAbkkKF%2FYhC%2FfTiaxOujnqM%3D"}]}
Reporting-Endpoints: heroku-nel=https://nel.heroku.com/reports?ts=1738592815&sid=c4c9725f-1ab0-44d8-820f-430df2718e11&s=fwmvYO035Eq4WGXcv16OTAbkkKF%2FYhC%2FfTiaxOujnqM%3D
Nel: {"report_to":"heroku-nel","max_age":3600,"success_fraction":0.005,"failure_fraction":0.05,"response_headers":["Via"]}
X-Powered-By: Express
Access-Control-Allow-Origin: *
Etag: W/"54-PhM7Yrf2w1Eo5SjA1PRQmSluHMg"
Via: 1.1 vegur
CF-Cache-Status: DYNAMIC
Vary: Accept-Encoding
Server: cloudflare
CF-RAY: 90c31948fd3fd6c3-IAD
Content-Encoding: gzip
server-timing: cfL4;desc="?proto=TCP&rtt=5100&min_rtt=5090&rtt_var=1916&sent=6&recv=7&lost=0&retrans=0&sent_bytes=3108&recv_bytes=857&delivery_rate=841650&cwnd=252&unsent_bytes=0&cid=4163e179164a7f93&ts=172&x=0"

{
    "name": "Jane Doe",
    "job": "Tester",
    "userID": 3,
    "updatedAt": "2025-02-03T14:26:55.634Z"
}
]]></system-out>
  <system-err><![CDATA[]]></system-err>
</testsuite>
