<?xml version="1.0" encoding="UTF-8"?>
<testsuite name="PutTest" tests="7" skipped="0" failures="0" errors="0" timestamp="2025-02-03T14:59:47" hostname="fv-az1784-514" time="2.78">
  <properties/>
  <testcase name="testPutUser[0](2, John Doe, Software Developer, true)" classname="PutTest" time="0.531"/>
  <testcase name="testPutUser[1](2, , QA Engineer, true)" classname="PutTest" time="0.352"/>
  <testcase name="testPutUser[2](2, Alice, , true)" classname="PutTest" time="0.364"/>
  <testcase name="testPutUser[3](2, VeryLongNameThatExceedsNormalLengthaldhiuhisabdkauhiugfKJKASJHFKSJH, Dev, true)" classname="PutTest" time="0.378"/>
  <testcase name="testPutUser[4](2, Bob, Business Analyst, true)" classname="PutTest" time="0.331"/>
  <testcase name="testPutUser[5](2, !@#$%^&amp;*(), Engineer, true)" classname="PutTest" time="0.315"/>
  <testcase name="testPutUser[6](3, Jane Doe, Tester, true)" classname="PutTest" time="0.498"/>
  <system-out><![CDATA[name before =null
Request method:	PUT
Request URI:	https://reqres.in/api/users/22
Proxy:			<none>
Request params:	<none>
Query params:	<none>
Form params:	<none>
Path params:	<none>
Headers:		Accept=*/*
				Content-Type=application/json
Cookies:		<none>
Multiparts:		<none>
Body:
{
    "name": "John Doe",
    "job": "Software Developer",
    "userID": 2
}
HTTP/1.1 200 OK
Date: Mon, 03 Feb 2025 14:59:47 GMT
Content-Type: application/json; charset=utf-8
Transfer-Encoding: chunked
Connection: keep-alive
Report-To: {"group":"heroku-nel","max_age":3600,"endpoints":[{"url":"https://nel.heroku.com/reports?ts=1738594787&sid=c4c9725f-1ab0-44d8-820f-430df2718e11&s=jCuK9%2FAg5aqE0vI3rJzqVqHqC1WGg%2BQwDNWwvRRoThI%3D"}]}
Reporting-Endpoints: heroku-nel=https://nel.heroku.com/reports?ts=1738594787&sid=c4c9725f-1ab0-44d8-820f-430df2718e11&s=jCuK9%2FAg5aqE0vI3rJzqVqHqC1WGg%2BQwDNWwvRRoThI%3D
Nel: {"report_to":"heroku-nel","max_age":3600,"success_fraction":0.005,"failure_fraction":0.05,"response_headers":["Via"]}
X-Powered-By: Express
Access-Control-Allow-Origin: *
Etag: W/"60-pW2AcDXSzDa/yTpJHmL4gaZrBAQ"
Via: 1.1 vegur
CF-Cache-Status: DYNAMIC
Vary: Accept-Encoding
Server: cloudflare
CF-RAY: 90c3496fc88a6fc1-IAD
Content-Encoding: gzip
server-timing: cfL4;desc="?proto=TCP&rtt=5214&min_rtt=5157&rtt_var=1975&sent=6&recv=7&lost=0&retrans=0&sent_bytes=3107&recv_bytes=869&delivery_rate=830715&cwnd=252&unsent_bytes=0&cid=1de694cc61d1ba3a&ts=168&x=0"

{
    "name": "John Doe",
    "job": "Software Developer",
    "userID": 2,
    "updatedAt": "2025-02-03T14:59:47.918Z"
}
name before =null
Request method:	PUT
Request URI:	https://reqres.in/api/users/22
Proxy:			<none>
Request params:	<none>
Query params:	<none>
Form params:	<none>
Path params:	<none>
Headers:		Accept=*/*
				Content-Type=application/json
Cookies:		<none>
Multiparts:		<none>
Body:
{
    "name": "",
    "job": "QA Engineer",
    "userID": 2
}
HTTP/1.1 200 OK
Date: Mon, 03 Feb 2025 14:59:48 GMT
Content-Type: application/json; charset=utf-8
Transfer-Encoding: chunked
Connection: keep-alive
Report-To: {"group":"heroku-nel","max_age":3600,"endpoints":[{"url":"https://nel.heroku.com/reports?ts=1738594788&sid=c4c9725f-1ab0-44d8-820f-430df2718e11&s=OpGfBgAfurZcTxwJUjXD2iQ1JCSeqzZBzVG8hD6OcI4%3D"}]}
Reporting-Endpoints: heroku-nel=https://nel.heroku.com/reports?ts=1738594788&sid=c4c9725f-1ab0-44d8-820f-430df2718e11&s=OpGfBgAfurZcTxwJUjXD2iQ1JCSeqzZBzVG8hD6OcI4%3D
Nel: {"report_to":"heroku-nel","max_age":3600,"success_fraction":0.005,"failure_fraction":0.05,"response_headers":["Via"]}
X-Powered-By: Express
Access-Control-Allow-Origin: *
Etag: W/"51-sz+hWqxFITd6ywmAXy9SgLIvcjc"
Via: 1.1 vegur
CF-Cache-Status: DYNAMIC
Vary: Accept-Encoding
Server: cloudflare
CF-RAY: 90c34971ff34e642-IAD
Content-Encoding: gzip
server-timing: cfL4;desc="?proto=TCP&rtt=5634&min_rtt=5264&rtt_var=1810&sent=6&recv=8&lost=0&retrans=0&sent_bytes=3109&recv_bytes=854&delivery_rate=812749&cwnd=252&unsent_bytes=0&cid=7330b729deb6976b&ts=173&x=0"

{
    "name": "",
    "job": "QA Engineer",
    "userID": 2,
    "updatedAt": "2025-02-03T14:59:48.275Z"
}
name before =null
Request method:	PUT
Request URI:	https://reqres.in/api/users/22
Proxy:			<none>
Request params:	<none>
Query params:	<none>
Form params:	<none>
Path params:	<none>
Headers:		Accept=*/*
				Content-Type=application/json
Cookies:		<none>
Multiparts:		<none>
Body:
{
    "name": "Alice",
    "job": "",
    "userID": 2
}
HTTP/1.1 200 OK
Date: Mon, 03 Feb 2025 14:59:48 GMT
Content-Type: application/json; charset=utf-8
Transfer-Encoding: chunked
Connection: keep-alive
Report-To: {"group":"heroku-nel","max_age":3600,"endpoints":[{"url":"https://nel.heroku.com/reports?ts=1738594788&sid=c4c9725f-1ab0-44d8-820f-430df2718e11&s=OpGfBgAfurZcTxwJUjXD2iQ1JCSeqzZBzVG8hD6OcI4%3D"}]}
Reporting-Endpoints: heroku-nel=https://nel.heroku.com/reports?ts=1738594788&sid=c4c9725f-1ab0-44d8-820f-430df2718e11&s=OpGfBgAfurZcTxwJUjXD2iQ1JCSeqzZBzVG8hD6OcI4%3D
Nel: {"report_to":"heroku-nel","max_age":3600,"success_fraction":0.005,"failure_fraction":0.05,"response_headers":["Via"]}
X-Powered-By: Express
Access-Control-Allow-Origin: *
Etag: W/"4b-QSd2bHOfreiEmhH66Z/VxbSQLkM"
Via: 1.1 vegur
CF-Cache-Status: DYNAMIC
Vary: Accept-Encoding
Server: cloudflare
CF-RAY: 90c3497439fc2030-IAD
Content-Encoding: gzip
server-timing: cfL4;desc="?proto=TCP&rtt=5286&min_rtt=5249&rtt_var=1995&sent=6&recv=7&lost=0&retrans=0&sent_bytes=3108&recv_bytes=848&delivery_rate=816155&cwnd=252&unsent_bytes=0&cid=def729b5dd51aaf6&ts=171&x=0"

{
    "name": "Alice",
    "job": "",
    "userID": 2,
    "updatedAt": "2025-02-03T14:59:48.631Z"
}
name before =null
Request method:	PUT
Request URI:	https://reqres.in/api/users/22
Proxy:			<none>
Request params:	<none>
Query params:	<none>
Form params:	<none>
Path params:	<none>
Headers:		Accept=*/*
				Content-Type=application/json
Cookies:		<none>
Multiparts:		<none>
Body:
{
    "name": "VeryLongNameThatExceedsNormalLengthaldhiuhisabdkauhiugfKJKASJHFKSJH",
    "job": "Dev",
    "userID": 2
}
HTTP/1.1 200 OK
Date: Mon, 03 Feb 2025 14:59:49 GMT
Content-Type: application/json; charset=utf-8
Transfer-Encoding: chunked
Connection: keep-alive
Report-To: {"group":"heroku-nel","max_age":3600,"endpoints":[{"url":"https://nel.heroku.com/reports?ts=1738594789&sid=c4c9725f-1ab0-44d8-820f-430df2718e11&s=D1KQo21Z%2BtLjb54f8OudOzR89%2F1RJBWjgWq8EgLa5xU%3D"}]}
Reporting-Endpoints: heroku-nel=https://nel.heroku.com/reports?ts=1738594789&sid=c4c9725f-1ab0-44d8-820f-430df2718e11&s=D1KQo21Z%2BtLjb54f8OudOzR89%2F1RJBWjgWq8EgLa5xU%3D
Nel: {"report_to":"heroku-nel","max_age":3600,"success_fraction":0.005,"failure_fraction":0.05,"response_headers":["Via"]}
X-Powered-By: Express
Access-Control-Allow-Origin: *
Etag: W/"8c-tXB6GvpU3BDemp0rhMDFuIocGTI"
Via: 1.1 vegur
CF-Cache-Status: DYNAMIC
Vary: Accept-Encoding
Server: cloudflare
CF-RAY: 90c349766a3059e0-IAD
Content-Encoding: gzip
server-timing: cfL4;desc="?proto=TCP&rtt=5236&min_rtt=5117&rtt_var=1542&sent=6&recv=8&lost=0&retrans=0&sent_bytes=3109&recv_bytes=914&delivery_rate=835739&cwnd=251&unsent_bytes=0&cid=1da7c4c2597290ad&ts=208&x=0"

{
    "name": "VeryLongNameThatExceedsNormalLengthaldhiuhisabdkauhiugfKJKASJHFKSJH",
    "job": "Dev",
    "userID": 2,
    "updatedAt": "2025-02-03T14:59:49.020Z"
}
name before =null
Request method:	PUT
Request URI:	https://reqres.in/api/users/22
Proxy:			<none>
Request params:	<none>
Query params:	<none>
Form params:	<none>
Path params:	<none>
Headers:		Accept=*/*
				Content-Type=application/json
Cookies:		<none>
Multiparts:		<none>
Body:
{
    "name": "Bob",
    "job": "Business Analyst",
    "userID": 2
}
HTTP/1.1 200 OK
Date: Mon, 03 Feb 2025 14:59:49 GMT
Content-Type: application/json; charset=utf-8
Transfer-Encoding: chunked
Connection: keep-alive
Report-To: {"group":"heroku-nel","max_age":3600,"endpoints":[{"url":"https://nel.heroku.com/reports?ts=1738594789&sid=c4c9725f-1ab0-44d8-820f-430df2718e11&s=D1KQo21Z%2BtLjb54f8OudOzR89%2F1RJBWjgWq8EgLa5xU%3D"}]}
Reporting-Endpoints: heroku-nel=https://nel.heroku.com/reports?ts=1738594789&sid=c4c9725f-1ab0-44d8-820f-430df2718e11&s=D1KQo21Z%2BtLjb54f8OudOzR89%2F1RJBWjgWq8EgLa5xU%3D
Nel: {"report_to":"heroku-nel","max_age":3600,"success_fraction":0.005,"failure_fraction":0.05,"response_headers":["Via"]}
X-Powered-By: Express
Access-Control-Allow-Origin: *
Etag: W/"59-uMG29hrp1ubOpGJNUYejIhbg9+U"
Via: 1.1 vegur
CF-Cache-Status: DYNAMIC
Vary: Accept-Encoding
Server: cloudflare
CF-RAY: 90c34978bd8b58c6-IAD
Content-Encoding: gzip
server-timing: cfL4;desc="?proto=TCP&rtt=5261&min_rtt=5239&rtt_var=1981&sent=6&recv=7&lost=0&retrans=0&sent_bytes=3108&recv_bytes=862&delivery_rate=817713&cwnd=252&unsent_bytes=0&cid=ff1dc973d1136cc3&ts=178&x=0"

{
    "name": "Bob",
    "job": "Business Analyst",
    "userID": 2,
    "updatedAt": "2025-02-03T14:59:49.358Z"
}
name before =null
Request method:	PUT
Request URI:	https://reqres.in/api/users/22
Proxy:			<none>
Request params:	<none>
Query params:	<none>
Form params:	<none>
Path params:	<none>
Headers:		Accept=*/*
				Content-Type=application/json
Cookies:		<none>
Multiparts:		<none>
Body:
{
    "name": "!@#$%^&*()",
    "job": "Engineer",
    "userID": 2
}
HTTP/1.1 200 OK
Date: Mon, 03 Feb 2025 14:59:49 GMT
Content-Type: application/json; charset=utf-8
Transfer-Encoding: chunked
Connection: keep-alive
Report-To: {"group":"heroku-nel","max_age":3600,"endpoints":[{"url":"https://nel.heroku.com/reports?ts=1738594789&sid=c4c9725f-1ab0-44d8-820f-430df2718e11&s=D1KQo21Z%2BtLjb54f8OudOzR89%2F1RJBWjgWq8EgLa5xU%3D"}]}
Reporting-Endpoints: heroku-nel=https://nel.heroku.com/reports?ts=1738594789&sid=c4c9725f-1ab0-44d8-820f-430df2718e11&s=D1KQo21Z%2BtLjb54f8OudOzR89%2F1RJBWjgWq8EgLa5xU%3D
Nel: {"report_to":"heroku-nel","max_age":3600,"success_fraction":0.005,"failure_fraction":0.05,"response_headers":["Via"]}
X-Powered-By: Express
Access-Control-Allow-Origin: *
Etag: W/"58-MZ3ZVMKW+lwSh1d2klP1ZQ41/yQ"
Via: 1.1 vegur
CF-Cache-Status: DYNAMIC
Vary: Accept-Encoding
Server: cloudflare
CF-RAY: 90c3497ab9ee05dc-IAD
Content-Encoding: gzip
server-timing: cfL4;desc="?proto=TCP&rtt=5748&min_rtt=5182&rtt_var=3076&sent=6&recv=7&lost=0&retrans=0&sent_bytes=3108&recv_bytes=861&delivery_rate=441058&cwnd=252&unsent_bytes=0&cid=6576e80175eeb0a2&ts=172&x=0"

{
    "name": "!@#$%^&*()",
    "job": "Engineer",
    "userID": 2,
    "updatedAt": "2025-02-03T14:59:49.672Z"
}
name before =null
Request method:	PUT
Request URI:	https://reqres.in/api/users/23
Proxy:			<none>
Request params:	<none>
Query params:	<none>
Form params:	<none>
Path params:	<none>
Headers:		Accept=*/*
				Content-Type=application/json
Cookies:		<none>
Multiparts:		<none>
Body:
{
    "name": "Jane Doe",
    "job": "Tester",
    "userID": 3
}
HTTP/1.1 200 OK
Date: Mon, 03 Feb 2025 14:59:50 GMT
Content-Type: application/json; charset=utf-8
Transfer-Encoding: chunked
Connection: keep-alive
Report-To: {"group":"heroku-nel","max_age":3600,"endpoints":[{"url":"https://nel.heroku.com/reports?ts=1738594790&sid=c4c9725f-1ab0-44d8-820f-430df2718e11&s=4n8VUJ4S0lBzvn3fUcSlQeKBasyrTKVLxIf37nc0Z60%3D"}]}
Reporting-Endpoints: heroku-nel=https://nel.heroku.com/reports?ts=1738594790&sid=c4c9725f-1ab0-44d8-820f-430df2718e11&s=4n8VUJ4S0lBzvn3fUcSlQeKBasyrTKVLxIf37nc0Z60%3D
Nel: {"report_to":"heroku-nel","max_age":3600,"success_fraction":0.005,"failure_fraction":0.05,"response_headers":["Via"]}
X-Powered-By: Express
Access-Control-Allow-Origin: *
Etag: W/"54-ibB/xuFURk+KjAH7BzqTEDlQkp8"
Via: 1.1 vegur
CF-Cache-Status: DYNAMIC
Vary: Accept-Encoding
Server: cloudflare
CF-RAY: 90c3497dcb4981e2-IAD
Content-Encoding: gzip
server-timing: cfL4;desc="?proto=TCP&rtt=5277&min_rtt=5180&rtt_var=2012&sent=6&recv=7&lost=0&retrans=0&sent_bytes=3107&recv_bytes=857&delivery_rate=827027&cwnd=252&unsent_bytes=0&cid=4ed9ecaa3b6126d3&ts=186&x=0"

{
    "name": "Jane Doe",
    "job": "Tester",
    "userID": 3,
    "updatedAt": "2025-02-03T14:59:50.162Z"
}
]]></system-out>
  <system-err><![CDATA[]]></system-err>
</testsuite>
