<?xml version="1.0" encoding="UTF-8"?>
<testsuite name="Get_Test" tests="3" skipped="0" failures="0" errors="0" timestamp="2025-01-31T05:44:13" hostname="fv-az1947-105" time="4.553">
  <properties/>
  <testcase name="GetUser[0](9, true)" classname="Get_Test" time="3.839"/>
  <testcase name="GetUser[1](999, false)" classname="Get_Test" time="0.316"/>
  <testcase name="GetUser[2](0, false)" classname="Get_Test" time="0.323"/>
  <system-out><![CDATA[Request method:	GET
Request URI:	https://reqres.in/api/users/9
Proxy:			<none>
Request params:	<none>
Query params:	<none>
Form params:	<none>
Path params:	id=9
Headers:		Accept=*/*
Cookies:		<none>
Multiparts:		<none>
Body:			<none>
HTTP/1.1 200 OK
Date: Fri, 31 Jan 2025 05:44:16 GMT
Content-Type: application/json; charset=utf-8
Transfer-Encoding: chunked
Connection: keep-alive
Report-To: {"group":"heroku-nel","max_age":3600,"endpoints":[{"url":"https://nel.heroku.com/reports?ts=1738302256&sid=c4c9725f-1ab0-44d8-820f-430df2718e11&s=FM4YjsS0Dg0kmsKXfQo0tx76vfOB1DXrC3hrEa5cbuA%3D"}]}
Reporting-Endpoints: heroku-nel=https://nel.heroku.com/reports?ts=1738302256&sid=c4c9725f-1ab0-44d8-820f-430df2718e11&s=FM4YjsS0Dg0kmsKXfQo0tx76vfOB1DXrC3hrEa5cbuA%3D
Nel: {"report_to":"heroku-nel","max_age":3600,"success_fraction":0.005,"failure_fraction":0.05,"response_headers":["Via"]}
X-Powered-By: Express
Access-Control-Allow-Origin: *
Etag: W/"152-FpYvp70F61UHmjz1MpAbXegc4Hc"
Via: 1.1 vegur
Cache-Control: max-age=14400
CF-Cache-Status: MISS
Vary: Accept-Encoding
Server: cloudflare
CF-RAY: 90a7638aec9bebe7-SJC
Content-Encoding: gzip
server-timing: cfL4;desc="?proto=TCP&rtt=1304&min_rtt=1301&rtt_var=494&sent=7&recv=7&lost=0&retrans=0&sent_bytes=3105&recv_bytes=759&delivery_rate=3233207&cwnd=252&unsent_bytes=0&cid=89e256ee793f5c2e&ts=426&x=0"

{
    "data": {
        "id": 9,
        "email": "tobias.funke@reqres.in",
        "first_name": "Tobias",
        "last_name": "Funke",
        "avatar": "https://reqres.in/img/faces/9-image.jpg"
    },
    "support": {
        "url": "https://contentcaddy.io?utm_source=reqres&utm_medium=json&utm_campaign=referral",
        "text": "Tired of writing endless social media content? Let Content Caddy generate it for you."
    }
}
Request method:	GET
Request URI:	https://reqres.in/api/users/999
Proxy:			<none>
Request params:	<none>
Query params:	<none>
Form params:	<none>
Path params:	id=999
Headers:		Accept=*/*
Cookies:		<none>
Multiparts:		<none>
Body:			<none>
HTTP/1.1 404 Not Found
Date: Fri, 31 Jan 2025 05:44:17 GMT
Content-Type: application/json; charset=utf-8
Content-Length: 2
Connection: keep-alive
Report-To: {"group":"heroku-nel","max_age":3600,"endpoints":[{"url":"https://nel.heroku.com/reports?ts=1738302257&sid=c4c9725f-1ab0-44d8-820f-430df2718e11&s=O%2FubkndcUw758vwn2ehALJ3Dp1PvFafk0rahrv1YLy8%3D"}]}
Reporting-Endpoints: heroku-nel=https://nel.heroku.com/reports?ts=1738302257&sid=c4c9725f-1ab0-44d8-820f-430df2718e11&s=O%2FubkndcUw758vwn2ehALJ3Dp1PvFafk0rahrv1YLy8%3D
Nel: {"report_to":"heroku-nel","max_age":3600,"success_fraction":0.005,"failure_fraction":0.05,"response_headers":["Via"]}
X-Powered-By: Express
Access-Control-Allow-Origin: *
Etag: W/"2-vyGp6PvFo4RvsFtPoIWeCReyIC8"
Via: 1.1 vegur
Cache-Control: max-age=14400
CF-Cache-Status: EXPIRED
Vary: Accept-Encoding
Server: cloudflare
CF-RAY: 90a763961fd796a1-SJC
server-timing: cfL4;desc="?proto=TCP&rtt=1365&min_rtt=1270&rtt_var=544&sent=6&recv=7&lost=0&retrans=0&sent_bytes=3107&recv_bytes=761&delivery_rate=3373228&cwnd=252&unsent_bytes=0&cid=b7531c98846c016d&ts=287&x=0"

{
    
}
Request method:	GET
Request URI:	https://reqres.in/api/users/0
Proxy:			<none>
Request params:	<none>
Query params:	<none>
Form params:	<none>
Path params:	id=0
Headers:		Accept=*/*
Cookies:		<none>
Multiparts:		<none>
Body:			<none>
HTTP/1.1 404 Not Found
Date: Fri, 31 Jan 2025 05:44:18 GMT
Content-Type: application/json; charset=utf-8
Content-Length: 2
Connection: keep-alive
Report-To: {"group":"heroku-nel","max_age":3600,"endpoints":[{"url":"https://nel.heroku.com/reports?ts=1738302258&sid=c4c9725f-1ab0-44d8-820f-430df2718e11&s=eUOZwt380irKt3uxPrD5Hc2Z3Po8LBpUP4P0W9ydePw%3D"}]}
Reporting-Endpoints: heroku-nel=https://nel.heroku.com/reports?ts=1738302258&sid=c4c9725f-1ab0-44d8-820f-430df2718e11&s=eUOZwt380irKt3uxPrD5Hc2Z3Po8LBpUP4P0W9ydePw%3D
Nel: {"report_to":"heroku-nel","max_age":3600,"success_fraction":0.005,"failure_fraction":0.05,"response_headers":["Via"]}
X-Powered-By: Express
Access-Control-Allow-Origin: *
Etag: W/"2-vyGp6PvFo4RvsFtPoIWeCReyIC8"
Via: 1.1 vegur
Cache-Control: max-age=14400
CF-Cache-Status: EXPIRED
Vary: Accept-Encoding
Server: cloudflare
CF-RAY: 90a763981feb1722-SJC
server-timing: cfL4;desc="?proto=TCP&rtt=1454&min_rtt=1356&rtt_var=578&sent=6&recv=7&lost=0&retrans=0&sent_bytes=3107&recv_bytes=759&delivery_rate=3159292&cwnd=252&unsent_bytes=0&cid=68df19362cbc30da&ts=295&x=0"

{
    
}
]]></system-out>
  <system-err><![CDATA[]]></system-err>
</testsuite>
