<?xml version="1.0" encoding="UTF-8"?>
<testsuite name="GetTest" tests="3" skipped="0" failures="0" errors="0" timestamp="2025-02-10T14:10:10" hostname="fv-az1316-159" time="4.378">
  <properties/>
  <testcase name="GetUser[0](9, true)" classname="GetTest" time="3.826"/>
  <testcase name="GetUser[1](999, false)" classname="GetTest" time="0.243"/>
  <testcase name="GetUser[2](0, false)" classname="GetTest" time="0.228"/>
  <system-out><![CDATA[Request method:	GET
Request URI:	https://reqres.in/api/users/9
Proxy:			<none>
Request params:	<none>
Query params:	<none>
Form params:	<none>
Path params:	id=9
Headers:		Accept=*/*
Cookies:		<none>
Multiparts:		<none>
Body:			<none>
HTTP/1.1 200 OK
Date: Mon, 10 Feb 2025 14:10:12 GMT
Content-Type: application/json; charset=utf-8
Transfer-Encoding: chunked
Connection: keep-alive
Report-To: {"group":"heroku-nel","max_age":3600,"endpoints":[{"url":"https://nel.heroku.com/reports?ts=1739196612&sid=c4c9725f-1ab0-44d8-820f-430df2718e11&s=HmMpqXHXAkQ7bsGTceugn%2BpgF2asQWur7TCU14Wjh4c%3D"}]}
Reporting-Endpoints: heroku-nel=https://nel.heroku.com/reports?ts=1739196612&sid=c4c9725f-1ab0-44d8-820f-430df2718e11&s=HmMpqXHXAkQ7bsGTceugn%2BpgF2asQWur7TCU14Wjh4c%3D
Nel: {"report_to":"heroku-nel","max_age":3600,"success_fraction":0.005,"failure_fraction":0.05,"response_headers":["Via"]}
X-Powered-By: Express
Access-Control-Allow-Origin: *
Etag: W/"152-FpYvp70F61UHmjz1MpAbXegc4Hc"
Via: 1.1 vegur
Cache-Control: max-age=14400
CF-Cache-Status: MISS
Vary: Accept-Encoding
Server: cloudflare
CF-RAY: 90fcae6dad26635c-ORD
Content-Encoding: gzip
server-timing: cfL4;desc="?proto=TCP&rtt=2072&min_rtt=2061&rtt_var=781&sent=7&recv=7&lost=0&retrans=0&sent_bytes=3108&recv_bytes=759&delivery_rate=2078602&cwnd=252&unsent_bytes=0&cid=4213475f06612023&ts=408&x=0"

{
    "data": {
        "id": 9,
        "email": "tobias.funke@reqres.in",
        "first_name": "Tobias",
        "last_name": "Funke",
        "avatar": "https://reqres.in/img/faces/9-image.jpg"
    },
    "support": {
        "url": "https://contentcaddy.io?utm_source=reqres&utm_medium=json&utm_campaign=referral",
        "text": "Tired of writing endless social media content? Let Content Caddy generate it for you."
    }
}
Request method:	GET
Request URI:	https://reqres.in/api/users/999
Proxy:			<none>
Request params:	<none>
Query params:	<none>
Form params:	<none>
Path params:	id=999
Headers:		Accept=*/*
Cookies:		<none>
Multiparts:		<none>
Body:			<none>
HTTP/1.1 404 Not Found
Date: Mon, 10 Feb 2025 14:10:14 GMT
Content-Type: application/json; charset=utf-8
Content-Length: 2
Connection: keep-alive
Report-To: {"group":"heroku-nel","max_age":3600,"endpoints":[{"url":"https://nel.heroku.com/reports?ts=1739196614&sid=c4c9725f-1ab0-44d8-820f-430df2718e11&s=nxsBirufiGCVOYMCV3BB8SFEShNTr%2BO9RWbA4favGcU%3D"}]}
Reporting-Endpoints: heroku-nel=https://nel.heroku.com/reports?ts=1739196614&sid=c4c9725f-1ab0-44d8-820f-430df2718e11&s=nxsBirufiGCVOYMCV3BB8SFEShNTr%2BO9RWbA4favGcU%3D
Nel: {"report_to":"heroku-nel","max_age":3600,"success_fraction":0.005,"failure_fraction":0.05,"response_headers":["Via"]}
X-Powered-By: Express
Access-Control-Allow-Origin: *
Etag: W/"2-vyGp6PvFo4RvsFtPoIWeCReyIC8"
Via: 1.1 vegur
Cache-Control: max-age=14400
CF-Cache-Status: MISS
Vary: Accept-Encoding
Server: cloudflare
CF-RAY: 90fcae796e92f852-ORD
server-timing: cfL4;desc="?proto=TCP&rtt=5744&min_rtt=1898&rtt_var=3186&sent=6&recv=7&lost=0&retrans=0&sent_bytes=3109&recv_bytes=761&delivery_rate=2257112&cwnd=252&unsent_bytes=0&cid=7423659dc4c89ceb&ts=188&x=0"

{
    
}
Request method:	GET
Request URI:	https://reqres.in/api/users/0
Proxy:			<none>
Request params:	<none>
Query params:	<none>
Form params:	<none>
Path params:	id=0
Headers:		Accept=*/*
Cookies:		<none>
Multiparts:		<none>
Body:			<none>
HTTP/1.1 404 Not Found
Date: Mon, 10 Feb 2025 14:10:15 GMT
Content-Type: application/json; charset=utf-8
Content-Length: 2
Connection: keep-alive
Report-To: {"group":"heroku-nel","max_age":3600,"endpoints":[{"url":"https://nel.heroku.com/reports?ts=1739196614&sid=c4c9725f-1ab0-44d8-820f-430df2718e11&s=nxsBirufiGCVOYMCV3BB8SFEShNTr%2BO9RWbA4favGcU%3D"}]}
Reporting-Endpoints: heroku-nel=https://nel.heroku.com/reports?ts=1739196614&sid=c4c9725f-1ab0-44d8-820f-430df2718e11&s=nxsBirufiGCVOYMCV3BB8SFEShNTr%2BO9RWbA4favGcU%3D
Nel: {"report_to":"heroku-nel","max_age":3600,"success_fraction":0.005,"failure_fraction":0.05,"response_headers":["Via"]}
X-Powered-By: Express
Access-Control-Allow-Origin: *
Etag: W/"2-vyGp6PvFo4RvsFtPoIWeCReyIC8"
Via: 1.1 vegur
Cache-Control: max-age=14400
CF-Cache-Status: MISS
Vary: Accept-Encoding
Server: cloudflare
CF-RAY: 90fcae7abe2bead2-ORD
server-timing: cfL4;desc="?proto=TCP&rtt=2567&min_rtt=2405&rtt_var=1018&sent=6&recv=7&lost=0&retrans=0&sent_bytes=3107&recv_bytes=759&delivery_rate=1781288&cwnd=252&unsent_bytes=0&cid=cb2f6618d7583787&ts=201&x=0"

{
    
}
]]></system-out>
  <system-err><![CDATA[]]></system-err>
</testsuite>
