<?xml version="1.0" encoding="UTF-8"?>
<testsuite name="Put_Test" tests="7" skipped="0" failures="0" errors="0" timestamp="2025-01-31T05:44:20" hostname="fv-az1947-105" time="3.579">
  <properties/>
  <testcase name="testPutUser[0](2, John Doe, Software Developer, true)" classname="Put_Test" time="0.739"/>
  <testcase name="testPutUser[1](2, , QA Engineer, true)" classname="Put_Test" time="0.452"/>
  <testcase name="testPutUser[2](2, Alice, , true)" classname="Put_Test" time="0.467"/>
  <testcase name="testPutUser[3](2, VeryLongNameThatExceedsNormalLengthaldhiuhisabdkauhiugfKJKASJHFKSJH, Dev, true)" classname="Put_Test" time="0.424"/>
  <testcase name="testPutUser[4](2, Bob, Business Analyst, true)" classname="Put_Test" time="0.4"/>
  <testcase name="testPutUser[5](2, !@#$%^&amp;*(), Engineer, true)" classname="Put_Test" time="0.448"/>
  <testcase name="testPutUser[6](3, Jane Doe, Tester, true)" classname="Put_Test" time="0.64"/>
  <system-out><![CDATA[name before =null
Request method:	PUT
Request URI:	https://reqres.in/api/users/22
Proxy:			<none>
Request params:	<none>
Query params:	<none>
Form params:	<none>
Path params:	<none>
Headers:		Accept=*/*
				Content-Type=application/json
Cookies:		<none>
Multiparts:		<none>
Body:
{
    "name": "John Doe",
    "job": "Software Developer",
    "userID": 2
}
HTTP/1.1 200 OK
Date: Fri, 31 Jan 2025 05:44:21 GMT
Content-Type: application/json; charset=utf-8
Transfer-Encoding: chunked
Connection: keep-alive
Report-To: {"group":"heroku-nel","max_age":3600,"endpoints":[{"url":"https://nel.heroku.com/reports?ts=1738302261&sid=c4c9725f-1ab0-44d8-820f-430df2718e11&s=y3rIJE8whiNRqN1X3SaF4oPoyK4HXFfoHN8fweu3faU%3D"}]}
Reporting-Endpoints: heroku-nel=https://nel.heroku.com/reports?ts=1738302261&sid=c4c9725f-1ab0-44d8-820f-430df2718e11&s=y3rIJE8whiNRqN1X3SaF4oPoyK4HXFfoHN8fweu3faU%3D
Nel: {"report_to":"heroku-nel","max_age":3600,"success_fraction":0.005,"failure_fraction":0.05,"response_headers":["Via"]}
X-Powered-By: Express
Access-Control-Allow-Origin: *
Etag: W/"60-6doTEcNf2D8/APk0C04/kIc3y/I"
Via: 1.1 vegur
CF-Cache-Status: DYNAMIC
Vary: Accept-Encoding
Server: cloudflare
CF-RAY: 90a763abdec72343-SJC
Content-Encoding: gzip
server-timing: cfL4;desc="?proto=TCP&rtt=1518&min_rtt=1500&rtt_var=575&sent=6&recv=7&lost=0&retrans=0&sent_bytes=3107&recv_bytes=869&delivery_rate=2856000&cwnd=252&unsent_bytes=0&cid=17bb2e82ab385fbe&ts=281&x=0"

{
    "name": "John Doe",
    "job": "Software Developer",
    "userID": 2,
    "updatedAt": "2025-01-31T05:44:21.296Z"
}
name before =null
Request method:	PUT
Request URI:	https://reqres.in/api/users/22
Proxy:			<none>
Request params:	<none>
Query params:	<none>
Form params:	<none>
Path params:	<none>
Headers:		Accept=*/*
				Content-Type=application/json
Cookies:		<none>
Multiparts:		<none>
Body:
{
    "name": "",
    "job": "QA Engineer",
    "userID": 2
}
HTTP/1.1 200 OK
Date: Fri, 31 Jan 2025 05:44:21 GMT
Content-Type: application/json; charset=utf-8
Transfer-Encoding: chunked
Connection: keep-alive
Report-To: {"group":"heroku-nel","max_age":3600,"endpoints":[{"url":"https://nel.heroku.com/reports?ts=1738302261&sid=c4c9725f-1ab0-44d8-820f-430df2718e11&s=y3rIJE8whiNRqN1X3SaF4oPoyK4HXFfoHN8fweu3faU%3D"}]}
Reporting-Endpoints: heroku-nel=https://nel.heroku.com/reports?ts=1738302261&sid=c4c9725f-1ab0-44d8-820f-430df2718e11&s=y3rIJE8whiNRqN1X3SaF4oPoyK4HXFfoHN8fweu3faU%3D
Nel: {"report_to":"heroku-nel","max_age":3600,"success_fraction":0.005,"failure_fraction":0.05,"response_headers":["Via"]}
X-Powered-By: Express
Access-Control-Allow-Origin: *
Etag: W/"51-iLozs+MCMQIg8XMT3DvDnyNvJl0"
Via: 1.1 vegur
CF-Cache-Status: DYNAMIC
Vary: Accept-Encoding
Server: cloudflare
CF-RAY: 90a763ae79c3fa2a-SJC
Content-Encoding: gzip
server-timing: cfL4;desc="?proto=TCP&rtt=1646&min_rtt=1588&rtt_var=637&sent=6&recv=7&lost=0&retrans=0&sent_bytes=3106&recv_bytes=854&delivery_rate=2697732&cwnd=252&unsent_bytes=0&cid=9de972ccea14694c&ts=310&x=0"

{
    "name": "",
    "job": "QA Engineer",
    "userID": 2,
    "updatedAt": "2025-01-31T05:44:21.738Z"
}
name before =null
Request method:	PUT
Request URI:	https://reqres.in/api/users/22
Proxy:			<none>
Request params:	<none>
Query params:	<none>
Form params:	<none>
Path params:	<none>
Headers:		Accept=*/*
				Content-Type=application/json
Cookies:		<none>
Multiparts:		<none>
Body:
{
    "name": "Alice",
    "job": "",
    "userID": 2
}
HTTP/1.1 200 OK
Date: Fri, 31 Jan 2025 05:44:22 GMT
Content-Type: application/json; charset=utf-8
Transfer-Encoding: chunked
Connection: keep-alive
Report-To: {"group":"heroku-nel","max_age":3600,"endpoints":[{"url":"https://nel.heroku.com/reports?ts=1738302262&sid=c4c9725f-1ab0-44d8-820f-430df2718e11&s=Y1%2FOsAxESJL2Xn5OlkIFYcC0IWhb1FgT2NXR8YgQwbg%3D"}]}
Reporting-Endpoints: heroku-nel=https://nel.heroku.com/reports?ts=1738302262&sid=c4c9725f-1ab0-44d8-820f-430df2718e11&s=Y1%2FOsAxESJL2Xn5OlkIFYcC0IWhb1FgT2NXR8YgQwbg%3D
Nel: {"report_to":"heroku-nel","max_age":3600,"success_fraction":0.005,"failure_fraction":0.05,"response_headers":["Via"]}
X-Powered-By: Express
Access-Control-Allow-Origin: *
Etag: W/"4b-MQnKNdfY/SWnO0hZbOSIdGrTNow"
Via: 1.1 vegur
CF-Cache-Status: DYNAMIC
Vary: Accept-Encoding
Server: cloudflare
CF-RAY: 90a763b16b8efa8a-SJC
Content-Encoding: gzip
server-timing: cfL4;desc="?proto=TCP&rtt=1475&min_rtt=1376&rtt_var=587&sent=6&recv=7&lost=0&retrans=0&sent_bytes=3106&recv_bytes=848&delivery_rate=3113372&cwnd=252&unsent_bytes=0&cid=063b0c4b061612b1&ts=314&x=0"

{
    "name": "Alice",
    "job": "",
    "userID": 2,
    "updatedAt": "2025-01-31T05:44:22.209Z"
}
name before =null
Request method:	PUT
Request URI:	https://reqres.in/api/users/22
Proxy:			<none>
Request params:	<none>
Query params:	<none>
Form params:	<none>
Path params:	<none>
Headers:		Accept=*/*
				Content-Type=application/json
Cookies:		<none>
Multiparts:		<none>
Body:
{
    "name": "VeryLongNameThatExceedsNormalLengthaldhiuhisabdkauhiugfKJKASJHFKSJH",
    "job": "Dev",
    "userID": 2
}
HTTP/1.1 200 OK
Date: Fri, 31 Jan 2025 05:44:22 GMT
Content-Type: application/json; charset=utf-8
Transfer-Encoding: chunked
Connection: keep-alive
Report-To: {"group":"heroku-nel","max_age":3600,"endpoints":[{"url":"https://nel.heroku.com/reports?ts=1738302262&sid=c4c9725f-1ab0-44d8-820f-430df2718e11&s=Y1%2FOsAxESJL2Xn5OlkIFYcC0IWhb1FgT2NXR8YgQwbg%3D"}]}
Reporting-Endpoints: heroku-nel=https://nel.heroku.com/reports?ts=1738302262&sid=c4c9725f-1ab0-44d8-820f-430df2718e11&s=Y1%2FOsAxESJL2Xn5OlkIFYcC0IWhb1FgT2NXR8YgQwbg%3D
Nel: {"report_to":"heroku-nel","max_age":3600,"success_fraction":0.005,"failure_fraction":0.05,"response_headers":["Via"]}
X-Powered-By: Express
Access-Control-Allow-Origin: *
Etag: W/"8c-E9YZXfWGuUcAqWwgJX6QzVlWft8"
Via: 1.1 vegur
CF-Cache-Status: DYNAMIC
Vary: Accept-Encoding
Server: cloudflare
CF-RAY: 90a763b4388e5c18-SJC
Content-Encoding: gzip
server-timing: cfL4;desc="?proto=TCP&rtt=1396&min_rtt=1307&rtt_var=554&sent=6&recv=7&lost=0&retrans=0&sent_bytes=3105&recv_bytes=914&delivery_rate=3277735&cwnd=252&unsent_bytes=0&cid=b4ccdada340e22b4&ts=279&x=0"

{
    "name": "VeryLongNameThatExceedsNormalLengthaldhiuhisabdkauhiugfKJKASJHFKSJH",
    "job": "Dev",
    "userID": 2,
    "updatedAt": "2025-01-31T05:44:22.641Z"
}
name before =null
Request method:	PUT
Request URI:	https://reqres.in/api/users/22
Proxy:			<none>
Request params:	<none>
Query params:	<none>
Form params:	<none>
Path params:	<none>
Headers:		Accept=*/*
				Content-Type=application/json
Cookies:		<none>
Multiparts:		<none>
Body:
{
    "name": "Bob",
    "job": "Business Analyst",
    "userID": 2
}
HTTP/1.1 200 OK
Date: Fri, 31 Jan 2025 05:44:23 GMT
Content-Type: application/json; charset=utf-8
Transfer-Encoding: chunked
Connection: keep-alive
Report-To: {"group":"heroku-nel","max_age":3600,"endpoints":[{"url":"https://nel.heroku.com/reports?ts=1738302263&sid=c4c9725f-1ab0-44d8-820f-430df2718e11&s=Vga631Kanaom6%2FuamrMJgihOwfEpiWqpvQ3sfw3J4tE%3D"}]}
Reporting-Endpoints: heroku-nel=https://nel.heroku.com/reports?ts=1738302263&sid=c4c9725f-1ab0-44d8-820f-430df2718e11&s=Vga631Kanaom6%2FuamrMJgihOwfEpiWqpvQ3sfw3J4tE%3D
Nel: {"report_to":"heroku-nel","max_age":3600,"success_fraction":0.005,"failure_fraction":0.05,"response_headers":["Via"]}
X-Powered-By: Express
Access-Control-Allow-Origin: *
Etag: W/"59-4dDSRHM1gnY7zwTc13vbvfMEL10"
Via: 1.1 vegur
CF-Cache-Status: DYNAMIC
Vary: Accept-Encoding
Server: cloudflare
CF-RAY: 90a763b6cdfb9675-SJC
Content-Encoding: gzip
server-timing: cfL4;desc="?proto=TCP&rtt=1529&min_rtt=1301&rtt_var=651&sent=6&recv=7&lost=0&retrans=0&sent_bytes=3106&recv_bytes=862&delivery_rate=3292851&cwnd=252&unsent_bytes=0&cid=848c941de27bf2cd&ts=273&x=0"

{
    "name": "Bob",
    "job": "Business Analyst",
    "userID": 2,
    "updatedAt": "2025-01-31T05:44:23.047Z"
}
name before =null
Request method:	PUT
Request URI:	https://reqres.in/api/users/22
Proxy:			<none>
Request params:	<none>
Query params:	<none>
Form params:	<none>
Path params:	<none>
Headers:		Accept=*/*
				Content-Type=application/json
Cookies:		<none>
Multiparts:		<none>
Body:
{
    "name": "!@#$%^&*()",
    "job": "Engineer",
    "userID": 2
}
HTTP/1.1 200 OK
Date: Fri, 31 Jan 2025 05:44:23 GMT
Content-Type: application/json; charset=utf-8
Transfer-Encoding: chunked
Connection: keep-alive
Report-To: {"group":"heroku-nel","max_age":3600,"endpoints":[{"url":"https://nel.heroku.com/reports?ts=1738302263&sid=c4c9725f-1ab0-44d8-820f-430df2718e11&s=Vga631Kanaom6%2FuamrMJgihOwfEpiWqpvQ3sfw3J4tE%3D"}]}
Reporting-Endpoints: heroku-nel=https://nel.heroku.com/reports?ts=1738302263&sid=c4c9725f-1ab0-44d8-820f-430df2718e11&s=Vga631Kanaom6%2FuamrMJgihOwfEpiWqpvQ3sfw3J4tE%3D
Nel: {"report_to":"heroku-nel","max_age":3600,"success_fraction":0.005,"failure_fraction":0.05,"response_headers":["Via"]}
X-Powered-By: Express
Access-Control-Allow-Origin: *
Etag: W/"58-KrUjSF8qpDNjO18qNiXHcii1qCg"
Via: 1.1 vegur
CF-Cache-Status: DYNAMIC
Vary: Accept-Encoding
Server: cloudflare
CF-RAY: 90a763b96fad943e-SJC
Content-Encoding: gzip
server-timing: cfL4;desc="?proto=TCP&rtt=1330&min_rtt=1309&rtt_var=534&sent=6&recv=7&lost=0&retrans=0&sent_bytes=3106&recv_bytes=861&delivery_rate=2886792&cwnd=252&unsent_bytes=0&cid=005e2334da345f54&ts=307&x=0"

{
    "name": "!@#$%^&*()",
    "job": "Engineer",
    "userID": 2,
    "updatedAt": "2025-01-31T05:44:23.482Z"
}
name before =null
Request method:	PUT
Request URI:	https://reqres.in/api/users/23
Proxy:			<none>
Request params:	<none>
Query params:	<none>
Form params:	<none>
Path params:	<none>
Headers:		Accept=*/*
				Content-Type=application/json
Cookies:		<none>
Multiparts:		<none>
Body:
{
    "name": "Jane Doe",
    "job": "Tester",
    "userID": 3
}
HTTP/1.1 200 OK
Date: Fri, 31 Jan 2025 05:44:24 GMT
Content-Type: application/json; charset=utf-8
Transfer-Encoding: chunked
Connection: keep-alive
Report-To: {"group":"heroku-nel","max_age":3600,"endpoints":[{"url":"https://nel.heroku.com/reports?ts=1738302264&sid=c4c9725f-1ab0-44d8-820f-430df2718e11&s=eTehXDB0%2BNYCBPiQJhosJW5U1Scxmlorisbm6b2JVtI%3D"}]}
Reporting-Endpoints: heroku-nel=https://nel.heroku.com/reports?ts=1738302264&sid=c4c9725f-1ab0-44d8-820f-430df2718e11&s=eTehXDB0%2BNYCBPiQJhosJW5U1Scxmlorisbm6b2JVtI%3D
Nel: {"report_to":"heroku-nel","max_age":3600,"success_fraction":0.005,"failure_fraction":0.05,"response_headers":["Via"]}
X-Powered-By: Express
Access-Control-Allow-Origin: *
Etag: W/"54-/O30vHS76/hhwrX4AU6U74MEM+Y"
Via: 1.1 vegur
CF-Cache-Status: DYNAMIC
Vary: Accept-Encoding
Server: cloudflare
CF-RAY: 90a763bda90415d0-SJC
Content-Encoding: gzip
server-timing: cfL4;desc="?proto=TCP&rtt=1361&min_rtt=1263&rtt_var=544&sent=6&recv=7&lost=0&retrans=0&sent_bytes=3106&recv_bytes=857&delivery_rate=3391923&cwnd=252&unsent_bytes=0&cid=3a42ed447083b8e3&ts=267&x=0"

{
    "name": "Jane Doe",
    "job": "Tester",
    "userID": 3,
    "updatedAt": "2025-01-31T05:44:24.135Z"
}
]]></system-out>
  <system-err><![CDATA[]]></system-err>
</testsuite>
