<?xml version="1.0" encoding="UTF-8"?>
<testsuite name="Get_Test" tests="3" skipped="0" failures="0" errors="0" timestamp="2025-01-31T07:57:58" hostname="fv-az1721-166" time="4.898">
  <properties/>
  <testcase name="GetUser[0](9, true)" classname="Get_Test" time="4.129"/>
  <testcase name="GetUser[1](999, false)" classname="Get_Test" time="0.344"/>
  <testcase name="GetUser[2](0, false)" classname="Get_Test" time="0.355"/>
  <system-out><![CDATA[Request method:	GET
Request URI:	https://reqres.in/api/users/9
Proxy:			<none>
Request params:	<none>
Query params:	<none>
Form params:	<none>
Path params:	id=9
Headers:		Accept=*/*
Cookies:		<none>
Multiparts:		<none>
Body:			<none>
HTTP/1.1 200 OK
Date: Fri, 31 Jan 2025 07:58:01 GMT
Content-Type: application/json; charset=utf-8
Transfer-Encoding: chunked
Connection: keep-alive
Report-To: {"group":"heroku-nel","max_age":3600,"endpoints":[{"url":"https://nel.heroku.com/reports?ts=1738297875&sid=c4c9725f-1ab0-44d8-820f-430df2718e11&s=rkHKDy1ipesn%2FpFkhcWUPGuKWmT1TOxe5NxUsDMwCk4%3D"}]}
Reporting-Endpoints: heroku-nel=https://nel.heroku.com/reports?ts=1738297875&sid=c4c9725f-1ab0-44d8-820f-430df2718e11&s=rkHKDy1ipesn%2FpFkhcWUPGuKWmT1TOxe5NxUsDMwCk4%3D
Nel: {"report_to":"heroku-nel","max_age":3600,"success_fraction":0.005,"failure_fraction":0.05,"response_headers":["Via"]}
X-Powered-By: Express
Access-Control-Allow-Origin: *
Etag: W/"152-FpYvp70F61UHmjz1MpAbXegc4Hc"
Via: 1.1 vegur
Cache-Control: max-age=14400
CF-Cache-Status: HIT
Age: 4275
Vary: Accept-Encoding
Server: cloudflare
CF-RAY: 90a8277a6fc0c9af-IAD
Content-Encoding: gzip
server-timing: cfL4;desc="?proto=TCP&rtt=5302&min_rtt=5271&rtt_var=1999&sent=7&recv=7&lost=0&retrans=0&sent_bytes=3106&recv_bytes=759&delivery_rate=812749&cwnd=252&unsent_bytes=0&cid=dd535cb9207a98d2&ts=524&x=0"

{
    "data": {
        "id": 9,
        "email": "tobias.funke@reqres.in",
        "first_name": "Tobias",
        "last_name": "Funke",
        "avatar": "https://reqres.in/img/faces/9-image.jpg"
    },
    "support": {
        "url": "https://contentcaddy.io?utm_source=reqres&utm_medium=json&utm_campaign=referral",
        "text": "Tired of writing endless social media content? Let Content Caddy generate it for you."
    }
}
Request method:	GET
Request URI:	https://reqres.in/api/users/999
Proxy:			<none>
Request params:	<none>
Query params:	<none>
Form params:	<none>
Path params:	id=999
Headers:		Accept=*/*
Cookies:		<none>
Multiparts:		<none>
Body:			<none>
HTTP/1.1 404 Not Found
Date: Fri, 31 Jan 2025 07:58:03 GMT
Content-Type: application/json; charset=utf-8
Content-Length: 2
Connection: keep-alive
Report-To: {"group":"heroku-nel","max_age":3600,"endpoints":[{"url":"https://nel.heroku.com/reports?ts=1738310283&sid=c4c9725f-1ab0-44d8-820f-430df2718e11&s=FQmkcO2nKd8zH86pFjLrpKFv%2F0CHhHb1FkwE9upRVOU%3D"}]}
Reporting-Endpoints: heroku-nel=https://nel.heroku.com/reports?ts=1738310283&sid=c4c9725f-1ab0-44d8-820f-430df2718e11&s=FQmkcO2nKd8zH86pFjLrpKFv%2F0CHhHb1FkwE9upRVOU%3D
Nel: {"report_to":"heroku-nel","max_age":3600,"success_fraction":0.005,"failure_fraction":0.05,"response_headers":["Via"]}
X-Powered-By: Express
Access-Control-Allow-Origin: *
Etag: W/"2-vyGp6PvFo4RvsFtPoIWeCReyIC8"
Via: 1.1 vegur
Cache-Control: max-age=14400
CF-Cache-Status: EXPIRED
Vary: Accept-Encoding
Server: cloudflare
CF-RAY: 90a82784fc9b20a2-IAD
server-timing: cfL4;desc="?proto=TCP&rtt=5358&min_rtt=5265&rtt_var=1562&sent=6&recv=8&lost=0&retrans=0&sent_bytes=3106&recv_bytes=761&delivery_rate=812594&cwnd=252&unsent_bytes=0&cid=f4e6522c576ef96f&ts=308&x=0"

{
    
}
Request method:	GET
Request URI:	https://reqres.in/api/users/0
Proxy:			<none>
Request params:	<none>
Query params:	<none>
Form params:	<none>
Path params:	id=0
Headers:		Accept=*/*
Cookies:		<none>
Multiparts:		<none>
Body:			<none>
HTTP/1.1 404 Not Found
Date: Fri, 31 Jan 2025 07:58:03 GMT
Content-Type: application/json; charset=utf-8
Content-Length: 2
Connection: keep-alive
Report-To: {"group":"heroku-nel","max_age":3600,"endpoints":[{"url":"https://nel.heroku.com/reports?ts=1738310283&sid=c4c9725f-1ab0-44d8-820f-430df2718e11&s=FQmkcO2nKd8zH86pFjLrpKFv%2F0CHhHb1FkwE9upRVOU%3D"}]}
Reporting-Endpoints: heroku-nel=https://nel.heroku.com/reports?ts=1738310283&sid=c4c9725f-1ab0-44d8-820f-430df2718e11&s=FQmkcO2nKd8zH86pFjLrpKFv%2F0CHhHb1FkwE9upRVOU%3D
Nel: {"report_to":"heroku-nel","max_age":3600,"success_fraction":0.005,"failure_fraction":0.05,"response_headers":["Via"]}
X-Powered-By: Express
Access-Control-Allow-Origin: *
Etag: W/"2-vyGp6PvFo4RvsFtPoIWeCReyIC8"
Via: 1.1 vegur
Cache-Control: max-age=14400
CF-Cache-Status: EXPIRED
Vary: Accept-Encoding
Server: cloudflare
CF-RAY: 90a827872f60c593-IAD
server-timing: cfL4;desc="?proto=TCP&rtt=5544&min_rtt=5513&rtt_var=2131&sent=6&recv=7&lost=0&retrans=0&sent_bytes=3106&recv_bytes=759&delivery_rate=742847&cwnd=252&unsent_bytes=0&cid=1e0aaa49ae0fc501&ts=317&x=0"

{
    
}
]]></system-out>
  <system-err><![CDATA[]]></system-err>
</testsuite>
