<?xml version="1.0" encoding="UTF-8"?>
<testsuite name="DeleteTest" tests="1" skipped="0" failures="0" errors="0" timestamp="2025-02-06T10:55:43" hostname="fv-az1701-40" time="0.307">
  <properties/>
  <testcase name="DeleteUser[0](204)" classname="DeleteTest" time="0.307"/>
  <system-out><![CDATA[Request method:	DELETE
Request URI:	https://reqres.in/api/users/2
Proxy:			<none>
Request params:	<none>
Query params:	<none>
Form params:	<none>
Path params:	<none>
Headers:		Accept=*/*
Cookies:		<none>
Multiparts:		<none>
Body:			<none>
HTTP/1.1 204 No Content
Date: Thu, 06 Feb 2025 10:55:43 GMT
Content-Length: 0
Connection: keep-alive
Report-To: {"group":"heroku-nel","max_age":3600,"endpoints":[{"url":"https://nel.heroku.com/reports?ts=1738839343&sid=c4c9725f-1ab0-44d8-820f-430df2718e11&s=9quXadhcoZyLDhPmItmnwdI%2FtWfvw8wZNcrO%2BoyC2bM%3D"}]}
Reporting-Endpoints: heroku-nel=https://nel.heroku.com/reports?ts=1738839343&sid=c4c9725f-1ab0-44d8-820f-430df2718e11&s=9quXadhcoZyLDhPmItmnwdI%2FtWfvw8wZNcrO%2BoyC2bM%3D
Nel: {"report_to":"heroku-nel","max_age":3600,"success_fraction":0.005,"failure_fraction":0.05,"response_headers":["Via"]}
X-Powered-By: Express
Access-Control-Allow-Origin: *
Etag: W/"2-vyGp6PvFo4RvsFtPoIWeCReyIC8"
Via: 1.1 vegur
cf-cache-status: DYNAMIC
Server: cloudflare
CF-RAY: 90da9c071b436450-SJC
server-timing: cfL4;desc="?proto=TCP&rtt=1450&min_rtt=1440&rtt_var=561&sent=6&recv=7&lost=0&retrans=0&sent_bytes=3109&recv_bytes=762&delivery_rate=2809180&cwnd=252&unsent_bytes=0&cid=012be690b59d89bb&ts=292&x=0"
]]></system-out>
  <system-err><![CDATA[]]></system-err>
</testsuite>
