<?xml version="1.0" encoding="UTF-8"?>
<testsuite name="Get_Test" tests="3" skipped="0" failures="0" errors="0" timestamp="2025-01-30T19:28:39" hostname="fv-az1922-273" time="4.605">
  <properties/>
  <testcase name="GetUser[0](9, true)" classname="Get_Test" time="3.878"/>
  <testcase name="GetUser[1](999, false)" classname="Get_Test" time="0.336"/>
  <testcase name="GetUser[2](0, false)" classname="Get_Test" time="0.319"/>
  <system-out><![CDATA[Request method:	GET
Request URI:	https://reqres.in/api/users/9
Proxy:			<none>
Request params:	<none>
Query params:	<none>
Form params:	<none>
Path params:	id=9
Headers:		Accept=*/*
Cookies:		<none>
Multiparts:		<none>
Body:			<none>
HTTP/1.1 200 OK
Date: Thu, 30 Jan 2025 19:28:42 GMT
Content-Type: application/json; charset=utf-8
Transfer-Encoding: chunked
Connection: keep-alive
Report-To: {"group":"heroku-nel","max_age":3600,"endpoints":[{"url":"https://nel.heroku.com/reports?ts=1738257630&sid=c4c9725f-1ab0-44d8-820f-430df2718e11&s=YjiDwDYG70oGhc%2BJw6Js7ZEYgyW3pkTcZYlaFYUDzCk%3D"}]}
Reporting-Endpoints: heroku-nel=https://nel.heroku.com/reports?ts=1738257630&sid=c4c9725f-1ab0-44d8-820f-430df2718e11&s=YjiDwDYG70oGhc%2BJw6Js7ZEYgyW3pkTcZYlaFYUDzCk%3D
Nel: {"report_to":"heroku-nel","max_age":3600,"success_fraction":0.005,"failure_fraction":0.05,"response_headers":["Via"]}
X-Powered-By: Express
Access-Control-Allow-Origin: *
Etag: W/"152-FpYvp70F61UHmjz1MpAbXegc4Hc"
Via: 1.1 vegur
Cache-Control: max-age=14400
CF-Cache-Status: REVALIDATED
Vary: Accept-Encoding
Server: cloudflare
CF-RAY: 90a3ddd62beb7af2-SJC
Content-Encoding: gzip
server-timing: cfL4;desc="?proto=TCP&rtt=1670&min_rtt=1661&rtt_var=642&sent=7&recv=7&lost=0&retrans=0&sent_bytes=3105&recv_bytes=759&delivery_rate=2463484&cwnd=252&unsent_bytes=0&cid=022e16387272e960&ts=403&x=0"

{
    "data": {
        "id": 9,
        "email": "tobias.funke@reqres.in",
        "first_name": "Tobias",
        "last_name": "Funke",
        "avatar": "https://reqres.in/img/faces/9-image.jpg"
    },
    "support": {
        "url": "https://contentcaddy.io?utm_source=reqres&utm_medium=json&utm_campaign=referral",
        "text": "Tired of writing endless social media content? Let Content Caddy generate it for you."
    }
}
Request method:	GET
Request URI:	https://reqres.in/api/users/999
Proxy:			<none>
Request params:	<none>
Query params:	<none>
Form params:	<none>
Path params:	id=999
Headers:		Accept=*/*
Cookies:		<none>
Multiparts:		<none>
Body:			<none>
HTTP/1.1 404 Not Found
Date: Thu, 30 Jan 2025 19:28:44 GMT
Content-Type: application/json; charset=utf-8
Content-Length: 2
Connection: keep-alive
Report-To: {"group":"heroku-nel","max_age":3600,"endpoints":[{"url":"https://nel.heroku.com/reports?ts=1738265323&sid=c4c9725f-1ab0-44d8-820f-430df2718e11&s=5GZNt1hlyC4WlsUr0VySX7ijGAdRA5nZuecBi%2B41gcQ%3D"}]}
Reporting-Endpoints: heroku-nel=https://nel.heroku.com/reports?ts=1738265323&sid=c4c9725f-1ab0-44d8-820f-430df2718e11&s=5GZNt1hlyC4WlsUr0VySX7ijGAdRA5nZuecBi%2B41gcQ%3D
Nel: {"report_to":"heroku-nel","max_age":3600,"success_fraction":0.005,"failure_fraction":0.05,"response_headers":["Via"]}
X-Powered-By: Express
Access-Control-Allow-Origin: *
Etag: W/"2-vyGp6PvFo4RvsFtPoIWeCReyIC8"
Via: 1.1 vegur
Cache-Control: max-age=14400
CF-Cache-Status: EXPIRED
Vary: Accept-Encoding
Server: cloudflare
CF-RAY: 90a3dde19ed0cf29-SJC
server-timing: cfL4;desc="?proto=TCP&rtt=1627&min_rtt=1460&rtt_var=667&sent=6&recv=7&lost=0&retrans=0&sent_bytes=3106&recv_bytes=761&delivery_rate=2934246&cwnd=252&unsent_bytes=0&cid=d611e312210584e9&ts=311&x=0"

{
    
}
Request method:	GET
Request URI:	https://reqres.in/api/users/0
Proxy:			<none>
Request params:	<none>
Query params:	<none>
Form params:	<none>
Path params:	id=0
Headers:		Accept=*/*
Cookies:		<none>
Multiparts:		<none>
Body:			<none>
HTTP/1.1 404 Not Found
Date: Thu, 30 Jan 2025 19:28:44 GMT
Content-Type: application/json; charset=utf-8
Content-Length: 2
Connection: keep-alive
Report-To: {"group":"heroku-nel","max_age":3600,"endpoints":[{"url":"https://nel.heroku.com/reports?ts=1738265324&sid=c4c9725f-1ab0-44d8-820f-430df2718e11&s=U2XrP2nrHT01eqjYBCmjGeh3OUAnqLEXcKEXf75G4YE%3D"}]}
Reporting-Endpoints: heroku-nel=https://nel.heroku.com/reports?ts=1738265324&sid=c4c9725f-1ab0-44d8-820f-430df2718e11&s=U2XrP2nrHT01eqjYBCmjGeh3OUAnqLEXcKEXf75G4YE%3D
Nel: {"report_to":"heroku-nel","max_age":3600,"success_fraction":0.005,"failure_fraction":0.05,"response_headers":["Via"]}
X-Powered-By: Express
Access-Control-Allow-Origin: *
Etag: W/"2-vyGp6PvFo4RvsFtPoIWeCReyIC8"
Via: 1.1 vegur
Cache-Control: max-age=14400
CF-Cache-Status: EXPIRED
Vary: Accept-Encoding
Server: cloudflare
CF-RAY: 90a3dde3bc3617de-SJC
server-timing: cfL4;desc="?proto=TCP&rtt=1356&min_rtt=1343&rtt_var=530&sent=6&recv=7&lost=0&retrans=0&sent_bytes=3106&recv_bytes=759&delivery_rate=2954482&cwnd=252&unsent_bytes=0&cid=3d942721d0cee3f0&ts=295&x=0"

{
    
}
]]></system-out>
  <system-err><![CDATA[]]></system-err>
</testsuite>
