<?xml version="1.0" encoding="UTF-8"?>
<testsuite name="GetTest" tests="3" skipped="0" failures="0" errors="0" timestamp="2025-02-03T14:59:51" hostname="fv-az1334-115" time="3.64">
  <properties/>
  <testcase name="GetUser[0](9, true)" classname="GetTest" time="3.447"/>
  <testcase name="GetUser[1](999, false)" classname="GetTest" time="0.054"/>
  <testcase name="GetUser[2](0, false)" classname="GetTest" time="0.06"/>
  <system-out><![CDATA[Request method:	GET
Request URI:	https://reqres.in/api/users/9
Proxy:			<none>
Request params:	<none>
Query params:	<none>
Form params:	<none>
Path params:	id=9
Headers:		Accept=*/*
Cookies:		<none>
Multiparts:		<none>
Body:			<none>
HTTP/1.1 200 OK
Date: Mon, 03 Feb 2025 14:59:53 GMT
Content-Type: application/json; charset=utf-8
Transfer-Encoding: chunked
Connection: keep-alive
Report-To: {"group":"heroku-nel","max_age":3600,"endpoints":[{"url":"https://nel.heroku.com/reports?ts=1738594778&sid=c4c9725f-1ab0-44d8-820f-430df2718e11&s=8CIRZhhf8c%2B%2F1jH7J4m%2BgmTt3J7Ieq3u1BsK04iyu1Y%3D"}]}
Reporting-Endpoints: heroku-nel=https://nel.heroku.com/reports?ts=1738594778&sid=c4c9725f-1ab0-44d8-820f-430df2718e11&s=8CIRZhhf8c%2B%2F1jH7J4m%2BgmTt3J7Ieq3u1BsK04iyu1Y%3D
Nel: {"report_to":"heroku-nel","max_age":3600,"success_fraction":0.005,"failure_fraction":0.05,"response_headers":["Via"]}
X-Powered-By: Express
Access-Control-Allow-Origin: *
Etag: W/"152-FpYvp70F61UHmjz1MpAbXegc4Hc"
Via: 1.1 vegur
Cache-Control: max-age=14400
CF-Cache-Status: HIT
Age: 15
Vary: Accept-Encoding
Server: cloudflare
CF-RAY: 90c34995bba4ed36-SJC
Content-Encoding: gzip
server-timing: cfL4;desc="?proto=TCP&rtt=2030&min_rtt=1987&rtt_var=776&sent=7&recv=7&lost=0&retrans=0&sent_bytes=3108&recv_bytes=759&delivery_rate=2156014&cwnd=252&unsent_bytes=0&cid=5ef361a4b740e819&ts=127&x=0"

{
    "data": {
        "id": 9,
        "email": "tobias.funke@reqres.in",
        "first_name": "Tobias",
        "last_name": "Funke",
        "avatar": "https://reqres.in/img/faces/9-image.jpg"
    },
    "support": {
        "url": "https://contentcaddy.io?utm_source=reqres&utm_medium=json&utm_campaign=referral",
        "text": "Tired of writing endless social media content? Let Content Caddy generate it for you."
    }
}
Request method:	GET
Request URI:	https://reqres.in/api/users/999
Proxy:			<none>
Request params:	<none>
Query params:	<none>
Form params:	<none>
Path params:	id=999
Headers:		Accept=*/*
Cookies:		<none>
Multiparts:		<none>
Body:			<none>
HTTP/1.1 404 Not Found
Date: Mon, 03 Feb 2025 14:59:55 GMT
Content-Type: application/json; charset=utf-8
Content-Length: 2
Connection: keep-alive
Report-To: {"group":"heroku-nel","max_age":3600,"endpoints":[{"url":"https://nel.heroku.com/reports?ts=1738594780&sid=c4c9725f-1ab0-44d8-820f-430df2718e11&s=MYN%2FB6NBmJLaq%2BKqX6PQq2Ir5jMZUjt0KiE0aOByAyM%3D"}]}
Reporting-Endpoints: heroku-nel=https://nel.heroku.com/reports?ts=1738594780&sid=c4c9725f-1ab0-44d8-820f-430df2718e11&s=MYN%2FB6NBmJLaq%2BKqX6PQq2Ir5jMZUjt0KiE0aOByAyM%3D
Nel: {"report_to":"heroku-nel","max_age":3600,"success_fraction":0.005,"failure_fraction":0.05,"response_headers":["Via"]}
X-Powered-By: Express
Access-Control-Allow-Origin: *
Etag: W/"2-vyGp6PvFo4RvsFtPoIWeCReyIC8"
Via: 1.1 vegur
Cache-Control: max-age=14400
CF-Cache-Status: HIT
Age: 15
Vary: Accept-Encoding
Server: cloudflare
CF-RAY: 90c3499ff9457ae2-SJC
server-timing: cfL4;desc="?proto=TCP&rtt=1757&min_rtt=1718&rtt_var=724&sent=5&recv=7&lost=0&retrans=0&sent_bytes=3107&recv_bytes=761&delivery_rate=2103092&cwnd=252&unsent_bytes=0&cid=f9b1253d805edb41&ts=26&x=0"

{
    
}
Request method:	GET
Request URI:	https://reqres.in/api/users/0
Proxy:			<none>
Request params:	<none>
Query params:	<none>
Form params:	<none>
Path params:	id=0
Headers:		Accept=*/*
Cookies:		<none>
Multiparts:		<none>
Body:			<none>
HTTP/1.1 404 Not Found
Date: Mon, 03 Feb 2025 14:59:55 GMT
Content-Type: application/json; charset=utf-8
Content-Length: 2
Connection: keep-alive
Report-To: {"group":"heroku-nel","max_age":3600,"endpoints":[{"url":"https://nel.heroku.com/reports?ts=1738594780&sid=c4c9725f-1ab0-44d8-820f-430df2718e11&s=MYN%2FB6NBmJLaq%2BKqX6PQq2Ir5jMZUjt0KiE0aOByAyM%3D"}]}
Reporting-Endpoints: heroku-nel=https://nel.heroku.com/reports?ts=1738594780&sid=c4c9725f-1ab0-44d8-820f-430df2718e11&s=MYN%2FB6NBmJLaq%2BKqX6PQq2Ir5jMZUjt0KiE0aOByAyM%3D
Nel: {"report_to":"heroku-nel","max_age":3600,"success_fraction":0.005,"failure_fraction":0.05,"response_headers":["Via"]}
X-Powered-By: Express
Access-Control-Allow-Origin: *
Etag: W/"2-vyGp6PvFo4RvsFtPoIWeCReyIC8"
Via: 1.1 vegur
Cache-Control: max-age=14400
CF-Cache-Status: HIT
Age: 15
Vary: Accept-Encoding
Server: cloudflare
CF-RAY: 90c349a05fd6aab2-SJC
server-timing: cfL4;desc="?proto=TCP&rtt=1831&min_rtt=1716&rtt_var=726&sent=5&recv=7&lost=0&retrans=0&sent_bytes=3107&recv_bytes=759&delivery_rate=2496503&cwnd=252&unsent_bytes=0&cid=c122bb191011f95c&ts=26&x=0"

{
    
}
]]></system-out>
  <system-err><![CDATA[]]></system-err>
</testsuite>
