<?xml version="1.0" encoding="UTF-8"?>
<testsuite name="Post_Test" tests="7" skipped="0" failures="0" errors="0" timestamp="2025-01-30T19:41:26" hostname="fv-az1950-687" time="1.814">
  <properties/>
  <testcase name="testPostUser[0](John Doe, Software Developer, true)" classname="Post_Test" time="0.298"/>
  <testcase name="testPostUser[1](, QA Engineer, true)" classname="Post_Test" time="0.247"/>
  <testcase name="testPostUser[2](Alice, , true)" classname="Post_Test" time="0.247"/>
  <testcase name="testPostUser[3](VeryLongNameThatExceedsNormalLengthaldhiuhisabdkauhiugfKJKASJHFKSJH, Dev, true)" classname="Post_Test" time="0.262"/>
  <testcase name="testPostUser[4](Bob, Business Analyst, true)" classname="Post_Test" time="0.252"/>
  <testcase name="testPostUser[5](!@#$%^&amp;*(), Engineer, true)" classname="Post_Test" time="0.24"/>
  <testcase name="testPostUser[6](Jane Doe, Tester, true)" classname="Post_Test" time="0.258"/>
  <system-out><![CDATA[Request method:	POST
Request URI:	https://reqres.in/api/users
Proxy:			<none>
Request params:	<none>
Query params:	<none>
Form params:	<none>
Path params:	<none>
Headers:		Accept=application/json
				Content-Type=application/json
Cookies:		<none>
Multiparts:		<none>
Body:
{
    "name": "John Doe",
    "job": "Software Developer"
}
Request method:	POST
Request URI:	https://reqres.in/api/users
Proxy:			<none>
Request params:	<none>
Query params:	<none>
Form params:	<none>
Path params:	<none>
Headers:		Accept=application/json
				Content-Type=application/json
Cookies:		<none>
Multiparts:		<none>
Body:
{
    "name": "",
    "job": "QA Engineer"
}
Request method:	POST
Request URI:	https://reqres.in/api/users
Proxy:			<none>
Request params:	<none>
Query params:	<none>
Form params:	<none>
Path params:	<none>
Headers:		Accept=application/json
				Content-Type=application/json
Cookies:		<none>
Multiparts:		<none>
Body:
{
    "name": "Alice",
    "job": ""
}
Request method:	POST
Request URI:	https://reqres.in/api/users
Proxy:			<none>
Request params:	<none>
Query params:	<none>
Form params:	<none>
Path params:	<none>
Headers:		Accept=application/json
				Content-Type=application/json
Cookies:		<none>
Multiparts:		<none>
Body:
{
    "name": "VeryLongNameThatExceedsNormalLengthaldhiuhisabdkauhiugfKJKASJHFKSJH",
    "job": "Dev"
}
Request method:	POST
Request URI:	https://reqres.in/api/users
Proxy:			<none>
Request params:	<none>
Query params:	<none>
Form params:	<none>
Path params:	<none>
Headers:		Accept=application/json
				Content-Type=application/json
Cookies:		<none>
Multiparts:		<none>
Body:
{
    "name": "Bob",
    "job": "Business Analyst"
}
Request method:	POST
Request URI:	https://reqres.in/api/users
Proxy:			<none>
Request params:	<none>
Query params:	<none>
Form params:	<none>
Path params:	<none>
Headers:		Accept=application/json
				Content-Type=application/json
Cookies:		<none>
Multiparts:		<none>
Body:
{
    "name": "!@#$%^&*()",
    "job": "Engineer"
}
Request method:	POST
Request URI:	https://reqres.in/api/users
Proxy:			<none>
Request params:	<none>
Query params:	<none>
Form params:	<none>
Path params:	<none>
Headers:		Accept=application/json
				Content-Type=application/json
Cookies:		<none>
Multiparts:		<none>
Body:
{
    "name": "Jane Doe",
    "job": "Tester"
}
]]></system-out>
  <system-err><![CDATA[]]></system-err>
</testsuite>
