<?xml version="1.0" encoding="UTF-8"?>
<testsuite name="Delete_Test" tests="1" skipped="0" failures="0" errors="0" timestamp="2025-01-31T08:23:47" hostname="fv-az1068-149" time="0.18">
  <properties/>
  <testcase name="DeleteUser[0](204)" classname="Delete_Test" time="0.18"/>
  <system-out><![CDATA[Request method:	DELETE
Request URI:	https://reqres.in/api/users/2
Proxy:			<none>
Request params:	<none>
Query params:	<none>
Form params:	<none>
Path params:	<none>
Headers:		Accept=*/*
Cookies:		<none>
Multiparts:		<none>
Body:			<none>
HTTP/1.1 204 No Content
Date: Fri, 31 Jan 2025 08:23:47 GMT
Content-Length: 0
Connection: keep-alive
Report-To: {"group":"heroku-nel","max_age":3600,"endpoints":[{"url":"https://nel.heroku.com/reports?ts=1738311827&sid=c4c9725f-1ab0-44d8-820f-430df2718e11&s=n98v1R%2BVPSR9vDQiFtr5UV5fX%2FRELK965SU8vbxb664%3D"}]}
Reporting-Endpoints: heroku-nel=https://nel.heroku.com/reports?ts=1738311827&sid=c4c9725f-1ab0-44d8-820f-430df2718e11&s=n98v1R%2BVPSR9vDQiFtr5UV5fX%2FRELK965SU8vbxb664%3D
Nel: {"report_to":"heroku-nel","max_age":3600,"success_fraction":0.005,"failure_fraction":0.05,"response_headers":["Via"]}
X-Powered-By: Express
Access-Control-Allow-Origin: *
Etag: W/"2-vyGp6PvFo4RvsFtPoIWeCReyIC8"
Via: 1.1 vegur
cf-cache-status: DYNAMIC
Server: cloudflare
CF-RAY: 90a84d3b6cca0603-IAD
server-timing: cfL4;desc="?proto=TCP&rtt=1940&min_rtt=1863&rtt_var=754&sent=6&recv=7&lost=0&retrans=0&sent_bytes=3107&recv_bytes=762&delivery_rate=2299516&cwnd=252&unsent_bytes=0&cid=6727b6bdf7c569a7&ts=166&x=0"
]]></system-out>
  <system-err><![CDATA[]]></system-err>
</testsuite>
