<?xml version="1.0" encoding="UTF-8"?>
<testsuite name="Put_Test" tests="7" skipped="0" failures="0" errors="0" timestamp="2025-01-31T08:23:45" hostname="fv-az1068-149" time="2.709">
  <properties/>
  <testcase name="testPutUser[0](2, John Doe, Software Developer, true)" classname="Put_Test" time="0.608"/>
  <testcase name="testPutUser[1](2, , QA Engineer, true)" classname="Put_Test" time="0.339"/>
  <testcase name="testPutUser[2](2, Alice, , true)" classname="Put_Test" time="0.335"/>
  <testcase name="testPutUser[3](2, VeryLongNameThatExceedsNormalLengthaldhiuhisabdkauhiugfKJKASJHFKSJH, Dev, true)" classname="Put_Test" time="0.417"/>
  <testcase name="testPutUser[4](2, Bob, Business Analyst, true)" classname="Put_Test" time="0.325"/>
  <testcase name="testPutUser[5](2, !@#$%^&amp;*(), Engineer, true)" classname="Put_Test" time="0.275"/>
  <testcase name="testPutUser[6](3, Jane Doe, Tester, true)" classname="Put_Test" time="0.401"/>
  <system-out><![CDATA[name before =null
Request method:	PUT
Request URI:	https://reqres.in/api/users/22
Proxy:			<none>
Request params:	<none>
Query params:	<none>
Form params:	<none>
Path params:	<none>
Headers:		Accept=*/*
				Content-Type=application/json
Cookies:		<none>
Multiparts:		<none>
Body:
{
    "name": "John Doe",
    "job": "Software Developer",
    "userID": 2
}
HTTP/1.1 200 OK
Date: Fri, 31 Jan 2025 08:23:45 GMT
Content-Type: application/json; charset=utf-8
Transfer-Encoding: chunked
Connection: keep-alive
Report-To: {"group":"heroku-nel","max_age":3600,"endpoints":[{"url":"https://nel.heroku.com/reports?ts=1738311825&sid=c4c9725f-1ab0-44d8-820f-430df2718e11&s=1olJtqQ4kW%2BmOU1UfM4d8XfUCoWwHHeD2hu1z5XfT28%3D"}]}
Reporting-Endpoints: heroku-nel=https://nel.heroku.com/reports?ts=1738311825&sid=c4c9725f-1ab0-44d8-820f-430df2718e11&s=1olJtqQ4kW%2BmOU1UfM4d8XfUCoWwHHeD2hu1z5XfT28%3D
Nel: {"report_to":"heroku-nel","max_age":3600,"success_fraction":0.005,"failure_fraction":0.05,"response_headers":["Via"]}
X-Powered-By: Express
Access-Control-Allow-Origin: *
Etag: W/"60-QdNf4tVBbwAn5e7Suz4+I+YLp04"
Via: 1.1 vegur
CF-Cache-Status: DYNAMIC
Vary: Accept-Encoding
Server: cloudflare
CF-RAY: 90a84d2cf9502d1b-IAD
Content-Encoding: gzip
server-timing: cfL4;desc="?proto=TCP&rtt=1618&min_rtt=1520&rtt_var=640&sent=5&recv=7&lost=0&retrans=0&sent_bytes=3105&recv_bytes=869&delivery_rate=2818421&cwnd=252&unsent_bytes=0&cid=796b4424019b0d1d&ts=168&x=0"

{
    "name": "John Doe",
    "job": "Software Developer",
    "userID": 2,
    "updatedAt": "2025-01-31T08:23:45.553Z"
}
name before =null
Request method:	PUT
Request URI:	https://reqres.in/api/users/22
Proxy:			<none>
Request params:	<none>
Query params:	<none>
Form params:	<none>
Path params:	<none>
Headers:		Accept=*/*
				Content-Type=application/json
Cookies:		<none>
Multiparts:		<none>
Body:
{
    "name": "",
    "job": "QA Engineer",
    "userID": 2
}
HTTP/1.1 200 OK
Date: Fri, 31 Jan 2025 08:23:45 GMT
Content-Type: application/json; charset=utf-8
Transfer-Encoding: chunked
Connection: keep-alive
Report-To: {"group":"heroku-nel","max_age":3600,"endpoints":[{"url":"https://nel.heroku.com/reports?ts=1738311825&sid=c4c9725f-1ab0-44d8-820f-430df2718e11&s=1olJtqQ4kW%2BmOU1UfM4d8XfUCoWwHHeD2hu1z5XfT28%3D"}]}
Reporting-Endpoints: heroku-nel=https://nel.heroku.com/reports?ts=1738311825&sid=c4c9725f-1ab0-44d8-820f-430df2718e11&s=1olJtqQ4kW%2BmOU1UfM4d8XfUCoWwHHeD2hu1z5XfT28%3D
Nel: {"report_to":"heroku-nel","max_age":3600,"success_fraction":0.005,"failure_fraction":0.05,"response_headers":["Via"]}
X-Powered-By: Express
Access-Control-Allow-Origin: *
Etag: W/"51-XYPnGgD0rmp7hUdaUNC6Agwg4u4"
Via: 1.1 vegur
CF-Cache-Status: DYNAMIC
Vary: Accept-Encoding
Server: cloudflare
CF-RAY: 90a84d2f2ba62d0a-IAD
Content-Encoding: gzip
server-timing: cfL4;desc="?proto=TCP&rtt=1559&min_rtt=1521&rtt_var=466&sent=6&recv=8&lost=0&retrans=0&sent_bytes=3105&recv_bytes=854&delivery_rate=2607425&cwnd=252&unsent_bytes=0&cid=f5c966e65d71deab&ts=176&x=0"

{
    "name": "",
    "job": "QA Engineer",
    "userID": 2,
    "updatedAt": "2025-01-31T08:23:45.898Z"
}
name before =null
Request method:	PUT
Request URI:	https://reqres.in/api/users/22
Proxy:			<none>
Request params:	<none>
Query params:	<none>
Form params:	<none>
Path params:	<none>
Headers:		Accept=*/*
				Content-Type=application/json
Cookies:		<none>
Multiparts:		<none>
Body:
{
    "name": "Alice",
    "job": "",
    "userID": 2
}
HTTP/1.1 200 OK
Date: Fri, 31 Jan 2025 08:23:46 GMT
Content-Type: application/json; charset=utf-8
Transfer-Encoding: chunked
Connection: keep-alive
Report-To: {"group":"heroku-nel","max_age":3600,"endpoints":[{"url":"https://nel.heroku.com/reports?ts=1738311826&sid=c4c9725f-1ab0-44d8-820f-430df2718e11&s=6tY7dFaRuV11JjMN5%2FtAUz8ryG3LLHe5DCWniplAcx0%3D"}]}
Reporting-Endpoints: heroku-nel=https://nel.heroku.com/reports?ts=1738311826&sid=c4c9725f-1ab0-44d8-820f-430df2718e11&s=6tY7dFaRuV11JjMN5%2FtAUz8ryG3LLHe5DCWniplAcx0%3D
Nel: {"report_to":"heroku-nel","max_age":3600,"success_fraction":0.005,"failure_fraction":0.05,"response_headers":["Via"]}
X-Powered-By: Express
Access-Control-Allow-Origin: *
Etag: W/"4b-f+kiZosKG74bbSZTRNGVq+iF/eg"
Via: 1.1 vegur
CF-Cache-Status: DYNAMIC
Vary: Accept-Encoding
Server: cloudflare
CF-RAY: 90a84d30ea5fd697-IAD
Content-Encoding: gzip
server-timing: cfL4;desc="?proto=TCP&rtt=1714&min_rtt=1652&rtt_var=664&sent=6&recv=7&lost=0&retrans=0&sent_bytes=3107&recv_bytes=848&delivery_rate=2593220&cwnd=252&unsent_bytes=0&cid=68da8679199307f2&ts=208&x=0"

{
    "name": "Alice",
    "job": "",
    "userID": 2,
    "updatedAt": "2025-01-31T08:23:46.220Z"
}
name before =null
Request method:	PUT
Request URI:	https://reqres.in/api/users/22
Proxy:			<none>
Request params:	<none>
Query params:	<none>
Form params:	<none>
Path params:	<none>
Headers:		Accept=*/*
				Content-Type=application/json
Cookies:		<none>
Multiparts:		<none>
Body:
{
    "name": "VeryLongNameThatExceedsNormalLengthaldhiuhisabdkauhiugfKJKASJHFKSJH",
    "job": "Dev",
    "userID": 2
}
HTTP/1.1 200 OK
Date: Fri, 31 Jan 2025 08:23:46 GMT
Content-Type: application/json; charset=utf-8
Transfer-Encoding: chunked
Connection: keep-alive
Content-Encoding: gzip
Cf-Ray: 90a84d332b4bc968-IAD
Report-To: {"group":"heroku-nel","max_age":3600,"endpoints":[{"url":"https://nel.heroku.com/reports?ts=1738311826&sid=c4c9725f-1ab0-44d8-820f-430df2718e11&s=6tY7dFaRuV11JjMN5%2FtAUz8ryG3LLHe5DCWniplAcx0%3D"}]}
Reporting-Endpoints: heroku-nel=https://nel.heroku.com/reports?ts=1738311826&sid=c4c9725f-1ab0-44d8-820f-430df2718e11&s=6tY7dFaRuV11JjMN5%2FtAUz8ryG3LLHe5DCWniplAcx0%3D
Nel: {"report_to":"heroku-nel","max_age":3600,"success_fraction":0.005,"failure_fraction":0.05,"response_headers":["Via"]}
X-Powered-By: Express
Access-Control-Allow-Origin: *
Etag: W/"8c-Cdvz/5zdnD+jPz8fySYfThr0zKA"
Via: 1.1 vegur
Cf-Cache-Status: DYNAMIC
Vary: Accept-Encoding
Server: cloudflare
server-timing: cfL4;desc="?proto=TCP&rtt=1920&min_rtt=1755&rtt_var=776&sent=6&recv=7&lost=0&retrans=0&sent_bytes=3107&recv_bytes=914&delivery_rate=2441025&cwnd=252&unsent_bytes=0&cid=bd1498138bcdeaf1&ts=286&x=0"

{
    "name": "VeryLongNameThatExceedsNormalLengthaldhiuhisabdkauhiugfKJKASJHFKSJH",
    "job": "Dev",
    "userID": 2,
    "updatedAt": "2025-01-31T08:23:46.627Z"
}
name before =null
Request method:	PUT
Request URI:	https://reqres.in/api/users/22
Proxy:			<none>
Request params:	<none>
Query params:	<none>
Form params:	<none>
Path params:	<none>
Headers:		Accept=*/*
				Content-Type=application/json
Cookies:		<none>
Multiparts:		<none>
Body:
{
    "name": "Bob",
    "job": "Business Analyst",
    "userID": 2
}
HTTP/1.1 200 OK
Date: Fri, 31 Jan 2025 08:23:47 GMT
Content-Type: application/json; charset=utf-8
Transfer-Encoding: chunked
Connection: keep-alive
Report-To: {"group":"heroku-nel","max_age":3600,"endpoints":[{"url":"https://nel.heroku.com/reports?ts=1738311826&sid=c4c9725f-1ab0-44d8-820f-430df2718e11&s=6tY7dFaRuV11JjMN5%2FtAUz8ryG3LLHe5DCWniplAcx0%3D"}]}
Reporting-Endpoints: heroku-nel=https://nel.heroku.com/reports?ts=1738311826&sid=c4c9725f-1ab0-44d8-820f-430df2718e11&s=6tY7dFaRuV11JjMN5%2FtAUz8ryG3LLHe5DCWniplAcx0%3D
Nel: {"report_to":"heroku-nel","max_age":3600,"success_fraction":0.005,"failure_fraction":0.05,"response_headers":["Via"]}
X-Powered-By: Express
Access-Control-Allow-Origin: *
Etag: W/"59-Rqf/8gS62mtnBRB/TlD+wHn2Vw8"
Via: 1.1 vegur
CF-Cache-Status: DYNAMIC
Vary: Accept-Encoding
Server: cloudflare
CF-RAY: 90a84d35ac8ac94e-IAD
Content-Encoding: gzip
server-timing: cfL4;desc="?proto=TCP&rtt=1087&min_rtt=978&rtt_var=445&sent=6&recv=7&lost=0&retrans=0&sent_bytes=3105&recv_bytes=862&delivery_rate=4380368&cwnd=252&unsent_bytes=0&cid=efc64b9651454e0d&ts=198&x=0"

{
    "name": "Bob",
    "job": "Business Analyst",
    "userID": 2,
    "updatedAt": "2025-01-31T08:23:46.972Z"
}
name before =null
Request method:	PUT
Request URI:	https://reqres.in/api/users/22
Proxy:			<none>
Request params:	<none>
Query params:	<none>
Form params:	<none>
Path params:	<none>
Headers:		Accept=*/*
				Content-Type=application/json
Cookies:		<none>
Multiparts:		<none>
Body:
{
    "name": "!@#$%^&*()",
    "job": "Engineer",
    "userID": 2
}
HTTP/1.1 200 OK
Date: Fri, 31 Jan 2025 08:23:47 GMT
Content-Type: application/json; charset=utf-8
Transfer-Encoding: chunked
Connection: keep-alive
Report-To: {"group":"heroku-nel","max_age":3600,"endpoints":[{"url":"https://nel.heroku.com/reports?ts=1738311827&sid=c4c9725f-1ab0-44d8-820f-430df2718e11&s=n98v1R%2BVPSR9vDQiFtr5UV5fX%2FRELK965SU8vbxb664%3D"}]}
Reporting-Endpoints: heroku-nel=https://nel.heroku.com/reports?ts=1738311827&sid=c4c9725f-1ab0-44d8-820f-430df2718e11&s=n98v1R%2BVPSR9vDQiFtr5UV5fX%2FRELK965SU8vbxb664%3D
Nel: {"report_to":"heroku-nel","max_age":3600,"success_fraction":0.005,"failure_fraction":0.05,"response_headers":["Via"]}
X-Powered-By: Express
Access-Control-Allow-Origin: *
Etag: W/"58-+77J/kfj5+br2DsjVbvuB1/brHI"
Via: 1.1 vegur
CF-Cache-Status: DYNAMIC
Vary: Accept-Encoding
Server: cloudflare
CF-RAY: 90a84d37aa6e87a9-IAD
Content-Encoding: gzip
server-timing: cfL4;desc="?proto=TCP&rtt=1816&min_rtt=1762&rtt_var=699&sent=6&recv=7&lost=0&retrans=0&sent_bytes=3107&recv_bytes=861&delivery_rate=2431328&cwnd=252&unsent_bytes=0&cid=f1eed7dade5be2cc&ts=154&x=0"

{
    "name": "!@#$%^&*()",
    "job": "Engineer",
    "userID": 2,
    "updatedAt": "2025-01-31T08:23:47.260Z"
}
name before =null
Request method:	PUT
Request URI:	https://reqres.in/api/users/23
Proxy:			<none>
Request params:	<none>
Query params:	<none>
Form params:	<none>
Path params:	<none>
Headers:		Accept=*/*
				Content-Type=application/json
Cookies:		<none>
Multiparts:		<none>
Body:
{
    "name": "Jane Doe",
    "job": "Tester",
    "userID": 3
}
HTTP/1.1 200 OK
Date: Fri, 31 Jan 2025 08:23:47 GMT
Content-Type: application/json; charset=utf-8
Transfer-Encoding: chunked
Connection: keep-alive
Report-To: {"group":"heroku-nel","max_age":3600,"endpoints":[{"url":"https://nel.heroku.com/reports?ts=1738311827&sid=c4c9725f-1ab0-44d8-820f-430df2718e11&s=n98v1R%2BVPSR9vDQiFtr5UV5fX%2FRELK965SU8vbxb664%3D"}]}
Reporting-Endpoints: heroku-nel=https://nel.heroku.com/reports?ts=1738311827&sid=c4c9725f-1ab0-44d8-820f-430df2718e11&s=n98v1R%2BVPSR9vDQiFtr5UV5fX%2FRELK965SU8vbxb664%3D
Nel: {"report_to":"heroku-nel","max_age":3600,"success_fraction":0.005,"failure_fraction":0.05,"response_headers":["Via"]}
X-Powered-By: Express
Access-Control-Allow-Origin: *
Etag: W/"54-qqEVpdFsKOFrbP5/Xq+Z2e4KaBs"
Via: 1.1 vegur
CF-Cache-Status: DYNAMIC
Vary: Accept-Encoding
Server: cloudflare
CF-RAY: 90a84d3a2edf7ffa-IAD
Content-Encoding: gzip
server-timing: cfL4;desc="?proto=TCP&rtt=1380&min_rtt=1288&rtt_var=549&sent=6&recv=7&lost=0&retrans=0&sent_bytes=3105&recv_bytes=857&delivery_rate=3326086&cwnd=252&unsent_bytes=0&cid=66ef42b7b3000764&ts=161&x=0"

{
    "name": "Jane Doe",
    "job": "Tester",
    "userID": 3,
    "updatedAt": "2025-01-31T08:23:47.658Z"
}
]]></system-out>
  <system-err><![CDATA[]]></system-err>
</testsuite>
