<?xml version="1.0" encoding="UTF-8"?>
<testsuite name="Get_Test" tests="3" skipped="0" failures="0" errors="0" timestamp="2025-01-30T14:45:15" hostname="AZR" time="5.318">
  <properties/>
  <testcase name="GetUser[0](9, true)" classname="Get_Test" time="4.274"/>
  <testcase name="GetUser[1](999, false)" classname="Get_Test" time="0.535"/>
  <testcase name="GetUser[2](0, false)" classname="Get_Test" time="0.509"/>
  <system-out><![CDATA[Request method:	GET
Request URI:	https://reqres.in/api/users/9
Proxy:			<none>
Request params:	<none>
Query params:	<none>
Form params:	<none>
Path params:	id=9
Headers:		Accept=*/*
Cookies:		<none>
Multiparts:		<none>
Body:			<none>
HTTP/1.1 200 OK
Date: Thu, 30 Jan 2025 14:45:21 GMT
Content-Type: application/json; charset=utf-8
Transfer-Encoding: chunked
Connection: keep-alive
Report-To: {"group":"heroku-nel","max_age":3600,"endpoints":[{"url":"https://nel.heroku.com/reports?ts=1738248321&sid=c4c9725f-1ab0-44d8-820f-430df2718e11&s=RrFLva%2BORSnVn%2B4yJoSeX1rRJ06VmIxqHJ0TLI%2FNdhk%3D"}]}
Reporting-Endpoints: heroku-nel=https://nel.heroku.com/reports?ts=1738248321&sid=c4c9725f-1ab0-44d8-820f-430df2718e11&s=RrFLva%2BORSnVn%2B4yJoSeX1rRJ06VmIxqHJ0TLI%2FNdhk%3D
Nel: {"report_to":"heroku-nel","max_age":3600,"success_fraction":0.005,"failure_fraction":0.05,"response_headers":["Via"]}
X-Powered-By: Express
Access-Control-Allow-Origin: *
Etag: W/"152-FpYvp70F61UHmjz1MpAbXegc4Hc"
Via: 1.1 vegur
Cache-Control: max-age=14400
CF-Cache-Status: MISS
Vary: Accept-Encoding
Server: cloudflare
CF-RAY: 90a23ec8e955cdfd-SIN
Content-Encoding: gzip
server-timing: cfL4;desc="?proto=TCP&rtt=31193&min_rtt=28957&rtt_var=12581&sent=7&recv=7&lost=0&retrans=0&sent_bytes=3106&recv_bytes=747&delivery_rate=98274&cwnd=252&unsent_bytes=0&cid=e4a7ceadd671e2ee&ts=522&x=0"

{
    "data": {
        "id": 9,
        "email": "tobias.funke@reqres.in",
        "first_name": "Tobias",
        "last_name": "Funke",
        "avatar": "https://reqres.in/img/faces/9-image.jpg"
    },
    "support": {
        "url": "https://contentcaddy.io?utm_source=reqres&utm_medium=json&utm_campaign=referral",
        "text": "Tired of writing endless social media content? Let Content Caddy generate it for you."
    }
}
Request method:	GET
Request URI:	https://reqres.in/api/users/999
Proxy:			<none>
Request params:	<none>
Query params:	<none>
Form params:	<none>
Path params:	id=999
Headers:		Accept=*/*
Cookies:		<none>
Multiparts:		<none>
Body:			<none>
HTTP/1.1 404 Not Found
Date: Thu, 30 Jan 2025 14:45:23 GMT
Content-Type: application/json; charset=utf-8
Content-Length: 2
Connection: keep-alive
Report-To: {"group":"heroku-nel","max_age":3600,"endpoints":[{"url":"https://nel.heroku.com/reports?ts=1738248323&sid=c4c9725f-1ab0-44d8-820f-430df2718e11&s=uRyxO9IaEd3lUGK5Rjauvt%2BLveUhyMR0LPiylteEOW0%3D"}]}
Reporting-Endpoints: heroku-nel=https://nel.heroku.com/reports?ts=1738248323&sid=c4c9725f-1ab0-44d8-820f-430df2718e11&s=uRyxO9IaEd3lUGK5Rjauvt%2BLveUhyMR0LPiylteEOW0%3D
Nel: {"report_to":"heroku-nel","max_age":3600,"success_fraction":0.005,"failure_fraction":0.05,"response_headers":["Via"]}
X-Powered-By: Express
Access-Control-Allow-Origin: *
Etag: W/"2-vyGp6PvFo4RvsFtPoIWeCReyIC8"
Via: 1.1 vegur
Cache-Control: max-age=14400
CF-Cache-Status: MISS
Vary: Accept-Encoding
Server: cloudflare
CF-RAY: 90a23ed3ab4adf28-SIN
server-timing: cfL4;desc="?proto=TCP&rtt=29421&min_rtt=28865&rtt_var=9117&sent=5&recv=6&lost=0&retrans=0&sent_bytes=3105&recv_bytes=749&delivery_rate=137352&cwnd=228&unsent_bytes=0&cid=1518b891cb8687bd&ts=449&x=0"

{
    
}
Request method:	GET
Request URI:	https://reqres.in/api/users/0
Proxy:			<none>
Request params:	<none>
Query params:	<none>
Form params:	<none>
Path params:	id=0
Headers:		Accept=*/*
Cookies:		<none>
Multiparts:		<none>
Body:			<none>
HTTP/1.1 404 Not Found
Date: Thu, 30 Jan 2025 14:45:24 GMT
Content-Type: application/json; charset=utf-8
Transfer-Encoding: chunked
Connection: keep-alive
Cf-Ray: 90a23ed6df5c4a11-SIN
Server: cloudflare
Report-To: {"group":"heroku-nel","max_age":3600,"endpoints":[{"url":"https://nel.heroku.com/reports?ts=1738248323&sid=c4c9725f-1ab0-44d8-820f-430df2718e11&s=uRyxO9IaEd3lUGK5Rjauvt%2BLveUhyMR0LPiylteEOW0%3D"}]}
Reporting-Endpoints: heroku-nel=https://nel.heroku.com/reports?ts=1738248323&sid=c4c9725f-1ab0-44d8-820f-430df2718e11&s=uRyxO9IaEd3lUGK5Rjauvt%2BLveUhyMR0LPiylteEOW0%3D
Nel: {"report_to":"heroku-nel","max_age":3600,"success_fraction":0.005,"failure_fraction":0.05,"response_headers":["Via"]}
X-Powered-By: Express
Access-Control-Allow-Origin: *
Etag: W/"2-vyGp6PvFo4RvsFtPoIWeCReyIC8"
Via: 1.1 vegur
Cache-Control: max-age=14400
Cf-Cache-Status: MISS
Vary: Accept-Encoding
Content-Encoding: gzip
server-timing: cfL4;desc="?proto=TCP&rtt=29622&min_rtt=28863&rtt_var=7291&sent=5&recv=7&lost=0&retrans=0&sent_bytes=3106&recv_bytes=747&delivery_rate=137119&cwnd=252&unsent_bytes=0&cid=21ca3e58f10ab150&ts=430&x=0"

{
    
}
]]></system-out>
  <system-err><![CDATA[]]></system-err>
</testsuite>
