<?xml version="1.0" encoding="UTF-8"?>
<testsuite name="Put_Test" tests="7" skipped="0" failures="0" errors="0" timestamp="2025-01-30T19:04:36" hostname="fv-az1909-612" time="2.999">
  <properties/>
  <testcase name="testPutUser[0](2, John Doe, Software Developer, true)" classname="Put_Test" time="0.716"/>
  <testcase name="testPutUser[1](2, , QA Engineer, true)" classname="Put_Test" time="0.352"/>
  <testcase name="testPutUser[2](2, Alice, , true)" classname="Put_Test" time="0.357"/>
  <testcase name="testPutUser[3](2, VeryLongNameThatExceedsNormalLengthaldhiuhisabdkauhiugfKJKASJHFKSJH, Dev, true)" classname="Put_Test" time="0.332"/>
  <testcase name="testPutUser[4](2, Bob, Business Analyst, true)" classname="Put_Test" time="0.33"/>
  <testcase name="testPutUser[5](2, !@#$%^&amp;*(), Engineer, true)" classname="Put_Test" time="0.386"/>
  <testcase name="testPutUser[6](3, Jane Doe, Tester, true)" classname="Put_Test" time="0.515"/>
  <system-out><![CDATA[name before =null
Request method:	PUT
Request URI:	https://reqres.in/api/users/22
Proxy:			<none>
Request params:	<none>
Query params:	<none>
Form params:	<none>
Path params:	<none>
Headers:		Accept=*/*
				Content-Type=application/json
Cookies:		<none>
Multiparts:		<none>
Body:
{
    "name": "John Doe",
    "job": "Software Developer",
    "userID": 2
}
HTTP/1.1 200 OK
Date: Thu, 30 Jan 2025 19:04:37 GMT
Content-Type: application/json; charset=utf-8
Transfer-Encoding: chunked
Connection: keep-alive
Report-To: {"group":"heroku-nel","max_age":3600,"endpoints":[{"url":"https://nel.heroku.com/reports?ts=1738263876&sid=c4c9725f-1ab0-44d8-820f-430df2718e11&s=xUmeFSRA2g8GwVGPy4XaxFv9F21Qwp6knb1ia0rpwOc%3D"}]}
Reporting-Endpoints: heroku-nel=https://nel.heroku.com/reports?ts=1738263876&sid=c4c9725f-1ab0-44d8-820f-430df2718e11&s=xUmeFSRA2g8GwVGPy4XaxFv9F21Qwp6knb1ia0rpwOc%3D
Nel: {"report_to":"heroku-nel","max_age":3600,"success_fraction":0.005,"failure_fraction":0.05,"response_headers":["Via"]}
X-Powered-By: Express
Access-Control-Allow-Origin: *
Etag: W/"60-PFK3P9wadIbx9tFAUFxSKIWoEaM"
Via: 1.1 vegur
CF-Cache-Status: DYNAMIC
Vary: Accept-Encoding
Server: cloudflare
CF-RAY: 90a3ba8e4a4ceac2-ORD
Content-Encoding: gzip
server-timing: cfL4;desc="?proto=TCP&rtt=2742&min_rtt=2719&rtt_var=1066&sent=6&recv=7&lost=0&retrans=0&sent_bytes=3106&recv_bytes=869&delivery_rate=1474191&cwnd=252&unsent_bytes=0&cid=c4284a37911f328e&ts=187&x=0"

{
    "name": "John Doe",
    "job": "Software Developer",
    "userID": 2,
    "updatedAt": "2025-01-30T19:04:36.978Z"
}
name before =null
Request method:	PUT
Request URI:	https://reqres.in/api/users/22
Proxy:			<none>
Request params:	<none>
Query params:	<none>
Form params:	<none>
Path params:	<none>
Headers:		Accept=*/*
				Content-Type=application/json
Cookies:		<none>
Multiparts:		<none>
Body:
{
    "name": "",
    "job": "QA Engineer",
    "userID": 2
}
HTTP/1.1 200 OK
Date: Thu, 30 Jan 2025 19:04:37 GMT
Content-Type: application/json; charset=utf-8
Transfer-Encoding: chunked
Connection: keep-alive
Report-To: {"group":"heroku-nel","max_age":3600,"endpoints":[{"url":"https://nel.heroku.com/reports?ts=1738263877&sid=c4c9725f-1ab0-44d8-820f-430df2718e11&s=tKu6EYU%2BuPoYBw6qRr6rTeHMmoHoO4EnnQ19NrmIRNY%3D"}]}
Reporting-Endpoints: heroku-nel=https://nel.heroku.com/reports?ts=1738263877&sid=c4c9725f-1ab0-44d8-820f-430df2718e11&s=tKu6EYU%2BuPoYBw6qRr6rTeHMmoHoO4EnnQ19NrmIRNY%3D
Nel: {"report_to":"heroku-nel","max_age":3600,"success_fraction":0.005,"failure_fraction":0.05,"response_headers":["Via"]}
X-Powered-By: Express
Access-Control-Allow-Origin: *
Etag: W/"51-4qt+pTgZxIVgPjKwemzCYkRLk0E"
Via: 1.1 vegur
CF-Cache-Status: DYNAMIC
Vary: Accept-Encoding
Server: cloudflare
CF-RAY: 90a3ba9088e2fa1f-ORD
Content-Encoding: gzip
server-timing: cfL4;desc="?proto=TCP&rtt=2501&min_rtt=2484&rtt_var=967&sent=6&recv=7&lost=0&retrans=0&sent_bytes=3106&recv_bytes=854&delivery_rate=1631378&cwnd=240&unsent_bytes=0&cid=5e6ff80223bda8bf&ts=188&x=0"

{
    "name": "",
    "job": "QA Engineer",
    "userID": 2,
    "updatedAt": "2025-01-30T19:04:37.329Z"
}
name before =null
Request method:	PUT
Request URI:	https://reqres.in/api/users/22
Proxy:			<none>
Request params:	<none>
Query params:	<none>
Form params:	<none>
Path params:	<none>
Headers:		Accept=*/*
				Content-Type=application/json
Cookies:		<none>
Multiparts:		<none>
Body:
{
    "name": "Alice",
    "job": "",
    "userID": 2
}
HTTP/1.1 200 OK
Date: Thu, 30 Jan 2025 19:04:37 GMT
Content-Type: application/json; charset=utf-8
Transfer-Encoding: chunked
Connection: keep-alive
Report-To: {"group":"heroku-nel","max_age":3600,"endpoints":[{"url":"https://nel.heroku.com/reports?ts=1738263877&sid=c4c9725f-1ab0-44d8-820f-430df2718e11&s=tKu6EYU%2BuPoYBw6qRr6rTeHMmoHoO4EnnQ19NrmIRNY%3D"}]}
Reporting-Endpoints: heroku-nel=https://nel.heroku.com/reports?ts=1738263877&sid=c4c9725f-1ab0-44d8-820f-430df2718e11&s=tKu6EYU%2BuPoYBw6qRr6rTeHMmoHoO4EnnQ19NrmIRNY%3D
Nel: {"report_to":"heroku-nel","max_age":3600,"success_fraction":0.005,"failure_fraction":0.05,"response_headers":["Via"]}
X-Powered-By: Express
Access-Control-Allow-Origin: *
Etag: W/"4b-kehlsGIT00393r0A7Y4CyMt+6WQ"
Via: 1.1 vegur
CF-Cache-Status: DYNAMIC
Vary: Accept-Encoding
Server: cloudflare
CF-RAY: 90a3ba92ce551098-ORD
Content-Encoding: gzip
server-timing: cfL4;desc="?proto=TCP&rtt=2289&min_rtt=2262&rtt_var=902&sent=5&recv=7&lost=0&retrans=0&sent_bytes=3105&recv_bytes=848&delivery_rate=1728813&cwnd=252&unsent_bytes=0&cid=aff610ec1ff6a884&ts=192&x=0"

{
    "name": "Alice",
    "job": "",
    "userID": 2,
    "updatedAt": "2025-01-30T19:04:37.696Z"
}
name before =null
Request method:	PUT
Request URI:	https://reqres.in/api/users/22
Proxy:			<none>
Request params:	<none>
Query params:	<none>
Form params:	<none>
Path params:	<none>
Headers:		Accept=*/*
				Content-Type=application/json
Cookies:		<none>
Multiparts:		<none>
Body:
{
    "name": "VeryLongNameThatExceedsNormalLengthaldhiuhisabdkauhiugfKJKASJHFKSJH",
    "job": "Dev",
    "userID": 2
}
HTTP/1.1 200 OK
Date: Thu, 30 Jan 2025 19:04:38 GMT
Content-Type: application/json; charset=utf-8
Transfer-Encoding: chunked
Connection: keep-alive
Report-To: {"group":"heroku-nel","max_age":3600,"endpoints":[{"url":"https://nel.heroku.com/reports?ts=1738263878&sid=c4c9725f-1ab0-44d8-820f-430df2718e11&s=oEhpY1O9n4y68kGMkTeh7LLua5QfIrKgTA9tJO5gvUY%3D"}]}
Reporting-Endpoints: heroku-nel=https://nel.heroku.com/reports?ts=1738263878&sid=c4c9725f-1ab0-44d8-820f-430df2718e11&s=oEhpY1O9n4y68kGMkTeh7LLua5QfIrKgTA9tJO5gvUY%3D
Nel: {"report_to":"heroku-nel","max_age":3600,"success_fraction":0.005,"failure_fraction":0.05,"response_headers":["Via"]}
X-Powered-By: Express
Access-Control-Allow-Origin: *
Etag: W/"8c-5ID2I4F6U6kRKh+TbBQ4fcfdsKs"
Via: 1.1 vegur
CF-Cache-Status: DYNAMIC
Vary: Accept-Encoding
Server: cloudflare
CF-RAY: 90a3ba94e8d2eae0-ORD
Content-Encoding: gzip
server-timing: cfL4;desc="?proto=TCP&rtt=3152&min_rtt=3102&rtt_var=1264&sent=6&recv=7&lost=0&retrans=0&sent_bytes=3106&recv_bytes=914&delivery_rate=1221905&cwnd=252&unsent_bytes=0&cid=432c9b4d0a44e7b2&ts=186&x=0"

{
    "name": "VeryLongNameThatExceedsNormalLengthaldhiuhisabdkauhiugfKJKASJHFKSJH",
    "job": "Dev",
    "userID": 2,
    "updatedAt": "2025-01-30T19:04:38.038Z"
}
name before =null
Request method:	PUT
Request URI:	https://reqres.in/api/users/22
Proxy:			<none>
Request params:	<none>
Query params:	<none>
Form params:	<none>
Path params:	<none>
Headers:		Accept=*/*
				Content-Type=application/json
Cookies:		<none>
Multiparts:		<none>
Body:
{
    "name": "Bob",
    "job": "Business Analyst",
    "userID": 2
}
HTTP/1.1 200 OK
Date: Thu, 30 Jan 2025 19:04:38 GMT
Content-Type: application/json; charset=utf-8
Transfer-Encoding: chunked
Connection: keep-alive
Report-To: {"group":"heroku-nel","max_age":3600,"endpoints":[{"url":"https://nel.heroku.com/reports?ts=1738263878&sid=c4c9725f-1ab0-44d8-820f-430df2718e11&s=oEhpY1O9n4y68kGMkTeh7LLua5QfIrKgTA9tJO5gvUY%3D"}]}
Reporting-Endpoints: heroku-nel=https://nel.heroku.com/reports?ts=1738263878&sid=c4c9725f-1ab0-44d8-820f-430df2718e11&s=oEhpY1O9n4y68kGMkTeh7LLua5QfIrKgTA9tJO5gvUY%3D
Nel: {"report_to":"heroku-nel","max_age":3600,"success_fraction":0.005,"failure_fraction":0.05,"response_headers":["Via"]}
X-Powered-By: Express
Access-Control-Allow-Origin: *
Etag: W/"59-r+kEE74xLrNF+7NVf5zZYdSbYa0"
Via: 1.1 vegur
CF-Cache-Status: DYNAMIC
Vary: Accept-Encoding
Server: cloudflare
CF-RAY: 90a3ba96fd49eaed-ORD
Content-Encoding: gzip
server-timing: cfL4;desc="?proto=TCP&rtt=3467&min_rtt=3227&rtt_var=1690&sent=6&recv=7&lost=0&retrans=0&sent_bytes=3107&recv_bytes=862&delivery_rate=832006&cwnd=252&unsent_bytes=0&cid=0fd79f260ee99510&ts=184&x=0"

{
    "name": "Bob",
    "job": "Business Analyst",
    "userID": 2,
    "updatedAt": "2025-01-30T19:04:38.361Z"
}
name before =null
Request method:	PUT
Request URI:	https://reqres.in/api/users/22
Proxy:			<none>
Request params:	<none>
Query params:	<none>
Form params:	<none>
Path params:	<none>
Headers:		Accept=*/*
				Content-Type=application/json
Cookies:		<none>
Multiparts:		<none>
Body:
{
    "name": "!@#$%^&*()",
    "job": "Engineer",
    "userID": 2
}
HTTP/1.1 200 OK
Date: Thu, 30 Jan 2025 19:04:38 GMT
Content-Type: application/json; charset=utf-8
Transfer-Encoding: chunked
Connection: keep-alive
Report-To: {"group":"heroku-nel","max_age":3600,"endpoints":[{"url":"https://nel.heroku.com/reports?ts=1738263878&sid=c4c9725f-1ab0-44d8-820f-430df2718e11&s=oEhpY1O9n4y68kGMkTeh7LLua5QfIrKgTA9tJO5gvUY%3D"}]}
Reporting-Endpoints: heroku-nel=https://nel.heroku.com/reports?ts=1738263878&sid=c4c9725f-1ab0-44d8-820f-430df2718e11&s=oEhpY1O9n4y68kGMkTeh7LLua5QfIrKgTA9tJO5gvUY%3D
Nel: {"report_to":"heroku-nel","max_age":3600,"success_fraction":0.005,"failure_fraction":0.05,"response_headers":["Via"]}
X-Powered-By: Express
Access-Control-Allow-Origin: *
Etag: W/"58-bHhLt+kCeZhIvdnADlMRmOKrRZQ"
Via: 1.1 vegur
CF-Cache-Status: DYNAMIC
Vary: Accept-Encoding
Server: cloudflare
CF-RAY: 90a3ba991858111f-ORD
Content-Encoding: gzip
server-timing: cfL4;desc="?proto=TCP&rtt=2220&min_rtt=1963&rtt_var=920&sent=6&recv=7&lost=0&retrans=0&sent_bytes=3106&recv_bytes=861&delivery_rate=2182373&cwnd=248&unsent_bytes=0&cid=d81f865d804883a5&ts=234&x=0"

{
    "name": "!@#$%^&*()",
    "job": "Engineer",
    "userID": 2,
    "updatedAt": "2025-01-30T19:04:38.755Z"
}
name before =null
Request method:	PUT
Request URI:	https://reqres.in/api/users/23
Proxy:			<none>
Request params:	<none>
Query params:	<none>
Form params:	<none>
Path params:	<none>
Headers:		Accept=*/*
				Content-Type=application/json
Cookies:		<none>
Multiparts:		<none>
Body:
{
    "name": "Jane Doe",
    "job": "Tester",
    "userID": 3
}
HTTP/1.1 200 OK
Date: Thu, 30 Jan 2025 19:04:39 GMT
Content-Type: application/json; charset=utf-8
Transfer-Encoding: chunked
Connection: keep-alive
Report-To: {"group":"heroku-nel","max_age":3600,"endpoints":[{"url":"https://nel.heroku.com/reports?ts=1738263879&sid=c4c9725f-1ab0-44d8-820f-430df2718e11&s=7qsWD%2BJ1zJz2sCBsdO4XZ3k1ejpL6DHAEOmd8FYMRNQ%3D"}]}
Reporting-Endpoints: heroku-nel=https://nel.heroku.com/reports?ts=1738263879&sid=c4c9725f-1ab0-44d8-820f-430df2718e11&s=7qsWD%2BJ1zJz2sCBsdO4XZ3k1ejpL6DHAEOmd8FYMRNQ%3D
Nel: {"report_to":"heroku-nel","max_age":3600,"success_fraction":0.005,"failure_fraction":0.05,"response_headers":["Via"]}
X-Powered-By: Express
Access-Control-Allow-Origin: *
Etag: W/"54-EIx2vy/pUT8veUfdwR+g0VRqdeM"
Via: 1.1 vegur
CF-Cache-Status: DYNAMIC
Vary: Accept-Encoding
Server: cloudflare
CF-RAY: 90a3ba9c9bc7f15d-ORD
Content-Encoding: gzip
server-timing: cfL4;desc="?proto=TCP&rtt=2564&min_rtt=2299&rtt_var=1051&sent=5&recv=7&lost=0&retrans=0&sent_bytes=3106&recv_bytes=857&delivery_rate=1863418&cwnd=252&unsent_bytes=0&cid=e9b3e45d38164367&ts=182&x=0"

{
    "name": "Jane Doe",
    "job": "Tester",
    "userID": 3,
    "updatedAt": "2025-01-30T19:04:39.266Z"
}
]]></system-out>
  <system-err><![CDATA[]]></system-err>
</testsuite>
