<?xml version="1.0" encoding="UTF-8"?>
<testsuite name="Delete_Test" tests="1" skipped="0" failures="0" errors="0" timestamp="2025-01-30T19:32:54" hostname="fv-az1720-840" time="0.195">
  <properties/>
  <testcase name="DeleteUser[0](204)" classname="Delete_Test" time="0.195"/>
  <system-out><![CDATA[Request method:	DELETE
Request URI:	https://reqres.in/api/users/2
Proxy:			<none>
Request params:	<none>
Query params:	<none>
Form params:	<none>
Path params:	<none>
Headers:		Accept=*/*
Cookies:		<none>
Multiparts:		<none>
Body:			<none>
HTTP/1.1 204 No Content
Date: Thu, 30 Jan 2025 19:32:54 GMT
Content-Length: 0
Connection: keep-alive
Report-To: {"group":"heroku-nel","max_age":3600,"endpoints":[{"url":"https://nel.heroku.com/reports?ts=1738265574&sid=c4c9725f-1ab0-44d8-820f-430df2718e11&s=8sbYIeVCy2NugR4B%2FMQ%2B5euJXhElkm6w0s7b7BboBhk%3D"}]}
Reporting-Endpoints: heroku-nel=https://nel.heroku.com/reports?ts=1738265574&sid=c4c9725f-1ab0-44d8-820f-430df2718e11&s=8sbYIeVCy2NugR4B%2FMQ%2B5euJXhElkm6w0s7b7BboBhk%3D
Nel: {"report_to":"heroku-nel","max_age":3600,"success_fraction":0.005,"failure_fraction":0.05,"response_headers":["Via"]}
X-Powered-By: Express
Access-Control-Allow-Origin: *
Etag: W/"2-vyGp6PvFo4RvsFtPoIWeCReyIC8"
Via: 1.1 vegur
cf-cache-status: DYNAMIC
Server: cloudflare
CF-RAY: 90a3e3fe5d9a5a22-IAD
server-timing: cfL4;desc="?proto=TCP&rtt=5191&min_rtt=5189&rtt_var=1950&sent=6&recv=7&lost=0&retrans=0&sent_bytes=3106&recv_bytes=762&delivery_rate=822580&cwnd=252&unsent_bytes=0&cid=19991384f9f2f717&ts=173&x=0"
]]></system-out>
  <system-err><![CDATA[]]></system-err>
</testsuite>
