<?xml version="1.0" encoding="UTF-8"?>
<testsuite name="PutTest" tests="7" skipped="0" failures="0" errors="0" timestamp="2025-02-02T14:04:39" hostname="fv-az1657-290" time="2.776">
  <properties/>
  <testcase name="testPutUser[0](2, John Doe, Software Developer, true)" classname="PutTest" time="0.512"/>
  <testcase name="testPutUser[1](2, , QA Engineer, true)" classname="PutTest" time="0.412"/>
  <testcase name="testPutUser[2](2, Alice, , true)" classname="PutTest" time="0.358"/>
  <testcase name="testPutUser[3](2, VeryLongNameThatExceedsNormalLengthaldhiuhisabdkauhiugfKJKASJHFKSJH, Dev, true)" classname="PutTest" time="0.338"/>
  <testcase name="testPutUser[4](2, Bob, Business Analyst, true)" classname="PutTest" time="0.35"/>
  <testcase name="testPutUser[5](2, !@#$%^&amp;*(), Engineer, true)" classname="PutTest" time="0.327"/>
  <testcase name="testPutUser[6](3, Jane Doe, Tester, true)" classname="PutTest" time="0.469"/>
  <system-out><![CDATA[name before =null
Request method:	PUT
Request URI:	https://reqres.in/api/users/22
Proxy:			<none>
Request params:	<none>
Query params:	<none>
Form params:	<none>
Path params:	<none>
Headers:		Accept=*/*
				Content-Type=application/json
Cookies:		<none>
Multiparts:		<none>
Body:
{
    "name": "John Doe",
    "job": "Software Developer",
    "userID": 2
}
HTTP/1.1 200 OK
Date: Sun, 02 Feb 2025 14:04:40 GMT
Content-Type: application/json; charset=utf-8
Transfer-Encoding: chunked
Connection: keep-alive
Report-To: {"group":"heroku-nel","max_age":3600,"endpoints":[{"url":"https://nel.heroku.com/reports?ts=1738505080&sid=c4c9725f-1ab0-44d8-820f-430df2718e11&s=zsxg9hny144PxnpByRLpJMkV8kUsNqcaI7spXUS0O0Q%3D"}]}
Reporting-Endpoints: heroku-nel=https://nel.heroku.com/reports?ts=1738505080&sid=c4c9725f-1ab0-44d8-820f-430df2718e11&s=zsxg9hny144PxnpByRLpJMkV8kUsNqcaI7spXUS0O0Q%3D
Nel: {"report_to":"heroku-nel","max_age":3600,"success_fraction":0.005,"failure_fraction":0.05,"response_headers":["Via"]}
X-Powered-By: Express
Access-Control-Allow-Origin: *
Etag: W/"60-hj/Jl4vAPS1BYr+xs48cF4GUEwo"
Via: 1.1 vegur
CF-Cache-Status: DYNAMIC
Vary: Accept-Encoding
Server: cloudflare
CF-RAY: 90babb4ded5d87a3-IAD
Content-Encoding: gzip
server-timing: cfL4;desc="?proto=TCP&rtt=5296&min_rtt=5247&rtt_var=2002&sent=6&recv=7&lost=0&retrans=0&sent_bytes=3108&recv_bytes=869&delivery_rate=816466&cwnd=250&unsent_bytes=0&cid=d219d9e51a35511b&ts=164&x=0"

{
    "name": "John Doe",
    "job": "Software Developer",
    "userID": 2,
    "updatedAt": "2025-02-02T14:04:40.094Z"
}
name before =null
Request method:	PUT
Request URI:	https://reqres.in/api/users/22
Proxy:			<none>
Request params:	<none>
Query params:	<none>
Form params:	<none>
Path params:	<none>
Headers:		Accept=*/*
				Content-Type=application/json
Cookies:		<none>
Multiparts:		<none>
Body:
{
    "name": "",
    "job": "QA Engineer",
    "userID": 2
}
HTTP/1.1 200 OK
Date: Sun, 02 Feb 2025 14:04:40 GMT
Content-Type: application/json; charset=utf-8
Transfer-Encoding: chunked
Connection: keep-alive
Report-To: {"group":"heroku-nel","max_age":3600,"endpoints":[{"url":"https://nel.heroku.com/reports?ts=1738505080&sid=c4c9725f-1ab0-44d8-820f-430df2718e11&s=zsxg9hny144PxnpByRLpJMkV8kUsNqcaI7spXUS0O0Q%3D"}]}
Reporting-Endpoints: heroku-nel=https://nel.heroku.com/reports?ts=1738505080&sid=c4c9725f-1ab0-44d8-820f-430df2718e11&s=zsxg9hny144PxnpByRLpJMkV8kUsNqcaI7spXUS0O0Q%3D
Nel: {"report_to":"heroku-nel","max_age":3600,"success_fraction":0.005,"failure_fraction":0.05,"response_headers":["Via"]}
X-Powered-By: Express
Access-Control-Allow-Origin: *
Etag: W/"51-bpwBJX7sA7WO9rbY2UeQNXN7WSU"
Via: 1.1 vegur
CF-Cache-Status: DYNAMIC
Vary: Accept-Encoding
Server: cloudflare
CF-RAY: 90babb500b16c9a7-IAD
Content-Encoding: gzip
server-timing: cfL4;desc="?proto=TCP&rtt=5263&min_rtt=5261&rtt_var=1978&sent=6&recv=7&lost=0&retrans=0&sent_bytes=3107&recv_bytes=854&delivery_rate=811209&cwnd=252&unsent_bytes=0&cid=bdbcfce68f8501dd&ts=235&x=0"

{
    "name": "",
    "job": "QA Engineer",
    "userID": 2,
    "updatedAt": "2025-02-02T14:04:40.443Z"
}
name before =null
Request method:	PUT
Request URI:	https://reqres.in/api/users/22
Proxy:			<none>
Request params:	<none>
Query params:	<none>
Form params:	<none>
Path params:	<none>
Headers:		Accept=*/*
				Content-Type=application/json
Cookies:		<none>
Multiparts:		<none>
Body:
{
    "name": "Alice",
    "job": "",
    "userID": 2
}
HTTP/1.1 200 OK
Date: Sun, 02 Feb 2025 14:04:40 GMT
Content-Type: application/json; charset=utf-8
Transfer-Encoding: chunked
Connection: keep-alive
Report-To: {"group":"heroku-nel","max_age":3600,"endpoints":[{"url":"https://nel.heroku.com/reports?ts=1738505080&sid=c4c9725f-1ab0-44d8-820f-430df2718e11&s=zsxg9hny144PxnpByRLpJMkV8kUsNqcaI7spXUS0O0Q%3D"}]}
Reporting-Endpoints: heroku-nel=https://nel.heroku.com/reports?ts=1738505080&sid=c4c9725f-1ab0-44d8-820f-430df2718e11&s=zsxg9hny144PxnpByRLpJMkV8kUsNqcaI7spXUS0O0Q%3D
Nel: {"report_to":"heroku-nel","max_age":3600,"success_fraction":0.005,"failure_fraction":0.05,"response_headers":["Via"]}
X-Powered-By: Express
Access-Control-Allow-Origin: *
Etag: W/"4b-L8CtgaGt3WGyD4DZa54ZpsjGNQc"
Via: 1.1 vegur
CF-Cache-Status: DYNAMIC
Vary: Accept-Encoding
Server: cloudflare
CF-RAY: 90babb5289aac9bf-IAD
Content-Encoding: gzip
server-timing: cfL4;desc="?proto=TCP&rtt=5167&min_rtt=5111&rtt_var=1957&sent=6&recv=7&lost=0&retrans=0&sent_bytes=3108&recv_bytes=848&delivery_rate=838192&cwnd=252&unsent_bytes=0&cid=56f86c6af8ee4196&ts=195&x=0"

{
    "name": "Alice",
    "job": "",
    "userID": 2,
    "updatedAt": "2025-02-02T14:04:40.869Z"
}
name before =null
Request method:	PUT
Request URI:	https://reqres.in/api/users/22
Proxy:			<none>
Request params:	<none>
Query params:	<none>
Form params:	<none>
Path params:	<none>
Headers:		Accept=*/*
				Content-Type=application/json
Cookies:		<none>
Multiparts:		<none>
Body:
{
    "name": "VeryLongNameThatExceedsNormalLengthaldhiuhisabdkauhiugfKJKASJHFKSJH",
    "job": "Dev",
    "userID": 2
}
HTTP/1.1 200 OK
Date: Sun, 02 Feb 2025 14:04:41 GMT
Content-Type: application/json; charset=utf-8
Transfer-Encoding: chunked
Connection: keep-alive
Content-Encoding: gzip
Cf-Ray: 90babb54de3de5ef-IAD
Report-To: {"group":"heroku-nel","max_age":3600,"endpoints":[{"url":"https://nel.heroku.com/reports?ts=1738505081&sid=c4c9725f-1ab0-44d8-820f-430df2718e11&s=7QYQr1KESKPBRNHaVVKgfv9HXwZ1iIq5Hd9MPHtnozo%3D"}]}
Reporting-Endpoints: heroku-nel=https://nel.heroku.com/reports?ts=1738505081&sid=c4c9725f-1ab0-44d8-820f-430df2718e11&s=7QYQr1KESKPBRNHaVVKgfv9HXwZ1iIq5Hd9MPHtnozo%3D
Nel: {"report_to":"heroku-nel","max_age":3600,"success_fraction":0.005,"failure_fraction":0.05,"response_headers":["Via"]}
X-Powered-By: Express
Access-Control-Allow-Origin: *
Etag: W/"8c-iZ+zO2e1cUf6hLFiecokZhdDwVg"
Via: 1.1 vegur
Cf-Cache-Status: DYNAMIC
Vary: Accept-Encoding
Server: cloudflare
server-timing: cfL4;desc="?proto=TCP&rtt=5381&min_rtt=5318&rtt_var=2040&sent=6&recv=7&lost=0&retrans=0&sent_bytes=3107&recv_bytes=914&delivery_rate=805566&cwnd=252&unsent_bytes=0&cid=768a719828790a73&ts=177&x=0"

{
    "name": "VeryLongNameThatExceedsNormalLengthaldhiuhisabdkauhiugfKJKASJHFKSJH",
    "job": "Dev",
    "userID": 2,
    "updatedAt": "2025-02-02T14:04:41.211Z"
}
name before =null
Request method:	PUT
Request URI:	https://reqres.in/api/users/22
Proxy:			<none>
Request params:	<none>
Query params:	<none>
Form params:	<none>
Path params:	<none>
Headers:		Accept=*/*
				Content-Type=application/json
Cookies:		<none>
Multiparts:		<none>
Body:
{
    "name": "Bob",
    "job": "Business Analyst",
    "userID": 2
}
HTTP/1.1 200 OK
Date: Sun, 02 Feb 2025 14:04:41 GMT
Content-Type: application/json; charset=utf-8
Transfer-Encoding: chunked
Connection: keep-alive
Report-To: {"group":"heroku-nel","max_age":3600,"endpoints":[{"url":"https://nel.heroku.com/reports?ts=1738505081&sid=c4c9725f-1ab0-44d8-820f-430df2718e11&s=7QYQr1KESKPBRNHaVVKgfv9HXwZ1iIq5Hd9MPHtnozo%3D"}]}
Reporting-Endpoints: heroku-nel=https://nel.heroku.com/reports?ts=1738505081&sid=c4c9725f-1ab0-44d8-820f-430df2718e11&s=7QYQr1KESKPBRNHaVVKgfv9HXwZ1iIq5Hd9MPHtnozo%3D
Nel: {"report_to":"heroku-nel","max_age":3600,"success_fraction":0.005,"failure_fraction":0.05,"response_headers":["Via"]}
X-Powered-By: Express
Access-Control-Allow-Origin: *
Etag: W/"59-nn12DD+Hu6AlKMUZQa4CWcfph9w"
Via: 1.1 vegur
CF-Cache-Status: DYNAMIC
Vary: Accept-Encoding
Server: cloudflare
CF-RAY: 90babb56ffcb20d6-IAD
Content-Encoding: gzip
server-timing: cfL4;desc="?proto=TCP&rtt=5377&min_rtt=5372&rtt_var=2026&sent=6&recv=7&lost=0&retrans=0&sent_bytes=3109&recv_bytes=862&delivery_rate=790551&cwnd=252&unsent_bytes=0&cid=0179679da9bdd6fa&ts=173&x=0"

{
    "name": "Bob",
    "job": "Business Analyst",
    "userID": 2,
    "updatedAt": "2025-02-02T14:04:41.559Z"
}
name before =null
Request method:	PUT
Request URI:	https://reqres.in/api/users/22
Proxy:			<none>
Request params:	<none>
Query params:	<none>
Form params:	<none>
Path params:	<none>
Headers:		Accept=*/*
				Content-Type=application/json
Cookies:		<none>
Multiparts:		<none>
Body:
{
    "name": "!@#$%^&*()",
    "job": "Engineer",
    "userID": 2
}
HTTP/1.1 200 OK
Date: Sun, 02 Feb 2025 14:04:41 GMT
Content-Type: application/json; charset=utf-8
Transfer-Encoding: chunked
Connection: keep-alive
Report-To: {"group":"heroku-nel","max_age":3600,"endpoints":[{"url":"https://nel.heroku.com/reports?ts=1738505081&sid=c4c9725f-1ab0-44d8-820f-430df2718e11&s=7QYQr1KESKPBRNHaVVKgfv9HXwZ1iIq5Hd9MPHtnozo%3D"}]}
Reporting-Endpoints: heroku-nel=https://nel.heroku.com/reports?ts=1738505081&sid=c4c9725f-1ab0-44d8-820f-430df2718e11&s=7QYQr1KESKPBRNHaVVKgfv9HXwZ1iIq5Hd9MPHtnozo%3D
Nel: {"report_to":"heroku-nel","max_age":3600,"success_fraction":0.005,"failure_fraction":0.05,"response_headers":["Via"]}
X-Powered-By: Express
Access-Control-Allow-Origin: *
Etag: W/"58-Qu9JepyejIr/geMFUPHZNGVWWA8"
Via: 1.1 vegur
CF-Cache-Status: DYNAMIC
Vary: Accept-Encoding
Server: cloudflare
CF-RAY: 90babb59181472ed-IAD
Content-Encoding: gzip
server-timing: cfL4;desc="?proto=TCP&rtt=5224&min_rtt=5084&rtt_var=2006&sent=6&recv=7&lost=0&retrans=0&sent_bytes=3108&recv_bytes=861&delivery_rate=842643&cwnd=252&unsent_bytes=0&cid=6634b39ec21780ef&ts=166&x=0"

{
    "name": "!@#$%^&*()",
    "job": "Engineer",
    "userID": 2,
    "updatedAt": "2025-02-02T14:04:41.886Z"
}
name before =null
Request method:	PUT
Request URI:	https://reqres.in/api/users/23
Proxy:			<none>
Request params:	<none>
Query params:	<none>
Form params:	<none>
Path params:	<none>
Headers:		Accept=*/*
				Content-Type=application/json
Cookies:		<none>
Multiparts:		<none>
Body:
{
    "name": "Jane Doe",
    "job": "Tester",
    "userID": 3
}
HTTP/1.1 200 OK
Date: Sun, 02 Feb 2025 14:04:42 GMT
Content-Type: application/json; charset=utf-8
Transfer-Encoding: chunked
Connection: keep-alive
Report-To: {"group":"heroku-nel","max_age":3600,"endpoints":[{"url":"https://nel.heroku.com/reports?ts=1738505082&sid=c4c9725f-1ab0-44d8-820f-430df2718e11&s=E0Z8VqXnZsnMX0QxpfzMPKw%2FUaoHQqgUpQkF1Ai68Pk%3D"}]}
Reporting-Endpoints: heroku-nel=https://nel.heroku.com/reports?ts=1738505082&sid=c4c9725f-1ab0-44d8-820f-430df2718e11&s=E0Z8VqXnZsnMX0QxpfzMPKw%2FUaoHQqgUpQkF1Ai68Pk%3D
Nel: {"report_to":"heroku-nel","max_age":3600,"success_fraction":0.005,"failure_fraction":0.05,"response_headers":["Via"]}
X-Powered-By: Express
Access-Control-Allow-Origin: *
Etag: W/"54-DgNcSIBZurtwkBeZNZ5SlJPJREE"
Via: 1.1 vegur
CF-Cache-Status: DYNAMIC
Vary: Accept-Encoding
Server: cloudflare
CF-RAY: 90babb5bf909392e-IAD
Content-Encoding: gzip
server-timing: cfL4;desc="?proto=TCP&rtt=5559&min_rtt=5418&rtt_var=1633&sent=6&recv=8&lost=0&retrans=0&sent_bytes=3108&recv_bytes=857&delivery_rate=783610&cwnd=252&unsent_bytes=0&cid=d3eff5010d6515d6&ts=172&x=0"

{
    "name": "Jane Doe",
    "job": "Tester",
    "userID": 3,
    "updatedAt": "2025-02-02T14:04:42.358Z"
}
]]></system-out>
  <system-err><![CDATA[]]></system-err>
</testsuite>
