<?xml version="1.0" encoding="UTF-8"?>
<testsuite name="GetTest" tests="3" skipped="0" failures="0" errors="0" timestamp="2025-02-06T10:19:46" hostname="fv-az1787-839" time="4.236">
  <properties/>
  <testcase name="GetUser[0](9, true)" classname="GetTest" time="3.742"/>
  <testcase name="GetUser[1](999, false)" classname="GetTest" time="0.207"/>
  <testcase name="GetUser[2](0, false)" classname="GetTest" time="0.215"/>
  <system-out><![CDATA[Request method:	GET
Request URI:	https://reqres.in/api/users/9
Proxy:			<none>
Request params:	<none>
Query params:	<none>
Form params:	<none>
Path params:	id=9
Headers:		Accept=*/*
Cookies:		<none>
Multiparts:		<none>
Body:			<none>
HTTP/1.1 200 OK
Date: Thu, 06 Feb 2025 10:19:48 GMT
Content-Type: application/json; charset=utf-8
Transfer-Encoding: chunked
Connection: keep-alive
Report-To: {"group":"heroku-nel","max_age":3600,"endpoints":[{"url":"https://nel.heroku.com/reports?ts=1738834283&sid=c4c9725f-1ab0-44d8-820f-430df2718e11&s=tKMvNFRpxm73wkb24jQJfES3p6YLFrBN0HQaVsXWxGo%3D"}]}
Reporting-Endpoints: heroku-nel=https://nel.heroku.com/reports?ts=1738834283&sid=c4c9725f-1ab0-44d8-820f-430df2718e11&s=tKMvNFRpxm73wkb24jQJfES3p6YLFrBN0HQaVsXWxGo%3D
Nel: {"report_to":"heroku-nel","max_age":3600,"success_fraction":0.005,"failure_fraction":0.05,"response_headers":["Via"]}
X-Powered-By: Express
Access-Control-Allow-Origin: *
Etag: W/"152-FpYvp70F61UHmjz1MpAbXegc4Hc"
Via: 1.1 vegur
Cache-Control: max-age=14400
CF-Cache-Status: HIT
Age: 2904
Vary: Accept-Encoding
Server: cloudflare
CF-RAY: 90da676a383b0618-IAD
Content-Encoding: gzip
server-timing: cfL4;desc="?proto=TCP&rtt=1416&min_rtt=1393&rtt_var=569&sent=7&recv=7&lost=0&retrans=0&sent_bytes=3109&recv_bytes=759&delivery_rate=2711392&cwnd=251&unsent_bytes=0&cid=8c8121edbe003a46&ts=233&x=0"

{
    "data": {
        "id": 9,
        "email": "tobias.funke@reqres.in",
        "first_name": "Tobias",
        "last_name": "Funke",
        "avatar": "https://reqres.in/img/faces/9-image.jpg"
    },
    "support": {
        "url": "https://contentcaddy.io?utm_source=reqres&utm_medium=json&utm_campaign=referral",
        "text": "Tired of writing endless social media content? Let Content Caddy generate it for you."
    }
}
Request method:	GET
Request URI:	https://reqres.in/api/users/999
Proxy:			<none>
Request params:	<none>
Query params:	<none>
Form params:	<none>
Path params:	id=999
Headers:		Accept=*/*
Cookies:		<none>
Multiparts:		<none>
Body:			<none>
HTTP/1.1 404 Not Found
Date: Thu, 06 Feb 2025 10:19:50 GMT
Content-Type: application/json; charset=utf-8
Content-Length: 2
Connection: keep-alive
Report-To: {"group":"heroku-nel","max_age":3600,"endpoints":[{"url":"https://nel.heroku.com/reports?ts=1738837190&sid=c4c9725f-1ab0-44d8-820f-430df2718e11&s=tBvEsQGb1zEEtQEmK%2Bvth1q5Ku6F1gaKjlhizoQch40%3D"}]}
Reporting-Endpoints: heroku-nel=https://nel.heroku.com/reports?ts=1738837190&sid=c4c9725f-1ab0-44d8-820f-430df2718e11&s=tBvEsQGb1zEEtQEmK%2Bvth1q5Ku6F1gaKjlhizoQch40%3D
Nel: {"report_to":"heroku-nel","max_age":3600,"success_fraction":0.005,"failure_fraction":0.05,"response_headers":["Via"]}
X-Powered-By: Express
Access-Control-Allow-Origin: *
Etag: W/"2-vyGp6PvFo4RvsFtPoIWeCReyIC8"
Via: 1.1 vegur
Cache-Control: max-age=14400
CF-Cache-Status: EXPIRED
Vary: Accept-Encoding
Server: cloudflare
CF-RAY: 90da677638d3f270-IAD
server-timing: cfL4;desc="?proto=TCP&rtt=1062&min_rtt=1055&rtt_var=410&sent=6&recv=7&lost=0&retrans=0&sent_bytes=3108&recv_bytes=761&delivery_rate=3842152&cwnd=252&unsent_bytes=0&cid=9c59283019fb9782&ts=173&x=0"

{
    
}
Request method:	GET
Request URI:	https://reqres.in/api/users/0
Proxy:			<none>
Request params:	<none>
Query params:	<none>
Form params:	<none>
Path params:	id=0
Headers:		Accept=*/*
Cookies:		<none>
Multiparts:		<none>
Body:			<none>
HTTP/1.1 404 Not Found
Date: Thu, 06 Feb 2025 10:19:50 GMT
Content-Type: application/json; charset=utf-8
Content-Length: 2
Connection: keep-alive
Report-To: {"group":"heroku-nel","max_age":3600,"endpoints":[{"url":"https://nel.heroku.com/reports?ts=1738837190&sid=c4c9725f-1ab0-44d8-820f-430df2718e11&s=tBvEsQGb1zEEtQEmK%2Bvth1q5Ku6F1gaKjlhizoQch40%3D"}]}
Reporting-Endpoints: heroku-nel=https://nel.heroku.com/reports?ts=1738837190&sid=c4c9725f-1ab0-44d8-820f-430df2718e11&s=tBvEsQGb1zEEtQEmK%2Bvth1q5Ku6F1gaKjlhizoQch40%3D
Nel: {"report_to":"heroku-nel","max_age":3600,"success_fraction":0.005,"failure_fraction":0.05,"response_headers":["Via"]}
X-Powered-By: Express
Access-Control-Allow-Origin: *
Etag: W/"2-vyGp6PvFo4RvsFtPoIWeCReyIC8"
Via: 1.1 vegur
Cache-Control: max-age=14400
CF-Cache-Status: EXPIRED
Vary: Accept-Encoding
Server: cloudflare
CF-RAY: 90da67779bab5860-IAD
server-timing: cfL4;desc="?proto=TCP&rtt=1209&min_rtt=1198&rtt_var=457&sent=6&recv=7&lost=0&retrans=0&sent_bytes=3107&recv_bytes=759&delivery_rate=3575959&cwnd=252&unsent_bytes=0&cid=88807835209e9630&ts=182&x=0"

{
    
}
]]></system-out>
  <system-err><![CDATA[]]></system-err>
</testsuite>
