<?xml version="1.0" encoding="UTF-8"?>
<testsuite name="DeleteTest" tests="1" skipped="0" failures="0" errors="0" timestamp="2025-02-03T15:00:01" hostname="fv-az1334-115" time="0.296">
  <properties/>
  <testcase name="DeleteUser[0](204)" classname="DeleteTest" time="0.296"/>
  <system-out><![CDATA[Request method:	DELETE
Request URI:	https://reqres.in/api/users/2
Proxy:			<none>
Request params:	<none>
Query params:	<none>
Form params:	<none>
Path params:	<none>
Headers:		Accept=*/*
Cookies:		<none>
Multiparts:		<none>
Body:			<none>
HTTP/1.1 204 No Content
Date: Mon, 03 Feb 2025 15:00:01 GMT
Content-Length: 0
Connection: keep-alive
Report-To: {"group":"heroku-nel","max_age":3600,"endpoints":[{"url":"https://nel.heroku.com/reports?ts=1738594801&sid=c4c9725f-1ab0-44d8-820f-430df2718e11&s=4agM6JOkwT2Nu9X%2FB1QFrzcCeoKsF0Bo6Pts7h3g8DA%3D"}]}
Reporting-Endpoints: heroku-nel=https://nel.heroku.com/reports?ts=1738594801&sid=c4c9725f-1ab0-44d8-820f-430df2718e11&s=4agM6JOkwT2Nu9X%2FB1QFrzcCeoKsF0Bo6Pts7h3g8DA%3D
Nel: {"report_to":"heroku-nel","max_age":3600,"success_fraction":0.005,"failure_fraction":0.05,"response_headers":["Via"]}
X-Powered-By: Express
Access-Control-Allow-Origin: *
Etag: W/"2-vyGp6PvFo4RvsFtPoIWeCReyIC8"
Via: 1.1 vegur
cf-cache-status: DYNAMIC
Server: cloudflare
CF-RAY: 90c349c38b94ce60-SJC
server-timing: cfL4;desc="?proto=TCP&rtt=1841&min_rtt=1810&rtt_var=701&sent=6&recv=7&lost=0&retrans=0&sent_bytes=3107&recv_bytes=762&delivery_rate=2366850&cwnd=252&unsent_bytes=0&cid=465a8e1a15dcea97&ts=279&x=0"
]]></system-out>
  <system-err><![CDATA[]]></system-err>
</testsuite>
