<?xml version="1.0" encoding="UTF-8"?>
<testsuite name="Get_Test" tests="3" skipped="0" failures="0" errors="0" timestamp="2025-01-30T18:07:11" hostname="fv-az1376-582" time="4.474">
  <properties/>
  <testcase name="GetUser[0](9, true)" classname="Get_Test" time="3.616"/>
  <testcase name="GetUser[1](999, false)" classname="Get_Test" time="0.38"/>
  <testcase name="GetUser[2](0, false)" classname="Get_Test" time="0.398"/>
  <system-out><![CDATA[Request method:	GET
Request URI:	https://reqres.in/api/users/9
Proxy:			<none>
Request params:	<none>
Query params:	<none>
Form params:	<none>
Path params:	id=9
Headers:		Accept=*/*
Cookies:		<none>
Multiparts:		<none>
Body:			<none>
HTTP/1.1 200 OK
Date: Thu, 30 Jan 2025 18:07:13 GMT
Content-Type: application/json; charset=utf-8
Transfer-Encoding: chunked
Connection: keep-alive
Report-To: {"group":"heroku-nel","max_age":3600,"endpoints":[{"url":"https://nel.heroku.com/reports?ts=1738250824&sid=c4c9725f-1ab0-44d8-820f-430df2718e11&s=HMzm5OlAsJ41YQPa2AMDR2mvAXUARbC3JTkvHgsFg2M%3D"}]}
Reporting-Endpoints: heroku-nel=https://nel.heroku.com/reports?ts=1738250824&sid=c4c9725f-1ab0-44d8-820f-430df2718e11&s=HMzm5OlAsJ41YQPa2AMDR2mvAXUARbC3JTkvHgsFg2M%3D
Nel: {"report_to":"heroku-nel","max_age":3600,"success_fraction":0.005,"failure_fraction":0.05,"response_headers":["Via"]}
X-Powered-By: Express
Access-Control-Allow-Origin: *
Etag: W/"152-FpYvp70F61UHmjz1MpAbXegc4Hc"
Via: 1.1 vegur
Cache-Control: max-age=14400
CF-Cache-Status: HIT
Age: 1032
Vary: Accept-Encoding
Server: cloudflare
CF-RAY: 90a366803aa12aac-LAX
Content-Encoding: gzip
server-timing: cfL4;desc="?proto=TCP&rtt=11851&min_rtt=11577&rtt_var=4537&sent=7&recv=7&lost=0&retrans=0&sent_bytes=3107&recv_bytes=759&delivery_rate=370044&cwnd=155&unsent_bytes=0&cid=6e1d897e631fc461&ts=155&x=0"

{
    "data": {
        "id": 9,
        "email": "tobias.funke@reqres.in",
        "first_name": "Tobias",
        "last_name": "Funke",
        "avatar": "https://reqres.in/img/faces/9-image.jpg"
    },
    "support": {
        "url": "https://contentcaddy.io?utm_source=reqres&utm_medium=json&utm_campaign=referral",
        "text": "Tired of writing endless social media content? Let Content Caddy generate it for you."
    }
}
Request method:	GET
Request URI:	https://reqres.in/api/users/999
Proxy:			<none>
Request params:	<none>
Query params:	<none>
Form params:	<none>
Path params:	id=999
Headers:		Accept=*/*
Cookies:		<none>
Multiparts:		<none>
Body:			<none>
HTTP/1.1 404 Not Found
Date: Thu, 30 Jan 2025 18:07:15 GMT
Content-Type: application/json; charset=utf-8
Content-Length: 2
Connection: keep-alive
Report-To: {"group":"heroku-nel","max_age":3600,"endpoints":[{"url":"https://nel.heroku.com/reports?ts=1738260435&sid=c4c9725f-1ab0-44d8-820f-430df2718e11&s=tpBZBIm%2BDOw1mpFehfw4ohoeK4QFlTBiwZFiya9CnUE%3D"}]}
Reporting-Endpoints: heroku-nel=https://nel.heroku.com/reports?ts=1738260435&sid=c4c9725f-1ab0-44d8-820f-430df2718e11&s=tpBZBIm%2BDOw1mpFehfw4ohoeK4QFlTBiwZFiya9CnUE%3D
Nel: {"report_to":"heroku-nel","max_age":3600,"success_fraction":0.005,"failure_fraction":0.05,"response_headers":["Via"]}
X-Powered-By: Express
Access-Control-Allow-Origin: *
Etag: W/"2-vyGp6PvFo4RvsFtPoIWeCReyIC8"
Via: 1.1 vegur
Cache-Control: max-age=14400
CF-Cache-Status: EXPIRED
Vary: Accept-Encoding
Server: cloudflare
CF-RAY: 90a3668b19e32b8a-LAX
server-timing: cfL4;desc="?proto=TCP&rtt=11202&min_rtt=11181&rtt_var=4208&sent=6&recv=7&lost=0&retrans=0&sent_bytes=3106&recv_bytes=761&delivery_rate=383149&cwnd=229&unsent_bytes=0&cid=955ff20b5a7df7b0&ts=331&x=0"

{
    
}
Request method:	GET
Request URI:	https://reqres.in/api/users/0
Proxy:			<none>
Request params:	<none>
Query params:	<none>
Form params:	<none>
Path params:	id=0
Headers:		Accept=*/*
Cookies:		<none>
Multiparts:		<none>
Body:			<none>
HTTP/1.1 404 Not Found
Date: Thu, 30 Jan 2025 18:07:16 GMT
Content-Type: application/json; charset=utf-8
Content-Length: 2
Connection: keep-alive
Report-To: {"group":"heroku-nel","max_age":3600,"endpoints":[{"url":"https://nel.heroku.com/reports?ts=1738260436&sid=c4c9725f-1ab0-44d8-820f-430df2718e11&s=Yh%2BFjsR5EJZFod%2BYqLkbZb2t1cGqah4zL1v21hRkPn4%3D"}]}
Reporting-Endpoints: heroku-nel=https://nel.heroku.com/reports?ts=1738260436&sid=c4c9725f-1ab0-44d8-820f-430df2718e11&s=Yh%2BFjsR5EJZFod%2BYqLkbZb2t1cGqah4zL1v21hRkPn4%3D
Nel: {"report_to":"heroku-nel","max_age":3600,"success_fraction":0.005,"failure_fraction":0.05,"response_headers":["Via"]}
X-Powered-By: Express
Access-Control-Allow-Origin: *
Etag: W/"2-vyGp6PvFo4RvsFtPoIWeCReyIC8"
Via: 1.1 vegur
Cache-Control: max-age=14400
CF-Cache-Status: EXPIRED
Vary: Accept-Encoding
Server: cloudflare
CF-RAY: 90a3668d7bea08b0-LAX
server-timing: cfL4;desc="?proto=TCP&rtt=11550&min_rtt=11541&rtt_var=4347&sent=6&recv=7&lost=0&retrans=0&sent_bytes=3107&recv_bytes=759&delivery_rate=368706&cwnd=239&unsent_bytes=0&cid=70c76a2b2f27568c&ts=348&x=0"

{
    
}
]]></system-out>
  <system-err><![CDATA[]]></system-err>
</testsuite>
