<?xml version="1.0" encoding="UTF-8"?>
<testsuite name="Get_Test" tests="3" skipped="0" failures="0" errors="0" timestamp="2025-01-30T15:08:27" hostname="fv-az1371-570" time="2.659">
  <properties/>
  <testcase name="GetUser[0](9, true)" classname="Get_Test" time="2.212"/>
  <testcase name="GetUser[1](999, false)" classname="Get_Test" time="0.227"/>
  <testcase name="GetUser[2](0, false)" classname="Get_Test" time="0.219"/>
  <system-out><![CDATA[Request method:	GET
Request URI:	https://reqres.in/api/users/9
Proxy:			<none>
Request params:	<none>
Query params:	<none>
Form params:	<none>
Path params:	id=9
Headers:		Accept=*/*
Cookies:		<none>
Multiparts:		<none>
Body:			<none>
HTTP/1.1 200 OK
Date: Thu, 30 Jan 2025 15:08:29 GMT
Content-Type: application/json; charset=utf-8
Transfer-Encoding: chunked
Connection: keep-alive
Report-To: {"group":"heroku-nel","max_age":3600,"endpoints":[{"url":"https://nel.heroku.com/reports?ts=1738173700&sid=c4c9725f-1ab0-44d8-820f-430df2718e11&s=fbkiWZrELYuErpWQlpCW2x%2BBIOsn%2BKWLgEFL4dcimz0%3D"}]}
Reporting-Endpoints: heroku-nel=https://nel.heroku.com/reports?ts=1738173700&sid=c4c9725f-1ab0-44d8-820f-430df2718e11&s=fbkiWZrELYuErpWQlpCW2x%2BBIOsn%2BKWLgEFL4dcimz0%3D
Nel: {"report_to":"heroku-nel","max_age":3600,"success_fraction":0.005,"failure_fraction":0.05,"response_headers":["Via"]}
X-Powered-By: Express
Access-Control-Allow-Origin: *
Etag: W/"152-FpYvp70F61UHmjz1MpAbXegc4Hc"
Via: 1.1 vegur
Cache-Control: max-age=14400
CF-Cache-Status: REVALIDATED
Vary: Accept-Encoding
Server: cloudflare
CF-RAY: 90a260a99962cee4-ORD
Content-Encoding: gzip
server-timing: cfL4;desc="?proto=TCP&rtt=2435&min_rtt=2400&rtt_var=925&sent=7&recv=7&lost=0&retrans=0&sent_bytes=3105&recv_bytes=759&delivery_rate=1785000&cwnd=252&unsent_bytes=0&cid=b7a586c018b4eb51&ts=316&x=0"

{
    "data": {
        "id": 9,
        "email": "tobias.funke@reqres.in",
        "first_name": "Tobias",
        "last_name": "Funke",
        "avatar": "https://reqres.in/img/faces/9-image.jpg"
    },
    "support": {
        "url": "https://contentcaddy.io?utm_source=reqres&utm_medium=json&utm_campaign=referral",
        "text": "Tired of writing endless social media content? Let Content Caddy generate it for you."
    }
}
Request method:	GET
Request URI:	https://reqres.in/api/users/999
Proxy:			<none>
Request params:	<none>
Query params:	<none>
Form params:	<none>
Path params:	id=999
Headers:		Accept=*/*
Cookies:		<none>
Multiparts:		<none>
Body:			<none>
HTTP/1.1 404 Not Found
Date: Thu, 30 Jan 2025 15:08:30 GMT
Content-Type: application/json; charset=utf-8
Content-Length: 2
Connection: keep-alive
Report-To: {"group":"heroku-nel","max_age":3600,"endpoints":[{"url":"https://nel.heroku.com/reports?ts=1738249710&sid=c4c9725f-1ab0-44d8-820f-430df2718e11&s=p00iCZdeJTCugsMufe0UbHPueqDuqXHhP2DoUas%2F7tc%3D"}]}
Reporting-Endpoints: heroku-nel=https://nel.heroku.com/reports?ts=1738249710&sid=c4c9725f-1ab0-44d8-820f-430df2718e11&s=p00iCZdeJTCugsMufe0UbHPueqDuqXHhP2DoUas%2F7tc%3D
Nel: {"report_to":"heroku-nel","max_age":3600,"success_fraction":0.005,"failure_fraction":0.05,"response_headers":["Via"]}
X-Powered-By: Express
Access-Control-Allow-Origin: *
Etag: W/"2-vyGp6PvFo4RvsFtPoIWeCReyIC8"
Via: 1.1 vegur
Cache-Control: max-age=14400
CF-Cache-Status: MISS
Vary: Accept-Encoding
Server: cloudflare
CF-RAY: 90a260b07f0efa17-ORD
server-timing: cfL4;desc="?proto=TCP&rtt=1765&min_rtt=1680&rtt_var=522&sent=6&recv=8&lost=0&retrans=0&sent_bytes=3107&recv_bytes=761&delivery_rate=2442417&cwnd=252&unsent_bytes=0&cid=1da2f86687ab9a4c&ts=202&x=0"

{
    
}
Request method:	GET
Request URI:	https://reqres.in/api/users/0
Proxy:			<none>
Request params:	<none>
Query params:	<none>
Form params:	<none>
Path params:	id=0
Headers:		Accept=*/*
Cookies:		<none>
Multiparts:		<none>
Body:			<none>
HTTP/1.1 404 Not Found
Date: Thu, 30 Jan 2025 15:08:30 GMT
Content-Type: application/json; charset=utf-8
Content-Length: 2
Connection: keep-alive
Report-To: {"group":"heroku-nel","max_age":3600,"endpoints":[{"url":"https://nel.heroku.com/reports?ts=1738249710&sid=c4c9725f-1ab0-44d8-820f-430df2718e11&s=p00iCZdeJTCugsMufe0UbHPueqDuqXHhP2DoUas%2F7tc%3D"}]}
Reporting-Endpoints: heroku-nel=https://nel.heroku.com/reports?ts=1738249710&sid=c4c9725f-1ab0-44d8-820f-430df2718e11&s=p00iCZdeJTCugsMufe0UbHPueqDuqXHhP2DoUas%2F7tc%3D
Nel: {"report_to":"heroku-nel","max_age":3600,"success_fraction":0.005,"failure_fraction":0.05,"response_headers":["Via"]}
X-Powered-By: Express
Access-Control-Allow-Origin: *
Etag: W/"2-vyGp6PvFo4RvsFtPoIWeCReyIC8"
Via: 1.1 vegur
Cache-Control: max-age=14400
CF-Cache-Status: MISS
Vary: Accept-Encoding
Server: cloudflare
CF-RAY: 90a260b1dc23114a-ORD
server-timing: cfL4;desc="?proto=TCP&rtt=1811&min_rtt=1808&rtt_var=684&sent=6&recv=7&lost=0&retrans=0&sent_bytes=3107&recv_bytes=759&delivery_rate=2338427&cwnd=252&unsent_bytes=0&cid=ef2e74994d111507&ts=195&x=0"

{
    
}
]]></system-out>
  <system-err><![CDATA[]]></system-err>
</testsuite>
