<?xml version="1.0" encoding="UTF-8"?>
<testsuite name="PutTest" tests="7" skipped="0" failures="0" errors="0" timestamp="2025-02-05T17:21:26" hostname="fv-az1391-634" time="2.558">
  <properties/>
  <testcase name="testPutUser[0](2, John Doe, Software Developer, true)" classname="PutTest" time="0.513"/>
  <testcase name="testPutUser[1](2, , QA Engineer, true)" classname="PutTest" time="0.326"/>
  <testcase name="testPutUser[2](2, Alice, , true)" classname="PutTest" time="0.346"/>
  <testcase name="testPutUser[3](2, VeryLongNameThatExceedsNormalLengthaldhiuhisabdkauhiugfKJKASJHFKSJH, Dev, true)" classname="PutTest" time="0.334"/>
  <testcase name="testPutUser[4](2, Bob, Business Analyst, true)" classname="PutTest" time="0.432"/>
  <testcase name="testPutUser[5](2, !@#$%^&amp;*(), Engineer, true)" classname="PutTest" time="0.318"/>
  <testcase name="testPutUser[6](3, Jane Doe, Tester, true)" classname="PutTest" time="0.276"/>
  <system-out><![CDATA[name before =null
Request method:	PUT
Request URI:	https://reqres.in/api/users/22
Proxy:			<none>
Request params:	<none>
Query params:	<none>
Form params:	<none>
Path params:	<none>
Headers:		Accept=*/*
				Content-Type=application/json
Cookies:		<none>
Multiparts:		<none>
Body:
{
    "name": "John Doe",
    "job": "Software Developer",
    "userID": 2
}
HTTP/1.1 200 OK
Date: Wed, 05 Feb 2025 17:21:26 GMT
Content-Type: application/json; charset=utf-8
Transfer-Encoding: chunked
Connection: keep-alive
Report-To: {"group":"heroku-nel","max_age":3600,"endpoints":[{"url":"https://nel.heroku.com/reports?ts=1738776086&sid=c4c9725f-1ab0-44d8-820f-430df2718e11&s=C4%2BRZ%2FhKknfkbQoMGvipq8xnsG7f5NHz2enS0tPhOiA%3D"}]}
Reporting-Endpoints: heroku-nel=https://nel.heroku.com/reports?ts=1738776086&sid=c4c9725f-1ab0-44d8-820f-430df2718e11&s=C4%2BRZ%2FhKknfkbQoMGvipq8xnsG7f5NHz2enS0tPhOiA%3D
Nel: {"report_to":"heroku-nel","max_age":3600,"success_fraction":0.005,"failure_fraction":0.05,"response_headers":["Via"]}
X-Powered-By: Express
Access-Control-Allow-Origin: *
Etag: W/"60-Mn53JfKRgfkaz075wvWWKnFOcX0"
Via: 1.1 vegur
CF-Cache-Status: DYNAMIC
Vary: Accept-Encoding
Server: cloudflare
CF-RAY: 90d493ade80b7f86-IAD
Content-Encoding: gzip
server-timing: cfL4;desc="?proto=TCP&rtt=1182&min_rtt=1108&rtt_var=468&sent=6&recv=7&lost=0&retrans=0&sent_bytes=3108&recv_bytes=869&delivery_rate=3866425&cwnd=252&unsent_bytes=0&cid=3f1fba3f41748bab&ts=182&x=0"

{
    "name": "John Doe",
    "job": "Software Developer",
    "userID": 2,
    "updatedAt": "2025-02-05T17:21:26.825Z"
}
name before =null
Request method:	PUT
Request URI:	https://reqres.in/api/users/22
Proxy:			<none>
Request params:	<none>
Query params:	<none>
Form params:	<none>
Path params:	<none>
Headers:		Accept=*/*
				Content-Type=application/json
Cookies:		<none>
Multiparts:		<none>
Body:
{
    "name": "",
    "job": "QA Engineer",
    "userID": 2
}
HTTP/1.1 200 OK
Date: Wed, 05 Feb 2025 17:21:27 GMT
Content-Type: application/json; charset=utf-8
Transfer-Encoding: chunked
Connection: keep-alive
Report-To: {"group":"heroku-nel","max_age":3600,"endpoints":[{"url":"https://nel.heroku.com/reports?ts=1738776087&sid=c4c9725f-1ab0-44d8-820f-430df2718e11&s=oZx%2Bz978p4TnghO9Tkf00%2BVqhKXqeFU7NhVtPPst2A4%3D"}]}
Reporting-Endpoints: heroku-nel=https://nel.heroku.com/reports?ts=1738776087&sid=c4c9725f-1ab0-44d8-820f-430df2718e11&s=oZx%2Bz978p4TnghO9Tkf00%2BVqhKXqeFU7NhVtPPst2A4%3D
Nel: {"report_to":"heroku-nel","max_age":3600,"success_fraction":0.005,"failure_fraction":0.05,"response_headers":["Via"]}
X-Powered-By: Express
Access-Control-Allow-Origin: *
Etag: W/"51-hMPuCxMUZy5zc2ixAK5MZsftf3s"
Via: 1.1 vegur
CF-Cache-Status: DYNAMIC
Vary: Accept-Encoding
Server: cloudflare
CF-RAY: 90d493b0093107f5-IAD
Content-Encoding: gzip
server-timing: cfL4;desc="?proto=TCP&rtt=1297&min_rtt=1252&rtt_var=502&sent=6&recv=7&lost=0&retrans=0&sent_bytes=3107&recv_bytes=854&delivery_rate=3421725&cwnd=252&unsent_bytes=0&cid=e64b31d2c3b2f854&ts=177&x=0"

{
    "name": "",
    "job": "QA Engineer",
    "userID": 2,
    "updatedAt": "2025-02-05T17:21:27.169Z"
}
name before =null
Request method:	PUT
Request URI:	https://reqres.in/api/users/22
Proxy:			<none>
Request params:	<none>
Query params:	<none>
Form params:	<none>
Path params:	<none>
Headers:		Accept=*/*
				Content-Type=application/json
Cookies:		<none>
Multiparts:		<none>
Body:
{
    "name": "Alice",
    "job": "",
    "userID": 2
}
HTTP/1.1 200 OK
Date: Wed, 05 Feb 2025 17:21:27 GMT
Content-Type: application/json; charset=utf-8
Transfer-Encoding: chunked
Connection: keep-alive
Content-Encoding: gzip
Cf-Ray: 90d493b20c4d57a2-IAD
Report-To: {"group":"heroku-nel","max_age":3600,"endpoints":[{"url":"https://nel.heroku.com/reports?ts=1738776087&sid=c4c9725f-1ab0-44d8-820f-430df2718e11&s=oZx%2Bz978p4TnghO9Tkf00%2BVqhKXqeFU7NhVtPPst2A4%3D"}]}
Reporting-Endpoints: heroku-nel=https://nel.heroku.com/reports?ts=1738776087&sid=c4c9725f-1ab0-44d8-820f-430df2718e11&s=oZx%2Bz978p4TnghO9Tkf00%2BVqhKXqeFU7NhVtPPst2A4%3D
Nel: {"report_to":"heroku-nel","max_age":3600,"success_fraction":0.005,"failure_fraction":0.05,"response_headers":["Via"]}
X-Powered-By: Express
Access-Control-Allow-Origin: *
Etag: W/"4b-FWBf3FEColFj5JtVVQbAVepnj5I"
Via: 1.1 vegur
Cf-Cache-Status: DYNAMIC
Vary: Accept-Encoding
Server: cloudflare
server-timing: cfL4;desc="?proto=TCP&rtt=1052&min_rtt=935&rtt_var=434&sent=6&recv=7&lost=0&retrans=0&sent_bytes=3107&recv_bytes=848&delivery_rate=4581818&cwnd=252&unsent_bytes=0&cid=4c7f768a89ec6f59&ts=204&x=0"

{
    "name": "Alice",
    "job": "",
    "userID": 2,
    "updatedAt": "2025-02-05T17:21:27.519Z"
}
name before =null
Request method:	PUT
Request URI:	https://reqres.in/api/users/22
Proxy:			<none>
Request params:	<none>
Query params:	<none>
Form params:	<none>
Path params:	<none>
Headers:		Accept=*/*
				Content-Type=application/json
Cookies:		<none>
Multiparts:		<none>
Body:
{
    "name": "VeryLongNameThatExceedsNormalLengthaldhiuhisabdkauhiugfKJKASJHFKSJH",
    "job": "Dev",
    "userID": 2
}
HTTP/1.1 200 OK
Date: Wed, 05 Feb 2025 17:21:27 GMT
Content-Type: application/json; charset=utf-8
Transfer-Encoding: chunked
Connection: keep-alive
Report-To: {"group":"heroku-nel","max_age":3600,"endpoints":[{"url":"https://nel.heroku.com/reports?ts=1738776087&sid=c4c9725f-1ab0-44d8-820f-430df2718e11&s=oZx%2Bz978p4TnghO9Tkf00%2BVqhKXqeFU7NhVtPPst2A4%3D"}]}
Reporting-Endpoints: heroku-nel=https://nel.heroku.com/reports?ts=1738776087&sid=c4c9725f-1ab0-44d8-820f-430df2718e11&s=oZx%2Bz978p4TnghO9Tkf00%2BVqhKXqeFU7NhVtPPst2A4%3D
Nel: {"report_to":"heroku-nel","max_age":3600,"success_fraction":0.005,"failure_fraction":0.05,"response_headers":["Via"]}
X-Powered-By: Express
Access-Control-Allow-Origin: *
Etag: W/"8c-cVG4isxEB3bl7PmXUCM/UwJSz28"
Via: 1.1 vegur
CF-Cache-Status: DYNAMIC
Vary: Accept-Encoding
Server: cloudflare
CF-RAY: 90d493b45fcdc998-IAD
Content-Encoding: gzip
server-timing: cfL4;desc="?proto=TCP&rtt=1466&min_rtt=1433&rtt_var=430&sent=6&recv=8&lost=0&retrans=0&sent_bytes=3108&recv_bytes=914&delivery_rate=2975000&cwnd=252&unsent_bytes=0&cid=d1903fcf9a7e0cde&ts=168&x=0"

{
    "name": "VeryLongNameThatExceedsNormalLengthaldhiuhisabdkauhiugfKJKASJHFKSJH",
    "job": "Dev",
    "userID": 2,
    "updatedAt": "2025-02-05T17:21:27.861Z"
}
name before =null
Request method:	PUT
Request URI:	https://reqres.in/api/users/22
Proxy:			<none>
Request params:	<none>
Query params:	<none>
Form params:	<none>
Path params:	<none>
Headers:		Accept=*/*
				Content-Type=application/json
Cookies:		<none>
Multiparts:		<none>
Body:
{
    "name": "Bob",
    "job": "Business Analyst",
    "userID": 2
}
HTTP/1.1 200 OK
Date: Wed, 05 Feb 2025 17:21:28 GMT
Content-Type: application/json; charset=utf-8
Transfer-Encoding: chunked
Connection: keep-alive
Report-To: {"group":"heroku-nel","max_age":3600,"endpoints":[{"url":"https://nel.heroku.com/reports?ts=1738776088&sid=c4c9725f-1ab0-44d8-820f-430df2718e11&s=FevCz7Nt%2F6jiT2xJOkb4GDuysjY8u0guThmt6x9BEPM%3D"}]}
Reporting-Endpoints: heroku-nel=https://nel.heroku.com/reports?ts=1738776088&sid=c4c9725f-1ab0-44d8-820f-430df2718e11&s=FevCz7Nt%2F6jiT2xJOkb4GDuysjY8u0guThmt6x9BEPM%3D
Nel: {"report_to":"heroku-nel","max_age":3600,"success_fraction":0.005,"failure_fraction":0.05,"response_headers":["Via"]}
X-Powered-By: Express
Access-Control-Allow-Origin: *
Etag: W/"59-I07U/St0QLZZfUfPzR5sO4QqC1A"
Via: 1.1 vegur
CF-Cache-Status: DYNAMIC
Vary: Accept-Encoding
Server: cloudflare
CF-RAY: 90d493b71bb587b0-IAD
Content-Encoding: gzip
server-timing: cfL4;desc="?proto=TCP&rtt=1308&min_rtt=1280&rtt_var=500&sent=6&recv=7&lost=0&retrans=0&sent_bytes=3107&recv_bytes=862&delivery_rate=3346875&cwnd=249&unsent_bytes=0&cid=234513703698de12&ts=163&x=0"

{
    "name": "Bob",
    "job": "Business Analyst",
    "userID": 2,
    "updatedAt": "2025-02-05T17:21:28.294Z"
}
name before =null
Request method:	PUT
Request URI:	https://reqres.in/api/users/22
Proxy:			<none>
Request params:	<none>
Query params:	<none>
Form params:	<none>
Path params:	<none>
Headers:		Accept=*/*
				Content-Type=application/json
Cookies:		<none>
Multiparts:		<none>
Body:
{
    "name": "!@#$%^&*()",
    "job": "Engineer",
    "userID": 2
}
HTTP/1.1 200 OK
Date: Wed, 05 Feb 2025 17:21:28 GMT
Content-Type: application/json; charset=utf-8
Transfer-Encoding: chunked
Connection: keep-alive
Report-To: {"group":"heroku-nel","max_age":3600,"endpoints":[{"url":"https://nel.heroku.com/reports?ts=1738776088&sid=c4c9725f-1ab0-44d8-820f-430df2718e11&s=FevCz7Nt%2F6jiT2xJOkb4GDuysjY8u0guThmt6x9BEPM%3D"}]}
Reporting-Endpoints: heroku-nel=https://nel.heroku.com/reports?ts=1738776088&sid=c4c9725f-1ab0-44d8-820f-430df2718e11&s=FevCz7Nt%2F6jiT2xJOkb4GDuysjY8u0guThmt6x9BEPM%3D
Nel: {"report_to":"heroku-nel","max_age":3600,"success_fraction":0.005,"failure_fraction":0.05,"response_headers":["Via"]}
X-Powered-By: Express
Access-Control-Allow-Origin: *
Etag: W/"58-N3D3PnoUuOUtYH2rkm3rSR/4Sdo"
Via: 1.1 vegur
CF-Cache-Status: DYNAMIC
Vary: Accept-Encoding
Server: cloudflare
CF-RAY: 90d493b90c9a2d10-IAD
Content-Encoding: gzip
server-timing: cfL4;desc="?proto=TCP&rtt=1620&min_rtt=1510&rtt_var=645&sent=6&recv=7&lost=0&retrans=0&sent_bytes=3108&recv_bytes=861&delivery_rate=2837086&cwnd=252&unsent_bytes=0&cid=9c3545eba6377787&ts=170&x=0"

{
    "name": "!@#$%^&*()",
    "job": "Engineer",
    "userID": 2,
    "updatedAt": "2025-02-05T17:21:28.612Z"
}
name before =null
Request method:	PUT
Request URI:	https://reqres.in/api/users/23
Proxy:			<none>
Request params:	<none>
Query params:	<none>
Form params:	<none>
Path params:	<none>
Headers:		Accept=*/*
				Content-Type=application/json
Cookies:		<none>
Multiparts:		<none>
Body:
{
    "name": "Jane Doe",
    "job": "Tester",
    "userID": 3
}
HTTP/1.1 200 OK
Date: Wed, 05 Feb 2025 17:21:28 GMT
Content-Type: application/json; charset=utf-8
Transfer-Encoding: chunked
Connection: keep-alive
Report-To: {"group":"heroku-nel","max_age":3600,"endpoints":[{"url":"https://nel.heroku.com/reports?ts=1738776088&sid=c4c9725f-1ab0-44d8-820f-430df2718e11&s=FevCz7Nt%2F6jiT2xJOkb4GDuysjY8u0guThmt6x9BEPM%3D"}]}
Reporting-Endpoints: heroku-nel=https://nel.heroku.com/reports?ts=1738776088&sid=c4c9725f-1ab0-44d8-820f-430df2718e11&s=FevCz7Nt%2F6jiT2xJOkb4GDuysjY8u0guThmt6x9BEPM%3D
Nel: {"report_to":"heroku-nel","max_age":3600,"success_fraction":0.005,"failure_fraction":0.05,"response_headers":["Via"]}
X-Powered-By: Express
Access-Control-Allow-Origin: *
Etag: W/"54-RsijZ/hBBPAHBLBdO03uk2GQZ8A"
Via: 1.1 vegur
CF-Cache-Status: DYNAMIC
Vary: Accept-Encoding
Server: cloudflare
CF-RAY: 90d493badcf9c95b-IAD
Content-Encoding: gzip
server-timing: cfL4;desc="?proto=TCP&rtt=1564&min_rtt=1537&rtt_var=595&sent=5&recv=7&lost=0&retrans=0&sent_bytes=3108&recv_bytes=857&delivery_rate=2787247&cwnd=252&unsent_bytes=0&cid=4d5faca291cbf213&ts=164&x=0"

{
    "name": "Jane Doe",
    "job": "Tester",
    "userID": 3,
    "updatedAt": "2025-02-05T17:21:28.896Z"
}
]]></system-out>
  <system-err><![CDATA[]]></system-err>
</testsuite>
