<?xml version="1.0" encoding="UTF-8"?>
<testsuite name="Get_Test" tests="3" skipped="0" failures="0" errors="0" timestamp="2025-01-30T15:27:01" hostname="fv-az1336-213" time="4.991">
  <properties/>
  <testcase name="GetUser[0](9, true)" classname="Get_Test" time="4.119"/>
  <testcase name="GetUser[1](999, false)" classname="Get_Test" time="0.388"/>
  <testcase name="GetUser[2](0, false)" classname="Get_Test" time="0.403"/>
  <system-out><![CDATA[Request method:	GET
Request URI:	https://reqres.in/api/users/9
Proxy:			<none>
Request params:	<none>
Query params:	<none>
Form params:	<none>
Path params:	id=9
Headers:		Accept=*/*
Cookies:		<none>
Multiparts:		<none>
Body:			<none>
HTTP/1.1 200 OK
Date: Thu, 30 Jan 2025 15:27:04 GMT
Content-Type: application/json; charset=utf-8
Transfer-Encoding: chunked
Connection: keep-alive
Report-To: {"group":"heroku-nel","max_age":3600,"endpoints":[{"url":"https://nel.heroku.com/reports?ts=1738250824&sid=c4c9725f-1ab0-44d8-820f-430df2718e11&s=HMzm5OlAsJ41YQPa2AMDR2mvAXUARbC3JTkvHgsFg2M%3D"}]}
Reporting-Endpoints: heroku-nel=https://nel.heroku.com/reports?ts=1738250824&sid=c4c9725f-1ab0-44d8-820f-430df2718e11&s=HMzm5OlAsJ41YQPa2AMDR2mvAXUARbC3JTkvHgsFg2M%3D
Nel: {"report_to":"heroku-nel","max_age":3600,"success_fraction":0.005,"failure_fraction":0.05,"response_headers":["Via"]}
X-Powered-By: Express
Access-Control-Allow-Origin: *
Etag: W/"152-FpYvp70F61UHmjz1MpAbXegc4Hc"
Via: 1.1 vegur
Cache-Control: max-age=14400
CF-Cache-Status: MISS
Vary: Accept-Encoding
Server: cloudflare
CF-RAY: 90a27be26f6a08a6-LAX
Content-Encoding: gzip
server-timing: cfL4;desc="?proto=TCP&rtt=10973&min_rtt=10965&rtt_var=4129&sent=7&recv=7&lost=0&retrans=0&sent_bytes=3105&recv_bytes=759&delivery_rate=388219&cwnd=250&unsent_bytes=0&cid=fa94b5e14506e371&ts=463&x=0"

{
    "data": {
        "id": 9,
        "email": "tobias.funke@reqres.in",
        "first_name": "Tobias",
        "last_name": "Funke",
        "avatar": "https://reqres.in/img/faces/9-image.jpg"
    },
    "support": {
        "url": "https://contentcaddy.io?utm_source=reqres&utm_medium=json&utm_campaign=referral",
        "text": "Tired of writing endless social media content? Let Content Caddy generate it for you."
    }
}
Request method:	GET
Request URI:	https://reqres.in/api/users/999
Proxy:			<none>
Request params:	<none>
Query params:	<none>
Form params:	<none>
Path params:	id=999
Headers:		Accept=*/*
Cookies:		<none>
Multiparts:		<none>
Body:			<none>
HTTP/1.1 404 Not Found
Date: Thu, 30 Jan 2025 15:27:06 GMT
Content-Type: application/json; charset=utf-8
Content-Length: 2
Connection: keep-alive
Report-To: {"group":"heroku-nel","max_age":3600,"endpoints":[{"url":"https://nel.heroku.com/reports?ts=1738250826&sid=c4c9725f-1ab0-44d8-820f-430df2718e11&s=8aiZD0NdkhmArvVdIAYySZhCDiOgEjUgcK4UYX8NZS0%3D"}]}
Reporting-Endpoints: heroku-nel=https://nel.heroku.com/reports?ts=1738250826&sid=c4c9725f-1ab0-44d8-820f-430df2718e11&s=8aiZD0NdkhmArvVdIAYySZhCDiOgEjUgcK4UYX8NZS0%3D
Nel: {"report_to":"heroku-nel","max_age":3600,"success_fraction":0.005,"failure_fraction":0.05,"response_headers":["Via"]}
X-Powered-By: Express
Access-Control-Allow-Origin: *
Etag: W/"2-vyGp6PvFo4RvsFtPoIWeCReyIC8"
Via: 1.1 vegur
Cache-Control: max-age=14400
CF-Cache-Status: MISS
Vary: Accept-Encoding
Server: cloudflare
CF-RAY: 90a27befcc277d0d-LAX
server-timing: cfL4;desc="?proto=TCP&rtt=11260&min_rtt=11179&rtt_var=4250&sent=6&recv=7&lost=0&retrans=0&sent_bytes=3107&recv_bytes=761&delivery_rate=383218&cwnd=252&unsent_bytes=0&cid=0589438d443604f7&ts=342&x=0"

{
    
}
Request method:	GET
Request URI:	https://reqres.in/api/users/0
Proxy:			<none>
Request params:	<none>
Query params:	<none>
Form params:	<none>
Path params:	id=0
Headers:		Accept=*/*
Cookies:		<none>
Multiparts:		<none>
Body:			<none>
HTTP/1.1 404 Not Found
Date: Thu, 30 Jan 2025 15:27:06 GMT
Content-Type: application/json; charset=utf-8
Content-Length: 2
Connection: keep-alive
Report-To: {"group":"heroku-nel","max_age":3600,"endpoints":[{"url":"https://nel.heroku.com/reports?ts=1738250826&sid=c4c9725f-1ab0-44d8-820f-430df2718e11&s=8aiZD0NdkhmArvVdIAYySZhCDiOgEjUgcK4UYX8NZS0%3D"}]}
Reporting-Endpoints: heroku-nel=https://nel.heroku.com/reports?ts=1738250826&sid=c4c9725f-1ab0-44d8-820f-430df2718e11&s=8aiZD0NdkhmArvVdIAYySZhCDiOgEjUgcK4UYX8NZS0%3D
Nel: {"report_to":"heroku-nel","max_age":3600,"success_fraction":0.005,"failure_fraction":0.05,"response_headers":["Via"]}
X-Powered-By: Express
Access-Control-Allow-Origin: *
Etag: W/"2-vyGp6PvFo4RvsFtPoIWeCReyIC8"
Via: 1.1 vegur
Cache-Control: max-age=14400
CF-Cache-Status: MISS
Vary: Accept-Encoding
Server: cloudflare
CF-RAY: 90a27bf26d6c2f35-LAX
server-timing: cfL4;desc="?proto=TCP&rtt=11134&min_rtt=11099&rtt_var=4233&sent=5&recv=7&lost=0&retrans=0&sent_bytes=3106&recv_bytes=759&delivery_rate=376284&cwnd=250&unsent_bytes=0&cid=44c9a4ac2c1b69d7&ts=346&x=0"

{
    
}
]]></system-out>
  <system-err><![CDATA[]]></system-err>
</testsuite>
