<?xml version="1.0" encoding="UTF-8"?>
<testsuite name="PutTest" tests="7" skipped="0" failures="0" errors="0" timestamp="2025-02-03T14:58:44" hostname="fv-az1042-23" time="2.894">
  <properties/>
  <testcase name="testPutUser[0](2, John Doe, Software Developer, true)" classname="PutTest" time="0.556"/>
  <testcase name="testPutUser[1](2, , QA Engineer, true)" classname="PutTest" time="0.35"/>
  <testcase name="testPutUser[2](2, Alice, , true)" classname="PutTest" time="0.505"/>
  <testcase name="testPutUser[3](2, VeryLongNameThatExceedsNormalLengthaldhiuhisabdkauhiugfKJKASJHFKSJH, Dev, true)" classname="PutTest" time="0.322"/>
  <testcase name="testPutUser[4](2, Bob, Business Analyst, true)" classname="PutTest" time="0.344"/>
  <testcase name="testPutUser[5](2, !@#$%^&amp;*(), Engineer, true)" classname="PutTest" time="0.312"/>
  <testcase name="testPutUser[6](3, Jane Doe, Tester, true)" classname="PutTest" time="0.491"/>
  <system-out><![CDATA[name before =null
Request method:	PUT
Request URI:	https://reqres.in/api/users/22
Proxy:			<none>
Request params:	<none>
Query params:	<none>
Form params:	<none>
Path params:	<none>
Headers:		Accept=*/*
				Content-Type=application/json
Cookies:		<none>
Multiparts:		<none>
Body:
{
    "name": "John Doe",
    "job": "Software Developer",
    "userID": 2
}
HTTP/1.1 200 OK
Date: Mon, 03 Feb 2025 14:58:45 GMT
Content-Type: application/json; charset=utf-8
Transfer-Encoding: chunked
Connection: keep-alive
Report-To: {"group":"heroku-nel","max_age":3600,"endpoints":[{"url":"https://nel.heroku.com/reports?ts=1738594725&sid=c4c9725f-1ab0-44d8-820f-430df2718e11&s=MhK6CHYYQOpLcGz1cQgjEGdLHZkHaxE367c9vMEtzxI%3D"}]}
Reporting-Endpoints: heroku-nel=https://nel.heroku.com/reports?ts=1738594725&sid=c4c9725f-1ab0-44d8-820f-430df2718e11&s=MhK6CHYYQOpLcGz1cQgjEGdLHZkHaxE367c9vMEtzxI%3D
Nel: {"report_to":"heroku-nel","max_age":3600,"success_fraction":0.005,"failure_fraction":0.05,"response_headers":["Via"]}
X-Powered-By: Express
Access-Control-Allow-Origin: *
Etag: W/"60-OtAtkkrCtd1rFxH9oFj9bgOWYwo"
Via: 1.1 vegur
CF-Cache-Status: DYNAMIC
Vary: Accept-Encoding
Server: cloudflare
CF-RAY: 90c347e69aa0e250-ORD
Content-Encoding: gzip
server-timing: cfL4;desc="?proto=TCP&rtt=4275&min_rtt=2145&rtt_var=2294&sent=6&recv=7&lost=0&retrans=0&sent_bytes=3108&recv_bytes=869&delivery_rate=1997202&cwnd=252&unsent_bytes=0&cid=cbe414c45784a4ed&ts=191&x=0"

{
    "name": "John Doe",
    "job": "Software Developer",
    "userID": 2,
    "updatedAt": "2025-02-03T14:58:45.031Z"
}
name before =null
Request method:	PUT
Request URI:	https://reqres.in/api/users/22
Proxy:			<none>
Request params:	<none>
Query params:	<none>
Form params:	<none>
Path params:	<none>
Headers:		Accept=*/*
				Content-Type=application/json
Cookies:		<none>
Multiparts:		<none>
Body:
{
    "name": "",
    "job": "QA Engineer",
    "userID": 2
}
HTTP/1.1 200 OK
Date: Mon, 03 Feb 2025 14:58:45 GMT
Content-Type: application/json; charset=utf-8
Transfer-Encoding: chunked
Connection: keep-alive
Report-To: {"group":"heroku-nel","max_age":3600,"endpoints":[{"url":"https://nel.heroku.com/reports?ts=1738594725&sid=c4c9725f-1ab0-44d8-820f-430df2718e11&s=MhK6CHYYQOpLcGz1cQgjEGdLHZkHaxE367c9vMEtzxI%3D"}]}
Reporting-Endpoints: heroku-nel=https://nel.heroku.com/reports?ts=1738594725&sid=c4c9725f-1ab0-44d8-820f-430df2718e11&s=MhK6CHYYQOpLcGz1cQgjEGdLHZkHaxE367c9vMEtzxI%3D
Nel: {"report_to":"heroku-nel","max_age":3600,"success_fraction":0.005,"failure_fraction":0.05,"response_headers":["Via"]}
X-Powered-By: Express
Access-Control-Allow-Origin: *
Etag: W/"51-yWLIZjLE/Cc1XXdhDVpQJYcxNuA"
Via: 1.1 vegur
CF-Cache-Status: DYNAMIC
Vary: Accept-Encoding
Server: cloudflare
CF-RAY: 90c347e8cfb222ec-ORD
Content-Encoding: gzip
server-timing: cfL4;desc="?proto=TCP&rtt=2658&min_rtt=2607&rtt_var=1014&sent=6&recv=7&lost=0&retrans=0&sent_bytes=3108&recv_bytes=854&delivery_rate=1643268&cwnd=252&unsent_bytes=0&cid=8060dcb7f20b7163&ts=186&x=0"

{
    "name": "",
    "job": "QA Engineer",
    "userID": 2,
    "updatedAt": "2025-02-03T14:58:45.379Z"
}
name before =null
Request method:	PUT
Request URI:	https://reqres.in/api/users/22
Proxy:			<none>
Request params:	<none>
Query params:	<none>
Form params:	<none>
Path params:	<none>
Headers:		Accept=*/*
				Content-Type=application/json
Cookies:		<none>
Multiparts:		<none>
Body:
{
    "name": "Alice",
    "job": "",
    "userID": 2
}
HTTP/1.1 200 OK
Date: Mon, 03 Feb 2025 14:58:45 GMT
Content-Type: application/json; charset=utf-8
Transfer-Encoding: chunked
Connection: keep-alive
Report-To: {"group":"heroku-nel","max_age":3600,"endpoints":[{"url":"https://nel.heroku.com/reports?ts=1738594725&sid=c4c9725f-1ab0-44d8-820f-430df2718e11&s=MhK6CHYYQOpLcGz1cQgjEGdLHZkHaxE367c9vMEtzxI%3D"}]}
Reporting-Endpoints: heroku-nel=https://nel.heroku.com/reports?ts=1738594725&sid=c4c9725f-1ab0-44d8-820f-430df2718e11&s=MhK6CHYYQOpLcGz1cQgjEGdLHZkHaxE367c9vMEtzxI%3D
Nel: {"report_to":"heroku-nel","max_age":3600,"success_fraction":0.005,"failure_fraction":0.05,"response_headers":["Via"]}
X-Powered-By: Express
Access-Control-Allow-Origin: *
Etag: W/"4b-Um/mLYp+65FwsH1FGmiohUykJ8U"
Via: 1.1 vegur
CF-Cache-Status: DYNAMIC
Vary: Accept-Encoding
Server: cloudflare
CF-RAY: 90c347ebffed113f-ORD
Content-Encoding: gzip
server-timing: cfL4;desc="?proto=TCP&rtt=1866&min_rtt=1843&rtt_var=708&sent=6&recv=7&lost=0&retrans=0&sent_bytes=3109&recv_bytes=848&delivery_rate=2324470&cwnd=252&unsent_bytes=0&cid=4a9980b2940451dd&ts=184&x=0"

{
    "name": "Alice",
    "job": "",
    "userID": 2,
    "updatedAt": "2025-02-03T14:58:45.884Z"
}
name before =null
Request method:	PUT
Request URI:	https://reqres.in/api/users/22
Proxy:			<none>
Request params:	<none>
Query params:	<none>
Form params:	<none>
Path params:	<none>
Headers:		Accept=*/*
				Content-Type=application/json
Cookies:		<none>
Multiparts:		<none>
Body:
{
    "name": "VeryLongNameThatExceedsNormalLengthaldhiuhisabdkauhiugfKJKASJHFKSJH",
    "job": "Dev",
    "userID": 2
}
HTTP/1.1 200 OK
Date: Mon, 03 Feb 2025 14:58:46 GMT
Content-Type: application/json; charset=utf-8
Transfer-Encoding: chunked
Connection: keep-alive
Report-To: {"group":"heroku-nel","max_age":3600,"endpoints":[{"url":"https://nel.heroku.com/reports?ts=1738594726&sid=c4c9725f-1ab0-44d8-820f-430df2718e11&s=k3096J1eC%2FPCE%2BLKWWUD50t2u%2B72JxMnFMcsxEs%2Bgyg%3D"}]}
Reporting-Endpoints: heroku-nel=https://nel.heroku.com/reports?ts=1738594726&sid=c4c9725f-1ab0-44d8-820f-430df2718e11&s=k3096J1eC%2FPCE%2BLKWWUD50t2u%2B72JxMnFMcsxEs%2Bgyg%3D
Nel: {"report_to":"heroku-nel","max_age":3600,"success_fraction":0.005,"failure_fraction":0.05,"response_headers":["Via"]}
X-Powered-By: Express
Access-Control-Allow-Origin: *
Etag: W/"8c-26ZmjE5VTQTM2IkQ+7UuKu8IlN0"
Via: 1.1 vegur
CF-Cache-Status: DYNAMIC
Vary: Accept-Encoding
Server: cloudflare
CF-RAY: 90c347ee0b0922c2-ORD
Content-Encoding: gzip
server-timing: cfL4;desc="?proto=TCP&rtt=2039&min_rtt=2006&rtt_var=590&sent=6&recv=8&lost=0&retrans=0&sent_bytes=3107&recv_bytes=914&delivery_rate=2125000&cwnd=252&unsent_bytes=0&cid=2b20b7d0213a2aec&ts=188&x=0"

{
    "name": "VeryLongNameThatExceedsNormalLengthaldhiuhisabdkauhiugfKJKASJHFKSJH",
    "job": "Dev",
    "userID": 2,
    "updatedAt": "2025-02-03T14:58:46.212Z"
}
name before =null
Request method:	PUT
Request URI:	https://reqres.in/api/users/22
Proxy:			<none>
Request params:	<none>
Query params:	<none>
Form params:	<none>
Path params:	<none>
Headers:		Accept=*/*
				Content-Type=application/json
Cookies:		<none>
Multiparts:		<none>
Body:
{
    "name": "Bob",
    "job": "Business Analyst",
    "userID": 2
}
HTTP/1.1 200 OK
Date: Mon, 03 Feb 2025 14:58:46 GMT
Content-Type: application/json; charset=utf-8
Transfer-Encoding: chunked
Connection: keep-alive
Report-To: {"group":"heroku-nel","max_age":3600,"endpoints":[{"url":"https://nel.heroku.com/reports?ts=1738594726&sid=c4c9725f-1ab0-44d8-820f-430df2718e11&s=k3096J1eC%2FPCE%2BLKWWUD50t2u%2B72JxMnFMcsxEs%2Bgyg%3D"}]}
Reporting-Endpoints: heroku-nel=https://nel.heroku.com/reports?ts=1738594726&sid=c4c9725f-1ab0-44d8-820f-430df2718e11&s=k3096J1eC%2FPCE%2BLKWWUD50t2u%2B72JxMnFMcsxEs%2Bgyg%3D
Nel: {"report_to":"heroku-nel","max_age":3600,"success_fraction":0.005,"failure_fraction":0.05,"response_headers":["Via"]}
X-Powered-By: Express
Access-Control-Allow-Origin: *
Etag: W/"59-g9cejYlCndF3vzVgM4olgx8OzHA"
Via: 1.1 vegur
CF-Cache-Status: DYNAMIC
Vary: Accept-Encoding
Server: cloudflare
CF-RAY: 90c347f03bd9e1f6-ORD
Content-Encoding: gzip
server-timing: cfL4;desc="?proto=TCP&rtt=2723&min_rtt=2398&rtt_var=1131&sent=6&recv=7&lost=0&retrans=0&sent_bytes=3108&recv_bytes=862&delivery_rate=1786488&cwnd=252&unsent_bytes=0&cid=022098d5b9f695e9&ts=178&x=0"

{
    "name": "Bob",
    "job": "Business Analyst",
    "userID": 2,
    "updatedAt": "2025-02-03T14:58:46.558Z"
}
name before =null
Request method:	PUT
Request URI:	https://reqres.in/api/users/22
Proxy:			<none>
Request params:	<none>
Query params:	<none>
Form params:	<none>
Path params:	<none>
Headers:		Accept=*/*
				Content-Type=application/json
Cookies:		<none>
Multiparts:		<none>
Body:
{
    "name": "!@#$%^&*()",
    "job": "Engineer",
    "userID": 2
}
HTTP/1.1 200 OK
Date: Mon, 03 Feb 2025 14:58:46 GMT
Content-Type: application/json; charset=utf-8
Transfer-Encoding: chunked
Connection: keep-alive
Report-To: {"group":"heroku-nel","max_age":3600,"endpoints":[{"url":"https://nel.heroku.com/reports?ts=1738594726&sid=c4c9725f-1ab0-44d8-820f-430df2718e11&s=k3096J1eC%2FPCE%2BLKWWUD50t2u%2B72JxMnFMcsxEs%2Bgyg%3D"}]}
Reporting-Endpoints: heroku-nel=https://nel.heroku.com/reports?ts=1738594726&sid=c4c9725f-1ab0-44d8-820f-430df2718e11&s=k3096J1eC%2FPCE%2BLKWWUD50t2u%2B72JxMnFMcsxEs%2Bgyg%3D
Nel: {"report_to":"heroku-nel","max_age":3600,"success_fraction":0.005,"failure_fraction":0.05,"response_headers":["Via"]}
X-Powered-By: Express
Access-Control-Allow-Origin: *
Etag: W/"58-IlSY6DOaAa6djiuvSxe5FpDV8hE"
Via: 1.1 vegur
CF-Cache-Status: DYNAMIC
Vary: Accept-Encoding
Server: cloudflare
CF-RAY: 90c347f21e5c2a1e-ORD
Content-Encoding: gzip
server-timing: cfL4;desc="?proto=TCP&rtt=2101&min_rtt=2070&rtt_var=798&sent=6&recv=7&lost=0&retrans=0&sent_bytes=3107&recv_bytes=861&delivery_rate=2069565&cwnd=252&unsent_bytes=0&cid=4edbeae17a150d7f&ts=188&x=0"

{
    "name": "!@#$%^&*()",
    "job": "Engineer",
    "userID": 2,
    "updatedAt": "2025-02-03T14:58:46.867Z"
}
name before =null
Request method:	PUT
Request URI:	https://reqres.in/api/users/23
Proxy:			<none>
Request params:	<none>
Query params:	<none>
Form params:	<none>
Path params:	<none>
Headers:		Accept=*/*
				Content-Type=application/json
Cookies:		<none>
Multiparts:		<none>
Body:
{
    "name": "Jane Doe",
    "job": "Tester",
    "userID": 3
}
HTTP/1.1 200 OK
Date: Mon, 03 Feb 2025 14:58:47 GMT
Content-Type: application/json; charset=utf-8
Transfer-Encoding: chunked
Connection: keep-alive
Report-To: {"group":"heroku-nel","max_age":3600,"endpoints":[{"url":"https://nel.heroku.com/reports?ts=1738594727&sid=c4c9725f-1ab0-44d8-820f-430df2718e11&s=yUtRBICoIW4vomiNiYhh%2BxROtM6yRAY06k1HhOf6pwI%3D"}]}
Reporting-Endpoints: heroku-nel=https://nel.heroku.com/reports?ts=1738594727&sid=c4c9725f-1ab0-44d8-820f-430df2718e11&s=yUtRBICoIW4vomiNiYhh%2BxROtM6yRAY06k1HhOf6pwI%3D
Nel: {"report_to":"heroku-nel","max_age":3600,"success_fraction":0.005,"failure_fraction":0.05,"response_headers":["Via"]}
X-Powered-By: Express
Access-Control-Allow-Origin: *
Etag: W/"54-cyn8G4owLIl0taO9ubsS91gA80A"
Via: 1.1 vegur
CF-Cache-Status: DYNAMIC
Vary: Accept-Encoding
Server: cloudflare
CF-RAY: 90c347f54948113f-ORD
Content-Encoding: gzip
server-timing: cfL4;desc="?proto=TCP&rtt=1897&min_rtt=1834&rtt_var=569&sent=6&recv=8&lost=0&retrans=0&sent_bytes=3108&recv_bytes=857&delivery_rate=2326996&cwnd=252&unsent_bytes=0&cid=6c591996a041d22e&ts=176&x=0"

{
    "name": "Jane Doe",
    "job": "Tester",
    "userID": 3,
    "updatedAt": "2025-02-03T14:58:47.373Z"
}
]]></system-out>
  <system-err><![CDATA[]]></system-err>
</testsuite>
