<?xml version="1.0" encoding="UTF-8"?>
<testsuite name="PutTest" tests="7" skipped="0" failures="0" errors="0" timestamp="2025-02-06T13:10:46" hostname="fv-az1336-587" time="3.729">
  <properties/>
  <testcase name="testPutUser[0](2, John Doe, Software Developer, true)" classname="PutTest" time="0.771"/>
  <testcase name="testPutUser[1](2, , QA Engineer, true)" classname="PutTest" time="0.449"/>
  <testcase name="testPutUser[2](2, Alice, , true)" classname="PutTest" time="0.45"/>
  <testcase name="testPutUser[3](2, VeryLongNameThatExceedsNormalLengthaldhiuhisabdkauhiugfKJKASJHFKSJH, Dev, true)" classname="PutTest" time="0.438"/>
  <testcase name="testPutUser[4](2, Bob, Business Analyst, true)" classname="PutTest" time="0.447"/>
  <testcase name="testPutUser[5](2, !@#$%^&amp;*(), Engineer, true)" classname="PutTest" time="0.425"/>
  <testcase name="testPutUser[6](3, Jane Doe, Tester, true)" classname="PutTest" time="0.739"/>
  <system-out><![CDATA[name before =null
Request method:	PUT
Request URI:	https://reqres.in/api/users/22
Proxy:			<none>
Request params:	<none>
Query params:	<none>
Form params:	<none>
Path params:	<none>
Headers:		Accept=*/*
				Content-Type=application/json
Cookies:		<none>
Multiparts:		<none>
Body:
{
    "name": "John Doe",
    "job": "Software Developer",
    "userID": 2
}
HTTP/1.1 200 OK
Date: Thu, 06 Feb 2025 13:10:47 GMT
Content-Type: application/json; charset=utf-8
Transfer-Encoding: chunked
Connection: keep-alive
Report-To: {"group":"heroku-nel","max_age":3600,"endpoints":[{"url":"https://nel.heroku.com/reports?ts=1738847447&sid=c4c9725f-1ab0-44d8-820f-430df2718e11&s=e1ivL0KJT9I5ZmnAkSIYdOlUts73yWapPXMyvjoFBGk%3D"}]}
Reporting-Endpoints: heroku-nel=https://nel.heroku.com/reports?ts=1738847447&sid=c4c9725f-1ab0-44d8-820f-430df2718e11&s=e1ivL0KJT9I5ZmnAkSIYdOlUts73yWapPXMyvjoFBGk%3D
Nel: {"report_to":"heroku-nel","max_age":3600,"success_fraction":0.005,"failure_fraction":0.05,"response_headers":["Via"]}
X-Powered-By: Express
Access-Control-Allow-Origin: *
Etag: W/"60-n2dAk7xPnxvlaYjY0EqgfOKuf1U"
Via: 1.1 vegur
CF-Cache-Status: DYNAMIC
Vary: Accept-Encoding
Server: cloudflare
CF-RAY: 90db61e21c192adf-LAX
Content-Encoding: gzip
server-timing: cfL4;desc="?proto=TCP&rtt=11449&min_rtt=11253&rtt_var=4360&sent=6&recv=7&lost=0&retrans=0&sent_bytes=3108&recv_bytes=869&delivery_rate=380698&cwnd=196&unsent_bytes=0&cid=ef4977a34c556202&ts=303&x=0"

{
    "name": "John Doe",
    "job": "Software Developer",
    "userID": 2,
    "updatedAt": "2025-02-06T13:10:47.591Z"
}
name before =null
Request method:	PUT
Request URI:	https://reqres.in/api/users/22
Proxy:			<none>
Request params:	<none>
Query params:	<none>
Form params:	<none>
Path params:	<none>
Headers:		Accept=*/*
				Content-Type=application/json
Cookies:		<none>
Multiparts:		<none>
Body:
{
    "name": "",
    "job": "QA Engineer",
    "userID": 2
}
HTTP/1.1 200 OK
Date: Thu, 06 Feb 2025 13:10:48 GMT
Content-Type: application/json; charset=utf-8
Transfer-Encoding: chunked
Connection: keep-alive
Report-To: {"group":"heroku-nel","max_age":3600,"endpoints":[{"url":"https://nel.heroku.com/reports?ts=1738847448&sid=c4c9725f-1ab0-44d8-820f-430df2718e11&s=XnwJ3q%2FWq7F%2FQEjA%2FrSjy91JPKUCUVNOpJ%2FlW2lXO5I%3D"}]}
Reporting-Endpoints: heroku-nel=https://nel.heroku.com/reports?ts=1738847448&sid=c4c9725f-1ab0-44d8-820f-430df2718e11&s=XnwJ3q%2FWq7F%2FQEjA%2FrSjy91JPKUCUVNOpJ%2FlW2lXO5I%3D
Nel: {"report_to":"heroku-nel","max_age":3600,"success_fraction":0.005,"failure_fraction":0.05,"response_headers":["Via"]}
X-Powered-By: Express
Access-Control-Allow-Origin: *
Etag: W/"51-faDSeRDwlY42iVVhPb1NdRyPT2o"
Via: 1.1 vegur
CF-Cache-Status: DYNAMIC
Vary: Accept-Encoding
Server: cloudflare
CF-RAY: 90db61e4edbe525d-LAX
Content-Encoding: gzip
server-timing: cfL4;desc="?proto=TCP&rtt=11655&min_rtt=11355&rtt_var=4472&sent=6&recv=7&lost=0&retrans=0&sent_bytes=3109&recv_bytes=854&delivery_rate=377278&cwnd=100&unsent_bytes=0&cid=e9d698582fcbfdca&ts=298&x=0"

{
    "name": "",
    "job": "QA Engineer",
    "userID": 2,
    "updatedAt": "2025-02-06T13:10:48.037Z"
}
name before =null
Request method:	PUT
Request URI:	https://reqres.in/api/users/22
Proxy:			<none>
Request params:	<none>
Query params:	<none>
Form params:	<none>
Path params:	<none>
Headers:		Accept=*/*
				Content-Type=application/json
Cookies:		<none>
Multiparts:		<none>
Body:
{
    "name": "Alice",
    "job": "",
    "userID": 2
}
HTTP/1.1 200 OK
Date: Thu, 06 Feb 2025 13:10:48 GMT
Content-Type: application/json; charset=utf-8
Transfer-Encoding: chunked
Connection: keep-alive
Report-To: {"group":"heroku-nel","max_age":3600,"endpoints":[{"url":"https://nel.heroku.com/reports?ts=1738847448&sid=c4c9725f-1ab0-44d8-820f-430df2718e11&s=XnwJ3q%2FWq7F%2FQEjA%2FrSjy91JPKUCUVNOpJ%2FlW2lXO5I%3D"}]}
Reporting-Endpoints: heroku-nel=https://nel.heroku.com/reports?ts=1738847448&sid=c4c9725f-1ab0-44d8-820f-430df2718e11&s=XnwJ3q%2FWq7F%2FQEjA%2FrSjy91JPKUCUVNOpJ%2FlW2lXO5I%3D
Nel: {"report_to":"heroku-nel","max_age":3600,"success_fraction":0.005,"failure_fraction":0.05,"response_headers":["Via"]}
X-Powered-By: Express
Access-Control-Allow-Origin: *
Etag: W/"4b-y8B+7/j05tJWw+YR69YBY3fQ4+Q"
Via: 1.1 vegur
CF-Cache-Status: DYNAMIC
Vary: Accept-Encoding
Server: cloudflare
CF-RAY: 90db61e7cb9169a6-LAX
Content-Encoding: gzip
server-timing: cfL4;desc="?proto=TCP&rtt=11470&min_rtt=11386&rtt_var=4330&sent=6&recv=7&lost=0&retrans=0&sent_bytes=3108&recv_bytes=848&delivery_rate=376251&cwnd=180&unsent_bytes=0&cid=4816e538df08ef4e&ts=301&x=0"

{
    "name": "Alice",
    "job": "",
    "userID": 2,
    "updatedAt": "2025-02-06T13:10:48.494Z"
}
name before =null
Request method:	PUT
Request URI:	https://reqres.in/api/users/22
Proxy:			<none>
Request params:	<none>
Query params:	<none>
Form params:	<none>
Path params:	<none>
Headers:		Accept=*/*
				Content-Type=application/json
Cookies:		<none>
Multiparts:		<none>
Body:
{
    "name": "VeryLongNameThatExceedsNormalLengthaldhiuhisabdkauhiugfKJKASJHFKSJH",
    "job": "Dev",
    "userID": 2
}
HTTP/1.1 200 OK
Date: Thu, 06 Feb 2025 13:10:49 GMT
Content-Type: application/json; charset=utf-8
Transfer-Encoding: chunked
Connection: keep-alive
Report-To: {"group":"heroku-nel","max_age":3600,"endpoints":[{"url":"https://nel.heroku.com/reports?ts=1738847448&sid=c4c9725f-1ab0-44d8-820f-430df2718e11&s=XnwJ3q%2FWq7F%2FQEjA%2FrSjy91JPKUCUVNOpJ%2FlW2lXO5I%3D"}]}
Reporting-Endpoints: heroku-nel=https://nel.heroku.com/reports?ts=1738847448&sid=c4c9725f-1ab0-44d8-820f-430df2718e11&s=XnwJ3q%2FWq7F%2FQEjA%2FrSjy91JPKUCUVNOpJ%2FlW2lXO5I%3D
Nel: {"report_to":"heroku-nel","max_age":3600,"success_fraction":0.005,"failure_fraction":0.05,"response_headers":["Via"]}
X-Powered-By: Express
Access-Control-Allow-Origin: *
Etag: W/"8c-UrZB1MneY9ecniO6XfhzHrA2Arg"
Via: 1.1 vegur
CF-Cache-Status: DYNAMIC
Vary: Accept-Encoding
Server: cloudflare
CF-RAY: 90db61ea8d472aa9-LAX
Content-Encoding: gzip
server-timing: cfL4;desc="?proto=TCP&rtt=11351&min_rtt=11263&rtt_var=4400&sent=6&recv=7&lost=0&retrans=0&sent_bytes=3109&recv_bytes=914&delivery_rate=357924&cwnd=93&unsent_bytes=0&cid=734a0d4d1f383405&ts=302&x=0"

{
    "name": "VeryLongNameThatExceedsNormalLengthaldhiuhisabdkauhiugfKJKASJHFKSJH",
    "job": "Dev",
    "userID": 2,
    "updatedAt": "2025-02-06T13:10:48.933Z"
}
name before =null
Request method:	PUT
Request URI:	https://reqres.in/api/users/22
Proxy:			<none>
Request params:	<none>
Query params:	<none>
Form params:	<none>
Path params:	<none>
Headers:		Accept=*/*
				Content-Type=application/json
Cookies:		<none>
Multiparts:		<none>
Body:
{
    "name": "Bob",
    "job": "Business Analyst",
    "userID": 2
}
HTTP/1.1 200 OK
Date: Thu, 06 Feb 2025 13:10:49 GMT
Content-Type: application/json; charset=utf-8
Transfer-Encoding: chunked
Connection: keep-alive
Report-To: {"group":"heroku-nel","max_age":3600,"endpoints":[{"url":"https://nel.heroku.com/reports?ts=1738847449&sid=c4c9725f-1ab0-44d8-820f-430df2718e11&s=c7499vwqlwsNzXrMqvJ4RUAB5ImAEIm17aVahqNAhpA%3D"}]}
Reporting-Endpoints: heroku-nel=https://nel.heroku.com/reports?ts=1738847449&sid=c4c9725f-1ab0-44d8-820f-430df2718e11&s=c7499vwqlwsNzXrMqvJ4RUAB5ImAEIm17aVahqNAhpA%3D
Nel: {"report_to":"heroku-nel","max_age":3600,"success_fraction":0.005,"failure_fraction":0.05,"response_headers":["Via"]}
X-Powered-By: Express
Access-Control-Allow-Origin: *
Etag: W/"59-HXFVzpjQEgwSOQiP6z+ZQsFqPqw"
Via: 1.1 vegur
CF-Cache-Status: DYNAMIC
Vary: Accept-Encoding
Server: cloudflare
CF-RAY: 90db61ed4fd87bc7-LAX
Content-Encoding: gzip
server-timing: cfL4;desc="?proto=TCP&rtt=11536&min_rtt=11487&rtt_var=4342&sent=6&recv=7&lost=0&retrans=0&sent_bytes=3107&recv_bytes=862&delivery_rate=372943&cwnd=90&unsent_bytes=0&cid=fff50d6f3e254080&ts=299&x=0"

{
    "name": "Bob",
    "job": "Business Analyst",
    "userID": 2,
    "updatedAt": "2025-02-06T13:10:49.378Z"
}
name before =null
Request method:	PUT
Request URI:	https://reqres.in/api/users/22
Proxy:			<none>
Request params:	<none>
Query params:	<none>
Form params:	<none>
Path params:	<none>
Headers:		Accept=*/*
				Content-Type=application/json
Cookies:		<none>
Multiparts:		<none>
Body:
{
    "name": "!@#$%^&*()",
    "job": "Engineer",
    "userID": 2
}
HTTP/1.1 200 OK
Date: Thu, 06 Feb 2025 13:10:49 GMT
Content-Type: application/json; charset=utf-8
Transfer-Encoding: chunked
Connection: keep-alive
Report-To: {"group":"heroku-nel","max_age":3600,"endpoints":[{"url":"https://nel.heroku.com/reports?ts=1738847449&sid=c4c9725f-1ab0-44d8-820f-430df2718e11&s=c7499vwqlwsNzXrMqvJ4RUAB5ImAEIm17aVahqNAhpA%3D"}]}
Reporting-Endpoints: heroku-nel=https://nel.heroku.com/reports?ts=1738847449&sid=c4c9725f-1ab0-44d8-820f-430df2718e11&s=c7499vwqlwsNzXrMqvJ4RUAB5ImAEIm17aVahqNAhpA%3D
Nel: {"report_to":"heroku-nel","max_age":3600,"success_fraction":0.005,"failure_fraction":0.05,"response_headers":["Via"]}
X-Powered-By: Express
Access-Control-Allow-Origin: *
Etag: W/"58-5mhd8lhOceFpXUFuvQBLlwud4gE"
Via: 1.1 vegur
CF-Cache-Status: DYNAMIC
Vary: Accept-Encoding
Server: cloudflare
CF-RAY: 90db61f00d5ccb7a-LAX
Content-Encoding: gzip
server-timing: cfL4;desc="?proto=TCP&rtt=11746&min_rtt=11239&rtt_var=3614&sent=6&recv=8&lost=0&retrans=0&sent_bytes=3108&recv_bytes=861&delivery_rate=380935&cwnd=186&unsent_bytes=0&cid=61a99dda99e92c65&ts=298&x=0"

{
    "name": "!@#$%^&*()",
    "job": "Engineer",
    "userID": 2,
    "updatedAt": "2025-02-06T13:10:49.812Z"
}
name before =null
Request method:	PUT
Request URI:	https://reqres.in/api/users/23
Proxy:			<none>
Request params:	<none>
Query params:	<none>
Form params:	<none>
Path params:	<none>
Headers:		Accept=*/*
				Content-Type=application/json
Cookies:		<none>
Multiparts:		<none>
Body:
{
    "name": "Jane Doe",
    "job": "Tester",
    "userID": 3
}
HTTP/1.1 200 OK
Date: Thu, 06 Feb 2025 13:10:50 GMT
Content-Type: application/json; charset=utf-8
Transfer-Encoding: chunked
Connection: keep-alive
Report-To: {"group":"heroku-nel","max_age":3600,"endpoints":[{"url":"https://nel.heroku.com/reports?ts=1738847450&sid=c4c9725f-1ab0-44d8-820f-430df2718e11&s=oKwTwZ1EUmNgQA1gegco7AC88TXDCwcfMuKKytmSJ3k%3D"}]}
Reporting-Endpoints: heroku-nel=https://nel.heroku.com/reports?ts=1738847450&sid=c4c9725f-1ab0-44d8-820f-430df2718e11&s=oKwTwZ1EUmNgQA1gegco7AC88TXDCwcfMuKKytmSJ3k%3D
Nel: {"report_to":"heroku-nel","max_age":3600,"success_fraction":0.005,"failure_fraction":0.05,"response_headers":["Via"]}
X-Powered-By: Express
Access-Control-Allow-Origin: *
Etag: W/"54-MzDWvGZJdm1SLSdzGNWhtqKJQ0k"
Via: 1.1 vegur
CF-Cache-Status: DYNAMIC
Vary: Accept-Encoding
Server: cloudflare
CF-RAY: 90db61f498af5319-LAX
Content-Encoding: gzip
server-timing: cfL4;desc="?proto=TCP&rtt=11813&min_rtt=11491&rtt_var=3517&sent=6&recv=8&lost=0&retrans=0&sent_bytes=3108&recv_bytes=857&delivery_rate=372489&cwnd=252&unsent_bytes=0&cid=1b23cccd2bfba819&ts=313&x=0"

{
    "name": "Jane Doe",
    "job": "Tester",
    "userID": 3,
    "updatedAt": "2025-02-06T13:10:50.558Z"
}
]]></system-out>
  <system-err><![CDATA[]]></system-err>
</testsuite>
