<?xml version="1.0" encoding="UTF-8"?>
<testsuite name="Put_Test" tests="7" skipped="0" failures="0" errors="0" timestamp="2025-01-31T07:33:01" hostname="fv-az1695-361" time="3.572">
  <properties/>
  <testcase name="testPutUser[0](2, John Doe, Software Developer, true)" classname="Put_Test" time="0.753"/>
  <testcase name="testPutUser[1](2, , QA Engineer, true)" classname="Put_Test" time="0.427"/>
  <testcase name="testPutUser[2](2, Alice, , true)" classname="Put_Test" time="0.45"/>
  <testcase name="testPutUser[3](2, VeryLongNameThatExceedsNormalLengthaldhiuhisabdkauhiugfKJKASJHFKSJH, Dev, true)" classname="Put_Test" time="0.458"/>
  <testcase name="testPutUser[4](2, Bob, Business Analyst, true)" classname="Put_Test" time="0.389"/>
  <testcase name="testPutUser[5](2, !@#$%^&amp;*(), Engineer, true)" classname="Put_Test" time="0.449"/>
  <testcase name="testPutUser[6](3, Jane Doe, Tester, true)" classname="Put_Test" time="0.637"/>
  <system-out><![CDATA[name before =null
Request method:	PUT
Request URI:	https://reqres.in/api/users/22
Proxy:			<none>
Request params:	<none>
Query params:	<none>
Form params:	<none>
Path params:	<none>
Headers:		Accept=*/*
				Content-Type=application/json
Cookies:		<none>
Multiparts:		<none>
Body:
{
    "name": "John Doe",
    "job": "Software Developer",
    "userID": 2
}
HTTP/1.1 200 OK
Date: Fri, 31 Jan 2025 07:33:02 GMT
Content-Type: application/json; charset=utf-8
Transfer-Encoding: chunked
Connection: keep-alive
Report-To: {"group":"heroku-nel","max_age":3600,"endpoints":[{"url":"https://nel.heroku.com/reports?ts=1738308782&sid=c4c9725f-1ab0-44d8-820f-430df2718e11&s=6u0RMdry6UZRebJmWWrAmtKLCEVzn%2BroViJU7WXWnnM%3D"}]}
Reporting-Endpoints: heroku-nel=https://nel.heroku.com/reports?ts=1738308782&sid=c4c9725f-1ab0-44d8-820f-430df2718e11&s=6u0RMdry6UZRebJmWWrAmtKLCEVzn%2BroViJU7WXWnnM%3D
Nel: {"report_to":"heroku-nel","max_age":3600,"success_fraction":0.005,"failure_fraction":0.05,"response_headers":["Via"]}
X-Powered-By: Express
Access-Control-Allow-Origin: *
Etag: W/"60-+0pnU0vpYVhpJqKcZytjjhSJ37U"
Via: 1.1 vegur
CF-Cache-Status: DYNAMIC
Vary: Accept-Encoding
Server: cloudflare
CF-RAY: 90a802deac3f16fa-SJC
Content-Encoding: gzip
server-timing: cfL4;desc="?proto=TCP&rtt=1290&min_rtt=1152&rtt_var=530&sent=6&recv=7&lost=0&retrans=0&sent_bytes=3107&recv_bytes=869&delivery_rate=3718750&cwnd=252&unsent_bytes=0&cid=f760e238895a258d&ts=313&x=0"

{
    "name": "John Doe",
    "job": "Software Developer",
    "userID": 2,
    "updatedAt": "2025-01-31T07:33:02.090Z"
}
name before =null
Request method:	PUT
Request URI:	https://reqres.in/api/users/22
Proxy:			<none>
Request params:	<none>
Query params:	<none>
Form params:	<none>
Path params:	<none>
Headers:		Accept=*/*
				Content-Type=application/json
Cookies:		<none>
Multiparts:		<none>
Body:
{
    "name": "",
    "job": "QA Engineer",
    "userID": 2
}
HTTP/1.1 200 OK
Date: Fri, 31 Jan 2025 07:33:02 GMT
Content-Type: application/json; charset=utf-8
Transfer-Encoding: chunked
Connection: keep-alive
Report-To: {"group":"heroku-nel","max_age":3600,"endpoints":[{"url":"https://nel.heroku.com/reports?ts=1738308782&sid=c4c9725f-1ab0-44d8-820f-430df2718e11&s=6u0RMdry6UZRebJmWWrAmtKLCEVzn%2BroViJU7WXWnnM%3D"}]}
Reporting-Endpoints: heroku-nel=https://nel.heroku.com/reports?ts=1738308782&sid=c4c9725f-1ab0-44d8-820f-430df2718e11&s=6u0RMdry6UZRebJmWWrAmtKLCEVzn%2BroViJU7WXWnnM%3D
Nel: {"report_to":"heroku-nel","max_age":3600,"success_fraction":0.005,"failure_fraction":0.05,"response_headers":["Via"]}
X-Powered-By: Express
Access-Control-Allow-Origin: *
Etag: W/"51-M6b+Impp4x9TKEh4MlW8cLeZMXY"
Via: 1.1 vegur
CF-Cache-Status: DYNAMIC
Vary: Accept-Encoding
Server: cloudflare
CF-RAY: 90a802e19e029464-SJC
Content-Encoding: gzip
server-timing: cfL4;desc="?proto=TCP&rtt=1386&min_rtt=1305&rtt_var=547&sent=6&recv=7&lost=0&retrans=0&sent_bytes=3106&recv_bytes=854&delivery_rate=3282758&cwnd=252&unsent_bytes=0&cid=808e9c2e71706f89&ts=276&x=0"

{
    "name": "",
    "job": "QA Engineer",
    "userID": 2,
    "updatedAt": "2025-01-31T07:33:02.532Z"
}
name before =null
Request method:	PUT
Request URI:	https://reqres.in/api/users/22
Proxy:			<none>
Request params:	<none>
Query params:	<none>
Form params:	<none>
Path params:	<none>
Headers:		Accept=*/*
				Content-Type=application/json
Cookies:		<none>
Multiparts:		<none>
Body:
{
    "name": "Alice",
    "job": "",
    "userID": 2
}
HTTP/1.1 200 OK
Date: Fri, 31 Jan 2025 07:33:03 GMT
Content-Type: application/json; charset=utf-8
Transfer-Encoding: chunked
Connection: keep-alive
Report-To: {"group":"heroku-nel","max_age":3600,"endpoints":[{"url":"https://nel.heroku.com/reports?ts=1738308782&sid=c4c9725f-1ab0-44d8-820f-430df2718e11&s=6u0RMdry6UZRebJmWWrAmtKLCEVzn%2BroViJU7WXWnnM%3D"}]}
Reporting-Endpoints: heroku-nel=https://nel.heroku.com/reports?ts=1738308782&sid=c4c9725f-1ab0-44d8-820f-430df2718e11&s=6u0RMdry6UZRebJmWWrAmtKLCEVzn%2BroViJU7WXWnnM%3D
Nel: {"report_to":"heroku-nel","max_age":3600,"success_fraction":0.005,"failure_fraction":0.05,"response_headers":["Via"]}
X-Powered-By: Express
Access-Control-Allow-Origin: *
Etag: W/"4b-KjBVFfL3oQiStfrJgDh3EDjHMeI"
Via: 1.1 vegur
CF-Cache-Status: DYNAMIC
Vary: Accept-Encoding
Server: cloudflare
CF-RAY: 90a802e428bcfade-SJC
Content-Encoding: gzip
server-timing: cfL4;desc="?proto=TCP&rtt=1684&min_rtt=1520&rtt_var=687&sent=6&recv=7&lost=0&retrans=0&sent_bytes=3106&recv_bytes=848&delivery_rate=2818421&cwnd=252&unsent_bytes=0&cid=378082fb3ca9bda4&ts=316&x=0"

{
    "name": "Alice",
    "job": "",
    "userID": 2,
    "updatedAt": "2025-01-31T07:33:02.970Z"
}
name before =null
Request method:	PUT
Request URI:	https://reqres.in/api/users/22
Proxy:			<none>
Request params:	<none>
Query params:	<none>
Form params:	<none>
Path params:	<none>
Headers:		Accept=*/*
				Content-Type=application/json
Cookies:		<none>
Multiparts:		<none>
Body:
{
    "name": "VeryLongNameThatExceedsNormalLengthaldhiuhisabdkauhiugfKJKASJHFKSJH",
    "job": "Dev",
    "userID": 2
}
HTTP/1.1 200 OK
Date: Fri, 31 Jan 2025 07:33:03 GMT
Content-Type: application/json; charset=utf-8
Transfer-Encoding: chunked
Connection: keep-alive
Report-To: {"group":"heroku-nel","max_age":3600,"endpoints":[{"url":"https://nel.heroku.com/reports?ts=1738308783&sid=c4c9725f-1ab0-44d8-820f-430df2718e11&s=k3uNjpK803rKUWXPccdb%2F2x9%2FNESW6m3QRIsWco9VIo%3D"}]}
Reporting-Endpoints: heroku-nel=https://nel.heroku.com/reports?ts=1738308783&sid=c4c9725f-1ab0-44d8-820f-430df2718e11&s=k3uNjpK803rKUWXPccdb%2F2x9%2FNESW6m3QRIsWco9VIo%3D
Nel: {"report_to":"heroku-nel","max_age":3600,"success_fraction":0.005,"failure_fraction":0.05,"response_headers":["Via"]}
X-Powered-By: Express
Access-Control-Allow-Origin: *
Etag: W/"8c-BRfvyBuOdDubV0+F411SyRqUxKk"
Via: 1.1 vegur
CF-Cache-Status: DYNAMIC
Vary: Accept-Encoding
Server: cloudflare
CF-RAY: 90a802e6fe8967ef-SJC
Content-Encoding: gzip
server-timing: cfL4;desc="?proto=TCP&rtt=1468&min_rtt=1379&rtt_var=581&sent=6&recv=7&lost=0&retrans=0&sent_bytes=3106&recv_bytes=914&delivery_rate=3106598&cwnd=252&unsent_bytes=0&cid=c892776ee9ed8e3b&ts=321&x=0"

{
    "name": "VeryLongNameThatExceedsNormalLengthaldhiuhisabdkauhiugfKJKASJHFKSJH",
    "job": "Dev",
    "userID": 2,
    "updatedAt": "2025-01-31T07:33:03.431Z"
}
name before =null
Request method:	PUT
Request URI:	https://reqres.in/api/users/22
Proxy:			<none>
Request params:	<none>
Query params:	<none>
Form params:	<none>
Path params:	<none>
Headers:		Accept=*/*
				Content-Type=application/json
Cookies:		<none>
Multiparts:		<none>
Body:
{
    "name": "Bob",
    "job": "Business Analyst",
    "userID": 2
}
HTTP/1.1 200 OK
Date: Fri, 31 Jan 2025 07:33:03 GMT
Content-Type: application/json; charset=utf-8
Transfer-Encoding: chunked
Connection: keep-alive
Report-To: {"group":"heroku-nel","max_age":3600,"endpoints":[{"url":"https://nel.heroku.com/reports?ts=1738308783&sid=c4c9725f-1ab0-44d8-820f-430df2718e11&s=k3uNjpK803rKUWXPccdb%2F2x9%2FNESW6m3QRIsWco9VIo%3D"}]}
Reporting-Endpoints: heroku-nel=https://nel.heroku.com/reports?ts=1738308783&sid=c4c9725f-1ab0-44d8-820f-430df2718e11&s=k3uNjpK803rKUWXPccdb%2F2x9%2FNESW6m3QRIsWco9VIo%3D
Nel: {"report_to":"heroku-nel","max_age":3600,"success_fraction":0.005,"failure_fraction":0.05,"response_headers":["Via"]}
X-Powered-By: Express
Access-Control-Allow-Origin: *
Etag: W/"59-GaVx9iNWKndsGalFeo7rMq+XsFk"
Via: 1.1 vegur
CF-Cache-Status: DYNAMIC
Vary: Accept-Encoding
Server: cloudflare
CF-RAY: 90a802e9cf7067e8-SJC
Content-Encoding: gzip
server-timing: cfL4;desc="?proto=TCP&rtt=1962&min_rtt=1882&rtt_var=763&sent=6&recv=7&lost=0&retrans=0&sent_bytes=3106&recv_bytes=862&delivery_rate=2276301&cwnd=252&unsent_bytes=0&cid=e22e0c328dd17256&ts=271&x=0"

{
    "name": "Bob",
    "job": "Business Analyst",
    "userID": 2,
    "updatedAt": "2025-01-31T07:33:03.835Z"
}
name before =null
Request method:	PUT
Request URI:	https://reqres.in/api/users/22
Proxy:			<none>
Request params:	<none>
Query params:	<none>
Form params:	<none>
Path params:	<none>
Headers:		Accept=*/*
				Content-Type=application/json
Cookies:		<none>
Multiparts:		<none>
Body:
{
    "name": "!@#$%^&*()",
    "job": "Engineer",
    "userID": 2
}
HTTP/1.1 200 OK
Date: Fri, 31 Jan 2025 07:33:04 GMT
Content-Type: application/json; charset=utf-8
Transfer-Encoding: chunked
Connection: keep-alive
Report-To: {"group":"heroku-nel","max_age":3600,"endpoints":[{"url":"https://nel.heroku.com/reports?ts=1738308784&sid=c4c9725f-1ab0-44d8-820f-430df2718e11&s=n%2Bo%2Bny0V%2FInukoay%2B8B0vFDUp6Hq4CwQ1O%2BD4Zb97nk%3D"}]}
Reporting-Endpoints: heroku-nel=https://nel.heroku.com/reports?ts=1738308784&sid=c4c9725f-1ab0-44d8-820f-430df2718e11&s=n%2Bo%2Bny0V%2FInukoay%2B8B0vFDUp6Hq4CwQ1O%2BD4Zb97nk%3D
Nel: {"report_to":"heroku-nel","max_age":3600,"success_fraction":0.005,"failure_fraction":0.05,"response_headers":["Via"]}
X-Powered-By: Express
Access-Control-Allow-Origin: *
Etag: W/"58-gTuZaF45KTd1og4IFMdjDKa9ogQ"
Via: 1.1 vegur
CF-Cache-Status: DYNAMIC
Vary: Accept-Encoding
Server: cloudflare
CF-RAY: 90a802ec39cd7afd-SJC
Content-Encoding: gzip
server-timing: cfL4;desc="?proto=TCP&rtt=1469&min_rtt=1427&rtt_var=565&sent=6&recv=7&lost=0&retrans=0&sent_bytes=3106&recv_bytes=861&delivery_rate=3002102&cwnd=252&unsent_bytes=0&cid=4b3a422029532548&ts=327&x=0"

{
    "name": "!@#$%^&*()",
    "job": "Engineer",
    "userID": 2,
    "updatedAt": "2025-01-31T07:33:04.269Z"
}
name before =null
Request method:	PUT
Request URI:	https://reqres.in/api/users/23
Proxy:			<none>
Request params:	<none>
Query params:	<none>
Form params:	<none>
Path params:	<none>
Headers:		Accept=*/*
				Content-Type=application/json
Cookies:		<none>
Multiparts:		<none>
Body:
{
    "name": "Jane Doe",
    "job": "Tester",
    "userID": 3
}
HTTP/1.1 200 OK
Date: Fri, 31 Jan 2025 07:33:04 GMT
Content-Type: application/json; charset=utf-8
Transfer-Encoding: chunked
Connection: keep-alive
Report-To: {"group":"heroku-nel","max_age":3600,"endpoints":[{"url":"https://nel.heroku.com/reports?ts=1738308784&sid=c4c9725f-1ab0-44d8-820f-430df2718e11&s=n%2Bo%2Bny0V%2FInukoay%2B8B0vFDUp6Hq4CwQ1O%2BD4Zb97nk%3D"}]}
Reporting-Endpoints: heroku-nel=https://nel.heroku.com/reports?ts=1738308784&sid=c4c9725f-1ab0-44d8-820f-430df2718e11&s=n%2Bo%2Bny0V%2FInukoay%2B8B0vFDUp6Hq4CwQ1O%2BD4Zb97nk%3D
Nel: {"report_to":"heroku-nel","max_age":3600,"success_fraction":0.005,"failure_fraction":0.05,"response_headers":["Via"]}
X-Powered-By: Express
Access-Control-Allow-Origin: *
Etag: W/"54-XpIvd0C1r9yQEHB/cQApZwJdn+w"
Via: 1.1 vegur
CF-Cache-Status: DYNAMIC
Vary: Accept-Encoding
Server: cloudflare
CF-RAY: 90a802f09f2417e6-SJC
Content-Encoding: gzip
server-timing: cfL4;desc="?proto=TCP&rtt=1845&min_rtt=1822&rtt_var=700&sent=6&recv=7&lost=0&retrans=0&sent_bytes=3105&recv_bytes=857&delivery_rate=2351262&cwnd=252&unsent_bytes=0&cid=5692a53be282d2ea&ts=265&x=0"

{
    "name": "Jane Doe",
    "job": "Tester",
    "userID": 3,
    "updatedAt": "2025-01-31T07:33:04.926Z"
}
]]></system-out>
  <system-err><![CDATA[]]></system-err>
</testsuite>
