<?xml version="1.0" encoding="UTF-8"?>
<testsuite name="GetTest" tests="3" skipped="0" failures="0" errors="0" timestamp="2025-02-02T14:04:33" hostname="fv-az1657-290" time="4.193">
  <properties/>
  <testcase name="GetUser[0](9, true)" classname="GetTest" time="3.644"/>
  <testcase name="GetUser[1](999, false)" classname="GetTest" time="0.257"/>
  <testcase name="GetUser[2](0, false)" classname="GetTest" time="0.212"/>
  <system-out><![CDATA[Request method:	GET
Request URI:	https://reqres.in/api/users/9
Proxy:			<none>
Request params:	<none>
Query params:	<none>
Form params:	<none>
Path params:	id=9
Headers:		Accept=*/*
Cookies:		<none>
Multiparts:		<none>
Body:			<none>
HTTP/1.1 200 OK
Date: Sun, 02 Feb 2025 14:04:35 GMT
Content-Type: application/json; charset=utf-8
Transfer-Encoding: chunked
Connection: keep-alive
Report-To: {"group":"heroku-nel","max_age":3600,"endpoints":[{"url":"https://nel.heroku.com/reports?ts=1738485030&sid=c4c9725f-1ab0-44d8-820f-430df2718e11&s=fyynHstui4EnQZe0Q9wrpj%2BwXV7UjGCvz2mTUTbUoqY%3D"}]}
Reporting-Endpoints: heroku-nel=https://nel.heroku.com/reports?ts=1738485030&sid=c4c9725f-1ab0-44d8-820f-430df2718e11&s=fyynHstui4EnQZe0Q9wrpj%2BwXV7UjGCvz2mTUTbUoqY%3D
Nel: {"report_to":"heroku-nel","max_age":3600,"success_fraction":0.005,"failure_fraction":0.05,"response_headers":["Via"]}
X-Powered-By: Express
Access-Control-Allow-Origin: *
Etag: W/"152-FpYvp70F61UHmjz1MpAbXegc4Hc"
Via: 1.1 vegur
Cache-Control: max-age=14400
CF-Cache-Status: REVALIDATED
Vary: Accept-Encoding
Server: cloudflare
CF-RAY: 90babb313c4bc97d-IAD
Content-Encoding: gzip
server-timing: cfL4;desc="?proto=TCP&rtt=5323&min_rtt=5197&rtt_var=2039&sent=7&recv=7&lost=0&retrans=0&sent_bytes=3108&recv_bytes=759&delivery_rate=824321&cwnd=252&unsent_bytes=0&cid=f43660f487f7dd48&ts=338&x=0"

{
    "data": {
        "id": 9,
        "email": "tobias.funke@reqres.in",
        "first_name": "Tobias",
        "last_name": "Funke",
        "avatar": "https://reqres.in/img/faces/9-image.jpg"
    },
    "support": {
        "url": "https://contentcaddy.io?utm_source=reqres&utm_medium=json&utm_campaign=referral",
        "text": "Tired of writing endless social media content? Let Content Caddy generate it for you."
    }
}
Request method:	GET
Request URI:	https://reqres.in/api/users/999
Proxy:			<none>
Request params:	<none>
Query params:	<none>
Form params:	<none>
Path params:	id=999
Headers:		Accept=*/*
Cookies:		<none>
Multiparts:		<none>
Body:			<none>
HTTP/1.1 404 Not Found
Date: Sun, 02 Feb 2025 14:04:37 GMT
Content-Type: application/json; charset=utf-8
Content-Length: 2
Connection: keep-alive
Report-To: {"group":"heroku-nel","max_age":3600,"endpoints":[{"url":"https://nel.heroku.com/reports?ts=1738505077&sid=c4c9725f-1ab0-44d8-820f-430df2718e11&s=%2By9SMc7sDzMDnp4HY6f0QKc%2BB7ZMZK%2B8N00iWaUCCkA%3D"}]}
Reporting-Endpoints: heroku-nel=https://nel.heroku.com/reports?ts=1738505077&sid=c4c9725f-1ab0-44d8-820f-430df2718e11&s=%2By9SMc7sDzMDnp4HY6f0QKc%2BB7ZMZK%2B8N00iWaUCCkA%3D
Nel: {"report_to":"heroku-nel","max_age":3600,"success_fraction":0.005,"failure_fraction":0.05,"response_headers":["Via"]}
X-Powered-By: Express
Access-Control-Allow-Origin: *
Etag: W/"2-vyGp6PvFo4RvsFtPoIWeCReyIC8"
Via: 1.1 vegur
Cache-Control: max-age=14400
CF-Cache-Status: EXPIRED
Vary: Accept-Encoding
Server: cloudflare
CF-RAY: 90babb3cae54d6ed-IAD
server-timing: cfL4;desc="?proto=TCP&rtt=5240&min_rtt=5134&rtt_var=2001&sent=6&recv=7&lost=0&retrans=0&sent_bytes=3107&recv_bytes=761&delivery_rate=834437&cwnd=252&unsent_bytes=0&cid=4d58ce22773a6021&ts=222&x=0"

{
    
}
Request method:	GET
Request URI:	https://reqres.in/api/users/0
Proxy:			<none>
Request params:	<none>
Query params:	<none>
Form params:	<none>
Path params:	id=0
Headers:		Accept=*/*
Cookies:		<none>
Multiparts:		<none>
Body:			<none>
HTTP/1.1 404 Not Found
Date: Sun, 02 Feb 2025 14:04:37 GMT
Content-Type: application/json; charset=utf-8
Content-Length: 2
Connection: keep-alive
Report-To: {"group":"heroku-nel","max_age":3600,"endpoints":[{"url":"https://nel.heroku.com/reports?ts=1738505077&sid=c4c9725f-1ab0-44d8-820f-430df2718e11&s=%2By9SMc7sDzMDnp4HY6f0QKc%2BB7ZMZK%2B8N00iWaUCCkA%3D"}]}
Reporting-Endpoints: heroku-nel=https://nel.heroku.com/reports?ts=1738505077&sid=c4c9725f-1ab0-44d8-820f-430df2718e11&s=%2By9SMc7sDzMDnp4HY6f0QKc%2BB7ZMZK%2B8N00iWaUCCkA%3D
Nel: {"report_to":"heroku-nel","max_age":3600,"success_fraction":0.005,"failure_fraction":0.05,"response_headers":["Via"]}
X-Powered-By: Express
Access-Control-Allow-Origin: *
Etag: W/"2-vyGp6PvFo4RvsFtPoIWeCReyIC8"
Via: 1.1 vegur
Cache-Control: max-age=14400
CF-Cache-Status: EXPIRED
Vary: Accept-Encoding
Server: cloudflare
CF-RAY: 90babb3e38e07fc3-IAD
server-timing: cfL4;desc="?proto=TCP&rtt=5409&min_rtt=5142&rtt_var=2119&sent=6&recv=7&lost=0&retrans=0&sent_bytes=3108&recv_bytes=759&delivery_rate=833138&cwnd=252&unsent_bytes=0&cid=f3bd0ad319c0c645&ts=181&x=0"

{
    
}
]]></system-out>
  <system-err><![CDATA[]]></system-err>
</testsuite>
