<?xml version="1.0" encoding="UTF-8"?>
<testsuite name="Put_Test" tests="7" skipped="0" failures="0" errors="0" timestamp="2025-01-30T19:32:51" hostname="fv-az1720-840" time="2.683">
  <properties/>
  <testcase name="testPutUser[0](2, John Doe, Software Developer, true)" classname="Put_Test" time="0.526"/>
  <testcase name="testPutUser[1](2, , QA Engineer, true)" classname="Put_Test" time="0.343"/>
  <testcase name="testPutUser[2](2, Alice, , true)" classname="Put_Test" time="0.369"/>
  <testcase name="testPutUser[3](2, VeryLongNameThatExceedsNormalLengthaldhiuhisabdkauhiugfKJKASJHFKSJH, Dev, true)" classname="Put_Test" time="0.337"/>
  <testcase name="testPutUser[4](2, Bob, Business Analyst, true)" classname="Put_Test" time="0.384"/>
  <testcase name="testPutUser[5](2, !@#$%^&amp;*(), Engineer, true)" classname="Put_Test" time="0.386"/>
  <testcase name="testPutUser[6](3, Jane Doe, Tester, true)" classname="Put_Test" time="0.329"/>
  <system-out><![CDATA[name before =null
Request method:	PUT
Request URI:	https://reqres.in/api/users/22
Proxy:			<none>
Request params:	<none>
Query params:	<none>
Form params:	<none>
Path params:	<none>
Headers:		Accept=*/*
				Content-Type=application/json
Cookies:		<none>
Multiparts:		<none>
Body:
{
    "name": "John Doe",
    "job": "Software Developer",
    "userID": 2
}
HTTP/1.1 200 OK
Date: Thu, 30 Jan 2025 19:32:51 GMT
Content-Type: application/json; charset=utf-8
Transfer-Encoding: chunked
Connection: keep-alive
Report-To: {"group":"heroku-nel","max_age":3600,"endpoints":[{"url":"https://nel.heroku.com/reports?ts=1738265571&sid=c4c9725f-1ab0-44d8-820f-430df2718e11&s=ezQu7FPFrcrY5K9gpMDjXSWeEUSlb5VzZolxk2mbJKU%3D"}]}
Reporting-Endpoints: heroku-nel=https://nel.heroku.com/reports?ts=1738265571&sid=c4c9725f-1ab0-44d8-820f-430df2718e11&s=ezQu7FPFrcrY5K9gpMDjXSWeEUSlb5VzZolxk2mbJKU%3D
Nel: {"report_to":"heroku-nel","max_age":3600,"success_fraction":0.005,"failure_fraction":0.05,"response_headers":["Via"]}
X-Powered-By: Express
Access-Control-Allow-Origin: *
Etag: W/"60-urpTbgNjE78rcUDFg5++xoCRzog"
Via: 1.1 vegur
CF-Cache-Status: DYNAMIC
Vary: Accept-Encoding
Server: cloudflare
CF-RAY: 90a3e3ef8eff81fd-IAD
Content-Encoding: gzip
server-timing: cfL4;desc="?proto=TCP&rtt=5385&min_rtt=5110&rtt_var=2113&sent=6&recv=7&lost=0&retrans=0&sent_bytes=3107&recv_bytes=869&delivery_rate=838356&cwnd=241&unsent_bytes=0&cid=738b7e429e762946&ts=166&x=0"

{
    "name": "John Doe",
    "job": "Software Developer",
    "userID": 2,
    "updatedAt": "2025-01-30T19:32:51.881Z"
}
name before =null
Request method:	PUT
Request URI:	https://reqres.in/api/users/22
Proxy:			<none>
Request params:	<none>
Query params:	<none>
Form params:	<none>
Path params:	<none>
Headers:		Accept=*/*
				Content-Type=application/json
Cookies:		<none>
Multiparts:		<none>
Body:
{
    "name": "",
    "job": "QA Engineer",
    "userID": 2
}
HTTP/1.1 200 OK
Date: Thu, 30 Jan 2025 19:32:52 GMT
Content-Type: application/json; charset=utf-8
Transfer-Encoding: chunked
Connection: keep-alive
Report-To: {"group":"heroku-nel","max_age":3600,"endpoints":[{"url":"https://nel.heroku.com/reports?ts=1738265572&sid=c4c9725f-1ab0-44d8-820f-430df2718e11&s=iGqO7GLoYFwNySD11Pmegjfv5HjatxK%2FkwXgrMkRz28%3D"}]}
Reporting-Endpoints: heroku-nel=https://nel.heroku.com/reports?ts=1738265572&sid=c4c9725f-1ab0-44d8-820f-430df2718e11&s=iGqO7GLoYFwNySD11Pmegjfv5HjatxK%2FkwXgrMkRz28%3D
Nel: {"report_to":"heroku-nel","max_age":3600,"success_fraction":0.005,"failure_fraction":0.05,"response_headers":["Via"]}
X-Powered-By: Express
Access-Control-Allow-Origin: *
Etag: W/"51-dZDM6a0AjRNgFpVjiD3ClSA//f0"
Via: 1.1 vegur
CF-Cache-Status: DYNAMIC
Vary: Accept-Encoding
Server: cloudflare
CF-RAY: 90a3e3f1acba3ae8-IAD
Content-Encoding: gzip
server-timing: cfL4;desc="?proto=TCP&rtt=5602&min_rtt=5499&rtt_var=2136&sent=6&recv=7&lost=0&retrans=0&sent_bytes=3106&recv_bytes=854&delivery_rate=779050&cwnd=252&unsent_bytes=0&cid=be404d3508e9d352&ts=170&x=0"

{
    "name": "",
    "job": "QA Engineer",
    "userID": 2,
    "updatedAt": "2025-01-30T19:32:52.226Z"
}
name before =null
Request method:	PUT
Request URI:	https://reqres.in/api/users/22
Proxy:			<none>
Request params:	<none>
Query params:	<none>
Form params:	<none>
Path params:	<none>
Headers:		Accept=*/*
				Content-Type=application/json
Cookies:		<none>
Multiparts:		<none>
Body:
{
    "name": "Alice",
    "job": "",
    "userID": 2
}
HTTP/1.1 200 OK
Date: Thu, 30 Jan 2025 19:32:52 GMT
Content-Type: application/json; charset=utf-8
Transfer-Encoding: chunked
Connection: keep-alive
Report-To: {"group":"heroku-nel","max_age":3600,"endpoints":[{"url":"https://nel.heroku.com/reports?ts=1738265572&sid=c4c9725f-1ab0-44d8-820f-430df2718e11&s=iGqO7GLoYFwNySD11Pmegjfv5HjatxK%2FkwXgrMkRz28%3D"}]}
Reporting-Endpoints: heroku-nel=https://nel.heroku.com/reports?ts=1738265572&sid=c4c9725f-1ab0-44d8-820f-430df2718e11&s=iGqO7GLoYFwNySD11Pmegjfv5HjatxK%2FkwXgrMkRz28%3D
Nel: {"report_to":"heroku-nel","max_age":3600,"success_fraction":0.005,"failure_fraction":0.05,"response_headers":["Via"]}
X-Powered-By: Express
Access-Control-Allow-Origin: *
Etag: W/"4b-Eedb2cuYYE8qFHM9d/LIdOdhnto"
Via: 1.1 vegur
CF-Cache-Status: DYNAMIC
Vary: Accept-Encoding
Server: cloudflare
CF-RAY: 90a3e3f3eb89c58d-IAD
Content-Encoding: gzip
server-timing: cfL4;desc="?proto=TCP&rtt=5434&min_rtt=5337&rtt_var=2070&sent=6&recv=7&lost=0&retrans=0&sent_bytes=3105&recv_bytes=848&delivery_rate=802698&cwnd=252&unsent_bytes=0&cid=0c90651451d55809&ts=181&x=0"

{
    "name": "Alice",
    "job": "",
    "userID": 2,
    "updatedAt": "2025-01-30T19:32:52.595Z"
}
name before =null
Request method:	PUT
Request URI:	https://reqres.in/api/users/22
Proxy:			<none>
Request params:	<none>
Query params:	<none>
Form params:	<none>
Path params:	<none>
Headers:		Accept=*/*
				Content-Type=application/json
Cookies:		<none>
Multiparts:		<none>
Body:
{
    "name": "VeryLongNameThatExceedsNormalLengthaldhiuhisabdkauhiugfKJKASJHFKSJH",
    "job": "Dev",
    "userID": 2
}
HTTP/1.1 200 OK
Date: Thu, 30 Jan 2025 19:32:52 GMT
Content-Type: application/json; charset=utf-8
Transfer-Encoding: chunked
Connection: keep-alive
Report-To: {"group":"heroku-nel","max_age":3600,"endpoints":[{"url":"https://nel.heroku.com/reports?ts=1738265572&sid=c4c9725f-1ab0-44d8-820f-430df2718e11&s=iGqO7GLoYFwNySD11Pmegjfv5HjatxK%2FkwXgrMkRz28%3D"}]}
Reporting-Endpoints: heroku-nel=https://nel.heroku.com/reports?ts=1738265572&sid=c4c9725f-1ab0-44d8-820f-430df2718e11&s=iGqO7GLoYFwNySD11Pmegjfv5HjatxK%2FkwXgrMkRz28%3D
Nel: {"report_to":"heroku-nel","max_age":3600,"success_fraction":0.005,"failure_fraction":0.05,"response_headers":["Via"]}
X-Powered-By: Express
Access-Control-Allow-Origin: *
Etag: W/"8c-KQ0LXJhzCJHhHSC+kF/Te9P+iBo"
Via: 1.1 vegur
CF-Cache-Status: DYNAMIC
Vary: Accept-Encoding
Server: cloudflare
CF-RAY: 90a3e3f61832827e-IAD
Content-Encoding: gzip
server-timing: cfL4;desc="?proto=TCP&rtt=5294&min_rtt=5215&rtt_var=2012&sent=6&recv=7&lost=0&retrans=0&sent_bytes=3106&recv_bytes=914&delivery_rate=821476&cwnd=252&unsent_bytes=0&cid=690fce727d1150cd&ts=176&x=0"

{
    "name": "VeryLongNameThatExceedsNormalLengthaldhiuhisabdkauhiugfKJKASJHFKSJH",
    "job": "Dev",
    "userID": 2,
    "updatedAt": "2025-01-30T19:32:52.937Z"
}
name before =null
Request method:	PUT
Request URI:	https://reqres.in/api/users/22
Proxy:			<none>
Request params:	<none>
Query params:	<none>
Form params:	<none>
Path params:	<none>
Headers:		Accept=*/*
				Content-Type=application/json
Cookies:		<none>
Multiparts:		<none>
Body:
{
    "name": "Bob",
    "job": "Business Analyst",
    "userID": 2
}
HTTP/1.1 200 OK
Date: Thu, 30 Jan 2025 19:32:53 GMT
Content-Type: application/json; charset=utf-8
Transfer-Encoding: chunked
Connection: keep-alive
Report-To: {"group":"heroku-nel","max_age":3600,"endpoints":[{"url":"https://nel.heroku.com/reports?ts=1738265573&sid=c4c9725f-1ab0-44d8-820f-430df2718e11&s=J7QCOEgGuipJlPt8qegNfA4a5LtDnFmTS31iQ5QUaSs%3D"}]}
Reporting-Endpoints: heroku-nel=https://nel.heroku.com/reports?ts=1738265573&sid=c4c9725f-1ab0-44d8-820f-430df2718e11&s=J7QCOEgGuipJlPt8qegNfA4a5LtDnFmTS31iQ5QUaSs%3D
Nel: {"report_to":"heroku-nel","max_age":3600,"success_fraction":0.005,"failure_fraction":0.05,"response_headers":["Via"]}
X-Powered-By: Express
Access-Control-Allow-Origin: *
Etag: W/"59-z497P/SeX1uIggQPuV+cVwq3QjA"
Via: 1.1 vegur
CF-Cache-Status: DYNAMIC
Vary: Accept-Encoding
Server: cloudflare
CF-RAY: 90a3e3f84938f272-IAD
Content-Encoding: gzip
server-timing: cfL4;desc="?proto=TCP&rtt=5248&min_rtt=5197&rtt_var=1985&sent=6&recv=7&lost=0&retrans=0&sent_bytes=3106&recv_bytes=862&delivery_rate=824321&cwnd=214&unsent_bytes=0&cid=03e37656707532fa&ts=213&x=0"

{
    "name": "Bob",
    "job": "Business Analyst",
    "userID": 2,
    "updatedAt": "2025-01-30T19:32:53.328Z"
}
name before =null
Request method:	PUT
Request URI:	https://reqres.in/api/users/22
Proxy:			<none>
Request params:	<none>
Query params:	<none>
Form params:	<none>
Path params:	<none>
Headers:		Accept=*/*
				Content-Type=application/json
Cookies:		<none>
Multiparts:		<none>
Body:
{
    "name": "!@#$%^&*()",
    "job": "Engineer",
    "userID": 2
}
HTTP/1.1 200 OK
Date: Thu, 30 Jan 2025 19:32:53 GMT
Content-Type: application/json; charset=utf-8
Transfer-Encoding: chunked
Connection: keep-alive
Report-To: {"group":"heroku-nel","max_age":3600,"endpoints":[{"url":"https://nel.heroku.com/reports?ts=1738265573&sid=c4c9725f-1ab0-44d8-820f-430df2718e11&s=J7QCOEgGuipJlPt8qegNfA4a5LtDnFmTS31iQ5QUaSs%3D"}]}
Reporting-Endpoints: heroku-nel=https://nel.heroku.com/reports?ts=1738265573&sid=c4c9725f-1ab0-44d8-820f-430df2718e11&s=J7QCOEgGuipJlPt8qegNfA4a5LtDnFmTS31iQ5QUaSs%3D
Nel: {"report_to":"heroku-nel","max_age":3600,"success_fraction":0.005,"failure_fraction":0.05,"response_headers":["Via"]}
X-Powered-By: Express
Access-Control-Allow-Origin: *
Etag: W/"58-18NJP8LF1rLunSPzZKRGHH4+/6I"
Via: 1.1 vegur
CF-Cache-Status: DYNAMIC
Vary: Accept-Encoding
Server: cloudflare
CF-RAY: 90a3e3fafdd072ef-IAD
Content-Encoding: gzip
server-timing: cfL4;desc="?proto=TCP&rtt=5229&min_rtt=5199&rtt_var=2011&sent=6&recv=7&lost=0&retrans=0&sent_bytes=3105&recv_bytes=861&delivery_rate=786921&cwnd=252&unsent_bytes=0&cid=eb674b08459a0fc8&ts=168&x=0"

{
    "name": "!@#$%^&*()",
    "job": "Engineer",
    "userID": 2,
    "updatedAt": "2025-01-30T19:32:53.709Z"
}
name before =null
Request method:	PUT
Request URI:	https://reqres.in/api/users/23
Proxy:			<none>
Request params:	<none>
Query params:	<none>
Form params:	<none>
Path params:	<none>
Headers:		Accept=*/*
				Content-Type=application/json
Cookies:		<none>
Multiparts:		<none>
Body:
{
    "name": "Jane Doe",
    "job": "Tester",
    "userID": 3
}
HTTP/1.1 200 OK
Date: Thu, 30 Jan 2025 19:32:54 GMT
Content-Type: application/json; charset=utf-8
Transfer-Encoding: chunked
Connection: keep-alive
Report-To: {"group":"heroku-nel","max_age":3600,"endpoints":[{"url":"https://nel.heroku.com/reports?ts=1738265574&sid=c4c9725f-1ab0-44d8-820f-430df2718e11&s=8sbYIeVCy2NugR4B%2FMQ%2B5euJXhElkm6w0s7b7BboBhk%3D"}]}
Reporting-Endpoints: heroku-nel=https://nel.heroku.com/reports?ts=1738265574&sid=c4c9725f-1ab0-44d8-820f-430df2718e11&s=8sbYIeVCy2NugR4B%2FMQ%2B5euJXhElkm6w0s7b7BboBhk%3D
Nel: {"report_to":"heroku-nel","max_age":3600,"success_fraction":0.005,"failure_fraction":0.05,"response_headers":["Via"]}
X-Powered-By: Express
Access-Control-Allow-Origin: *
Etag: W/"54-jy0VFFm49cksHVXaQcnzCgWzitU"
Via: 1.1 vegur
CF-Cache-Status: DYNAMIC
Vary: Accept-Encoding
Server: cloudflare
CF-RAY: 90a3e3fd0855d6dc-IAD
Content-Encoding: gzip
server-timing: cfL4;desc="?proto=TCP&rtt=5188&min_rtt=5180&rtt_var=1960&sent=6&recv=7&lost=0&retrans=0&sent_bytes=3105&recv_bytes=857&delivery_rate=816000&cwnd=252&unsent_bytes=0&cid=c8e6c3abff8860ac&ts=172&x=0"

{
    "name": "Jane Doe",
    "job": "Tester",
    "userID": 3,
    "updatedAt": "2025-01-30T19:32:54.043Z"
}
]]></system-out>
  <system-err><![CDATA[]]></system-err>
</testsuite>
