<?xml version="1.0" encoding="UTF-8"?>
<testsuite name="Get_Test" tests="3" skipped="0" failures="0" errors="0" timestamp="2025-01-30T18:06:28" hostname="fv-az1276-131" time="4.302">
  <properties/>
  <testcase name="GetUser[0](9, true)" classname="Get_Test" time="3.764"/>
  <testcase name="GetUser[1](999, false)" classname="Get_Test" time="0.233"/>
  <testcase name="GetUser[2](0, false)" classname="Get_Test" time="0.227"/>
  <system-out><![CDATA[Request method:	GET
Request URI:	https://reqres.in/api/users/9
Proxy:			<none>
Request params:	<none>
Query params:	<none>
Form params:	<none>
Path params:	id=9
Headers:		Accept=*/*
Cookies:		<none>
Multiparts:		<none>
Body:			<none>
HTTP/1.1 200 OK
Date: Thu, 30 Jan 2025 18:06:30 GMT
Content-Type: application/json; charset=utf-8
Transfer-Encoding: chunked
Connection: keep-alive
Report-To: {"group":"heroku-nel","max_age":3600,"endpoints":[{"url":"https://nel.heroku.com/reports?ts=1738114763&sid=c4c9725f-1ab0-44d8-820f-430df2718e11&s=65wgn2hpR7oWTz90nhA7XJt5jWgykzPI4QnyGAjpAik%3D"}]}
Reporting-Endpoints: heroku-nel=https://nel.heroku.com/reports?ts=1738114763&sid=c4c9725f-1ab0-44d8-820f-430df2718e11&s=65wgn2hpR7oWTz90nhA7XJt5jWgykzPI4QnyGAjpAik%3D
Nel: {"report_to":"heroku-nel","max_age":3600,"success_fraction":0.005,"failure_fraction":0.05,"response_headers":["Via"]}
X-Powered-By: Express
Access-Control-Allow-Origin: *
Etag: W/"152-FpYvp70F61UHmjz1MpAbXegc4Hc"
Via: 1.1 vegur
Cache-Control: max-age=14400
CF-Cache-Status: REVALIDATED
Vary: Accept-Encoding
Server: cloudflare
CF-RAY: 90a3656ec994acaa-ORD
Content-Encoding: gzip
server-timing: cfL4;desc="?proto=TCP&rtt=2687&min_rtt=2683&rtt_var=1014&sent=7&recv=7&lost=0&retrans=0&sent_bytes=3106&recv_bytes=759&delivery_rate=1577319&cwnd=252&unsent_bytes=0&cid=80a1edf1de8d9c95&ts=322&x=0"

{
    "data": {
        "id": 9,
        "email": "tobias.funke@reqres.in",
        "first_name": "Tobias",
        "last_name": "Funke",
        "avatar": "https://reqres.in/img/faces/9-image.jpg"
    },
    "support": {
        "url": "https://contentcaddy.io?utm_source=reqres&utm_medium=json&utm_campaign=referral",
        "text": "Tired of writing endless social media content? Let Content Caddy generate it for you."
    }
}
Request method:	GET
Request URI:	https://reqres.in/api/users/999
Proxy:			<none>
Request params:	<none>
Query params:	<none>
Form params:	<none>
Path params:	id=999
Headers:		Accept=*/*
Cookies:		<none>
Multiparts:		<none>
Body:			<none>
HTTP/1.1 404 Not Found
Date: Thu, 30 Jan 2025 18:06:32 GMT
Content-Type: application/json; charset=utf-8
Content-Length: 2
Connection: keep-alive
Report-To: {"group":"heroku-nel","max_age":3600,"endpoints":[{"url":"https://nel.heroku.com/reports?ts=1738260392&sid=c4c9725f-1ab0-44d8-820f-430df2718e11&s=fToqtg1rkIWN3fTJBZF7eH8%2BCppb6jiHNvB9PWXuNxc%3D"}]}
Reporting-Endpoints: heroku-nel=https://nel.heroku.com/reports?ts=1738260392&sid=c4c9725f-1ab0-44d8-820f-430df2718e11&s=fToqtg1rkIWN3fTJBZF7eH8%2BCppb6jiHNvB9PWXuNxc%3D
Nel: {"report_to":"heroku-nel","max_age":3600,"success_fraction":0.005,"failure_fraction":0.05,"response_headers":["Via"]}
X-Powered-By: Express
Access-Control-Allow-Origin: *
Etag: W/"2-vyGp6PvFo4RvsFtPoIWeCReyIC8"
Via: 1.1 vegur
Cache-Control: max-age=14400
CF-Cache-Status: EXPIRED
Vary: Accept-Encoding
Server: cloudflare
CF-RAY: 90a3657ace42eb5c-ORD
server-timing: cfL4;desc="?proto=TCP&rtt=2823&min_rtt=2800&rtt_var=1097&sent=6&recv=7&lost=0&retrans=0&sent_bytes=3107&recv_bytes=761&delivery_rate=1433255&cwnd=252&unsent_bytes=0&cid=a49200f203091155&ts=199&x=0"

{
    
}
Request method:	GET
Request URI:	https://reqres.in/api/users/0
Proxy:			<none>
Request params:	<none>
Query params:	<none>
Form params:	<none>
Path params:	id=0
Headers:		Accept=*/*
Cookies:		<none>
Multiparts:		<none>
Body:			<none>
HTTP/1.1 404 Not Found
Date: Thu, 30 Jan 2025 18:06:32 GMT
Content-Type: application/json; charset=utf-8
Transfer-Encoding: chunked
Connection: keep-alive
Cf-Ray: 90a3657c488ccb4a-ORD
Server: cloudflare
Report-To: {"group":"heroku-nel","max_age":3600,"endpoints":[{"url":"https://nel.heroku.com/reports?ts=1738260392&sid=c4c9725f-1ab0-44d8-820f-430df2718e11&s=fToqtg1rkIWN3fTJBZF7eH8%2BCppb6jiHNvB9PWXuNxc%3D"}]}
Reporting-Endpoints: heroku-nel=https://nel.heroku.com/reports?ts=1738260392&sid=c4c9725f-1ab0-44d8-820f-430df2718e11&s=fToqtg1rkIWN3fTJBZF7eH8%2BCppb6jiHNvB9PWXuNxc%3D
Nel: {"report_to":"heroku-nel","max_age":3600,"success_fraction":0.005,"failure_fraction":0.05,"response_headers":["Via"]}
X-Powered-By: Express
Access-Control-Allow-Origin: *
Etag: W/"2-vyGp6PvFo4RvsFtPoIWeCReyIC8"
Via: 1.1 vegur
Cache-Control: max-age=14400
Cf-Cache-Status: MISS
Vary: Accept-Encoding
Content-Encoding: gzip
server-timing: cfL4;desc="?proto=TCP&rtt=2676&min_rtt=2378&rtt_var=919&sent=6&recv=8&lost=0&retrans=0&sent_bytes=3106&recv_bytes=759&delivery_rate=1765142&cwnd=252&unsent_bytes=0&cid=669f2f8c838f92fb&ts=198&x=0"

{
    
}
]]></system-out>
  <system-err><![CDATA[]]></system-err>
</testsuite>
