<?xml version="1.0" encoding="UTF-8"?>
<testsuite name="Get_Test" tests="3" skipped="0" failures="0" errors="0" timestamp="2025-01-30T17:20:28" hostname="fv-az1288-882" time="4.725">
  <properties/>
  <testcase name="GetUser[0](9, true)" classname="Get_Test" time="3.943"/>
  <testcase name="GetUser[1](999, false)" classname="Get_Test" time="0.343"/>
  <testcase name="GetUser[2](0, false)" classname="Get_Test" time="0.363"/>
  <system-out><![CDATA[Request method:	GET
Request URI:	https://reqres.in/api/users/9
Proxy:			<none>
Request params:	<none>
Query params:	<none>
Form params:	<none>
Path params:	id=9
Headers:		Accept=*/*
Cookies:		<none>
Multiparts:		<none>
Body:			<none>
HTTP/1.1 200 OK
Date: Thu, 30 Jan 2025 17:20:30 GMT
Content-Type: application/json; charset=utf-8
Transfer-Encoding: chunked
Connection: keep-alive
Report-To: {"group":"heroku-nel","max_age":3600,"endpoints":[{"url":"https://nel.heroku.com/reports?ts=1738257630&sid=c4c9725f-1ab0-44d8-820f-430df2718e11&s=YjiDwDYG70oGhc%2BJw6Js7ZEYgyW3pkTcZYlaFYUDzCk%3D"}]}
Reporting-Endpoints: heroku-nel=https://nel.heroku.com/reports?ts=1738257630&sid=c4c9725f-1ab0-44d8-820f-430df2718e11&s=YjiDwDYG70oGhc%2BJw6Js7ZEYgyW3pkTcZYlaFYUDzCk%3D
Nel: {"report_to":"heroku-nel","max_age":3600,"success_fraction":0.005,"failure_fraction":0.05,"response_headers":["Via"]}
X-Powered-By: Express
Access-Control-Allow-Origin: *
Etag: W/"152-FpYvp70F61UHmjz1MpAbXegc4Hc"
Via: 1.1 vegur
Cache-Control: max-age=14400
CF-Cache-Status: MISS
Vary: Accept-Encoding
Server: cloudflare
CF-RAY: 90a3220cce70cfd5-SJC
Content-Encoding: gzip
server-timing: cfL4;desc="?proto=TCP&rtt=1528&min_rtt=1523&rtt_var=575&sent=7&recv=7&lost=0&retrans=0&sent_bytes=3106&recv_bytes=759&delivery_rate=2812869&cwnd=252&unsent_bytes=0&cid=35b3962d264d31ae&ts=470&x=0"

{
    "data": {
        "id": 9,
        "email": "tobias.funke@reqres.in",
        "first_name": "Tobias",
        "last_name": "Funke",
        "avatar": "https://reqres.in/img/faces/9-image.jpg"
    },
    "support": {
        "url": "https://contentcaddy.io?utm_source=reqres&utm_medium=json&utm_campaign=referral",
        "text": "Tired of writing endless social media content? Let Content Caddy generate it for you."
    }
}
Request method:	GET
Request URI:	https://reqres.in/api/users/999
Proxy:			<none>
Request params:	<none>
Query params:	<none>
Form params:	<none>
Path params:	id=999
Headers:		Accept=*/*
Cookies:		<none>
Multiparts:		<none>
Body:			<none>
HTTP/1.1 404 Not Found
Date: Thu, 30 Jan 2025 17:20:32 GMT
Content-Type: application/json; charset=utf-8
Content-Length: 2
Connection: keep-alive
Report-To: {"group":"heroku-nel","max_age":3600,"endpoints":[{"url":"https://nel.heroku.com/reports?ts=1738257632&sid=c4c9725f-1ab0-44d8-820f-430df2718e11&s=FydDzab%2FcKRrlj1%2FxFr%2BZ41ativ7ascS%2BPDBsU7GweM%3D"}]}
Reporting-Endpoints: heroku-nel=https://nel.heroku.com/reports?ts=1738257632&sid=c4c9725f-1ab0-44d8-820f-430df2718e11&s=FydDzab%2FcKRrlj1%2FxFr%2BZ41ativ7ascS%2BPDBsU7GweM%3D
Nel: {"report_to":"heroku-nel","max_age":3600,"success_fraction":0.005,"failure_fraction":0.05,"response_headers":["Via"]}
X-Powered-By: Express
Access-Control-Allow-Origin: *
Etag: W/"2-vyGp6PvFo4RvsFtPoIWeCReyIC8"
Via: 1.1 vegur
Cache-Control: max-age=14400
CF-Cache-Status: MISS
Vary: Accept-Encoding
Server: cloudflare
CF-RAY: 90a3221979679e70-SJC
server-timing: cfL4;desc="?proto=TCP&rtt=1616&min_rtt=1503&rtt_var=645&sent=6&recv=7&lost=0&retrans=0&sent_bytes=3107&recv_bytes=761&delivery_rate=2850299&cwnd=252&unsent_bytes=0&cid=54fcd293cd3f4107&ts=315&x=0"

{
    
}
Request method:	GET
Request URI:	https://reqres.in/api/users/0
Proxy:			<none>
Request params:	<none>
Query params:	<none>
Form params:	<none>
Path params:	id=0
Headers:		Accept=*/*
Cookies:		<none>
Multiparts:		<none>
Body:			<none>
HTTP/1.1 404 Not Found
Date: Thu, 30 Jan 2025 17:20:32 GMT
Content-Type: application/json; charset=utf-8
Content-Length: 2
Connection: keep-alive
Report-To: {"group":"heroku-nel","max_age":3600,"endpoints":[{"url":"https://nel.heroku.com/reports?ts=1738257632&sid=c4c9725f-1ab0-44d8-820f-430df2718e11&s=FydDzab%2FcKRrlj1%2FxFr%2BZ41ativ7ascS%2BPDBsU7GweM%3D"}]}
Reporting-Endpoints: heroku-nel=https://nel.heroku.com/reports?ts=1738257632&sid=c4c9725f-1ab0-44d8-820f-430df2718e11&s=FydDzab%2FcKRrlj1%2FxFr%2BZ41ativ7ascS%2BPDBsU7GweM%3D
Nel: {"report_to":"heroku-nel","max_age":3600,"success_fraction":0.005,"failure_fraction":0.05,"response_headers":["Via"]}
X-Powered-By: Express
Access-Control-Allow-Origin: *
Etag: W/"2-vyGp6PvFo4RvsFtPoIWeCReyIC8"
Via: 1.1 vegur
Cache-Control: max-age=14400
CF-Cache-Status: MISS
Vary: Accept-Encoding
Server: cloudflare
CF-RAY: 90a3221bab35ebe5-SJC
server-timing: cfL4;desc="?proto=TCP&rtt=1639&min_rtt=1589&rtt_var=632&sent=6&recv=7&lost=0&retrans=0&sent_bytes=3107&recv_bytes=759&delivery_rate=2696035&cwnd=252&unsent_bytes=0&cid=c08ea2badadc3c0d&ts=329&x=0"

{
    
}
]]></system-out>
  <system-err><![CDATA[]]></system-err>
</testsuite>
