<?xml version="1.0" encoding="UTF-8"?>
<testsuite name="PutTest" tests="7" skipped="0" failures="0" errors="0" timestamp="2025-02-06T10:19:52" hostname="fv-az1787-839" time="2.089">
  <properties/>
  <testcase name="testPutUser[0](2, John Doe, Software Developer, true)" classname="PutTest" time="0.434"/>
  <testcase name="testPutUser[1](2, , QA Engineer, true)" classname="PutTest" time="0.247"/>
  <testcase name="testPutUser[2](2, Alice, , true)" classname="PutTest" time="0.269"/>
  <testcase name="testPutUser[3](2, VeryLongNameThatExceedsNormalLengthaldhiuhisabdkauhiugfKJKASJHFKSJH, Dev, true)" classname="PutTest" time="0.24"/>
  <testcase name="testPutUser[4](2, Bob, Business Analyst, true)" classname="PutTest" time="0.253"/>
  <testcase name="testPutUser[5](2, !@#$%^&amp;*(), Engineer, true)" classname="PutTest" time="0.243"/>
  <testcase name="testPutUser[6](3, Jane Doe, Tester, true)" classname="PutTest" time="0.392"/>
  <system-out><![CDATA[name before =null
Request method:	PUT
Request URI:	https://reqres.in/api/users/22
Proxy:			<none>
Request params:	<none>
Query params:	<none>
Form params:	<none>
Path params:	<none>
Headers:		Accept=*/*
				Content-Type=application/json
Cookies:		<none>
Multiparts:		<none>
Body:
{
    "name": "John Doe",
    "job": "Software Developer",
    "userID": 2
}
HTTP/1.1 200 OK
Date: Thu, 06 Feb 2025 10:19:52 GMT
Content-Type: application/json; charset=utf-8
Transfer-Encoding: chunked
Connection: keep-alive
Report-To: {"group":"heroku-nel","max_age":3600,"endpoints":[{"url":"https://nel.heroku.com/reports?ts=1738837192&sid=c4c9725f-1ab0-44d8-820f-430df2718e11&s=bJr7lh284IC8Me7LZTLkIC0WpqMoP4lGbSKOU45MSks%3D"}]}
Reporting-Endpoints: heroku-nel=https://nel.heroku.com/reports?ts=1738837192&sid=c4c9725f-1ab0-44d8-820f-430df2718e11&s=bJr7lh284IC8Me7LZTLkIC0WpqMoP4lGbSKOU45MSks%3D
Nel: {"report_to":"heroku-nel","max_age":3600,"success_fraction":0.005,"failure_fraction":0.05,"response_headers":["Via"]}
X-Powered-By: Express
Access-Control-Allow-Origin: *
Etag: W/"60-OHJffGVbKMTR98OT9jObOgMZrlQ"
Via: 1.1 vegur
CF-Cache-Status: DYNAMIC
Vary: Accept-Encoding
Server: cloudflare
CF-RAY: 90da6784daf7396e-IAD
Content-Encoding: gzip
server-timing: cfL4;desc="?proto=TCP&rtt=1642&min_rtt=1144&rtt_var=785&sent=6&recv=7&lost=0&retrans=0&sent_bytes=3108&recv_bytes=869&delivery_rate=3744755&cwnd=252&unsent_bytes=0&cid=2dd620fb40d55932&ts=168&x=0"

{
    "name": "John Doe",
    "job": "Software Developer",
    "userID": 2,
    "updatedAt": "2025-02-06T10:19:52.578Z"
}
name before =null
Request method:	PUT
Request URI:	https://reqres.in/api/users/22
Proxy:			<none>
Request params:	<none>
Query params:	<none>
Form params:	<none>
Path params:	<none>
Headers:		Accept=*/*
				Content-Type=application/json
Cookies:		<none>
Multiparts:		<none>
Body:
{
    "name": "",
    "job": "QA Engineer",
    "userID": 2
}
HTTP/1.1 200 OK
Date: Thu, 06 Feb 2025 10:19:52 GMT
Content-Type: application/json; charset=utf-8
Transfer-Encoding: chunked
Connection: keep-alive
Report-To: {"group":"heroku-nel","max_age":3600,"endpoints":[{"url":"https://nel.heroku.com/reports?ts=1738837192&sid=c4c9725f-1ab0-44d8-820f-430df2718e11&s=bJr7lh284IC8Me7LZTLkIC0WpqMoP4lGbSKOU45MSks%3D"}]}
Reporting-Endpoints: heroku-nel=https://nel.heroku.com/reports?ts=1738837192&sid=c4c9725f-1ab0-44d8-820f-430df2718e11&s=bJr7lh284IC8Me7LZTLkIC0WpqMoP4lGbSKOU45MSks%3D
Nel: {"report_to":"heroku-nel","max_age":3600,"success_fraction":0.005,"failure_fraction":0.05,"response_headers":["Via"]}
X-Powered-By: Express
Access-Control-Allow-Origin: *
Etag: W/"51-3R9N3GGsd/Z47q9YI95QXQuo/Ms"
Via: 1.1 vegur
CF-Cache-Status: DYNAMIC
Vary: Accept-Encoding
Server: cloudflare
CF-RAY: 90da678679348272-IAD
Content-Encoding: gzip
server-timing: cfL4;desc="?proto=TCP&rtt=998&min_rtt=992&rtt_var=384&sent=6&recv=7&lost=0&retrans=0&sent_bytes=3109&recv_bytes=854&delivery_rate=4111324&cwnd=252&unsent_bytes=0&cid=05c1fdec9374651e&ts=161&x=0"

{
    "name": "",
    "job": "QA Engineer",
    "userID": 2,
    "updatedAt": "2025-02-06T10:19:52.827Z"
}
name before =null
Request method:	PUT
Request URI:	https://reqres.in/api/users/22
Proxy:			<none>
Request params:	<none>
Query params:	<none>
Form params:	<none>
Path params:	<none>
Headers:		Accept=*/*
				Content-Type=application/json
Cookies:		<none>
Multiparts:		<none>
Body:
{
    "name": "Alice",
    "job": "",
    "userID": 2
}
HTTP/1.1 200 OK
Date: Thu, 06 Feb 2025 10:19:53 GMT
Content-Type: application/json; charset=utf-8
Transfer-Encoding: chunked
Connection: keep-alive
Report-To: {"group":"heroku-nel","max_age":3600,"endpoints":[{"url":"https://nel.heroku.com/reports?ts=1738837193&sid=c4c9725f-1ab0-44d8-820f-430df2718e11&s=yUcUwC0UO1mPMLG4Hp%2F%2Fczy3G8hsD6ePKrO5kptqeRg%3D"}]}
Reporting-Endpoints: heroku-nel=https://nel.heroku.com/reports?ts=1738837193&sid=c4c9725f-1ab0-44d8-820f-430df2718e11&s=yUcUwC0UO1mPMLG4Hp%2F%2Fczy3G8hsD6ePKrO5kptqeRg%3D
Nel: {"report_to":"heroku-nel","max_age":3600,"success_fraction":0.005,"failure_fraction":0.05,"response_headers":["Via"]}
X-Powered-By: Express
Access-Control-Allow-Origin: *
Etag: W/"4b-WQIATIJPaqySKiCGQqSEs7z8jho"
Via: 1.1 vegur
CF-Cache-Status: DYNAMIC
Vary: Accept-Encoding
Server: cloudflare
CF-RAY: 90da67882ce16fd7-IAD
Content-Encoding: gzip
server-timing: cfL4;desc="?proto=TCP&rtt=1801&min_rtt=1010&rtt_var=944&sent=6&recv=7&lost=0&retrans=0&sent_bytes=3108&recv_bytes=848&delivery_rate=4241584&cwnd=252&unsent_bytes=0&cid=8e366db86d7ad970&ts=173&x=0"

{
    "name": "Alice",
    "job": "",
    "userID": 2,
    "updatedAt": "2025-02-06T10:19:53.096Z"
}
name before =null
Request method:	PUT
Request URI:	https://reqres.in/api/users/22
Proxy:			<none>
Request params:	<none>
Query params:	<none>
Form params:	<none>
Path params:	<none>
Headers:		Accept=*/*
				Content-Type=application/json
Cookies:		<none>
Multiparts:		<none>
Body:
{
    "name": "VeryLongNameThatExceedsNormalLengthaldhiuhisabdkauhiugfKJKASJHFKSJH",
    "job": "Dev",
    "userID": 2
}
HTTP/1.1 200 OK
Date: Thu, 06 Feb 2025 10:19:53 GMT
Content-Type: application/json; charset=utf-8
Transfer-Encoding: chunked
Connection: keep-alive
Report-To: {"group":"heroku-nel","max_age":3600,"endpoints":[{"url":"https://nel.heroku.com/reports?ts=1738837193&sid=c4c9725f-1ab0-44d8-820f-430df2718e11&s=yUcUwC0UO1mPMLG4Hp%2F%2Fczy3G8hsD6ePKrO5kptqeRg%3D"}]}
Reporting-Endpoints: heroku-nel=https://nel.heroku.com/reports?ts=1738837193&sid=c4c9725f-1ab0-44d8-820f-430df2718e11&s=yUcUwC0UO1mPMLG4Hp%2F%2Fczy3G8hsD6ePKrO5kptqeRg%3D
Nel: {"report_to":"heroku-nel","max_age":3600,"success_fraction":0.005,"failure_fraction":0.05,"response_headers":["Via"]}
X-Powered-By: Express
Access-Control-Allow-Origin: *
Etag: W/"8c-P1Zd9W/MDzV6nHXTodxOOdDuNvQ"
Via: 1.1 vegur
CF-Cache-Status: DYNAMIC
Vary: Accept-Encoding
Server: cloudflare
CF-RAY: 90da6789a8767ff4-IAD
Content-Encoding: gzip
server-timing: cfL4;desc="?proto=TCP&rtt=1167&min_rtt=1030&rtt_var=661&sent=6&recv=7&lost=0&retrans=0&sent_bytes=3108&recv_bytes=914&delivery_rate=2011267&cwnd=252&unsent_bytes=0&cid=b43603a52fe4b045&ts=160&x=0"

{
    "name": "VeryLongNameThatExceedsNormalLengthaldhiuhisabdkauhiugfKJKASJHFKSJH",
    "job": "Dev",
    "userID": 2,
    "updatedAt": "2025-02-06T10:19:53.339Z"
}
name before =null
Request method:	PUT
Request URI:	https://reqres.in/api/users/22
Proxy:			<none>
Request params:	<none>
Query params:	<none>
Form params:	<none>
Path params:	<none>
Headers:		Accept=*/*
				Content-Type=application/json
Cookies:		<none>
Multiparts:		<none>
Body:
{
    "name": "Bob",
    "job": "Business Analyst",
    "userID": 2
}
HTTP/1.1 200 OK
Date: Thu, 06 Feb 2025 10:19:53 GMT
Content-Type: application/json; charset=utf-8
Transfer-Encoding: chunked
Connection: keep-alive
Report-To: {"group":"heroku-nel","max_age":3600,"endpoints":[{"url":"https://nel.heroku.com/reports?ts=1738837193&sid=c4c9725f-1ab0-44d8-820f-430df2718e11&s=yUcUwC0UO1mPMLG4Hp%2F%2Fczy3G8hsD6ePKrO5kptqeRg%3D"}]}
Reporting-Endpoints: heroku-nel=https://nel.heroku.com/reports?ts=1738837193&sid=c4c9725f-1ab0-44d8-820f-430df2718e11&s=yUcUwC0UO1mPMLG4Hp%2F%2Fczy3G8hsD6ePKrO5kptqeRg%3D
Nel: {"report_to":"heroku-nel","max_age":3600,"success_fraction":0.005,"failure_fraction":0.05,"response_headers":["Via"]}
X-Powered-By: Express
Access-Control-Allow-Origin: *
Etag: W/"59-Qt0RvcgsyNwBY5ogf86/MtxwRGU"
Via: 1.1 vegur
CF-Cache-Status: DYNAMIC
Vary: Accept-Encoding
Server: cloudflare
CF-RAY: 90da678b4cd69c4f-IAD
Content-Encoding: gzip
server-timing: cfL4;desc="?proto=TCP&rtt=1078&min_rtt=986&rtt_var=353&sent=6&recv=8&lost=0&retrans=0&sent_bytes=3108&recv_bytes=862&delivery_rate=4262686&cwnd=252&unsent_bytes=0&cid=80ba9c122c18c8aa&ts=161&x=0"

{
    "name": "Bob",
    "job": "Business Analyst",
    "userID": 2,
    "updatedAt": "2025-02-06T10:19:53.598Z"
}
name before =null
Request method:	PUT
Request URI:	https://reqres.in/api/users/22
Proxy:			<none>
Request params:	<none>
Query params:	<none>
Form params:	<none>
Path params:	<none>
Headers:		Accept=*/*
				Content-Type=application/json
Cookies:		<none>
Multiparts:		<none>
Body:
{
    "name": "!@#$%^&*()",
    "job": "Engineer",
    "userID": 2
}
HTTP/1.1 200 OK
Date: Thu, 06 Feb 2025 10:19:53 GMT
Content-Type: application/json; charset=utf-8
Transfer-Encoding: chunked
Connection: keep-alive
Report-To: {"group":"heroku-nel","max_age":3600,"endpoints":[{"url":"https://nel.heroku.com/reports?ts=1738837193&sid=c4c9725f-1ab0-44d8-820f-430df2718e11&s=yUcUwC0UO1mPMLG4Hp%2F%2Fczy3G8hsD6ePKrO5kptqeRg%3D"}]}
Reporting-Endpoints: heroku-nel=https://nel.heroku.com/reports?ts=1738837193&sid=c4c9725f-1ab0-44d8-820f-430df2718e11&s=yUcUwC0UO1mPMLG4Hp%2F%2Fczy3G8hsD6ePKrO5kptqeRg%3D
Nel: {"report_to":"heroku-nel","max_age":3600,"success_fraction":0.005,"failure_fraction":0.05,"response_headers":["Via"]}
X-Powered-By: Express
Access-Control-Allow-Origin: *
Etag: W/"58-C/7qfca5QJa4EzYqLO0MkItbz4Q"
Via: 1.1 vegur
CF-Cache-Status: DYNAMIC
Vary: Accept-Encoding
Server: cloudflare
CF-RAY: 90da678cdad1d64d-IAD
Content-Encoding: gzip
server-timing: cfL4;desc="?proto=TCP&rtt=1343&min_rtt=928&rtt_var=645&sent=6&recv=7&lost=0&retrans=0&sent_bytes=3107&recv_bytes=861&delivery_rate=4616379&cwnd=250&unsent_bytes=0&cid=a4b02037db168605&ts=162&x=0"

{
    "name": "!@#$%^&*()",
    "job": "Engineer",
    "userID": 2,
    "updatedAt": "2025-02-06T10:19:53.841Z"
}
name before =null
Request method:	PUT
Request URI:	https://reqres.in/api/users/23
Proxy:			<none>
Request params:	<none>
Query params:	<none>
Form params:	<none>
Path params:	<none>
Headers:		Accept=*/*
				Content-Type=application/json
Cookies:		<none>
Multiparts:		<none>
Body:
{
    "name": "Jane Doe",
    "job": "Tester",
    "userID": 3
}
HTTP/1.1 200 OK
Date: Thu, 06 Feb 2025 10:19:54 GMT
Content-Type: application/json; charset=utf-8
Transfer-Encoding: chunked
Connection: keep-alive
Report-To: {"group":"heroku-nel","max_age":3600,"endpoints":[{"url":"https://nel.heroku.com/reports?ts=1738837194&sid=c4c9725f-1ab0-44d8-820f-430df2718e11&s=xMjL%2BZvEo6wI7H3lhDuyMyDLNCqO1Q5jmCS71Q0mcno%3D"}]}
Reporting-Endpoints: heroku-nel=https://nel.heroku.com/reports?ts=1738837194&sid=c4c9725f-1ab0-44d8-820f-430df2718e11&s=xMjL%2BZvEo6wI7H3lhDuyMyDLNCqO1Q5jmCS71Q0mcno%3D
Nel: {"report_to":"heroku-nel","max_age":3600,"success_fraction":0.005,"failure_fraction":0.05,"response_headers":["Via"]}
X-Powered-By: Express
Access-Control-Allow-Origin: *
Etag: W/"54-ftJ++rYuYR4fjiiMJPlG+tq+DSc"
Via: 1.1 vegur
CF-Cache-Status: DYNAMIC
Vary: Accept-Encoding
Server: cloudflare
CF-RAY: 90da678f4deb07dd-IAD
Content-Encoding: gzip
server-timing: cfL4;desc="?proto=TCP&rtt=1186&min_rtt=1184&rtt_var=448&sent=6&recv=7&lost=0&retrans=0&sent_bytes=3109&recv_bytes=857&delivery_rate=3564059&cwnd=252&unsent_bytes=0&cid=224361f07158362b&ts=166&x=0"

{
    "name": "Jane Doe",
    "job": "Tester",
    "userID": 3,
    "updatedAt": "2025-02-06T10:19:54.237Z"
}
]]></system-out>
  <system-err><![CDATA[]]></system-err>
</testsuite>
