<?xml version="1.0" encoding="UTF-8"?>
<testsuite name="Put_Test" tests="7" skipped="0" failures="0" errors="0" timestamp="2025-01-30T18:07:19" hostname="fv-az1376-582" time="4.378">
  <properties/>
  <testcase name="testPutUser[0](2, John Doe, Software Developer, true)" classname="Put_Test" time="0.895"/>
  <testcase name="testPutUser[1](2, , QA Engineer, true)" classname="Put_Test" time="0.583"/>
  <testcase name="testPutUser[2](2, Alice, , true)" classname="Put_Test" time="0.518"/>
  <testcase name="testPutUser[3](2, VeryLongNameThatExceedsNormalLengthaldhiuhisabdkauhiugfKJKASJHFKSJH, Dev, true)" classname="Put_Test" time="0.506"/>
  <testcase name="testPutUser[4](2, Bob, Business Analyst, true)" classname="Put_Test" time="0.534"/>
  <testcase name="testPutUser[5](2, !@#$%^&amp;*(), Engineer, true)" classname="Put_Test" time="0.542"/>
  <testcase name="testPutUser[6](3, Jane Doe, Tester, true)" classname="Put_Test" time="0.789"/>
  <system-out><![CDATA[name before =null
Request method:	PUT
Request URI:	https://reqres.in/api/users/22
Proxy:			<none>
Request params:	<none>
Query params:	<none>
Form params:	<none>
Path params:	<none>
Headers:		Accept=*/*
				Content-Type=application/json
Cookies:		<none>
Multiparts:		<none>
Body:
{
    "name": "John Doe",
    "job": "Software Developer",
    "userID": 2
}
HTTP/1.1 200 OK
Date: Thu, 30 Jan 2025 18:07:20 GMT
Content-Type: application/json; charset=utf-8
Transfer-Encoding: chunked
Connection: keep-alive
Report-To: {"group":"heroku-nel","max_age":3600,"endpoints":[{"url":"https://nel.heroku.com/reports?ts=1738260440&sid=c4c9725f-1ab0-44d8-820f-430df2718e11&s=yfxK1jqhk2qTIJ80w%2F5HeMlYO4TDGCZ5ufGQr3C7Pgk%3D"}]}
Reporting-Endpoints: heroku-nel=https://nel.heroku.com/reports?ts=1738260440&sid=c4c9725f-1ab0-44d8-820f-430df2718e11&s=yfxK1jqhk2qTIJ80w%2F5HeMlYO4TDGCZ5ufGQr3C7Pgk%3D
Nel: {"report_to":"heroku-nel","max_age":3600,"success_fraction":0.005,"failure_fraction":0.05,"response_headers":["Via"]}
X-Powered-By: Express
Access-Control-Allow-Origin: *
Etag: W/"60-Jc/XFnnaT70agrO/gnIjglAA+Uw"
Via: 1.1 vegur
CF-Cache-Status: DYNAMIC
Vary: Accept-Encoding
Server: cloudflare
CF-RAY: 90a366a4be5c7cc7-LAX
Content-Encoding: gzip
server-timing: cfL4;desc="?proto=TCP&rtt=11463&min_rtt=11281&rtt_var=4360&sent=6&recv=7&lost=0&retrans=0&sent_bytes=3105&recv_bytes=869&delivery_rate=379753&cwnd=223&unsent_bytes=0&cid=995e96fb097cb751&ts=329&x=0"

{
    "name": "John Doe",
    "job": "Software Developer",
    "userID": 2,
    "updatedAt": "2025-01-30T18:07:20.025Z"
}
name before =null
Request method:	PUT
Request URI:	https://reqres.in/api/users/22
Proxy:			<none>
Request params:	<none>
Query params:	<none>
Form params:	<none>
Path params:	<none>
Headers:		Accept=*/*
				Content-Type=application/json
Cookies:		<none>
Multiparts:		<none>
Body:
{
    "name": "",
    "job": "QA Engineer",
    "userID": 2
}
HTTP/1.1 200 OK
Date: Thu, 30 Jan 2025 18:07:20 GMT
Content-Type: application/json; charset=utf-8
Transfer-Encoding: chunked
Connection: keep-alive
Report-To: {"group":"heroku-nel","max_age":3600,"endpoints":[{"url":"https://nel.heroku.com/reports?ts=1738260440&sid=c4c9725f-1ab0-44d8-820f-430df2718e11&s=yfxK1jqhk2qTIJ80w%2F5HeMlYO4TDGCZ5ufGQr3C7Pgk%3D"}]}
Reporting-Endpoints: heroku-nel=https://nel.heroku.com/reports?ts=1738260440&sid=c4c9725f-1ab0-44d8-820f-430df2718e11&s=yfxK1jqhk2qTIJ80w%2F5HeMlYO4TDGCZ5ufGQr3C7Pgk%3D
Nel: {"report_to":"heroku-nel","max_age":3600,"success_fraction":0.005,"failure_fraction":0.05,"response_headers":["Via"]}
X-Powered-By: Express
Access-Control-Allow-Origin: *
Etag: W/"51-/4BWUx0RcSLZUzWP9shFY6oQo/k"
Via: 1.1 vegur
CF-Cache-Status: DYNAMIC
Vary: Accept-Encoding
Server: cloudflare
CF-RAY: 90a366a84bb0cba0-LAX
Content-Encoding: gzip
server-timing: cfL4;desc="?proto=TCP&rtt=11382&min_rtt=11366&rtt_var=4295&sent=6&recv=7&lost=0&retrans=0&sent_bytes=3106&recv_bytes=854&delivery_rate=372618&cwnd=235&unsent_bytes=0&cid=6b72467d6a0998bd&ts=337&x=0"

{
    "name": "",
    "job": "QA Engineer",
    "userID": 2,
    "updatedAt": "2025-01-30T18:07:20.612Z"
}
name before =null
Request method:	PUT
Request URI:	https://reqres.in/api/users/22
Proxy:			<none>
Request params:	<none>
Query params:	<none>
Form params:	<none>
Path params:	<none>
Headers:		Accept=*/*
				Content-Type=application/json
Cookies:		<none>
Multiparts:		<none>
Body:
{
    "name": "Alice",
    "job": "",
    "userID": 2
}
HTTP/1.1 200 OK
Date: Thu, 30 Jan 2025 18:07:21 GMT
Content-Type: application/json; charset=utf-8
Transfer-Encoding: chunked
Connection: keep-alive
Report-To: {"group":"heroku-nel","max_age":3600,"endpoints":[{"url":"https://nel.heroku.com/reports?ts=1738260441&sid=c4c9725f-1ab0-44d8-820f-430df2718e11&s=7ZrEKyT%2BFcNA3kZkT7cdd%2BxP5c0rAoxM7nGLAWfAaiw%3D"}]}
Reporting-Endpoints: heroku-nel=https://nel.heroku.com/reports?ts=1738260441&sid=c4c9725f-1ab0-44d8-820f-430df2718e11&s=7ZrEKyT%2BFcNA3kZkT7cdd%2BxP5c0rAoxM7nGLAWfAaiw%3D
Nel: {"report_to":"heroku-nel","max_age":3600,"success_fraction":0.005,"failure_fraction":0.05,"response_headers":["Via"]}
X-Powered-By: Express
Access-Control-Allow-Origin: *
Etag: W/"4b-+Htwr0+wfWHrxwDG0ToTndYP/qA"
Via: 1.1 vegur
CF-Cache-Status: DYNAMIC
Vary: Accept-Encoding
Server: cloudflare
CF-RAY: 90a366abc9e37c5c-LAX
Content-Encoding: gzip
server-timing: cfL4;desc="?proto=TCP&rtt=11941&min_rtt=11923&rtt_var=4484&sent=6&recv=7&lost=0&retrans=0&sent_bytes=3106&recv_bytes=848&delivery_rate=359305&cwnd=247&unsent_bytes=0&cid=890af3aadb936ad4&ts=307&x=0"

{
    "name": "Alice",
    "job": "",
    "userID": 2,
    "updatedAt": "2025-01-30T18:07:21.141Z"
}
name before =null
Request method:	PUT
Request URI:	https://reqres.in/api/users/22
Proxy:			<none>
Request params:	<none>
Query params:	<none>
Form params:	<none>
Path params:	<none>
Headers:		Accept=*/*
				Content-Type=application/json
Cookies:		<none>
Multiparts:		<none>
Body:
{
    "name": "VeryLongNameThatExceedsNormalLengthaldhiuhisabdkauhiugfKJKASJHFKSJH",
    "job": "Dev",
    "userID": 2
}
HTTP/1.1 200 OK
Date: Thu, 30 Jan 2025 18:07:21 GMT
Content-Type: application/json; charset=utf-8
Transfer-Encoding: chunked
Connection: keep-alive
Report-To: {"group":"heroku-nel","max_age":3600,"endpoints":[{"url":"https://nel.heroku.com/reports?ts=1738260441&sid=c4c9725f-1ab0-44d8-820f-430df2718e11&s=7ZrEKyT%2BFcNA3kZkT7cdd%2BxP5c0rAoxM7nGLAWfAaiw%3D"}]}
Reporting-Endpoints: heroku-nel=https://nel.heroku.com/reports?ts=1738260441&sid=c4c9725f-1ab0-44d8-820f-430df2718e11&s=7ZrEKyT%2BFcNA3kZkT7cdd%2BxP5c0rAoxM7nGLAWfAaiw%3D
Nel: {"report_to":"heroku-nel","max_age":3600,"success_fraction":0.005,"failure_fraction":0.05,"response_headers":["Via"]}
X-Powered-By: Express
Access-Control-Allow-Origin: *
Etag: W/"8c-Ni6jdo1pQbITbB7faZRB0lkPcc4"
Via: 1.1 vegur
CF-Cache-Status: DYNAMIC
Vary: Accept-Encoding
Server: cloudflare
CF-RAY: 90a366aefa882a9d-LAX
Content-Encoding: gzip
server-timing: cfL4;desc="?proto=TCP&rtt=11543&min_rtt=11498&rtt_var=4344&sent=6&recv=7&lost=0&retrans=0&sent_bytes=3107&recv_bytes=914&delivery_rate=372586&cwnd=240&unsent_bytes=0&cid=5ec3512eaaa39267&ts=300&x=0"

{
    "name": "VeryLongNameThatExceedsNormalLengthaldhiuhisabdkauhiugfKJKASJHFKSJH",
    "job": "Dev",
    "userID": 2,
    "updatedAt": "2025-01-30T18:07:21.647Z"
}
name before =null
Request method:	PUT
Request URI:	https://reqres.in/api/users/22
Proxy:			<none>
Request params:	<none>
Query params:	<none>
Form params:	<none>
Path params:	<none>
Headers:		Accept=*/*
				Content-Type=application/json
Cookies:		<none>
Multiparts:		<none>
Body:
{
    "name": "Bob",
    "job": "Business Analyst",
    "userID": 2
}
HTTP/1.1 200 OK
Date: Thu, 30 Jan 2025 18:07:22 GMT
Content-Type: application/json; charset=utf-8
Transfer-Encoding: chunked
Connection: keep-alive
Report-To: {"group":"heroku-nel","max_age":3600,"endpoints":[{"url":"https://nel.heroku.com/reports?ts=1738260442&sid=c4c9725f-1ab0-44d8-820f-430df2718e11&s=ggjJ2Z0b1Drr7VFRAajWyGRUMHf43DpLHhQ8XxwLo%2Bw%3D"}]}
Reporting-Endpoints: heroku-nel=https://nel.heroku.com/reports?ts=1738260442&sid=c4c9725f-1ab0-44d8-820f-430df2718e11&s=ggjJ2Z0b1Drr7VFRAajWyGRUMHf43DpLHhQ8XxwLo%2Bw%3D
Nel: {"report_to":"heroku-nel","max_age":3600,"success_fraction":0.005,"failure_fraction":0.05,"response_headers":["Via"]}
X-Powered-By: Express
Access-Control-Allow-Origin: *
Etag: W/"59-hmV7Ti1WkaXgyWAXLELvBD7nPYM"
Via: 1.1 vegur
CF-Cache-Status: DYNAMIC
Vary: Accept-Encoding
Server: cloudflare
CF-RAY: 90a366b24b927c83-LAX
Content-Encoding: gzip
server-timing: cfL4;desc="?proto=TCP&rtt=12038&min_rtt=11873&rtt_var=3485&sent=6&recv=8&lost=0&retrans=0&sent_bytes=3106&recv_bytes=862&delivery_rate=360545&cwnd=195&unsent_bytes=0&cid=b9afddf5cec697e0&ts=314&x=0"

{
    "name": "Bob",
    "job": "Business Analyst",
    "userID": 2,
    "updatedAt": "2025-01-30T18:07:22.184Z"
}
name before =null
Request method:	PUT
Request URI:	https://reqres.in/api/users/22
Proxy:			<none>
Request params:	<none>
Query params:	<none>
Form params:	<none>
Path params:	<none>
Headers:		Accept=*/*
				Content-Type=application/json
Cookies:		<none>
Multiparts:		<none>
Body:
{
    "name": "!@#$%^&*()",
    "job": "Engineer",
    "userID": 2
}
HTTP/1.1 200 OK
Date: Thu, 30 Jan 2025 18:07:22 GMT
Content-Type: application/json; charset=utf-8
Transfer-Encoding: chunked
Connection: keep-alive
Report-To: {"group":"heroku-nel","max_age":3600,"endpoints":[{"url":"https://nel.heroku.com/reports?ts=1738260442&sid=c4c9725f-1ab0-44d8-820f-430df2718e11&s=ggjJ2Z0b1Drr7VFRAajWyGRUMHf43DpLHhQ8XxwLo%2Bw%3D"}]}
Reporting-Endpoints: heroku-nel=https://nel.heroku.com/reports?ts=1738260442&sid=c4c9725f-1ab0-44d8-820f-430df2718e11&s=ggjJ2Z0b1Drr7VFRAajWyGRUMHf43DpLHhQ8XxwLo%2Bw%3D
Nel: {"report_to":"heroku-nel","max_age":3600,"success_fraction":0.005,"failure_fraction":0.05,"response_headers":["Via"]}
X-Powered-By: Express
Access-Control-Allow-Origin: *
Etag: W/"58-vhNBF+5/l4ojXgGLWoHKdF0Vx+c"
Via: 1.1 vegur
CF-Cache-Status: DYNAMIC
Vary: Accept-Encoding
Server: cloudflare
CF-RAY: 90a366b5a9cf78ef-LAX
Content-Encoding: gzip
server-timing: cfL4;desc="?proto=TCP&rtt=11280&min_rtt=11273&rtt_var=4241&sent=6&recv=7&lost=0&retrans=0&sent_bytes=3106&recv_bytes=861&delivery_rate=378111&cwnd=246&unsent_bytes=0&cid=d5459106b32c28e4&ts=304&x=0"

{
    "name": "!@#$%^&*()",
    "job": "Engineer",
    "userID": 2,
    "updatedAt": "2025-01-30T18:07:22.718Z"
}
name before =null
Request method:	PUT
Request URI:	https://reqres.in/api/users/23
Proxy:			<none>
Request params:	<none>
Query params:	<none>
Form params:	<none>
Path params:	<none>
Headers:		Accept=*/*
				Content-Type=application/json
Cookies:		<none>
Multiparts:		<none>
Body:
{
    "name": "Jane Doe",
    "job": "Tester",
    "userID": 3
}
HTTP/1.1 200 OK
Date: Thu, 30 Jan 2025 18:07:23 GMT
Content-Type: application/json; charset=utf-8
Transfer-Encoding: chunked
Connection: keep-alive
Report-To: {"group":"heroku-nel","max_age":3600,"endpoints":[{"url":"https://nel.heroku.com/reports?ts=1738260443&sid=c4c9725f-1ab0-44d8-820f-430df2718e11&s=BCO2KRwiY05qaUJsU6GnWq0NzuJR1CCxEhyoiX7FIYI%3D"}]}
Reporting-Endpoints: heroku-nel=https://nel.heroku.com/reports?ts=1738260443&sid=c4c9725f-1ab0-44d8-820f-430df2718e11&s=BCO2KRwiY05qaUJsU6GnWq0NzuJR1CCxEhyoiX7FIYI%3D
Nel: {"report_to":"heroku-nel","max_age":3600,"success_fraction":0.005,"failure_fraction":0.05,"response_headers":["Via"]}
X-Powered-By: Express
Access-Control-Allow-Origin: *
Etag: W/"54-8O+XuSv+cgM02dUv4b3I8RujPtU"
Via: 1.1 vegur
CF-Cache-Status: DYNAMIC
Vary: Accept-Encoding
Server: cloudflare
CF-RAY: 90a366baae9369b4-LAX
Content-Encoding: gzip
server-timing: cfL4;desc="?proto=TCP&rtt=11410&min_rtt=11410&rtt_var=4280&sent=6&recv=7&lost=0&retrans=0&sent_bytes=3106&recv_bytes=857&delivery_rate=375229&cwnd=252&unsent_bytes=0&cid=6743726afecca23d&ts=304&x=0"

{
    "name": "Jane Doe",
    "job": "Tester",
    "userID": 3,
    "updatedAt": "2025-01-30T18:07:23.522Z"
}
]]></system-out>
  <system-err><![CDATA[]]></system-err>
</testsuite>
