<?xml version="1.0" encoding="UTF-8"?>
<testsuite name="Get_Test" tests="3" skipped="0" failures="0" errors="0" timestamp="2025-01-31T08:23:39" hostname="fv-az1068-149" time="4.04">
  <properties/>
  <testcase name="GetUser[0](9, true)" classname="Get_Test" time="3.546"/>
  <testcase name="GetUser[1](999, false)" classname="Get_Test" time="0.187"/>
  <testcase name="GetUser[2](0, false)" classname="Get_Test" time="0.231"/>
  <system-out><![CDATA[Request method:	GET
Request URI:	https://reqres.in/api/users/9
Proxy:			<none>
Request params:	<none>
Query params:	<none>
Form params:	<none>
Path params:	id=9
Headers:		Accept=*/*
Cookies:		<none>
Multiparts:		<none>
Body:			<none>
HTTP/1.1 200 OK
Date: Fri, 31 Jan 2025 08:23:41 GMT
Content-Type: application/json; charset=utf-8
Transfer-Encoding: chunked
Connection: keep-alive
Report-To: {"group":"heroku-nel","max_age":3600,"endpoints":[{"url":"https://nel.heroku.com/reports?ts=1738297875&sid=c4c9725f-1ab0-44d8-820f-430df2718e11&s=rkHKDy1ipesn%2FpFkhcWUPGuKWmT1TOxe5NxUsDMwCk4%3D"}]}
Reporting-Endpoints: heroku-nel=https://nel.heroku.com/reports?ts=1738297875&sid=c4c9725f-1ab0-44d8-820f-430df2718e11&s=rkHKDy1ipesn%2FpFkhcWUPGuKWmT1TOxe5NxUsDMwCk4%3D
Nel: {"report_to":"heroku-nel","max_age":3600,"success_fraction":0.005,"failure_fraction":0.05,"response_headers":["Via"]}
X-Powered-By: Express
Access-Control-Allow-Origin: *
Etag: W/"152-FpYvp70F61UHmjz1MpAbXegc4Hc"
Via: 1.1 vegur
Cache-Control: max-age=14400
CF-Cache-Status: HIT
Age: 5815
Vary: Accept-Encoding
Server: cloudflare
CF-RAY: 90a84d1349c4d6f4-IAD
Content-Encoding: gzip
server-timing: cfL4;desc="?proto=TCP&rtt=1283&min_rtt=1183&rtt_var=645&sent=7&recv=7&lost=0&retrans=0&sent_bytes=3106&recv_bytes=759&delivery_rate=2153846&cwnd=252&unsent_bytes=0&cid=53fca79e5d926ab0&ts=155&x=0"

{
    "data": {
        "id": 9,
        "email": "tobias.funke@reqres.in",
        "first_name": "Tobias",
        "last_name": "Funke",
        "avatar": "https://reqres.in/img/faces/9-image.jpg"
    },
    "support": {
        "url": "https://contentcaddy.io?utm_source=reqres&utm_medium=json&utm_campaign=referral",
        "text": "Tired of writing endless social media content? Let Content Caddy generate it for you."
    }
}
Request method:	GET
Request URI:	https://reqres.in/api/users/999
Proxy:			<none>
Request params:	<none>
Query params:	<none>
Form params:	<none>
Path params:	id=999
Headers:		Accept=*/*
Cookies:		<none>
Multiparts:		<none>
Body:			<none>
HTTP/1.1 404 Not Found
Date: Fri, 31 Jan 2025 08:23:43 GMT
Content-Type: application/json; charset=utf-8
Content-Length: 2
Connection: keep-alive
Report-To: {"group":"heroku-nel","max_age":3600,"endpoints":[{"url":"https://nel.heroku.com/reports?ts=1738311823&sid=c4c9725f-1ab0-44d8-820f-430df2718e11&s=0GXpHZ%2BRT36sXEqJJGu3tlDPvGiLHir7poEu%2BnjVWA4%3D"}]}
Reporting-Endpoints: heroku-nel=https://nel.heroku.com/reports?ts=1738311823&sid=c4c9725f-1ab0-44d8-820f-430df2718e11&s=0GXpHZ%2BRT36sXEqJJGu3tlDPvGiLHir7poEu%2BnjVWA4%3D
Nel: {"report_to":"heroku-nel","max_age":3600,"success_fraction":0.005,"failure_fraction":0.05,"response_headers":["Via"]}
X-Powered-By: Express
Access-Control-Allow-Origin: *
Etag: W/"2-vyGp6PvFo4RvsFtPoIWeCReyIC8"
Via: 1.1 vegur
Cache-Control: max-age=14400
CF-Cache-Status: EXPIRED
Vary: Accept-Encoding
Server: cloudflare
CF-RAY: 90a84d1d9cf8e615-IAD
server-timing: cfL4;desc="?proto=TCP&rtt=1885&min_rtt=1807&rtt_var=734&sent=6&recv=7&lost=0&retrans=0&sent_bytes=3105&recv_bytes=761&delivery_rate=2370780&cwnd=252&unsent_bytes=0&cid=1c63de110166d270&ts=158&x=0"

{
    
}
Request method:	GET
Request URI:	https://reqres.in/api/users/0
Proxy:			<none>
Request params:	<none>
Query params:	<none>
Form params:	<none>
Path params:	id=0
Headers:		Accept=*/*
Cookies:		<none>
Multiparts:		<none>
Body:			<none>
HTTP/1.1 404 Not Found
Date: Fri, 31 Jan 2025 08:23:43 GMT
Content-Type: application/json; charset=utf-8
Content-Length: 2
Connection: keep-alive
Report-To: {"group":"heroku-nel","max_age":3600,"endpoints":[{"url":"https://nel.heroku.com/reports?ts=1738311823&sid=c4c9725f-1ab0-44d8-820f-430df2718e11&s=0GXpHZ%2BRT36sXEqJJGu3tlDPvGiLHir7poEu%2BnjVWA4%3D"}]}
Reporting-Endpoints: heroku-nel=https://nel.heroku.com/reports?ts=1738311823&sid=c4c9725f-1ab0-44d8-820f-430df2718e11&s=0GXpHZ%2BRT36sXEqJJGu3tlDPvGiLHir7poEu%2BnjVWA4%3D
Nel: {"report_to":"heroku-nel","max_age":3600,"success_fraction":0.005,"failure_fraction":0.05,"response_headers":["Via"]}
X-Powered-By: Express
Access-Control-Allow-Origin: *
Etag: W/"2-vyGp6PvFo4RvsFtPoIWeCReyIC8"
Via: 1.1 vegur
Cache-Control: max-age=14400
CF-Cache-Status: EXPIRED
Vary: Accept-Encoding
Server: cloudflare
CF-RAY: 90a84d1eef6c3b3e-IAD
server-timing: cfL4;desc="?proto=TCP&rtt=1470&min_rtt=1447&rtt_var=590&sent=6&recv=7&lost=0&retrans=0&sent_bytes=3106&recv_bytes=759&delivery_rate=2615384&cwnd=251&unsent_bytes=0&cid=3143f6315c0f4aac&ts=195&x=0"

{
    
}
]]></system-out>
  <system-err><![CDATA[]]></system-err>
</testsuite>
