<?xml version="1.0" encoding="UTF-8"?>
<testsuite name="Put_Test" tests="7" skipped="0" failures="0" errors="0" timestamp="2025-01-31T07:58:05" hostname="fv-az1721-166" time="3.187">
  <properties/>
  <testcase name="testPutUser[0](2, John Doe, Software Developer, true)" classname="Put_Test" time="0.512"/>
  <testcase name="testPutUser[1](2, , QA Engineer, true)" classname="Put_Test" time="0.327"/>
  <testcase name="testPutUser[2](2, Alice, , true)" classname="Put_Test" time="0.499"/>
  <testcase name="testPutUser[3](2, VeryLongNameThatExceedsNormalLengthaldhiuhisabdkauhiugfKJKASJHFKSJH, Dev, true)" classname="Put_Test" time="0.49"/>
  <testcase name="testPutUser[4](2, Bob, Business Analyst, true)" classname="Put_Test" time="0.453"/>
  <testcase name="testPutUser[5](2, !@#$%^&amp;*(), Engineer, true)" classname="Put_Test" time="0.386"/>
  <testcase name="testPutUser[6](3, Jane Doe, Tester, true)" classname="Put_Test" time="0.505"/>
  <system-out><![CDATA[name before =null
Request method:	PUT
Request URI:	https://reqres.in/api/users/22
Proxy:			<none>
Request params:	<none>
Query params:	<none>
Form params:	<none>
Path params:	<none>
Headers:		Accept=*/*
				Content-Type=application/json
Cookies:		<none>
Multiparts:		<none>
Body:
{
    "name": "John Doe",
    "job": "Software Developer",
    "userID": 2
}
HTTP/1.1 200 OK
Date: Fri, 31 Jan 2025 07:58:06 GMT
Content-Type: application/json; charset=utf-8
Transfer-Encoding: chunked
Connection: keep-alive
Report-To: {"group":"heroku-nel","max_age":3600,"endpoints":[{"url":"https://nel.heroku.com/reports?ts=1738310286&sid=c4c9725f-1ab0-44d8-820f-430df2718e11&s=FxfyLCVmWTfOmtbR2yYu0NkHv9oNFfU3K8oROVuK4%2Bw%3D"}]}
Reporting-Endpoints: heroku-nel=https://nel.heroku.com/reports?ts=1738310286&sid=c4c9725f-1ab0-44d8-820f-430df2718e11&s=FxfyLCVmWTfOmtbR2yYu0NkHv9oNFfU3K8oROVuK4%2Bw%3D
Nel: {"report_to":"heroku-nel","max_age":3600,"success_fraction":0.005,"failure_fraction":0.05,"response_headers":["Via"]}
X-Powered-By: Express
Access-Control-Allow-Origin: *
Etag: W/"60-92WxOE154CMZi1zKWTsqNqolowA"
Via: 1.1 vegur
CF-Cache-Status: DYNAMIC
Vary: Accept-Encoding
Server: cloudflare
CF-RAY: 90a82797bde7d6df-IAD
Content-Encoding: gzip
server-timing: cfL4;desc="?proto=TCP&rtt=5693&min_rtt=5557&rtt_var=2181&sent=6&recv=7&lost=0&retrans=0&sent_bytes=3106&recv_bytes=869&delivery_rate=770919&cwnd=252&unsent_bytes=0&cid=0bcefdb389c82ed7&ts=160&x=0"

{
    "name": "John Doe",
    "job": "Software Developer",
    "userID": 2,
    "updatedAt": "2025-01-31T07:58:06.141Z"
}
name before =null
Request method:	PUT
Request URI:	https://reqres.in/api/users/22
Proxy:			<none>
Request params:	<none>
Query params:	<none>
Form params:	<none>
Path params:	<none>
Headers:		Accept=*/*
				Content-Type=application/json
Cookies:		<none>
Multiparts:		<none>
Body:
{
    "name": "",
    "job": "QA Engineer",
    "userID": 2
}
HTTP/1.1 200 OK
Date: Fri, 31 Jan 2025 07:58:06 GMT
Content-Type: application/json; charset=utf-8
Transfer-Encoding: chunked
Connection: keep-alive
Report-To: {"group":"heroku-nel","max_age":3600,"endpoints":[{"url":"https://nel.heroku.com/reports?ts=1738310286&sid=c4c9725f-1ab0-44d8-820f-430df2718e11&s=FxfyLCVmWTfOmtbR2yYu0NkHv9oNFfU3K8oROVuK4%2Bw%3D"}]}
Reporting-Endpoints: heroku-nel=https://nel.heroku.com/reports?ts=1738310286&sid=c4c9725f-1ab0-44d8-820f-430df2718e11&s=FxfyLCVmWTfOmtbR2yYu0NkHv9oNFfU3K8oROVuK4%2Bw%3D
Nel: {"report_to":"heroku-nel","max_age":3600,"success_fraction":0.005,"failure_fraction":0.05,"response_headers":["Via"]}
X-Powered-By: Express
Access-Control-Allow-Origin: *
Etag: W/"51-pA1iFJL4SkDh3WGU/OxCSUQfPu0"
Via: 1.1 vegur
CF-Cache-Status: DYNAMIC
Vary: Accept-Encoding
Server: cloudflare
CF-RAY: 90a82799adf71776-IAD
Content-Encoding: gzip
server-timing: cfL4;desc="?proto=TCP&rtt=5255&min_rtt=5243&rtt_var=1990&sent=6&recv=7&lost=0&retrans=0&sent_bytes=3106&recv_bytes=854&delivery_rate=802247&cwnd=252&unsent_bytes=0&cid=fc74813f6d857392&ts=167&x=0"

{
    "name": "",
    "job": "QA Engineer",
    "userID": 2,
    "updatedAt": "2025-01-31T07:58:06.463Z"
}
name before =null
Request method:	PUT
Request URI:	https://reqres.in/api/users/22
Proxy:			<none>
Request params:	<none>
Query params:	<none>
Form params:	<none>
Path params:	<none>
Headers:		Accept=*/*
				Content-Type=application/json
Cookies:		<none>
Multiparts:		<none>
Body:
{
    "name": "Alice",
    "job": "",
    "userID": 2
}
HTTP/1.1 200 OK
Date: Fri, 31 Jan 2025 07:58:06 GMT
Content-Type: application/json; charset=utf-8
Transfer-Encoding: chunked
Connection: keep-alive
Report-To: {"group":"heroku-nel","max_age":3600,"endpoints":[{"url":"https://nel.heroku.com/reports?ts=1738310286&sid=c4c9725f-1ab0-44d8-820f-430df2718e11&s=FxfyLCVmWTfOmtbR2yYu0NkHv9oNFfU3K8oROVuK4%2Bw%3D"}]}
Reporting-Endpoints: heroku-nel=https://nel.heroku.com/reports?ts=1738310286&sid=c4c9725f-1ab0-44d8-820f-430df2718e11&s=FxfyLCVmWTfOmtbR2yYu0NkHv9oNFfU3K8oROVuK4%2Bw%3D
Nel: {"report_to":"heroku-nel","max_age":3600,"success_fraction":0.005,"failure_fraction":0.05,"response_headers":["Via"]}
X-Powered-By: Express
Access-Control-Allow-Origin: *
Etag: W/"4b-x1zSt37ZNgIlDC7flQ8M9WeolF8"
Via: 1.1 vegur
CF-Cache-Status: DYNAMIC
Vary: Accept-Encoding
Server: cloudflare
CF-RAY: 90a8279bea600790-IAD
Content-Encoding: gzip
server-timing: cfL4;desc="?proto=TCP&rtt=5661&min_rtt=5453&rtt_var=2193&sent=6&recv=7&lost=0&retrans=0&sent_bytes=3105&recv_bytes=848&delivery_rate=785622&cwnd=252&unsent_bytes=0&cid=3ac6887c8f35aa59&ts=292&x=0"

{
    "name": "Alice",
    "job": "",
    "userID": 2,
    "updatedAt": "2025-01-31T07:58:06.914Z"
}
name before =null
Request method:	PUT
Request URI:	https://reqres.in/api/users/22
Proxy:			<none>
Request params:	<none>
Query params:	<none>
Form params:	<none>
Path params:	<none>
Headers:		Accept=*/*
				Content-Type=application/json
Cookies:		<none>
Multiparts:		<none>
Body:
{
    "name": "VeryLongNameThatExceedsNormalLengthaldhiuhisabdkauhiugfKJKASJHFKSJH",
    "job": "Dev",
    "userID": 2
}
HTTP/1.1 200 OK
Date: Fri, 31 Jan 2025 07:58:07 GMT
Content-Type: application/json; charset=utf-8
Transfer-Encoding: chunked
Connection: keep-alive
Report-To: {"group":"heroku-nel","max_age":3600,"endpoints":[{"url":"https://nel.heroku.com/reports?ts=1738310287&sid=c4c9725f-1ab0-44d8-820f-430df2718e11&s=X1Hht%2BI750dM5Ge3W7AbI5zYabKOn6L%2FcMtFsdyw0yg%3D"}]}
Reporting-Endpoints: heroku-nel=https://nel.heroku.com/reports?ts=1738310287&sid=c4c9725f-1ab0-44d8-820f-430df2718e11&s=X1Hht%2BI750dM5Ge3W7AbI5zYabKOn6L%2FcMtFsdyw0yg%3D
Nel: {"report_to":"heroku-nel","max_age":3600,"success_fraction":0.005,"failure_fraction":0.05,"response_headers":["Via"]}
X-Powered-By: Express
Access-Control-Allow-Origin: *
Etag: W/"8c-q3fAQ2fz1QNXhgmX5EPkr5Fx5uI"
Via: 1.1 vegur
CF-Cache-Status: DYNAMIC
Vary: Accept-Encoding
Server: cloudflare
CF-RAY: 90a8279eeccee5b4-IAD
Content-Encoding: gzip
server-timing: cfL4;desc="?proto=TCP&rtt=6078&min_rtt=5345&rtt_var=2528&sent=6&recv=7&lost=0&retrans=0&sent_bytes=3107&recv_bytes=914&delivery_rate=801496&cwnd=252&unsent_bytes=0&cid=7bf5cc3703a7f9b9&ts=327&x=0"

{
    "name": "VeryLongNameThatExceedsNormalLengthaldhiuhisabdkauhiugfKJKASJHFKSJH",
    "job": "Dev",
    "userID": 2,
    "updatedAt": "2025-01-31T07:58:07.415Z"
}
name before =null
Request method:	PUT
Request URI:	https://reqres.in/api/users/22
Proxy:			<none>
Request params:	<none>
Query params:	<none>
Form params:	<none>
Path params:	<none>
Headers:		Accept=*/*
				Content-Type=application/json
Cookies:		<none>
Multiparts:		<none>
Body:
{
    "name": "Bob",
    "job": "Business Analyst",
    "userID": 2
}
HTTP/1.1 200 OK
Date: Fri, 31 Jan 2025 07:58:07 GMT
Content-Type: application/json; charset=utf-8
Transfer-Encoding: chunked
Connection: keep-alive
Report-To: {"group":"heroku-nel","max_age":3600,"endpoints":[{"url":"https://nel.heroku.com/reports?ts=1738310287&sid=c4c9725f-1ab0-44d8-820f-430df2718e11&s=X1Hht%2BI750dM5Ge3W7AbI5zYabKOn6L%2FcMtFsdyw0yg%3D"}]}
Reporting-Endpoints: heroku-nel=https://nel.heroku.com/reports?ts=1738310287&sid=c4c9725f-1ab0-44d8-820f-430df2718e11&s=X1Hht%2BI750dM5Ge3W7AbI5zYabKOn6L%2FcMtFsdyw0yg%3D
Nel: {"report_to":"heroku-nel","max_age":3600,"success_fraction":0.005,"failure_fraction":0.05,"response_headers":["Via"]}
X-Powered-By: Express
Access-Control-Allow-Origin: *
Etag: W/"59-A41P26pNywPebJMaTHtDH1JtPpo"
Via: 1.1 vegur
CF-Cache-Status: DYNAMIC
Vary: Accept-Encoding
Server: cloudflare
CF-RAY: 90a827a1ec6705f9-IAD
Content-Encoding: gzip
server-timing: cfL4;desc="?proto=TCP&rtt=6072&min_rtt=5113&rtt_var=2602&sent=6&recv=7&lost=0&retrans=0&sent_bytes=3105&recv_bytes=862&delivery_rate=837864&cwnd=252&unsent_bytes=0&cid=cfca7d2b1e88fca2&ts=294&x=0"

{
    "name": "Bob",
    "job": "Business Analyst",
    "userID": 2,
    "updatedAt": "2025-01-31T07:58:07.881Z"
}
name before =null
Request method:	PUT
Request URI:	https://reqres.in/api/users/22
Proxy:			<none>
Request params:	<none>
Query params:	<none>
Form params:	<none>
Path params:	<none>
Headers:		Accept=*/*
				Content-Type=application/json
Cookies:		<none>
Multiparts:		<none>
Body:
{
    "name": "!@#$%^&*()",
    "job": "Engineer",
    "userID": 2
}
HTTP/1.1 200 OK
Date: Fri, 31 Jan 2025 07:58:08 GMT
Content-Type: application/json; charset=utf-8
Transfer-Encoding: chunked
Connection: keep-alive
Report-To: {"group":"heroku-nel","max_age":3600,"endpoints":[{"url":"https://nel.heroku.com/reports?ts=1738310288&sid=c4c9725f-1ab0-44d8-820f-430df2718e11&s=O0gVfA%2FMy5UV8BnUil95zR46lP1LtAcmkmLuUt%2BwlHA%3D"}]}
Reporting-Endpoints: heroku-nel=https://nel.heroku.com/reports?ts=1738310288&sid=c4c9725f-1ab0-44d8-820f-430df2718e11&s=O0gVfA%2FMy5UV8BnUil95zR46lP1LtAcmkmLuUt%2BwlHA%3D
Nel: {"report_to":"heroku-nel","max_age":3600,"success_fraction":0.005,"failure_fraction":0.05,"response_headers":["Via"]}
X-Powered-By: Express
Access-Control-Allow-Origin: *
Etag: W/"58-ipDCt3/YjzcBlE6Ot+VyhWm4MQM"
Via: 1.1 vegur
CF-Cache-Status: DYNAMIC
Vary: Accept-Encoding
Server: cloudflare
CF-RAY: 90a827a4da54e600-IAD
Content-Encoding: gzip
server-timing: cfL4;desc="?proto=TCP&rtt=5777&min_rtt=5729&rtt_var=2182&sent=6&recv=7&lost=0&retrans=0&sent_bytes=3106&recv_bytes=861&delivery_rate=747774&cwnd=252&unsent_bytes=0&cid=3a932591a898db54&ts=202&x=0"

{
    "name": "!@#$%^&*()",
    "job": "Engineer",
    "userID": 2,
    "updatedAt": "2025-01-31T07:58:08.272Z"
}
name before =null
Request method:	PUT
Request URI:	https://reqres.in/api/users/23
Proxy:			<none>
Request params:	<none>
Query params:	<none>
Form params:	<none>
Path params:	<none>
Headers:		Accept=*/*
				Content-Type=application/json
Cookies:		<none>
Multiparts:		<none>
Body:
{
    "name": "Jane Doe",
    "job": "Tester",
    "userID": 3
}
HTTP/1.1 200 OK
Date: Fri, 31 Jan 2025 07:58:08 GMT
Content-Type: application/json; charset=utf-8
Transfer-Encoding: chunked
Connection: keep-alive
Content-Encoding: gzip
Cf-Ray: 90a827a81fd26fd4-IAD
Report-To: {"group":"heroku-nel","max_age":3600,"endpoints":[{"url":"https://nel.heroku.com/reports?ts=1738310288&sid=c4c9725f-1ab0-44d8-820f-430df2718e11&s=O0gVfA%2FMy5UV8BnUil95zR46lP1LtAcmkmLuUt%2BwlHA%3D"}]}
Reporting-Endpoints: heroku-nel=https://nel.heroku.com/reports?ts=1738310288&sid=c4c9725f-1ab0-44d8-820f-430df2718e11&s=O0gVfA%2FMy5UV8BnUil95zR46lP1LtAcmkmLuUt%2BwlHA%3D
Nel: {"report_to":"heroku-nel","max_age":3600,"success_fraction":0.005,"failure_fraction":0.05,"response_headers":["Via"]}
X-Powered-By: Express
Access-Control-Allow-Origin: *
Etag: W/"54-25z6BEtQDbNfYqNfm68jAEV0pko"
Via: 1.1 vegur
Cf-Cache-Status: DYNAMIC
Vary: Accept-Encoding
Server: cloudflare
server-timing: cfL4;desc="?proto=TCP&rtt=5324&min_rtt=5302&rtt_var=2004&sent=6&recv=7&lost=0&retrans=0&sent_bytes=3107&recv_bytes=857&delivery_rate=807996&cwnd=252&unsent_bytes=0&cid=c402d7e996c5dea4&ts=207&x=0"

{
    "name": "Jane Doe",
    "job": "Tester",
    "userID": 3,
    "updatedAt": "2025-01-31T07:58:08.805Z"
}
]]></system-out>
  <system-err><![CDATA[]]></system-err>
</testsuite>
