<?xml version="1.0" encoding="UTF-8"?>
<testsuite name="Put_Test" tests="7" skipped="0" failures="0" errors="0" timestamp="2025-01-30T17:20:35" hostname="fv-az1288-882" time="3.752">
  <properties/>
  <testcase name="testPutUser[0](2, John Doe, Software Developer, true)" classname="Put_Test" time="0.76"/>
  <testcase name="testPutUser[1](2, , QA Engineer, true)" classname="Put_Test" time="0.486"/>
  <testcase name="testPutUser[2](2, Alice, , true)" classname="Put_Test" time="0.474"/>
  <testcase name="testPutUser[3](2, VeryLongNameThatExceedsNormalLengthaldhiuhisabdkauhiugfKJKASJHFKSJH, Dev, true)" classname="Put_Test" time="0.422"/>
  <testcase name="testPutUser[4](2, Bob, Business Analyst, true)" classname="Put_Test" time="0.449"/>
  <testcase name="testPutUser[5](2, !@#$%^&amp;*(), Engineer, true)" classname="Put_Test" time="0.439"/>
  <testcase name="testPutUser[6](3, Jane Doe, Tester, true)" classname="Put_Test" time="0.711"/>
  <system-out><![CDATA[name before =null
Request method:	PUT
Request URI:	https://reqres.in/api/users/22
Proxy:			<none>
Request params:	<none>
Query params:	<none>
Form params:	<none>
Path params:	<none>
Headers:		Accept=*/*
				Content-Type=application/json
Cookies:		<none>
Multiparts:		<none>
Body:
{
    "name": "John Doe",
    "job": "Software Developer",
    "userID": 2
}
HTTP/1.1 200 OK
Date: Thu, 30 Jan 2025 17:20:36 GMT
Content-Type: application/json; charset=utf-8
Transfer-Encoding: chunked
Connection: keep-alive
Report-To: {"group":"heroku-nel","max_age":3600,"endpoints":[{"url":"https://nel.heroku.com/reports?ts=1738257636&sid=c4c9725f-1ab0-44d8-820f-430df2718e11&s=8fTKX332VMwCoHdtVVpcWlOjSgkKAkUkbi4awoviu7o%3D"}]}
Reporting-Endpoints: heroku-nel=https://nel.heroku.com/reports?ts=1738257636&sid=c4c9725f-1ab0-44d8-820f-430df2718e11&s=8fTKX332VMwCoHdtVVpcWlOjSgkKAkUkbi4awoviu7o%3D
Nel: {"report_to":"heroku-nel","max_age":3600,"success_fraction":0.005,"failure_fraction":0.05,"response_headers":["Via"]}
X-Powered-By: Express
Access-Control-Allow-Origin: *
Etag: W/"60-/eOF8RemmeTdKJYIf6olxKWs6TI"
Via: 1.1 vegur
CF-Cache-Status: DYNAMIC
Vary: Accept-Encoding
Server: cloudflare
CF-RAY: 90a3223068f315d4-SJC
Content-Encoding: gzip
server-timing: cfL4;desc="?proto=TCP&rtt=1272&min_rtt=1226&rtt_var=493&sent=6&recv=7&lost=0&retrans=0&sent_bytes=3107&recv_bytes=869&delivery_rate=3494290&cwnd=252&unsent_bytes=0&cid=29c7f7e139e0dcb8&ts=285&x=0"

{
    "name": "John Doe",
    "job": "Software Developer",
    "userID": 2,
    "updatedAt": "2025-01-30T17:20:36.112Z"
}
name before =null
Request method:	PUT
Request URI:	https://reqres.in/api/users/22
Proxy:			<none>
Request params:	<none>
Query params:	<none>
Form params:	<none>
Path params:	<none>
Headers:		Accept=*/*
				Content-Type=application/json
Cookies:		<none>
Multiparts:		<none>
Body:
{
    "name": "",
    "job": "QA Engineer",
    "userID": 2
}
HTTP/1.1 200 OK
Date: Thu, 30 Jan 2025 17:20:36 GMT
Content-Type: application/json; charset=utf-8
Transfer-Encoding: chunked
Connection: keep-alive
Report-To: {"group":"heroku-nel","max_age":3600,"endpoints":[{"url":"https://nel.heroku.com/reports?ts=1738257636&sid=c4c9725f-1ab0-44d8-820f-430df2718e11&s=8fTKX332VMwCoHdtVVpcWlOjSgkKAkUkbi4awoviu7o%3D"}]}
Reporting-Endpoints: heroku-nel=https://nel.heroku.com/reports?ts=1738257636&sid=c4c9725f-1ab0-44d8-820f-430df2718e11&s=8fTKX332VMwCoHdtVVpcWlOjSgkKAkUkbi4awoviu7o%3D
Nel: {"report_to":"heroku-nel","max_age":3600,"success_fraction":0.005,"failure_fraction":0.05,"response_headers":["Via"]}
X-Powered-By: Express
Access-Control-Allow-Origin: *
Etag: W/"51-epHfnzXlXVOYgfBXHs947hFAmcE"
Via: 1.1 vegur
CF-Cache-Status: DYNAMIC
Vary: Accept-Encoding
Server: cloudflare
CF-RAY: 90a3223369d267f6-SJC
Content-Encoding: gzip
server-timing: cfL4;desc="?proto=TCP&rtt=1392&min_rtt=1290&rtt_var=557&sent=5&recv=8&lost=0&retrans=0&sent_bytes=3106&recv_bytes=854&delivery_rate=3320930&cwnd=252&unsent_bytes=0&cid=98c65eea8f9ddcc1&ts=299&x=0"

{
    "name": "",
    "job": "QA Engineer",
    "userID": 2,
    "updatedAt": "2025-01-30T17:20:36.590Z"
}
name before =null
Request method:	PUT
Request URI:	https://reqres.in/api/users/22
Proxy:			<none>
Request params:	<none>
Query params:	<none>
Form params:	<none>
Path params:	<none>
Headers:		Accept=*/*
				Content-Type=application/json
Cookies:		<none>
Multiparts:		<none>
Body:
{
    "name": "Alice",
    "job": "",
    "userID": 2
}
HTTP/1.1 200 OK
Date: Thu, 30 Jan 2025 17:20:37 GMT
Content-Type: application/json; charset=utf-8
Transfer-Encoding: chunked
Connection: keep-alive
Report-To: {"group":"heroku-nel","max_age":3600,"endpoints":[{"url":"https://nel.heroku.com/reports?ts=1738257637&sid=c4c9725f-1ab0-44d8-820f-430df2718e11&s=1bZ%2FT7uG3Pz2Cv3iTPtYjqz2e9uffbPbYK9tIn0TWV4%3D"}]}
Reporting-Endpoints: heroku-nel=https://nel.heroku.com/reports?ts=1738257637&sid=c4c9725f-1ab0-44d8-820f-430df2718e11&s=1bZ%2FT7uG3Pz2Cv3iTPtYjqz2e9uffbPbYK9tIn0TWV4%3D
Nel: {"report_to":"heroku-nel","max_age":3600,"success_fraction":0.005,"failure_fraction":0.05,"response_headers":["Via"]}
X-Powered-By: Express
Access-Control-Allow-Origin: *
Etag: W/"4b-T7IRjyEWyYFAgpD2xlVT1XIOVNg"
Via: 1.1 vegur
CF-Cache-Status: DYNAMIC
Vary: Accept-Encoding
Server: cloudflare
CF-RAY: 90a322365c43fa01-SJC
Content-Encoding: gzip
server-timing: cfL4;desc="?proto=TCP&rtt=1763&min_rtt=1459&rtt_var=764&sent=6&recv=7&lost=0&retrans=0&sent_bytes=3107&recv_bytes=848&delivery_rate=2936257&cwnd=252&unsent_bytes=0&cid=81ecb1140ccf28b3&ts=298&x=0"

{
    "name": "Alice",
    "job": "",
    "userID": 2,
    "updatedAt": "2025-01-30T17:20:37.073Z"
}
name before =null
Request method:	PUT
Request URI:	https://reqres.in/api/users/22
Proxy:			<none>
Request params:	<none>
Query params:	<none>
Form params:	<none>
Path params:	<none>
Headers:		Accept=*/*
				Content-Type=application/json
Cookies:		<none>
Multiparts:		<none>
Body:
{
    "name": "VeryLongNameThatExceedsNormalLengthaldhiuhisabdkauhiugfKJKASJHFKSJH",
    "job": "Dev",
    "userID": 2
}
HTTP/1.1 200 OK
Date: Thu, 30 Jan 2025 17:20:37 GMT
Content-Type: application/json; charset=utf-8
Transfer-Encoding: chunked
Connection: keep-alive
Report-To: {"group":"heroku-nel","max_age":3600,"endpoints":[{"url":"https://nel.heroku.com/reports?ts=1738257637&sid=c4c9725f-1ab0-44d8-820f-430df2718e11&s=1bZ%2FT7uG3Pz2Cv3iTPtYjqz2e9uffbPbYK9tIn0TWV4%3D"}]}
Reporting-Endpoints: heroku-nel=https://nel.heroku.com/reports?ts=1738257637&sid=c4c9725f-1ab0-44d8-820f-430df2718e11&s=1bZ%2FT7uG3Pz2Cv3iTPtYjqz2e9uffbPbYK9tIn0TWV4%3D
Nel: {"report_to":"heroku-nel","max_age":3600,"success_fraction":0.005,"failure_fraction":0.05,"response_headers":["Via"]}
X-Powered-By: Express
Access-Control-Allow-Origin: *
Etag: W/"8c-cKQBgA077PJ0zWSYRAvnqYdDfQU"
Via: 1.1 vegur
CF-Cache-Status: DYNAMIC
Vary: Accept-Encoding
Server: cloudflare
CF-RAY: 90a322391e9bebe9-SJC
Content-Encoding: gzip
server-timing: cfL4;desc="?proto=TCP&rtt=1940&min_rtt=1939&rtt_var=730&sent=6&recv=7&lost=0&retrans=0&sent_bytes=3105&recv_bytes=914&delivery_rate=2194672&cwnd=252&unsent_bytes=0&cid=314cf97f0ac7139c&ts=282&x=0"

{
    "name": "VeryLongNameThatExceedsNormalLengthaldhiuhisabdkauhiugfKJKASJHFKSJH",
    "job": "Dev",
    "userID": 2,
    "updatedAt": "2025-01-30T17:20:37.496Z"
}
name before =null
Request method:	PUT
Request URI:	https://reqres.in/api/users/22
Proxy:			<none>
Request params:	<none>
Query params:	<none>
Form params:	<none>
Path params:	<none>
Headers:		Accept=*/*
				Content-Type=application/json
Cookies:		<none>
Multiparts:		<none>
Body:
{
    "name": "Bob",
    "job": "Business Analyst",
    "userID": 2
}
HTTP/1.1 200 OK
Date: Thu, 30 Jan 2025 17:20:38 GMT
Content-Type: application/json; charset=utf-8
Transfer-Encoding: chunked
Connection: keep-alive
Report-To: {"group":"heroku-nel","max_age":3600,"endpoints":[{"url":"https://nel.heroku.com/reports?ts=1738257637&sid=c4c9725f-1ab0-44d8-820f-430df2718e11&s=1bZ%2FT7uG3Pz2Cv3iTPtYjqz2e9uffbPbYK9tIn0TWV4%3D"}]}
Reporting-Endpoints: heroku-nel=https://nel.heroku.com/reports?ts=1738257637&sid=c4c9725f-1ab0-44d8-820f-430df2718e11&s=1bZ%2FT7uG3Pz2Cv3iTPtYjqz2e9uffbPbYK9tIn0TWV4%3D
Nel: {"report_to":"heroku-nel","max_age":3600,"success_fraction":0.005,"failure_fraction":0.05,"response_headers":["Via"]}
X-Powered-By: Express
Access-Control-Allow-Origin: *
Etag: W/"59-AtU8RNllXnHsauxh2GSRLtksFLI"
Via: 1.1 vegur
CF-Cache-Status: DYNAMIC
Vary: Accept-Encoding
Server: cloudflare
CF-RAY: 90a3223bbdb4ebeb-SJC
Content-Encoding: gzip
server-timing: cfL4;desc="?proto=TCP&rtt=1439&min_rtt=1331&rtt_var=576&sent=6&recv=7&lost=0&retrans=0&sent_bytes=3105&recv_bytes=862&delivery_rate=3218632&cwnd=252&unsent_bytes=0&cid=ff47b6e11a46ca4f&ts=316&x=0"

{
    "name": "Bob",
    "job": "Business Analyst",
    "userID": 2,
    "updatedAt": "2025-01-30T17:20:37.947Z"
}
name before =null
Request method:	PUT
Request URI:	https://reqres.in/api/users/22
Proxy:			<none>
Request params:	<none>
Query params:	<none>
Form params:	<none>
Path params:	<none>
Headers:		Accept=*/*
				Content-Type=application/json
Cookies:		<none>
Multiparts:		<none>
Body:
{
    "name": "!@#$%^&*()",
    "job": "Engineer",
    "userID": 2
}
HTTP/1.1 200 OK
Date: Thu, 30 Jan 2025 17:20:38 GMT
Content-Type: application/json; charset=utf-8
Transfer-Encoding: chunked
Connection: keep-alive
Report-To: {"group":"heroku-nel","max_age":3600,"endpoints":[{"url":"https://nel.heroku.com/reports?ts=1738257638&sid=c4c9725f-1ab0-44d8-820f-430df2718e11&s=e9iElUkA3a72eeElk7fL7knP%2Bii0h2%2BLhfxd15%2BsOe8%3D"}]}
Reporting-Endpoints: heroku-nel=https://nel.heroku.com/reports?ts=1738257638&sid=c4c9725f-1ab0-44d8-820f-430df2718e11&s=e9iElUkA3a72eeElk7fL7knP%2Bii0h2%2BLhfxd15%2BsOe8%3D
Nel: {"report_to":"heroku-nel","max_age":3600,"success_fraction":0.005,"failure_fraction":0.05,"response_headers":["Via"]}
X-Powered-By: Express
Access-Control-Allow-Origin: *
Etag: W/"58-npQCWeZ8xxB/upS5CH6w+26wC5M"
Via: 1.1 vegur
CF-Cache-Status: DYNAMIC
Vary: Accept-Encoding
Server: cloudflare
CF-RAY: 90a3223e9c6ff997-SJC
Content-Encoding: gzip
server-timing: cfL4;desc="?proto=TCP&rtt=1626&min_rtt=1498&rtt_var=653&sent=6&recv=7&lost=0&retrans=0&sent_bytes=3106&recv_bytes=861&delivery_rate=2859813&cwnd=252&unsent_bytes=0&cid=9a68671cf1098a21&ts=291&x=0"

{
    "name": "!@#$%^&*()",
    "job": "Engineer",
    "userID": 2,
    "updatedAt": "2025-01-30T17:20:38.389Z"
}
name before =null
Request method:	PUT
Request URI:	https://reqres.in/api/users/23
Proxy:			<none>
Request params:	<none>
Query params:	<none>
Form params:	<none>
Path params:	<none>
Headers:		Accept=*/*
				Content-Type=application/json
Cookies:		<none>
Multiparts:		<none>
Body:
{
    "name": "Jane Doe",
    "job": "Tester",
    "userID": 3
}
HTTP/1.1 200 OK
Date: Thu, 30 Jan 2025 17:20:39 GMT
Content-Type: application/json; charset=utf-8
Transfer-Encoding: chunked
Connection: keep-alive
Report-To: {"group":"heroku-nel","max_age":3600,"endpoints":[{"url":"https://nel.heroku.com/reports?ts=1738257639&sid=c4c9725f-1ab0-44d8-820f-430df2718e11&s=pCWhD462tPNCYfx9XefMUh%2BsSgHdnKF5MCfa4zT7dUA%3D"}]}
Reporting-Endpoints: heroku-nel=https://nel.heroku.com/reports?ts=1738257639&sid=c4c9725f-1ab0-44d8-820f-430df2718e11&s=pCWhD462tPNCYfx9XefMUh%2BsSgHdnKF5MCfa4zT7dUA%3D
Nel: {"report_to":"heroku-nel","max_age":3600,"success_fraction":0.005,"failure_fraction":0.05,"response_headers":["Via"]}
X-Powered-By: Express
Access-Control-Allow-Origin: *
Etag: W/"54-aH26vmdP1Rq1yDSYhJowTQChAqk"
Via: 1.1 vegur
CF-Cache-Status: DYNAMIC
Vary: Accept-Encoding
Server: cloudflare
CF-RAY: 90a32243185aeb26-SJC
Content-Encoding: gzip
server-timing: cfL4;desc="?proto=TCP&rtt=1389&min_rtt=1273&rtt_var=460&sent=6&recv=8&lost=0&retrans=0&sent_bytes=3105&recv_bytes=857&delivery_rate=3349491&cwnd=252&unsent_bytes=0&cid=d059f2dd6f4b0fe0&ts=283&x=0"

{
    "name": "Jane Doe",
    "job": "Tester",
    "userID": 3,
    "updatedAt": "2025-01-30T17:20:39.101Z"
}
]]></system-out>
  <system-err><![CDATA[]]></system-err>
</testsuite>
