<?xml version="1.0" encoding="UTF-8"?>
<testsuite name="GetTest" tests="3" skipped="0" failures="0" errors="0" timestamp="2025-02-06T12:36:04" hostname="fv-az1931-969" time="4.444">
  <properties/>
  <testcase name="GetUser[0](9, true)" classname="GetTest" time="3.944"/>
  <testcase name="GetUser[1](999, false)" classname="GetTest" time="0.227"/>
  <testcase name="GetUser[2](0, false)" classname="GetTest" time="0.202"/>
  <system-out><![CDATA[Request method:	GET
Request URI:	https://reqres.in/api/users/9
Proxy:			<none>
Request params:	<none>
Query params:	<none>
Form params:	<none>
Path params:	id=9
Headers:		Accept=*/*
Cookies:		<none>
Multiparts:		<none>
Body:			<none>
HTTP/1.1 200 OK
Date: Thu, 06 Feb 2025 12:36:06 GMT
Content-Type: application/json; charset=utf-8
Transfer-Encoding: chunked
Connection: keep-alive
Content-Encoding: gzip
Cf-Ray: 90db2f156b9c0841-IAD
Report-To: {"group":"heroku-nel","max_age":3600,"endpoints":[{"url":"https://nel.heroku.com/reports?ts=1738834283&sid=c4c9725f-1ab0-44d8-820f-430df2718e11&s=tKMvNFRpxm73wkb24jQJfES3p6YLFrBN0HQaVsXWxGo%3D"}]}
Reporting-Endpoints: heroku-nel=https://nel.heroku.com/reports?ts=1738834283&sid=c4c9725f-1ab0-44d8-820f-430df2718e11&s=tKMvNFRpxm73wkb24jQJfES3p6YLFrBN0HQaVsXWxGo%3D
Nel: {"report_to":"heroku-nel","max_age":3600,"success_fraction":0.005,"failure_fraction":0.05,"response_headers":["Via"]}
X-Powered-By: Express
Access-Control-Allow-Origin: *
Etag: W/"152-FpYvp70F61UHmjz1MpAbXegc4Hc"
Via: 1.1 vegur
Cache-Control: max-age=14400
Cf-Cache-Status: HIT
Age: 624
Vary: Accept-Encoding
Server: cloudflare
server-timing: cfL4;desc="?proto=TCP&rtt=1250&min_rtt=1230&rtt_var=475&sent=7&recv=7&lost=0&retrans=0&sent_bytes=3108&recv_bytes=759&delivery_rate=3482926&cwnd=252&unsent_bytes=0&cid=60ced9373ec190a7&ts=263&x=0"

{
    "data": {
        "id": 9,
        "email": "tobias.funke@reqres.in",
        "first_name": "Tobias",
        "last_name": "Funke",
        "avatar": "https://reqres.in/img/faces/9-image.jpg"
    },
    "support": {
        "url": "https://contentcaddy.io?utm_source=reqres&utm_medium=json&utm_campaign=referral",
        "text": "Tired of writing endless social media content? Let Content Caddy generate it for you."
    }
}
Request method:	GET
Request URI:	https://reqres.in/api/users/999
Proxy:			<none>
Request params:	<none>
Query params:	<none>
Form params:	<none>
Path params:	id=999
Headers:		Accept=*/*
Cookies:		<none>
Multiparts:		<none>
Body:			<none>
HTTP/1.1 404 Not Found
Date: Thu, 06 Feb 2025 12:36:08 GMT
Content-Type: application/json; charset=utf-8
Content-Length: 2
Connection: keep-alive
Report-To: {"group":"heroku-nel","max_age":3600,"endpoints":[{"url":"https://nel.heroku.com/reports?ts=1738845368&sid=c4c9725f-1ab0-44d8-820f-430df2718e11&s=Qz%2BKbkcsH0rGzHCJZO4cYEjHKSA4cGVl1lNzzKZJkU0%3D"}]}
Reporting-Endpoints: heroku-nel=https://nel.heroku.com/reports?ts=1738845368&sid=c4c9725f-1ab0-44d8-820f-430df2718e11&s=Qz%2BKbkcsH0rGzHCJZO4cYEjHKSA4cGVl1lNzzKZJkU0%3D
Nel: {"report_to":"heroku-nel","max_age":3600,"success_fraction":0.005,"failure_fraction":0.05,"response_headers":["Via"]}
X-Powered-By: Express
Access-Control-Allow-Origin: *
Etag: W/"2-vyGp6PvFo4RvsFtPoIWeCReyIC8"
Via: 1.1 vegur
Cache-Control: max-age=14400
CF-Cache-Status: EXPIRED
Vary: Accept-Encoding
Server: cloudflare
CF-RAY: 90db2f20ab10e63a-IAD
server-timing: cfL4;desc="?proto=TCP&rtt=1296&min_rtt=1248&rtt_var=392&sent=6&recv=8&lost=0&retrans=0&sent_bytes=3109&recv_bytes=761&delivery_rate=3413545&cwnd=252&unsent_bytes=0&cid=429b353ad1225526&ts=194&x=0"

{
    
}
Request method:	GET
Request URI:	https://reqres.in/api/users/0
Proxy:			<none>
Request params:	<none>
Query params:	<none>
Form params:	<none>
Path params:	id=0
Headers:		Accept=*/*
Cookies:		<none>
Multiparts:		<none>
Body:			<none>
HTTP/1.1 404 Not Found
Date: Thu, 06 Feb 2025 12:36:08 GMT
Content-Type: application/json; charset=utf-8
Content-Length: 2
Connection: keep-alive
Report-To: {"group":"heroku-nel","max_age":3600,"endpoints":[{"url":"https://nel.heroku.com/reports?ts=1738845368&sid=c4c9725f-1ab0-44d8-820f-430df2718e11&s=Qz%2BKbkcsH0rGzHCJZO4cYEjHKSA4cGVl1lNzzKZJkU0%3D"}]}
Reporting-Endpoints: heroku-nel=https://nel.heroku.com/reports?ts=1738845368&sid=c4c9725f-1ab0-44d8-820f-430df2718e11&s=Qz%2BKbkcsH0rGzHCJZO4cYEjHKSA4cGVl1lNzzKZJkU0%3D
Nel: {"report_to":"heroku-nel","max_age":3600,"success_fraction":0.005,"failure_fraction":0.05,"response_headers":["Via"]}
X-Powered-By: Express
Access-Control-Allow-Origin: *
Etag: W/"2-vyGp6PvFo4RvsFtPoIWeCReyIC8"
Via: 1.1 vegur
Cache-Control: max-age=14400
CF-Cache-Status: EXPIRED
Vary: Accept-Encoding
Server: cloudflare
CF-RAY: 90db2f220e50c997-IAD
server-timing: cfL4;desc="?proto=TCP&rtt=983&min_rtt=955&rtt_var=378&sent=6&recv=7&lost=0&retrans=0&sent_bytes=3108&recv_bytes=759&delivery_rate=4485863&cwnd=252&unsent_bytes=0&cid=7dd3c0bd9be943cd&ts=173&x=0"

{
    
}
]]></system-out>
  <system-err><![CDATA[]]></system-err>
</testsuite>
