<?xml version="1.0" encoding="UTF-8"?>
<testsuite name="PutTest" tests="7" skipped="0" failures="0" errors="0" timestamp="2025-02-06T12:25:45" hostname="fv-az1931-969" time="2.24">
  <properties/>
  <testcase name="testPutUser[0](2, John Doe, Software Developer, true)" classname="PutTest" time="0.438"/>
  <testcase name="testPutUser[1](2, , QA Engineer, true)" classname="PutTest" time="0.275"/>
  <testcase name="testPutUser[2](2, Alice, , true)" classname="PutTest" time="0.276"/>
  <testcase name="testPutUser[3](2, VeryLongNameThatExceedsNormalLengthaldhiuhisabdkauhiugfKJKASJHFKSJH, Dev, true)" classname="PutTest" time="0.273"/>
  <testcase name="testPutUser[4](2, Bob, Business Analyst, true)" classname="PutTest" time="0.281"/>
  <testcase name="testPutUser[5](2, !@#$%^&amp;*(), Engineer, true)" classname="PutTest" time="0.26"/>
  <testcase name="testPutUser[6](3, Jane Doe, Tester, true)" classname="PutTest" time="0.416"/>
  <system-out><![CDATA[name before =null
Request method:	PUT
Request URI:	https://reqres.in/api/users/22
Proxy:			<none>
Request params:	<none>
Query params:	<none>
Form params:	<none>
Path params:	<none>
Headers:		Accept=*/*
				Content-Type=application/json
Cookies:		<none>
Multiparts:		<none>
Body:
{
    "name": "John Doe",
    "job": "Software Developer",
    "userID": 2
}
HTTP/1.1 200 OK
Date: Thu, 06 Feb 2025 12:25:46 GMT
Content-Type: application/json; charset=utf-8
Transfer-Encoding: chunked
Connection: keep-alive
Report-To: {"group":"heroku-nel","max_age":3600,"endpoints":[{"url":"https://nel.heroku.com/reports?ts=1738844746&sid=c4c9725f-1ab0-44d8-820f-430df2718e11&s=z7If3Id8WbQ%2FOj3bc8cKm7YzWQGEsz2BJtoSDPJAKxg%3D"}]}
Reporting-Endpoints: heroku-nel=https://nel.heroku.com/reports?ts=1738844746&sid=c4c9725f-1ab0-44d8-820f-430df2718e11&s=z7If3Id8WbQ%2FOj3bc8cKm7YzWQGEsz2BJtoSDPJAKxg%3D
Nel: {"report_to":"heroku-nel","max_age":3600,"success_fraction":0.005,"failure_fraction":0.05,"response_headers":["Via"]}
X-Powered-By: Express
Access-Control-Allow-Origin: *
Etag: W/"60-z70C5W801mdxHfMBP6IVdkSApbg"
Via: 1.1 vegur
CF-Cache-Status: DYNAMIC
Vary: Accept-Encoding
Server: cloudflare
CF-RAY: 90db1fef3aeaf27e-IAD
Content-Encoding: gzip
server-timing: cfL4;desc="?proto=TCP&rtt=1271&min_rtt=1219&rtt_var=494&sent=6&recv=7&lost=0&retrans=0&sent_bytes=3107&recv_bytes=869&delivery_rate=3514356&cwnd=252&unsent_bytes=0&cid=385ffce7f6e86393&ts=162&x=0"

{
    "name": "John Doe",
    "job": "Software Developer",
    "userID": 2,
    "updatedAt": "2025-02-06T12:25:46.231Z"
}
name before =null
Request method:	PUT
Request URI:	https://reqres.in/api/users/22
Proxy:			<none>
Request params:	<none>
Query params:	<none>
Form params:	<none>
Path params:	<none>
Headers:		Accept=*/*
				Content-Type=application/json
Cookies:		<none>
Multiparts:		<none>
Body:
{
    "name": "",
    "job": "QA Engineer",
    "userID": 2
}
HTTP/1.1 200 OK
Date: Thu, 06 Feb 2025 12:25:46 GMT
Content-Type: application/json; charset=utf-8
Transfer-Encoding: chunked
Connection: keep-alive
Report-To: {"group":"heroku-nel","max_age":3600,"endpoints":[{"url":"https://nel.heroku.com/reports?ts=1738844746&sid=c4c9725f-1ab0-44d8-820f-430df2718e11&s=z7If3Id8WbQ%2FOj3bc8cKm7YzWQGEsz2BJtoSDPJAKxg%3D"}]}
Reporting-Endpoints: heroku-nel=https://nel.heroku.com/reports?ts=1738844746&sid=c4c9725f-1ab0-44d8-820f-430df2718e11&s=z7If3Id8WbQ%2FOj3bc8cKm7YzWQGEsz2BJtoSDPJAKxg%3D
Nel: {"report_to":"heroku-nel","max_age":3600,"success_fraction":0.005,"failure_fraction":0.05,"response_headers":["Via"]}
X-Powered-By: Express
Access-Control-Allow-Origin: *
Etag: W/"51-dZYfVLH+mFpgN1YfTkuG0kUwNDs"
Via: 1.1 vegur
CF-Cache-Status: DYNAMIC
Vary: Accept-Encoding
Server: cloudflare
CF-RAY: 90db1ff0ee930836-IAD
Content-Encoding: gzip
server-timing: cfL4;desc="?proto=TCP&rtt=1419&min_rtt=1415&rtt_var=539&sent=6&recv=7&lost=0&retrans=0&sent_bytes=3109&recv_bytes=854&delivery_rate=2952446&cwnd=252&unsent_bytes=0&cid=280e1aa577aa2e6a&ts=163&x=0"

{
    "name": "",
    "job": "QA Engineer",
    "userID": 2,
    "updatedAt": "2025-02-06T12:25:46.501Z"
}
name before =null
Request method:	PUT
Request URI:	https://reqres.in/api/users/22
Proxy:			<none>
Request params:	<none>
Query params:	<none>
Form params:	<none>
Path params:	<none>
Headers:		Accept=*/*
				Content-Type=application/json
Cookies:		<none>
Multiparts:		<none>
Body:
{
    "name": "Alice",
    "job": "",
    "userID": 2
}
HTTP/1.1 200 OK
Date: Thu, 06 Feb 2025 12:25:46 GMT
Content-Type: application/json; charset=utf-8
Transfer-Encoding: chunked
Connection: keep-alive
Report-To: {"group":"heroku-nel","max_age":3600,"endpoints":[{"url":"https://nel.heroku.com/reports?ts=1738844746&sid=c4c9725f-1ab0-44d8-820f-430df2718e11&s=z7If3Id8WbQ%2FOj3bc8cKm7YzWQGEsz2BJtoSDPJAKxg%3D"}]}
Reporting-Endpoints: heroku-nel=https://nel.heroku.com/reports?ts=1738844746&sid=c4c9725f-1ab0-44d8-820f-430df2718e11&s=z7If3Id8WbQ%2FOj3bc8cKm7YzWQGEsz2BJtoSDPJAKxg%3D
Nel: {"report_to":"heroku-nel","max_age":3600,"success_fraction":0.005,"failure_fraction":0.05,"response_headers":["Via"]}
X-Powered-By: Express
Access-Control-Allow-Origin: *
Etag: W/"4b-Ajw6xan32YwIauxidHCpNDrvOkA"
Via: 1.1 vegur
CF-Cache-Status: DYNAMIC
Vary: Accept-Encoding
Server: cloudflare
CF-RAY: 90db1ff2cbb056c8-IAD
Content-Encoding: gzip
server-timing: cfL4;desc="?proto=TCP&rtt=1185&min_rtt=1161&rtt_var=453&sent=6&recv=7&lost=0&retrans=0&sent_bytes=3108&recv_bytes=848&delivery_rate=3689922&cwnd=252&unsent_bytes=0&cid=9d8ab15b603aa8ff&ts=162&x=0"

{
    "name": "Alice",
    "job": "",
    "userID": 2,
    "updatedAt": "2025-02-06T12:25:46.797Z"
}
name before =null
Request method:	PUT
Request URI:	https://reqres.in/api/users/22
Proxy:			<none>
Request params:	<none>
Query params:	<none>
Form params:	<none>
Path params:	<none>
Headers:		Accept=*/*
				Content-Type=application/json
Cookies:		<none>
Multiparts:		<none>
Body:
{
    "name": "VeryLongNameThatExceedsNormalLengthaldhiuhisabdkauhiugfKJKASJHFKSJH",
    "job": "Dev",
    "userID": 2
}
HTTP/1.1 200 OK
Date: Thu, 06 Feb 2025 12:25:47 GMT
Content-Type: application/json; charset=utf-8
Transfer-Encoding: chunked
Connection: keep-alive
Report-To: {"group":"heroku-nel","max_age":3600,"endpoints":[{"url":"https://nel.heroku.com/reports?ts=1738844747&sid=c4c9725f-1ab0-44d8-820f-430df2718e11&s=zY%2BF%2Few26yc73JY8o5HehT9C3%2FqEjBCe7KvC56dLyCQ%3D"}]}
Reporting-Endpoints: heroku-nel=https://nel.heroku.com/reports?ts=1738844747&sid=c4c9725f-1ab0-44d8-820f-430df2718e11&s=zY%2BF%2Few26yc73JY8o5HehT9C3%2FqEjBCe7KvC56dLyCQ%3D
Nel: {"report_to":"heroku-nel","max_age":3600,"success_fraction":0.005,"failure_fraction":0.05,"response_headers":["Via"]}
X-Powered-By: Express
Access-Control-Allow-Origin: *
Etag: W/"8c-smzPw49DZCHgsRkg0bUPjnIxV2Q"
Via: 1.1 vegur
CF-Cache-Status: DYNAMIC
Vary: Accept-Encoding
Server: cloudflare
CF-RAY: 90db1ff45e7f9c72-IAD
Content-Encoding: gzip
server-timing: cfL4;desc="?proto=TCP&rtt=1829&min_rtt=1741&rtt_var=716&sent=6&recv=7&lost=0&retrans=0&sent_bytes=3108&recv_bytes=914&delivery_rate=2460654&cwnd=252&unsent_bytes=0&cid=4e1529eeda7cf8e8&ts=177&x=0"

{
    "name": "VeryLongNameThatExceedsNormalLengthaldhiuhisabdkauhiugfKJKASJHFKSJH",
    "job": "Dev",
    "userID": 2,
    "updatedAt": "2025-02-06T12:25:47.065Z"
}
name before =null
Request method:	PUT
Request URI:	https://reqres.in/api/users/22
Proxy:			<none>
Request params:	<none>
Query params:	<none>
Form params:	<none>
Path params:	<none>
Headers:		Accept=*/*
				Content-Type=application/json
Cookies:		<none>
Multiparts:		<none>
Body:
{
    "name": "Bob",
    "job": "Business Analyst",
    "userID": 2
}
HTTP/1.1 200 OK
Date: Thu, 06 Feb 2025 12:25:47 GMT
Content-Type: application/json; charset=utf-8
Transfer-Encoding: chunked
Connection: keep-alive
Report-To: {"group":"heroku-nel","max_age":3600,"endpoints":[{"url":"https://nel.heroku.com/reports?ts=1738844747&sid=c4c9725f-1ab0-44d8-820f-430df2718e11&s=zY%2BF%2Few26yc73JY8o5HehT9C3%2FqEjBCe7KvC56dLyCQ%3D"}]}
Reporting-Endpoints: heroku-nel=https://nel.heroku.com/reports?ts=1738844747&sid=c4c9725f-1ab0-44d8-820f-430df2718e11&s=zY%2BF%2Few26yc73JY8o5HehT9C3%2FqEjBCe7KvC56dLyCQ%3D
Nel: {"report_to":"heroku-nel","max_age":3600,"success_fraction":0.005,"failure_fraction":0.05,"response_headers":["Via"]}
X-Powered-By: Express
Access-Control-Allow-Origin: *
Etag: W/"59-Ka+4nNz7SRrQser90ovqUMx8270"
Via: 1.1 vegur
CF-Cache-Status: DYNAMIC
Vary: Accept-Encoding
Server: cloudflare
CF-RAY: 90db1ff638175b3b-IAD
Content-Encoding: gzip
server-timing: cfL4;desc="?proto=TCP&rtt=1246&min_rtt=1135&rtt_var=505&sent=6&recv=7&lost=0&retrans=0&sent_bytes=3108&recv_bytes=862&delivery_rate=3774449&cwnd=252&unsent_bytes=0&cid=37c998cf36df95c8&ts=172&x=0"

{
    "name": "Bob",
    "job": "Business Analyst",
    "userID": 2,
    "updatedAt": "2025-02-06T12:25:47.354Z"
}
name before =null
Request method:	PUT
Request URI:	https://reqres.in/api/users/22
Proxy:			<none>
Request params:	<none>
Query params:	<none>
Form params:	<none>
Path params:	<none>
Headers:		Accept=*/*
				Content-Type=application/json
Cookies:		<none>
Multiparts:		<none>
Body:
{
    "name": "!@#$%^&*()",
    "job": "Engineer",
    "userID": 2
}
HTTP/1.1 200 OK
Date: Thu, 06 Feb 2025 12:25:47 GMT
Content-Type: application/json; charset=utf-8
Transfer-Encoding: chunked
Connection: keep-alive
Report-To: {"group":"heroku-nel","max_age":3600,"endpoints":[{"url":"https://nel.heroku.com/reports?ts=1738844747&sid=c4c9725f-1ab0-44d8-820f-430df2718e11&s=zY%2BF%2Few26yc73JY8o5HehT9C3%2FqEjBCe7KvC56dLyCQ%3D"}]}
Reporting-Endpoints: heroku-nel=https://nel.heroku.com/reports?ts=1738844747&sid=c4c9725f-1ab0-44d8-820f-430df2718e11&s=zY%2BF%2Few26yc73JY8o5HehT9C3%2FqEjBCe7KvC56dLyCQ%3D
Nel: {"report_to":"heroku-nel","max_age":3600,"success_fraction":0.005,"failure_fraction":0.05,"response_headers":["Via"]}
X-Powered-By: Express
Access-Control-Allow-Origin: *
Etag: W/"58-A7Ae7qe48s3lvwr5opWJ8zK22DM"
Via: 1.1 vegur
CF-Cache-Status: DYNAMIC
Vary: Accept-Encoding
Server: cloudflare
CF-RAY: 90db1ff7dcca3b83-IAD
Content-Encoding: gzip
server-timing: cfL4;desc="?proto=TCP&rtt=1306&min_rtt=1261&rtt_var=505&sent=6&recv=7&lost=0&retrans=0&sent_bytes=3109&recv_bytes=861&delivery_rate=3397303&cwnd=252&unsent_bytes=0&cid=f1a0d6c3c807272e&ts=170&x=0"

{
    "name": "!@#$%^&*()",
    "job": "Engineer",
    "userID": 2,
    "updatedAt": "2025-02-06T12:25:47.617Z"
}
name before =null
Request method:	PUT
Request URI:	https://reqres.in/api/users/23
Proxy:			<none>
Request params:	<none>
Query params:	<none>
Form params:	<none>
Path params:	<none>
Headers:		Accept=*/*
				Content-Type=application/json
Cookies:		<none>
Multiparts:		<none>
Body:
{
    "name": "Jane Doe",
    "job": "Tester",
    "userID": 3
}
HTTP/1.1 200 OK
Date: Thu, 06 Feb 2025 12:25:48 GMT
Content-Type: application/json; charset=utf-8
Transfer-Encoding: chunked
Connection: keep-alive
Report-To: {"group":"heroku-nel","max_age":3600,"endpoints":[{"url":"https://nel.heroku.com/reports?ts=1738844748&sid=c4c9725f-1ab0-44d8-820f-430df2718e11&s=AdK4cWd3qco4FWNOgWBtkzcBuVM2jAhi%2BN%2Bi2VJcu9U%3D"}]}
Reporting-Endpoints: heroku-nel=https://nel.heroku.com/reports?ts=1738844748&sid=c4c9725f-1ab0-44d8-820f-430df2718e11&s=AdK4cWd3qco4FWNOgWBtkzcBuVM2jAhi%2BN%2Bi2VJcu9U%3D
Nel: {"report_to":"heroku-nel","max_age":3600,"success_fraction":0.005,"failure_fraction":0.05,"response_headers":["Via"]}
X-Powered-By: Express
Access-Control-Allow-Origin: *
Etag: W/"54-YTYWTmzrasG9jqRF2CTE/UA4lJY"
Via: 1.1 vegur
CF-Cache-Status: DYNAMIC
Vary: Accept-Encoding
Server: cloudflare
CF-RAY: 90db1ffa79d51fdf-IAD
Content-Encoding: gzip
server-timing: cfL4;desc="?proto=TCP&rtt=1761&min_rtt=1703&rtt_var=680&sent=6&recv=7&lost=0&retrans=0&sent_bytes=3109&recv_bytes=857&delivery_rate=2515560&cwnd=252&unsent_bytes=0&cid=915e3a12f13f438f&ts=181&x=0"

{
    "name": "Jane Doe",
    "job": "Tester",
    "userID": 3,
    "updatedAt": "2025-02-06T12:25:48.043Z"
}
]]></system-out>
  <system-err><![CDATA[]]></system-err>
</testsuite>
