<?xml version="1.0" encoding="UTF-8"?>
<testsuite name="Put_Test" tests="7" skipped="0" failures="0" errors="0" timestamp="2025-01-30T14:45:24" hostname="AZR" time="10.235">
  <properties/>
  <testcase name="testPutUser[0](2, John Doe, Software Developer, true)" classname="Put_Test" time="1.971"/>
  <testcase name="testPutUser[1](2, , QA Engineer, true)" classname="Put_Test" time="1.481"/>
  <testcase name="testPutUser[2](2, Alice, , true)" classname="Put_Test" time="1.427"/>
  <testcase name="testPutUser[3](2, VeryLongNameThatExceedsNormalLengthaldhiuhisabdkauhiugfKJKASJHFKSJH, Dev, true)" classname="Put_Test" time="1.139"/>
  <testcase name="testPutUser[4](2, Bob, Business Analyst, true)" classname="Put_Test" time="0.757"/>
  <testcase name="testPutUser[5](2, !@#$%^&amp;*(), Engineer, true)" classname="Put_Test" time="1.578"/>
  <testcase name="testPutUser[6](3, Jane Doe, Tester, true)" classname="Put_Test" time="1.88"/>
  <system-out><![CDATA[name before =null
Request method:	PUT
Request URI:	https://reqres.in/api/users/22
Proxy:			<none>
Request params:	<none>
Query params:	<none>
Form params:	<none>
Path params:	<none>
Headers:		Accept=*/*
				Content-Type=application/json
Cookies:		<none>
Multiparts:		<none>
Body:
{
    "name": "John Doe",
    "job": "Software Developer",
    "userID": 2
}
HTTP/1.1 200 OK
Date: Thu, 30 Jan 2025 14:45:29 GMT
Content-Type: application/json; charset=utf-8
Transfer-Encoding: chunked
Connection: keep-alive
Report-To: {"group":"heroku-nel","max_age":3600,"endpoints":[{"url":"https://nel.heroku.com/reports?ts=1738248329&sid=c4c9725f-1ab0-44d8-820f-430df2718e11&s=ASxpB6USDkzSxCV5XQE02rUIQHZbi8sd0k%2BKXKiEv98%3D"}]}
Reporting-Endpoints: heroku-nel=https://nel.heroku.com/reports?ts=1738248329&sid=c4c9725f-1ab0-44d8-820f-430df2718e11&s=ASxpB6USDkzSxCV5XQE02rUIQHZbi8sd0k%2BKXKiEv98%3D
Nel: {"report_to":"heroku-nel","max_age":3600,"success_fraction":0.005,"failure_fraction":0.05,"response_headers":["Via"]}
X-Powered-By: Express
Access-Control-Allow-Origin: *
Etag: W/"60-q9rnDSVXlZAmRFmzWFUum1QTUrk"
Via: 1.1 vegur
CF-Cache-Status: DYNAMIC
Vary: Accept-Encoding
Server: cloudflare
CF-RAY: 90a23efb4ec40d94-SIN
Content-Encoding: gzip
server-timing: cfL4;desc="?proto=TCP&rtt=44238&min_rtt=29550&rtt_var=40457&sent=6&recv=6&lost=0&retrans=1&sent_bytes=3306&recv_bytes=857&delivery_rate=39197&cwnd=253&unsent_bytes=0&cid=992e967f9a4ce681&ts=533&x=0"

{
    "name": "John Doe",
    "job": "Software Developer",
    "userID": 2,
    "updatedAt": "2025-01-30T14:45:29.772Z"
}
name before =null
Request method:	PUT
Request URI:	https://reqres.in/api/users/22
Proxy:			<none>
Request params:	<none>
Query params:	<none>
Form params:	<none>
Path params:	<none>
Headers:		Accept=*/*
				Content-Type=application/json
Cookies:		<none>
Multiparts:		<none>
Body:
{
    "name": "",
    "job": "QA Engineer",
    "userID": 2
}
HTTP/1.1 200 OK
Date: Thu, 30 Jan 2025 14:45:31 GMT
Content-Type: application/json; charset=utf-8
Transfer-Encoding: chunked
Connection: keep-alive
Report-To: {"group":"heroku-nel","max_age":3600,"endpoints":[{"url":"https://nel.heroku.com/reports?ts=1738248331&sid=c4c9725f-1ab0-44d8-820f-430df2718e11&s=euw728Yud%2BzSfZTLLCr4TqhHCC1cuYPkEerf5%2FbwJZ4%3D"}]}
Reporting-Endpoints: heroku-nel=https://nel.heroku.com/reports?ts=1738248331&sid=c4c9725f-1ab0-44d8-820f-430df2718e11&s=euw728Yud%2BzSfZTLLCr4TqhHCC1cuYPkEerf5%2FbwJZ4%3D
Nel: {"report_to":"heroku-nel","max_age":3600,"success_fraction":0.005,"failure_fraction":0.05,"response_headers":["Via"]}
X-Powered-By: Express
Access-Control-Allow-Origin: *
Etag: W/"51-vXkYgXoQoyUvNYaLoyzT7bkcMjQ"
Via: 1.1 vegur
CF-Cache-Status: DYNAMIC
Vary: Accept-Encoding
Server: cloudflare
CF-RAY: 90a23f047bafab47-SIN
Content-Encoding: gzip
server-timing: cfL4;desc="?proto=TCP&rtt=96434&min_rtt=29464&rtt_var=66483&sent=5&recv=7&lost=0&retrans=0&sent_bytes=3107&recv_bytes=842&delivery_rate=139736&cwnd=252&unsent_bytes=0&cid=f970a8ef3c429990&ts=430&x=0"

{
    "name": "",
    "job": "QA Engineer",
    "userID": 2,
    "updatedAt": "2025-01-30T14:45:31.250Z"
}
name before =null
Request method:	PUT
Request URI:	https://reqres.in/api/users/22
Proxy:			<none>
Request params:	<none>
Query params:	<none>
Form params:	<none>
Path params:	<none>
Headers:		Accept=*/*
				Content-Type=application/json
Cookies:		<none>
Multiparts:		<none>
Body:
{
    "name": "Alice",
    "job": "",
    "userID": 2
}
HTTP/1.1 200 OK
Date: Thu, 30 Jan 2025 14:45:32 GMT
Content-Type: application/json; charset=utf-8
Transfer-Encoding: chunked
Connection: keep-alive
Report-To: {"group":"heroku-nel","max_age":3600,"endpoints":[{"url":"https://nel.heroku.com/reports?ts=1738248332&sid=c4c9725f-1ab0-44d8-820f-430df2718e11&s=etJSkvk771MhmsQtlafi%2BPGXGUNIXIp9uTx0oKealc0%3D"}]}
Reporting-Endpoints: heroku-nel=https://nel.heroku.com/reports?ts=1738248332&sid=c4c9725f-1ab0-44d8-820f-430df2718e11&s=etJSkvk771MhmsQtlafi%2BPGXGUNIXIp9uTx0oKealc0%3D
Nel: {"report_to":"heroku-nel","max_age":3600,"success_fraction":0.005,"failure_fraction":0.05,"response_headers":["Via"]}
X-Powered-By: Express
Access-Control-Allow-Origin: *
Etag: W/"4b-IaSR2tHiQ+J1DkVMKiL4daJCZE8"
Via: 1.1 vegur
CF-Cache-Status: DYNAMIC
Vary: Accept-Encoding
Server: cloudflare
CF-RAY: 90a23f0d6d21897c-SIN
Content-Encoding: gzip
server-timing: cfL4;desc="?proto=TCP&rtt=107862&min_rtt=29286&rtt_var=75506&sent=5&recv=7&lost=0&retrans=0&sent_bytes=3107&recv_bytes=836&delivery_rate=139436&cwnd=252&unsent_bytes=0&cid=173fed2fb467bac5&ts=427&x=0"

{
    "name": "Alice",
    "job": "",
    "userID": 2,
    "updatedAt": "2025-01-30T14:45:32.681Z"
}
name before =null
Request method:	PUT
Request URI:	https://reqres.in/api/users/22
Proxy:			<none>
Request params:	<none>
Query params:	<none>
Form params:	<none>
Path params:	<none>
Headers:		Accept=*/*
				Content-Type=application/json
Cookies:		<none>
Multiparts:		<none>
Body:
{
    "name": "VeryLongNameThatExceedsNormalLengthaldhiuhisabdkauhiugfKJKASJHFKSJH",
    "job": "Dev",
    "userID": 2
}
HTTP/1.1 200 OK
Date: Thu, 30 Jan 2025 14:45:33 GMT
Content-Type: application/json; charset=utf-8
Transfer-Encoding: chunked
Connection: keep-alive
Report-To: {"group":"heroku-nel","max_age":3600,"endpoints":[{"url":"https://nel.heroku.com/reports?ts=1738248333&sid=c4c9725f-1ab0-44d8-820f-430df2718e11&s=9t4VDolUK7tejPLPySg%2FIysuFbuKTwyFcCXZaGRIyzg%3D"}]}
Reporting-Endpoints: heroku-nel=https://nel.heroku.com/reports?ts=1738248333&sid=c4c9725f-1ab0-44d8-820f-430df2718e11&s=9t4VDolUK7tejPLPySg%2FIysuFbuKTwyFcCXZaGRIyzg%3D
Nel: {"report_to":"heroku-nel","max_age":3600,"success_fraction":0.005,"failure_fraction":0.05,"response_headers":["Via"]}
X-Powered-By: Express
Access-Control-Allow-Origin: *
Etag: W/"8c-IPlAtpBCGDAIojp+Ad1/W0h74WQ"
Via: 1.1 vegur
CF-Cache-Status: DYNAMIC
Vary: Accept-Encoding
Server: cloudflare
CF-RAY: 90a23f148f66a8df-SIN
Content-Encoding: gzip
server-timing: cfL4;desc="?proto=TCP&rtt=29609&min_rtt=28837&rtt_var=9596&sent=5&recv=6&lost=0&retrans=0&sent_bytes=3106&recv_bytes=902&delivery_rate=127394&cwnd=239&unsent_bytes=0&cid=319945ebcfabdce6&ts=427&x=0"

{
    "name": "VeryLongNameThatExceedsNormalLengthaldhiuhisabdkauhiugfKJKASJHFKSJH",
    "job": "Dev",
    "userID": 2,
    "updatedAt": "2025-01-30T14:45:33.815Z"
}
name before =null
Request method:	PUT
Request URI:	https://reqres.in/api/users/22
Proxy:			<none>
Request params:	<none>
Query params:	<none>
Form params:	<none>
Path params:	<none>
Headers:		Accept=*/*
				Content-Type=application/json
Cookies:		<none>
Multiparts:		<none>
Body:
{
    "name": "Bob",
    "job": "Business Analyst",
    "userID": 2
}
HTTP/1.1 200 OK
Date: Thu, 30 Jan 2025 14:45:34 GMT
Content-Type: application/json; charset=utf-8
Transfer-Encoding: chunked
Connection: keep-alive
Report-To: {"group":"heroku-nel","max_age":3600,"endpoints":[{"url":"https://nel.heroku.com/reports?ts=1738248334&sid=c4c9725f-1ab0-44d8-820f-430df2718e11&s=eS1uysT2c08rU6OTPSHFjr1zhOraT6GS8G%2FuQHU%2BoGc%3D"}]}
Reporting-Endpoints: heroku-nel=https://nel.heroku.com/reports?ts=1738248334&sid=c4c9725f-1ab0-44d8-820f-430df2718e11&s=eS1uysT2c08rU6OTPSHFjr1zhOraT6GS8G%2FuQHU%2BoGc%3D
Nel: {"report_to":"heroku-nel","max_age":3600,"success_fraction":0.005,"failure_fraction":0.05,"response_headers":["Via"]}
X-Powered-By: Express
Access-Control-Allow-Origin: *
Etag: W/"59-BhQDA9JXmdxGHRGn3s4bC+tdVMA"
Via: 1.1 vegur
CF-Cache-Status: DYNAMIC
Vary: Accept-Encoding
Server: cloudflare
CF-RAY: 90a23f1948f0f92c-SIN
Content-Encoding: gzip
server-timing: cfL4;desc="?proto=TCP&rtt=30794&min_rtt=29544&rtt_var=7085&sent=5&recv=7&lost=0&retrans=0&sent_bytes=3107&recv_bytes=850&delivery_rate=141025&cwnd=249&unsent_bytes=0&cid=59e0a425d94eaccd&ts=420&x=0"

{
    "name": "Bob",
    "job": "Business Analyst",
    "userID": 2,
    "updatedAt": "2025-01-30T14:45:34.573Z"
}
name before =null
Request method:	PUT
Request URI:	https://reqres.in/api/users/22
Proxy:			<none>
Request params:	<none>
Query params:	<none>
Form params:	<none>
Path params:	<none>
Headers:		Accept=*/*
				Content-Type=application/json
Cookies:		<none>
Multiparts:		<none>
Body:
{
    "name": "!@#$%^&*()",
    "job": "Engineer",
    "userID": 2
}
HTTP/1.1 200 OK
Date: Thu, 30 Jan 2025 14:45:36 GMT
Content-Type: application/json; charset=utf-8
Transfer-Encoding: chunked
Connection: keep-alive
Report-To: {"group":"heroku-nel","max_age":3600,"endpoints":[{"url":"https://nel.heroku.com/reports?ts=1738248336&sid=c4c9725f-1ab0-44d8-820f-430df2718e11&s=x%2FpP6RUSP9HZSqZTnmW%2FEdFmqvK3FcaH7nTz8cY5eyc%3D"}]}
Reporting-Endpoints: heroku-nel=https://nel.heroku.com/reports?ts=1738248336&sid=c4c9725f-1ab0-44d8-820f-430df2718e11&s=x%2FpP6RUSP9HZSqZTnmW%2FEdFmqvK3FcaH7nTz8cY5eyc%3D
Nel: {"report_to":"heroku-nel","max_age":3600,"success_fraction":0.005,"failure_fraction":0.05,"response_headers":["Via"]}
X-Powered-By: Express
Access-Control-Allow-Origin: *
Etag: W/"58-4T1KMdcqgamvI4O2imabol3xg1g"
Via: 1.1 vegur
CF-Cache-Status: DYNAMIC
Vary: Accept-Encoding
Server: cloudflare
CF-RAY: 90a23f22eda23e62-SIN
Content-Encoding: gzip
server-timing: cfL4;desc="?proto=TCP&rtt=34103&min_rtt=32906&rtt_var=14734&sent=5&recv=6&lost=0&retrans=0&sent_bytes=3106&recv_bytes=849&delivery_rate=102535&cwnd=252&unsent_bytes=0&cid=2829f7413fb84cc0&ts=430&x=0"

{
    "name": "!@#$%^&*()",
    "job": "Engineer",
    "userID": 2,
    "updatedAt": "2025-01-30T14:45:36.111Z"
}
name before =null
Request method:	PUT
Request URI:	https://reqres.in/api/users/23
Proxy:			<none>
Request params:	<none>
Query params:	<none>
Form params:	<none>
Path params:	<none>
Headers:		Accept=*/*
				Content-Type=application/json
Cookies:		<none>
Multiparts:		<none>
Body:
{
    "name": "Jane Doe",
    "job": "Tester",
    "userID": 3
}
HTTP/1.1 200 OK
Date: Thu, 30 Jan 2025 14:45:38 GMT
Content-Type: application/json; charset=utf-8
Transfer-Encoding: chunked
Connection: keep-alive
Report-To: {"group":"heroku-nel","max_age":3600,"endpoints":[{"url":"https://nel.heroku.com/reports?ts=1738248338&sid=c4c9725f-1ab0-44d8-820f-430df2718e11&s=b%2FZ4cixHskRSDrC5oslfAxHRk9BFqBZELvtdVxdnUto%3D"}]}
Reporting-Endpoints: heroku-nel=https://nel.heroku.com/reports?ts=1738248338&sid=c4c9725f-1ab0-44d8-820f-430df2718e11&s=b%2FZ4cixHskRSDrC5oslfAxHRk9BFqBZELvtdVxdnUto%3D
Nel: {"report_to":"heroku-nel","max_age":3600,"success_fraction":0.005,"failure_fraction":0.05,"response_headers":["Via"]}
X-Powered-By: Express
Access-Control-Allow-Origin: *
Etag: W/"54-t0+ObAODZrPozVWqXB3ffdhhR84"
Via: 1.1 vegur
CF-Cache-Status: DYNAMIC
Vary: Accept-Encoding
Server: cloudflare
CF-RAY: 90a23f2efe9b0dcf-SIN
Content-Encoding: gzip
server-timing: cfL4;desc="?proto=TCP&rtt=30661&min_rtt=30037&rtt_var=9560&sent=5&recv=6&lost=0&retrans=0&sent_bytes=3106&recv_bytes=845&delivery_rate=131493&cwnd=252&unsent_bytes=0&cid=fda73e9941bae926&ts=421&x=0"

{
    "name": "Jane Doe",
    "job": "Tester",
    "userID": 3,
    "updatedAt": "2025-01-30T14:45:38.042Z"
}
]]></system-out>
  <system-err><![CDATA[]]></system-err>
</testsuite>
