<?xml version="1.0" encoding="UTF-8"?>
<testsuite name="GetTest" tests="3" skipped="0" failures="0" errors="0" timestamp="2025-02-05T17:21:19" hostname="fv-az1391-634" time="4.785">
  <properties/>
  <testcase name="GetUser[0](9, true)" classname="GetTest" time="4.247"/>
  <testcase name="GetUser[1](999, false)" classname="GetTest" time="0.219"/>
  <testcase name="GetUser[2](0, false)" classname="GetTest" time="0.235"/>
  <system-out><![CDATA[Request method:	GET
Request URI:	https://reqres.in/api/users/9
Proxy:			<none>
Request params:	<none>
Query params:	<none>
Form params:	<none>
Path params:	id=9
Headers:		Accept=*/*
Cookies:		<none>
Multiparts:		<none>
Body:			<none>
HTTP/1.1 200 OK
Date: Wed, 05 Feb 2025 17:21:22 GMT
Content-Type: application/json; charset=utf-8
Transfer-Encoding: chunked
Connection: keep-alive
Report-To: {"group":"heroku-nel","max_age":3600,"endpoints":[{"url":"https://nel.heroku.com/reports?ts=1738760654&sid=c4c9725f-1ab0-44d8-820f-430df2718e11&s=V%2FVuv%2B47Q67QeFX4TyuhplRIksrEm%2F2k3XCf0wIb6f4%3D"}]}
Reporting-Endpoints: heroku-nel=https://nel.heroku.com/reports?ts=1738760654&sid=c4c9725f-1ab0-44d8-820f-430df2718e11&s=V%2FVuv%2B47Q67QeFX4TyuhplRIksrEm%2F2k3XCf0wIb6f4%3D
Nel: {"report_to":"heroku-nel","max_age":3600,"success_fraction":0.005,"failure_fraction":0.05,"response_headers":["Via"]}
X-Powered-By: Express
Access-Control-Allow-Origin: *
Etag: W/"152-FpYvp70F61UHmjz1MpAbXegc4Hc"
Via: 1.1 vegur
Cache-Control: max-age=14400
CF-Cache-Status: REVALIDATED
Vary: Accept-Encoding
Server: cloudflare
CF-RAY: 90d4938fdc9f05a4-IAD
Content-Encoding: gzip
server-timing: cfL4;desc="?proto=TCP&rtt=1730&min_rtt=1722&rtt_var=662&sent=7&recv=7&lost=0&retrans=0&sent_bytes=3109&recv_bytes=759&delivery_rate=2395973&cwnd=252&unsent_bytes=0&cid=95f80791078ada94&ts=309&x=0"

{
    "data": {
        "id": 9,
        "email": "tobias.funke@reqres.in",
        "first_name": "Tobias",
        "last_name": "Funke",
        "avatar": "https://reqres.in/img/faces/9-image.jpg"
    },
    "support": {
        "url": "https://contentcaddy.io?utm_source=reqres&utm_medium=json&utm_campaign=referral",
        "text": "Tired of writing endless social media content? Let Content Caddy generate it for you."
    }
}
Request method:	GET
Request URI:	https://reqres.in/api/users/999
Proxy:			<none>
Request params:	<none>
Query params:	<none>
Form params:	<none>
Path params:	id=999
Headers:		Accept=*/*
Cookies:		<none>
Multiparts:		<none>
Body:			<none>
HTTP/1.1 404 Not Found
Date: Wed, 05 Feb 2025 17:21:24 GMT
Content-Type: application/json; charset=utf-8
Content-Length: 2
Connection: keep-alive
Report-To: {"group":"heroku-nel","max_age":3600,"endpoints":[{"url":"https://nel.heroku.com/reports?ts=1738776084&sid=c4c9725f-1ab0-44d8-820f-430df2718e11&s=ME0nL008R%2BqlgYXY9HTN7DFwtwntjnaBdDrCVvfn%2BsY%3D"}]}
Reporting-Endpoints: heroku-nel=https://nel.heroku.com/reports?ts=1738776084&sid=c4c9725f-1ab0-44d8-820f-430df2718e11&s=ME0nL008R%2BqlgYXY9HTN7DFwtwntjnaBdDrCVvfn%2BsY%3D
Nel: {"report_to":"heroku-nel","max_age":3600,"success_fraction":0.005,"failure_fraction":0.05,"response_headers":["Via"]}
X-Powered-By: Express
Access-Control-Allow-Origin: *
Etag: W/"2-vyGp6PvFo4RvsFtPoIWeCReyIC8"
Via: 1.1 vegur
Cache-Control: max-age=14400
CF-Cache-Status: EXPIRED
Vary: Accept-Encoding
Server: cloudflare
CF-RAY: 90d4939ea95f05dd-IAD
server-timing: cfL4;desc="?proto=TCP&rtt=888&min_rtt=833&rtt_var=351&sent=6&recv=7&lost=0&retrans=0&sent_bytes=3109&recv_bytes=761&delivery_rate=5142857&cwnd=252&unsent_bytes=0&cid=2b80f8eed371d18e&ts=186&x=0"

{
    
}
Request method:	GET
Request URI:	https://reqres.in/api/users/0
Proxy:			<none>
Request params:	<none>
Query params:	<none>
Form params:	<none>
Path params:	id=0
Headers:		Accept=*/*
Cookies:		<none>
Multiparts:		<none>
Body:			<none>
HTTP/1.1 404 Not Found
Date: Wed, 05 Feb 2025 17:21:24 GMT
Content-Type: application/json; charset=utf-8
Content-Length: 2
Connection: keep-alive
Report-To: {"group":"heroku-nel","max_age":3600,"endpoints":[{"url":"https://nel.heroku.com/reports?ts=1738776084&sid=c4c9725f-1ab0-44d8-820f-430df2718e11&s=ME0nL008R%2BqlgYXY9HTN7DFwtwntjnaBdDrCVvfn%2BsY%3D"}]}
Reporting-Endpoints: heroku-nel=https://nel.heroku.com/reports?ts=1738776084&sid=c4c9725f-1ab0-44d8-820f-430df2718e11&s=ME0nL008R%2BqlgYXY9HTN7DFwtwntjnaBdDrCVvfn%2BsY%3D
Nel: {"report_to":"heroku-nel","max_age":3600,"success_fraction":0.005,"failure_fraction":0.05,"response_headers":["Via"]}
X-Powered-By: Express
Access-Control-Allow-Origin: *
Etag: W/"2-vyGp6PvFo4RvsFtPoIWeCReyIC8"
Via: 1.1 vegur
Cache-Control: max-age=14400
CF-Cache-Status: EXPIRED
Vary: Accept-Encoding
Server: cloudflare
CF-RAY: 90d4939ff8e93b35-IAD
server-timing: cfL4;desc="?proto=TCP&rtt=1786&min_rtt=1747&rtt_var=523&sent=6&recv=8&lost=0&retrans=0&sent_bytes=3109&recv_bytes=759&delivery_rate=2438247&cwnd=252&unsent_bytes=0&cid=c23ad41aa04cb171&ts=210&x=0"

{
    
}
]]></system-out>
  <system-err><![CDATA[]]></system-err>
</testsuite>
