<?xml version="1.0" encoding="UTF-8"?>
<testsuite name="Put_Test" tests="7" skipped="0" failures="0" errors="0" timestamp="2025-01-30T19:09:15" hostname="fv-az1721-166" time="2.778">
  <properties/>
  <testcase name="testPutUser[0](2, John Doe, Software Developer, true)" classname="Put_Test" time="0.523"/>
  <testcase name="testPutUser[1](2, , QA Engineer, true)" classname="Put_Test" time="0.348"/>
  <testcase name="testPutUser[2](2, Alice, , true)" classname="Put_Test" time="0.37"/>
  <testcase name="testPutUser[3](2, VeryLongNameThatExceedsNormalLengthaldhiuhisabdkauhiugfKJKASJHFKSJH, Dev, true)" classname="Put_Test" time="0.365"/>
  <testcase name="testPutUser[4](2, Bob, Business Analyst, true)" classname="Put_Test" time="0.343"/>
  <testcase name="testPutUser[5](2, !@#$%^&amp;*(), Engineer, true)" classname="Put_Test" time="0.339"/>
  <testcase name="testPutUser[6](3, Jane Doe, Tester, true)" classname="Put_Test" time="0.48"/>
  <system-out><![CDATA[name before =null
Request method:	PUT
Request URI:	https://reqres.in/api/users/22
Proxy:			<none>
Request params:	<none>
Query params:	<none>
Form params:	<none>
Path params:	<none>
Headers:		Accept=*/*
				Content-Type=application/json
Cookies:		<none>
Multiparts:		<none>
Body:
{
    "name": "John Doe",
    "job": "Software Developer",
    "userID": 2
}
HTTP/1.1 200 OK
Date: Thu, 30 Jan 2025 19:09:16 GMT
Content-Type: application/json; charset=utf-8
Transfer-Encoding: chunked
Connection: keep-alive
Report-To: {"group":"heroku-nel","max_age":3600,"endpoints":[{"url":"https://nel.heroku.com/reports?ts=1738264155&sid=c4c9725f-1ab0-44d8-820f-430df2718e11&s=7Yw1tXdx6Labtb4xzSNw9Lio8ppjkQJmbz6YljV2kBk%3D"}]}
Reporting-Endpoints: heroku-nel=https://nel.heroku.com/reports?ts=1738264155&sid=c4c9725f-1ab0-44d8-820f-430df2718e11&s=7Yw1tXdx6Labtb4xzSNw9Lio8ppjkQJmbz6YljV2kBk%3D
Nel: {"report_to":"heroku-nel","max_age":3600,"success_fraction":0.005,"failure_fraction":0.05,"response_headers":["Via"]}
X-Powered-By: Express
Access-Control-Allow-Origin: *
Etag: W/"60-0xUAGKJS4jtETWvmDL+px37ZAgQ"
Via: 1.1 vegur
CF-Cache-Status: DYNAMIC
Vary: Accept-Encoding
Server: cloudflare
CF-RAY: 90a3c15e1fac0819-IAD
Content-Encoding: gzip
server-timing: cfL4;desc="?proto=TCP&rtt=5579&min_rtt=5460&rtt_var=2132&sent=6&recv=7&lost=0&retrans=0&sent_bytes=3106&recv_bytes=869&delivery_rate=784615&cwnd=252&unsent_bytes=0&cid=e80693950387236d&ts=177&x=0"

{
    "name": "John Doe",
    "job": "Software Developer",
    "userID": 2,
    "updatedAt": "2025-01-30T19:09:15.978Z"
}
name before =null
Request method:	PUT
Request URI:	https://reqres.in/api/users/22
Proxy:			<none>
Request params:	<none>
Query params:	<none>
Form params:	<none>
Path params:	<none>
Headers:		Accept=*/*
				Content-Type=application/json
Cookies:		<none>
Multiparts:		<none>
Body:
{
    "name": "",
    "job": "QA Engineer",
    "userID": 2
}
HTTP/1.1 200 OK
Date: Thu, 30 Jan 2025 19:09:16 GMT
Content-Type: application/json; charset=utf-8
Transfer-Encoding: chunked
Connection: keep-alive
Report-To: {"group":"heroku-nel","max_age":3600,"endpoints":[{"url":"https://nel.heroku.com/reports?ts=1738264156&sid=c4c9725f-1ab0-44d8-820f-430df2718e11&s=oNC1xjtkzJ15QGFqyDNJ2X2MsKcjsOK9YJJd0BoiT2A%3D"}]}
Reporting-Endpoints: heroku-nel=https://nel.heroku.com/reports?ts=1738264156&sid=c4c9725f-1ab0-44d8-820f-430df2718e11&s=oNC1xjtkzJ15QGFqyDNJ2X2MsKcjsOK9YJJd0BoiT2A%3D
Nel: {"report_to":"heroku-nel","max_age":3600,"success_fraction":0.005,"failure_fraction":0.05,"response_headers":["Via"]}
X-Powered-By: Express
Access-Control-Allow-Origin: *
Etag: W/"51-cqqKO5fB7zb9PiHHs8mnt8qYUSM"
Via: 1.1 vegur
CF-Cache-Status: DYNAMIC
Vary: Accept-Encoding
Server: cloudflare
CF-RAY: 90a3c1605fc8c950-IAD
Content-Encoding: gzip
server-timing: cfL4;desc="?proto=TCP&rtt=5477&min_rtt=5252&rtt_var=2130&sent=6&recv=7&lost=0&retrans=0&sent_bytes=3105&recv_bytes=854&delivery_rate=815689&cwnd=252&unsent_bytes=0&cid=1c8abc4018ec5ce3&ts=166&x=0"

{
    "name": "",
    "job": "QA Engineer",
    "userID": 2,
    "updatedAt": "2025-01-30T19:09:16.335Z"
}
name before =null
Request method:	PUT
Request URI:	https://reqres.in/api/users/22
Proxy:			<none>
Request params:	<none>
Query params:	<none>
Form params:	<none>
Path params:	<none>
Headers:		Accept=*/*
				Content-Type=application/json
Cookies:		<none>
Multiparts:		<none>
Body:
{
    "name": "Alice",
    "job": "",
    "userID": 2
}
HTTP/1.1 200 OK
Date: Thu, 30 Jan 2025 19:09:16 GMT
Content-Type: application/json; charset=utf-8
Transfer-Encoding: chunked
Connection: keep-alive
Report-To: {"group":"heroku-nel","max_age":3600,"endpoints":[{"url":"https://nel.heroku.com/reports?ts=1738264156&sid=c4c9725f-1ab0-44d8-820f-430df2718e11&s=oNC1xjtkzJ15QGFqyDNJ2X2MsKcjsOK9YJJd0BoiT2A%3D"}]}
Reporting-Endpoints: heroku-nel=https://nel.heroku.com/reports?ts=1738264156&sid=c4c9725f-1ab0-44d8-820f-430df2718e11&s=oNC1xjtkzJ15QGFqyDNJ2X2MsKcjsOK9YJJd0BoiT2A%3D
Nel: {"report_to":"heroku-nel","max_age":3600,"success_fraction":0.005,"failure_fraction":0.05,"response_headers":["Via"]}
X-Powered-By: Express
Access-Control-Allow-Origin: *
Etag: W/"4b-V06ziDl13PNBvHbl9SKn9LclBLo"
Via: 1.1 vegur
CF-Cache-Status: DYNAMIC
Vary: Accept-Encoding
Server: cloudflare
CF-RAY: 90a3c162aee13afa-IAD
Content-Encoding: gzip
server-timing: cfL4;desc="?proto=TCP&rtt=5520&min_rtt=5508&rtt_var=2090&sent=6&recv=7&lost=0&retrans=0&sent_bytes=3106&recv_bytes=848&delivery_rate=763772&cwnd=252&unsent_bytes=0&cid=98d31f3ad3f70541&ts=170&x=0"

{
    "name": "Alice",
    "job": "",
    "userID": 2,
    "updatedAt": "2025-01-30T19:09:16.705Z"
}
name before =null
Request method:	PUT
Request URI:	https://reqres.in/api/users/22
Proxy:			<none>
Request params:	<none>
Query params:	<none>
Form params:	<none>
Path params:	<none>
Headers:		Accept=*/*
				Content-Type=application/json
Cookies:		<none>
Multiparts:		<none>
Body:
{
    "name": "VeryLongNameThatExceedsNormalLengthaldhiuhisabdkauhiugfKJKASJHFKSJH",
    "job": "Dev",
    "userID": 2
}
HTTP/1.1 200 OK
Date: Thu, 30 Jan 2025 19:09:17 GMT
Content-Type: application/json; charset=utf-8
Transfer-Encoding: chunked
Connection: keep-alive
Report-To: {"group":"heroku-nel","max_age":3600,"endpoints":[{"url":"https://nel.heroku.com/reports?ts=1738264157&sid=c4c9725f-1ab0-44d8-820f-430df2718e11&s=9yAKpPX8AnCOjAKBHOLSoHcFJxnJp6OOU%2FGaqM98fRE%3D"}]}
Reporting-Endpoints: heroku-nel=https://nel.heroku.com/reports?ts=1738264157&sid=c4c9725f-1ab0-44d8-820f-430df2718e11&s=9yAKpPX8AnCOjAKBHOLSoHcFJxnJp6OOU%2FGaqM98fRE%3D
Nel: {"report_to":"heroku-nel","max_age":3600,"success_fraction":0.005,"failure_fraction":0.05,"response_headers":["Via"]}
X-Powered-By: Express
Access-Control-Allow-Origin: *
Etag: W/"8c-L6YFkzIUp3HVkizwA71qF88o2pY"
Via: 1.1 vegur
CF-Cache-Status: DYNAMIC
Vary: Accept-Encoding
Server: cloudflare
CF-RAY: 90a3c164efabc922-IAD
Content-Encoding: gzip
server-timing: cfL4;desc="?proto=TCP&rtt=5474&min_rtt=5168&rtt_var=1717&sent=6&recv=8&lost=0&retrans=0&sent_bytes=3106&recv_bytes=914&delivery_rate=824163&cwnd=252&unsent_bytes=0&cid=ec32ec78107bd8e2&ts=177&x=0"

{
    "name": "VeryLongNameThatExceedsNormalLengthaldhiuhisabdkauhiugfKJKASJHFKSJH",
    "job": "Dev",
    "userID": 2,
    "updatedAt": "2025-01-30T19:09:17.070Z"
}
name before =null
Request method:	PUT
Request URI:	https://reqres.in/api/users/22
Proxy:			<none>
Request params:	<none>
Query params:	<none>
Form params:	<none>
Path params:	<none>
Headers:		Accept=*/*
				Content-Type=application/json
Cookies:		<none>
Multiparts:		<none>
Body:
{
    "name": "Bob",
    "job": "Business Analyst",
    "userID": 2
}
HTTP/1.1 200 OK
Date: Thu, 30 Jan 2025 19:09:17 GMT
Content-Type: application/json; charset=utf-8
Transfer-Encoding: chunked
Connection: keep-alive
Report-To: {"group":"heroku-nel","max_age":3600,"endpoints":[{"url":"https://nel.heroku.com/reports?ts=1738264157&sid=c4c9725f-1ab0-44d8-820f-430df2718e11&s=9yAKpPX8AnCOjAKBHOLSoHcFJxnJp6OOU%2FGaqM98fRE%3D"}]}
Reporting-Endpoints: heroku-nel=https://nel.heroku.com/reports?ts=1738264157&sid=c4c9725f-1ab0-44d8-820f-430df2718e11&s=9yAKpPX8AnCOjAKBHOLSoHcFJxnJp6OOU%2FGaqM98fRE%3D
Nel: {"report_to":"heroku-nel","max_age":3600,"success_fraction":0.005,"failure_fraction":0.05,"response_headers":["Via"]}
X-Powered-By: Express
Access-Control-Allow-Origin: *
Etag: W/"59-LhN6a0raDKMBYnN258GUlTNYOdc"
Via: 1.1 vegur
CF-Cache-Status: DYNAMIC
Vary: Accept-Encoding
Server: cloudflare
CF-RAY: 90a3c167080057e2-IAD
Content-Encoding: gzip
server-timing: cfL4;desc="?proto=TCP&rtt=5904&min_rtt=5771&rtt_var=2259&sent=6&recv=7&lost=0&retrans=0&sent_bytes=3105&recv_bytes=862&delivery_rate=742332&cwnd=252&unsent_bytes=0&cid=4b3747fd9a48dd68&ts=181&x=0"

{
    "name": "Bob",
    "job": "Business Analyst",
    "userID": 2,
    "updatedAt": "2025-01-30T19:09:17.414Z"
}
name before =null
Request method:	PUT
Request URI:	https://reqres.in/api/users/22
Proxy:			<none>
Request params:	<none>
Query params:	<none>
Form params:	<none>
Path params:	<none>
Headers:		Accept=*/*
				Content-Type=application/json
Cookies:		<none>
Multiparts:		<none>
Body:
{
    "name": "!@#$%^&*()",
    "job": "Engineer",
    "userID": 2
}
HTTP/1.1 200 OK
Date: Thu, 30 Jan 2025 19:09:17 GMT
Content-Type: application/json; charset=utf-8
Transfer-Encoding: chunked
Connection: keep-alive
Report-To: {"group":"heroku-nel","max_age":3600,"endpoints":[{"url":"https://nel.heroku.com/reports?ts=1738264157&sid=c4c9725f-1ab0-44d8-820f-430df2718e11&s=9yAKpPX8AnCOjAKBHOLSoHcFJxnJp6OOU%2FGaqM98fRE%3D"}]}
Reporting-Endpoints: heroku-nel=https://nel.heroku.com/reports?ts=1738264157&sid=c4c9725f-1ab0-44d8-820f-430df2718e11&s=9yAKpPX8AnCOjAKBHOLSoHcFJxnJp6OOU%2FGaqM98fRE%3D
Nel: {"report_to":"heroku-nel","max_age":3600,"success_fraction":0.005,"failure_fraction":0.05,"response_headers":["Via"]}
X-Powered-By: Express
Access-Control-Allow-Origin: *
Etag: W/"58-2htZBTJeOqhEdsa76GVgNRS8GoY"
Via: 1.1 vegur
CF-Cache-Status: DYNAMIC
Vary: Accept-Encoding
Server: cloudflare
CF-RAY: 90a3c1693cb5204e-IAD
Content-Encoding: gzip
server-timing: cfL4;desc="?proto=TCP&rtt=5894&min_rtt=5821&rtt_var=1764&sent=6&recv=8&lost=0&retrans=0&sent_bytes=3106&recv_bytes=861&delivery_rate=697947&cwnd=252&unsent_bytes=0&cid=e8b88d044e9c0e0e&ts=178&x=0"

{
    "name": "!@#$%^&*()",
    "job": "Engineer",
    "userID": 2,
    "updatedAt": "2025-01-30T19:09:17.752Z"
}
name before =null
Request method:	PUT
Request URI:	https://reqres.in/api/users/23
Proxy:			<none>
Request params:	<none>
Query params:	<none>
Form params:	<none>
Path params:	<none>
Headers:		Accept=*/*
				Content-Type=application/json
Cookies:		<none>
Multiparts:		<none>
Body:
{
    "name": "Jane Doe",
    "job": "Tester",
    "userID": 3
}
HTTP/1.1 200 OK
Date: Thu, 30 Jan 2025 19:09:18 GMT
Content-Type: application/json; charset=utf-8
Transfer-Encoding: chunked
Connection: keep-alive
Report-To: {"group":"heroku-nel","max_age":3600,"endpoints":[{"url":"https://nel.heroku.com/reports?ts=1738264158&sid=c4c9725f-1ab0-44d8-820f-430df2718e11&s=z2PQTj8QHcfAbZ8OD0KQZl3poTLJ8sAz4eX7Mj8W%2BqM%3D"}]}
Reporting-Endpoints: heroku-nel=https://nel.heroku.com/reports?ts=1738264158&sid=c4c9725f-1ab0-44d8-820f-430df2718e11&s=z2PQTj8QHcfAbZ8OD0KQZl3poTLJ8sAz4eX7Mj8W%2BqM%3D
Nel: {"report_to":"heroku-nel","max_age":3600,"success_fraction":0.005,"failure_fraction":0.05,"response_headers":["Via"]}
X-Powered-By: Express
Access-Control-Allow-Origin: *
Etag: W/"54-qB5QfrFc24/p8M6fecaIiHOFsOU"
Via: 1.1 vegur
CF-Cache-Status: DYNAMIC
Vary: Accept-Encoding
Server: cloudflare
CF-RAY: 90a3c16c3b419c72-IAD
Content-Encoding: gzip
server-timing: cfL4;desc="?proto=TCP&rtt=5364&min_rtt=5251&rtt_var=2050&sent=6&recv=7&lost=0&retrans=0&sent_bytes=3105&recv_bytes=857&delivery_rate=815844&cwnd=252&unsent_bytes=0&cid=96df59a8380d077c&ts=171&x=0"

{
    "name": "Jane Doe",
    "job": "Tester",
    "userID": 3,
    "updatedAt": "2025-01-30T19:09:18.233Z"
}
]]></system-out>
  <system-err><![CDATA[]]></system-err>
</testsuite>
