<?xml version="1.0" encoding="UTF-8"?>
<testsuite name="Get_Test" tests="3" skipped="0" failures="0" errors="0" timestamp="2025-01-31T06:46:44" hostname="fv-az1945-823" time="3.852">
  <properties/>
  <testcase name="GetUser[0](9, true)" classname="Get_Test" time="3.371"/>
  <testcase name="GetUser[1](999, false)" classname="Get_Test" time="0.203"/>
  <testcase name="GetUser[2](0, false)" classname="Get_Test" time="0.217"/>
  <system-out><![CDATA[Request method:	GET
Request URI:	https://reqres.in/api/users/9
Proxy:			<none>
Request params:	<none>
Query params:	<none>
Form params:	<none>
Path params:	id=9
Headers:		Accept=*/*
Cookies:		<none>
Multiparts:		<none>
Body:			<none>
HTTP/1.1 200 OK
Date: Fri, 31 Jan 2025 06:46:46 GMT
Content-Type: application/json; charset=utf-8
Transfer-Encoding: chunked
Connection: keep-alive
Report-To: {"group":"heroku-nel","max_age":3600,"endpoints":[{"url":"https://nel.heroku.com/reports?ts=1738297875&sid=c4c9725f-1ab0-44d8-820f-430df2718e11&s=rkHKDy1ipesn%2FpFkhcWUPGuKWmT1TOxe5NxUsDMwCk4%3D"}]}
Reporting-Endpoints: heroku-nel=https://nel.heroku.com/reports?ts=1738297875&sid=c4c9725f-1ab0-44d8-820f-430df2718e11&s=rkHKDy1ipesn%2FpFkhcWUPGuKWmT1TOxe5NxUsDMwCk4%3D
Nel: {"report_to":"heroku-nel","max_age":3600,"success_fraction":0.005,"failure_fraction":0.05,"response_headers":["Via"]}
X-Powered-By: Express
Access-Control-Allow-Origin: *
Etag: W/"152-FpYvp70F61UHmjz1MpAbXegc4Hc"
Via: 1.1 vegur
Cache-Control: max-age=14400
CF-Cache-Status: REVALIDATED
Vary: Accept-Encoding
Server: cloudflare
CF-RAY: 90a7bf1ce9ec3891-IAD
Content-Encoding: gzip
server-timing: cfL4;desc="?proto=TCP&rtt=5300&min_rtt=5272&rtt_var=1506&sent=7&recv=8&lost=0&retrans=0&sent_bytes=3107&recv_bytes=759&delivery_rate=811824&cwnd=252&unsent_bytes=0&cid=798675f1cfc45e29&ts=286&x=0"

{
    "data": {
        "id": 9,
        "email": "tobias.funke@reqres.in",
        "first_name": "Tobias",
        "last_name": "Funke",
        "avatar": "https://reqres.in/img/faces/9-image.jpg"
    },
    "support": {
        "url": "https://contentcaddy.io?utm_source=reqres&utm_medium=json&utm_campaign=referral",
        "text": "Tired of writing endless social media content? Let Content Caddy generate it for you."
    }
}
Request method:	GET
Request URI:	https://reqres.in/api/users/999
Proxy:			<none>
Request params:	<none>
Query params:	<none>
Form params:	<none>
Path params:	id=999
Headers:		Accept=*/*
Cookies:		<none>
Multiparts:		<none>
Body:			<none>
HTTP/1.1 404 Not Found
Date: Fri, 31 Jan 2025 06:46:48 GMT
Content-Type: application/json; charset=utf-8
Content-Length: 2
Connection: keep-alive
Report-To: {"group":"heroku-nel","max_age":3600,"endpoints":[{"url":"https://nel.heroku.com/reports?ts=1738306008&sid=c4c9725f-1ab0-44d8-820f-430df2718e11&s=Siqcazf6EquAAh7coNy1L6f%2B3OygPXg%2BzetBjJ%2F0B7g%3D"}]}
Reporting-Endpoints: heroku-nel=https://nel.heroku.com/reports?ts=1738306008&sid=c4c9725f-1ab0-44d8-820f-430df2718e11&s=Siqcazf6EquAAh7coNy1L6f%2B3OygPXg%2BzetBjJ%2F0B7g%3D
Nel: {"report_to":"heroku-nel","max_age":3600,"success_fraction":0.005,"failure_fraction":0.05,"response_headers":["Via"]}
X-Powered-By: Express
Access-Control-Allow-Origin: *
Etag: W/"2-vyGp6PvFo4RvsFtPoIWeCReyIC8"
Via: 1.1 vegur
Cache-Control: max-age=14400
CF-Cache-Status: EXPIRED
Vary: Accept-Encoding
Server: cloudflare
CF-RAY: 90a7bf26bb36c978-IAD
server-timing: cfL4;desc="?proto=TCP&rtt=5190&min_rtt=5103&rtt_var=1511&sent=6&recv=8&lost=0&retrans=0&sent_bytes=3106&recv_bytes=761&delivery_rate=838520&cwnd=252&unsent_bytes=0&cid=a99bc262a6cd9525&ts=167&x=0"

{
    
}
Request method:	GET
Request URI:	https://reqres.in/api/users/0
Proxy:			<none>
Request params:	<none>
Query params:	<none>
Form params:	<none>
Path params:	id=0
Headers:		Accept=*/*
Cookies:		<none>
Multiparts:		<none>
Body:			<none>
HTTP/1.1 404 Not Found
Date: Fri, 31 Jan 2025 06:46:48 GMT
Content-Type: application/json; charset=utf-8
Content-Length: 2
Connection: keep-alive
Report-To: {"group":"heroku-nel","max_age":3600,"endpoints":[{"url":"https://nel.heroku.com/reports?ts=1738306008&sid=c4c9725f-1ab0-44d8-820f-430df2718e11&s=Siqcazf6EquAAh7coNy1L6f%2B3OygPXg%2BzetBjJ%2F0B7g%3D"}]}
Reporting-Endpoints: heroku-nel=https://nel.heroku.com/reports?ts=1738306008&sid=c4c9725f-1ab0-44d8-820f-430df2718e11&s=Siqcazf6EquAAh7coNy1L6f%2B3OygPXg%2BzetBjJ%2F0B7g%3D
Nel: {"report_to":"heroku-nel","max_age":3600,"success_fraction":0.005,"failure_fraction":0.05,"response_headers":["Via"]}
X-Powered-By: Express
Access-Control-Allow-Origin: *
Etag: W/"2-vyGp6PvFo4RvsFtPoIWeCReyIC8"
Via: 1.1 vegur
Cache-Control: max-age=14400
CF-Cache-Status: EXPIRED
Vary: Accept-Encoding
Server: cloudflare
CF-RAY: 90a7bf280d432094-IAD
server-timing: cfL4;desc="?proto=TCP&rtt=5243&min_rtt=5216&rtt_var=1975&sent=6&recv=7&lost=0&retrans=0&sent_bytes=3107&recv_bytes=759&delivery_rate=821319&cwnd=252&unsent_bytes=0&cid=8efdace907fce310&ts=182&x=0"

{
    
}
]]></system-out>
  <system-err><![CDATA[]]></system-err>
</testsuite>
