<?xml version="1.0" encoding="UTF-8"?>
<testsuite name="Get_Test" tests="3" skipped="0" failures="0" errors="0" timestamp="2025-01-30T15:14:44" hostname="fv-az1670-954" time="2.998">
  <properties/>
  <testcase name="GetUser[0](9, true)" classname="Get_Test" time="2.292"/>
  <testcase name="GetUser[1](999, false)" classname="Get_Test" time="0.344"/>
  <testcase name="GetUser[2](0, false)" classname="Get_Test" time="0.359"/>
  <system-out><![CDATA[Request method:	GET
Request URI:	https://reqres.in/api/users/9
Proxy:			<none>
Request params:	<none>
Query params:	<none>
Form params:	<none>
Path params:	id=9
Headers:		Accept=*/*
Cookies:		<none>
Multiparts:		<none>
Body:			<none>
HTTP/1.1 200 OK
Date: Thu, 30 Jan 2025 15:14:46 GMT
Content-Type: application/json; charset=utf-8
Transfer-Encoding: chunked
Connection: keep-alive
Report-To: {"group":"heroku-nel","max_age":3600,"endpoints":[{"url":"https://nel.heroku.com/reports?ts=1738207853&sid=c4c9725f-1ab0-44d8-820f-430df2718e11&s=kObEoCYvWVmmyonimOm1WSBfrGenPssl45dEtICYqlQ%3D"}]}
Reporting-Endpoints: heroku-nel=https://nel.heroku.com/reports?ts=1738207853&sid=c4c9725f-1ab0-44d8-820f-430df2718e11&s=kObEoCYvWVmmyonimOm1WSBfrGenPssl45dEtICYqlQ%3D
Nel: {"report_to":"heroku-nel","max_age":3600,"success_fraction":0.005,"failure_fraction":0.05,"response_headers":["Via"]}
X-Powered-By: Express
Access-Control-Allow-Origin: *
Etag: W/"152-FpYvp70F61UHmjz1MpAbXegc4Hc"
Via: 1.1 vegur
Cache-Control: max-age=14400
CF-Cache-Status: REVALIDATED
Vary: Accept-Encoding
Server: cloudflare
CF-RAY: 90a269dc4b4038a6-IAD
Content-Encoding: gzip
server-timing: cfL4;desc="?proto=TCP&rtt=5840&min_rtt=5341&rtt_var=2359&sent=7&recv=7&lost=0&retrans=0&sent_bytes=3106&recv_bytes=759&delivery_rate=802096&cwnd=252&unsent_bytes=0&cid=3a0a4152f4b2b937&ts=348&x=0"

{
    "data": {
        "id": 9,
        "email": "tobias.funke@reqres.in",
        "first_name": "Tobias",
        "last_name": "Funke",
        "avatar": "https://reqres.in/img/faces/9-image.jpg"
    },
    "support": {
        "url": "https://contentcaddy.io?utm_source=reqres&utm_medium=json&utm_campaign=referral",
        "text": "Tired of writing endless social media content? Let Content Caddy generate it for you."
    }
}
Request method:	GET
Request URI:	https://reqres.in/api/users/999
Proxy:			<none>
Request params:	<none>
Query params:	<none>
Form params:	<none>
Path params:	id=999
Headers:		Accept=*/*
Cookies:		<none>
Multiparts:		<none>
Body:			<none>
HTTP/1.1 404 Not Found
Date: Thu, 30 Jan 2025 15:14:47 GMT
Content-Type: application/json; charset=utf-8
Content-Length: 2
Connection: keep-alive
Report-To: {"group":"heroku-nel","max_age":3600,"endpoints":[{"url":"https://nel.heroku.com/reports?ts=1738250087&sid=c4c9725f-1ab0-44d8-820f-430df2718e11&s=5a4ZMtmTDdx%2BC3W9JXoAJ0nXxPan8SOamt1Y%2BEwb%2B1E%3D"}]}
Reporting-Endpoints: heroku-nel=https://nel.heroku.com/reports?ts=1738250087&sid=c4c9725f-1ab0-44d8-820f-430df2718e11&s=5a4ZMtmTDdx%2BC3W9JXoAJ0nXxPan8SOamt1Y%2BEwb%2B1E%3D
Nel: {"report_to":"heroku-nel","max_age":3600,"success_fraction":0.005,"failure_fraction":0.05,"response_headers":["Via"]}
X-Powered-By: Express
Access-Control-Allow-Origin: *
Etag: W/"2-vyGp6PvFo4RvsFtPoIWeCReyIC8"
Via: 1.1 vegur
Cache-Control: max-age=14400
CF-Cache-Status: EXPIRED
Vary: Accept-Encoding
Server: cloudflare
CF-RAY: 90a269e349cdd693-IAD
server-timing: cfL4;desc="?proto=TCP&rtt=5232&min_rtt=5230&rtt_var=1965&sent=6&recv=7&lost=0&retrans=0&sent_bytes=3106&recv_bytes=761&delivery_rate=816310&cwnd=250&unsent_bytes=0&cid=0ef3893edda55190&ts=307&x=0"

{
    
}
Request method:	GET
Request URI:	https://reqres.in/api/users/0
Proxy:			<none>
Request params:	<none>
Query params:	<none>
Form params:	<none>
Path params:	id=0
Headers:		Accept=*/*
Cookies:		<none>
Multiparts:		<none>
Body:			<none>
HTTP/1.1 404 Not Found
Date: Thu, 30 Jan 2025 15:14:47 GMT
Content-Type: application/json; charset=utf-8
Content-Length: 2
Connection: keep-alive
Report-To: {"group":"heroku-nel","max_age":3600,"endpoints":[{"url":"https://nel.heroku.com/reports?ts=1738250087&sid=c4c9725f-1ab0-44d8-820f-430df2718e11&s=5a4ZMtmTDdx%2BC3W9JXoAJ0nXxPan8SOamt1Y%2BEwb%2B1E%3D"}]}
Reporting-Endpoints: heroku-nel=https://nel.heroku.com/reports?ts=1738250087&sid=c4c9725f-1ab0-44d8-820f-430df2718e11&s=5a4ZMtmTDdx%2BC3W9JXoAJ0nXxPan8SOamt1Y%2BEwb%2B1E%3D
Nel: {"report_to":"heroku-nel","max_age":3600,"success_fraction":0.005,"failure_fraction":0.05,"response_headers":["Via"]}
X-Powered-By: Express
Access-Control-Allow-Origin: *
Etag: W/"2-vyGp6PvFo4RvsFtPoIWeCReyIC8"
Via: 1.1 vegur
Cache-Control: max-age=14400
CF-Cache-Status: EXPIRED
Vary: Accept-Encoding
Server: cloudflare
CF-RAY: 90a269e56b82f289-IAD
server-timing: cfL4;desc="?proto=TCP&rtt=5781&min_rtt=5192&rtt_var=2368&sent=6&recv=7&lost=0&retrans=0&sent_bytes=3105&recv_bytes=759&delivery_rate=825115&cwnd=252&unsent_bytes=0&cid=fb7f1c14ec8303de&ts=325&x=0"

{
    
}
]]></system-out>
  <system-err><![CDATA[]]></system-err>
</testsuite>
