<?xml version="1.0" encoding="UTF-8"?>
<testsuite name="Put_Test" tests="7" skipped="0" failures="0" errors="0" timestamp="2025-01-31T06:46:50" hostname="fv-az1945-823" time="2.729">
  <properties/>
  <testcase name="testPutUser[0](2, John Doe, Software Developer, true)" classname="Put_Test" time="0.666"/>
  <testcase name="testPutUser[1](2, , QA Engineer, true)" classname="Put_Test" time="0.345"/>
  <testcase name="testPutUser[2](2, Alice, , true)" classname="Put_Test" time="0.326"/>
  <testcase name="testPutUser[3](2, VeryLongNameThatExceedsNormalLengthaldhiuhisabdkauhiugfKJKASJHFKSJH, Dev, true)" classname="Put_Test" time="0.3"/>
  <testcase name="testPutUser[4](2, Bob, Business Analyst, true)" classname="Put_Test" time="0.299"/>
  <testcase name="testPutUser[5](2, !@#$%^&amp;*(), Engineer, true)" classname="Put_Test" time="0.315"/>
  <testcase name="testPutUser[6](3, Jane Doe, Tester, true)" classname="Put_Test" time="0.465"/>
  <system-out><![CDATA[name before =null
Request method:	PUT
Request URI:	https://reqres.in/api/users/22
Proxy:			<none>
Request params:	<none>
Query params:	<none>
Form params:	<none>
Path params:	<none>
Headers:		Accept=*/*
				Content-Type=application/json
Cookies:		<none>
Multiparts:		<none>
Body:
{
    "name": "John Doe",
    "job": "Software Developer",
    "userID": 2
}
HTTP/1.1 200 OK
Date: Fri, 31 Jan 2025 06:46:50 GMT
Content-Type: application/json; charset=utf-8
Transfer-Encoding: chunked
Connection: keep-alive
Report-To: {"group":"heroku-nel","max_age":3600,"endpoints":[{"url":"https://nel.heroku.com/reports?ts=1738306010&sid=c4c9725f-1ab0-44d8-820f-430df2718e11&s=cvWG1jjWxsIh%2BnqH2s9oz0so1G2gvlGtEkWLSOKgrkQ%3D"}]}
Reporting-Endpoints: heroku-nel=https://nel.heroku.com/reports?ts=1738306010&sid=c4c9725f-1ab0-44d8-820f-430df2718e11&s=cvWG1jjWxsIh%2BnqH2s9oz0so1G2gvlGtEkWLSOKgrkQ%3D
Nel: {"report_to":"heroku-nel","max_age":3600,"success_fraction":0.005,"failure_fraction":0.05,"response_headers":["Via"]}
X-Powered-By: Express
Access-Control-Allow-Origin: *
Etag: W/"60-dw5IVezqdENgI3PrK/7MqGLLgcQ"
Via: 1.1 vegur
CF-Cache-Status: DYNAMIC
Vary: Accept-Encoding
Server: cloudflare
CF-RAY: 90a7bf361d35c984-IAD
Content-Encoding: gzip
server-timing: cfL4;desc="?proto=TCP&rtt=5163&min_rtt=5097&rtt_var=1473&sent=6&recv=8&lost=0&retrans=0&sent_bytes=3106&recv_bytes=869&delivery_rate=831199&cwnd=252&unsent_bytes=0&cid=7b0c941d46706011&ts=164&x=0"

{
    "name": "John Doe",
    "job": "Software Developer",
    "userID": 2,
    "updatedAt": "2025-01-31T06:46:50.694Z"
}
name before =null
Request method:	PUT
Request URI:	https://reqres.in/api/users/22
Proxy:			<none>
Request params:	<none>
Query params:	<none>
Form params:	<none>
Path params:	<none>
Headers:		Accept=*/*
				Content-Type=application/json
Cookies:		<none>
Multiparts:		<none>
Body:
{
    "name": "",
    "job": "QA Engineer",
    "userID": 2
}
HTTP/1.1 200 OK
Date: Fri, 31 Jan 2025 06:46:51 GMT
Content-Type: application/json; charset=utf-8
Transfer-Encoding: chunked
Connection: keep-alive
Report-To: {"group":"heroku-nel","max_age":3600,"endpoints":[{"url":"https://nel.heroku.com/reports?ts=1738306011&sid=c4c9725f-1ab0-44d8-820f-430df2718e11&s=V%2B2MQ3JFPpxaLCnQzystm5mYO6IXm%2BjyNfF1SNzEMQA%3D"}]}
Reporting-Endpoints: heroku-nel=https://nel.heroku.com/reports?ts=1738306011&sid=c4c9725f-1ab0-44d8-820f-430df2718e11&s=V%2B2MQ3JFPpxaLCnQzystm5mYO6IXm%2BjyNfF1SNzEMQA%3D
Nel: {"report_to":"heroku-nel","max_age":3600,"success_fraction":0.005,"failure_fraction":0.05,"response_headers":["Via"]}
X-Powered-By: Express
Access-Control-Allow-Origin: *
Etag: W/"51-/RMxahA+k3f3E4+oecvwqK4jTzU"
Via: 1.1 vegur
CF-Cache-Status: DYNAMIC
Vary: Accept-Encoding
Server: cloudflare
CF-RAY: 90a7bf385cc981d9-IAD
Content-Encoding: gzip
server-timing: cfL4;desc="?proto=TCP&rtt=5253&min_rtt=5242&rtt_var=1494&sent=6&recv=8&lost=0&retrans=0&sent_bytes=3106&recv_bytes=854&delivery_rate=808454&cwnd=252&unsent_bytes=0&cid=6347f16d10109ee4&ts=168&x=0"

{
    "name": "",
    "job": "QA Engineer",
    "userID": 2,
    "updatedAt": "2025-01-31T06:46:51.052Z"
}
name before =null
Request method:	PUT
Request URI:	https://reqres.in/api/users/22
Proxy:			<none>
Request params:	<none>
Query params:	<none>
Form params:	<none>
Path params:	<none>
Headers:		Accept=*/*
				Content-Type=application/json
Cookies:		<none>
Multiparts:		<none>
Body:
{
    "name": "Alice",
    "job": "",
    "userID": 2
}
HTTP/1.1 200 OK
Date: Fri, 31 Jan 2025 06:46:51 GMT
Content-Type: application/json; charset=utf-8
Transfer-Encoding: chunked
Connection: keep-alive
Report-To: {"group":"heroku-nel","max_age":3600,"endpoints":[{"url":"https://nel.heroku.com/reports?ts=1738306011&sid=c4c9725f-1ab0-44d8-820f-430df2718e11&s=V%2B2MQ3JFPpxaLCnQzystm5mYO6IXm%2BjyNfF1SNzEMQA%3D"}]}
Reporting-Endpoints: heroku-nel=https://nel.heroku.com/reports?ts=1738306011&sid=c4c9725f-1ab0-44d8-820f-430df2718e11&s=V%2B2MQ3JFPpxaLCnQzystm5mYO6IXm%2BjyNfF1SNzEMQA%3D
Nel: {"report_to":"heroku-nel","max_age":3600,"success_fraction":0.005,"failure_fraction":0.05,"response_headers":["Via"]}
X-Powered-By: Express
Access-Control-Allow-Origin: *
Etag: W/"4b-0r2h0I//owI6+Nmf6Mfy7Ydbo4I"
Via: 1.1 vegur
CF-Cache-Status: DYNAMIC
Vary: Accept-Encoding
Server: cloudflare
CF-RAY: 90a7bf3a5b9b2030-IAD
Content-Encoding: gzip
server-timing: cfL4;desc="?proto=TCP&rtt=5188&min_rtt=5132&rtt_var=1965&sent=6&recv=7&lost=0&retrans=0&sent_bytes=3106&recv_bytes=848&delivery_rate=834762&cwnd=252&unsent_bytes=0&cid=ce007c744d0e212b&ts=179&x=0"

{
    "name": "Alice",
    "job": "",
    "userID": 2,
    "updatedAt": "2025-01-31T06:46:51.372Z"
}
name before =null
Request method:	PUT
Request URI:	https://reqres.in/api/users/22
Proxy:			<none>
Request params:	<none>
Query params:	<none>
Form params:	<none>
Path params:	<none>
Headers:		Accept=*/*
				Content-Type=application/json
Cookies:		<none>
Multiparts:		<none>
Body:
{
    "name": "VeryLongNameThatExceedsNormalLengthaldhiuhisabdkauhiugfKJKASJHFKSJH",
    "job": "Dev",
    "userID": 2
}
HTTP/1.1 200 OK
Date: Fri, 31 Jan 2025 06:46:51 GMT
Content-Type: application/json; charset=utf-8
Transfer-Encoding: chunked
Connection: keep-alive
Report-To: {"group":"heroku-nel","max_age":3600,"endpoints":[{"url":"https://nel.heroku.com/reports?ts=1738306011&sid=c4c9725f-1ab0-44d8-820f-430df2718e11&s=V%2B2MQ3JFPpxaLCnQzystm5mYO6IXm%2BjyNfF1SNzEMQA%3D"}]}
Reporting-Endpoints: heroku-nel=https://nel.heroku.com/reports?ts=1738306011&sid=c4c9725f-1ab0-44d8-820f-430df2718e11&s=V%2B2MQ3JFPpxaLCnQzystm5mYO6IXm%2BjyNfF1SNzEMQA%3D
Nel: {"report_to":"heroku-nel","max_age":3600,"success_fraction":0.005,"failure_fraction":0.05,"response_headers":["Via"]}
X-Powered-By: Express
Access-Control-Allow-Origin: *
Etag: W/"8c-TJx22P5Xw4oYr+Z9IJWmesZ05SM"
Via: 1.1 vegur
CF-Cache-Status: DYNAMIC
Vary: Accept-Encoding
Server: cloudflare
CF-RAY: 90a7bf3c5d065b6a-IAD
Content-Encoding: gzip
server-timing: cfL4;desc="?proto=TCP&rtt=5633&min_rtt=5207&rtt_var=2257&sent=6&recv=7&lost=0&retrans=0&sent_bytes=3105&recv_bytes=914&delivery_rate=822738&cwnd=252&unsent_bytes=0&cid=2120035ef5bd340b&ts=165&x=0"

{
    "name": "VeryLongNameThatExceedsNormalLengthaldhiuhisabdkauhiugfKJKASJHFKSJH",
    "job": "Dev",
    "userID": 2,
    "updatedAt": "2025-01-31T06:46:51.692Z"
}
name before =null
Request method:	PUT
Request URI:	https://reqres.in/api/users/22
Proxy:			<none>
Request params:	<none>
Query params:	<none>
Form params:	<none>
Path params:	<none>
Headers:		Accept=*/*
				Content-Type=application/json
Cookies:		<none>
Multiparts:		<none>
Body:
{
    "name": "Bob",
    "job": "Business Analyst",
    "userID": 2
}
HTTP/1.1 200 OK
Date: Fri, 31 Jan 2025 06:46:52 GMT
Content-Type: application/json; charset=utf-8
Transfer-Encoding: chunked
Connection: keep-alive
Report-To: {"group":"heroku-nel","max_age":3600,"endpoints":[{"url":"https://nel.heroku.com/reports?ts=1738306011&sid=c4c9725f-1ab0-44d8-820f-430df2718e11&s=V%2B2MQ3JFPpxaLCnQzystm5mYO6IXm%2BjyNfF1SNzEMQA%3D"}]}
Reporting-Endpoints: heroku-nel=https://nel.heroku.com/reports?ts=1738306011&sid=c4c9725f-1ab0-44d8-820f-430df2718e11&s=V%2B2MQ3JFPpxaLCnQzystm5mYO6IXm%2BjyNfF1SNzEMQA%3D
Nel: {"report_to":"heroku-nel","max_age":3600,"success_fraction":0.005,"failure_fraction":0.05,"response_headers":["Via"]}
X-Powered-By: Express
Access-Control-Allow-Origin: *
Etag: W/"59-E6XwK9U6uG0wGi/TkBsLa/P9KXA"
Via: 1.1 vegur
CF-Cache-Status: DYNAMIC
Vary: Accept-Encoding
Server: cloudflare
CF-RAY: 90a7bf3e3a8a1743-IAD
Content-Encoding: gzip
server-timing: cfL4;desc="?proto=TCP&rtt=5148&min_rtt=5091&rtt_var=1950&sent=6&recv=7&lost=0&retrans=0&sent_bytes=3106&recv_bytes=862&delivery_rate=841484&cwnd=252&unsent_bytes=0&cid=146054f54003c413&ts=165&x=0"

{
    "name": "Bob",
    "job": "Business Analyst",
    "userID": 2,
    "updatedAt": "2025-01-31T06:46:51.992Z"
}
name before =null
Request method:	PUT
Request URI:	https://reqres.in/api/users/22
Proxy:			<none>
Request params:	<none>
Query params:	<none>
Form params:	<none>
Path params:	<none>
Headers:		Accept=*/*
				Content-Type=application/json
Cookies:		<none>
Multiparts:		<none>
Body:
{
    "name": "!@#$%^&*()",
    "job": "Engineer",
    "userID": 2
}
HTTP/1.1 200 OK
Date: Fri, 31 Jan 2025 06:46:52 GMT
Content-Type: application/json; charset=utf-8
Transfer-Encoding: chunked
Connection: keep-alive
Report-To: {"group":"heroku-nel","max_age":3600,"endpoints":[{"url":"https://nel.heroku.com/reports?ts=1738306012&sid=c4c9725f-1ab0-44d8-820f-430df2718e11&s=DKBLsUEiB2Mp9jNfc%2F51fTLVrPuya9lFxc5xFmlNjhQ%3D"}]}
Reporting-Endpoints: heroku-nel=https://nel.heroku.com/reports?ts=1738306012&sid=c4c9725f-1ab0-44d8-820f-430df2718e11&s=DKBLsUEiB2Mp9jNfc%2F51fTLVrPuya9lFxc5xFmlNjhQ%3D
Nel: {"report_to":"heroku-nel","max_age":3600,"success_fraction":0.005,"failure_fraction":0.05,"response_headers":["Via"]}
X-Powered-By: Express
Access-Control-Allow-Origin: *
Etag: W/"58-l1TCIqfE2ew2obolufctEIrPm5k"
Via: 1.1 vegur
CF-Cache-Status: DYNAMIC
Vary: Accept-Encoding
Server: cloudflare
CF-RAY: 90a7bf4039583988-IAD
Content-Encoding: gzip
server-timing: cfL4;desc="?proto=TCP&rtt=5360&min_rtt=5319&rtt_var=2024&sent=6&recv=7&lost=0&retrans=0&sent_bytes=3107&recv_bytes=861&delivery_rate=805414&cwnd=252&unsent_bytes=0&cid=2505c46506c0faa2&ts=164&x=0"

{
    "name": "!@#$%^&*()",
    "job": "Engineer",
    "userID": 2,
    "updatedAt": "2025-01-31T06:46:52.309Z"
}
name before =null
Request method:	PUT
Request URI:	https://reqres.in/api/users/23
Proxy:			<none>
Request params:	<none>
Query params:	<none>
Form params:	<none>
Path params:	<none>
Headers:		Accept=*/*
				Content-Type=application/json
Cookies:		<none>
Multiparts:		<none>
Body:
{
    "name": "Jane Doe",
    "job": "Tester",
    "userID": 3
}
HTTP/1.1 200 OK
Date: Fri, 31 Jan 2025 06:46:52 GMT
Content-Type: application/json; charset=utf-8
Transfer-Encoding: chunked
Connection: keep-alive
Report-To: {"group":"heroku-nel","max_age":3600,"endpoints":[{"url":"https://nel.heroku.com/reports?ts=1738306012&sid=c4c9725f-1ab0-44d8-820f-430df2718e11&s=DKBLsUEiB2Mp9jNfc%2F51fTLVrPuya9lFxc5xFmlNjhQ%3D"}]}
Reporting-Endpoints: heroku-nel=https://nel.heroku.com/reports?ts=1738306012&sid=c4c9725f-1ab0-44d8-820f-430df2718e11&s=DKBLsUEiB2Mp9jNfc%2F51fTLVrPuya9lFxc5xFmlNjhQ%3D
Nel: {"report_to":"heroku-nel","max_age":3600,"success_fraction":0.005,"failure_fraction":0.05,"response_headers":["Via"]}
X-Powered-By: Express
Access-Control-Allow-Origin: *
Etag: W/"54-gu7kyhWbUMOnBgkqSDm2LnwgH7E"
Via: 1.1 vegur
CF-Cache-Status: DYNAMIC
Vary: Accept-Encoding
Server: cloudflare
CF-RAY: 90a7bf430a0b0737-IAD
Content-Encoding: gzip
server-timing: cfL4;desc="?proto=TCP&rtt=5135&min_rtt=5134&rtt_var=1928&sent=6&recv=7&lost=0&retrans=0&sent_bytes=3107&recv_bytes=857&delivery_rate=832329&cwnd=252&unsent_bytes=0&cid=34b3274cbd3df9af&ts=165&x=0"

{
    "name": "Jane Doe",
    "job": "Tester",
    "userID": 3,
    "updatedAt": "2025-01-31T06:46:52.763Z"
}
]]></system-out>
  <system-err><![CDATA[]]></system-err>
</testsuite>
