<?xml version="1.0" encoding="UTF-8"?>
<testsuite name="Put_Test" tests="7" skipped="0" failures="0" errors="0" timestamp="2025-01-30T15:14:49" hostname="fv-az1670-954" time="3.921">
  <properties/>
  <testcase name="testPutUser[0](2, John Doe, Software Developer, true)" classname="Put_Test" time="0.864"/>
  <testcase name="testPutUser[1](2, , QA Engineer, true)" classname="Put_Test" time="0.424"/>
  <testcase name="testPutUser[2](2, Alice, , true)" classname="Put_Test" time="0.483"/>
  <testcase name="testPutUser[3](2, VeryLongNameThatExceedsNormalLengthaldhiuhisabdkauhiugfKJKASJHFKSJH, Dev, true)" classname="Put_Test" time="0.472"/>
  <testcase name="testPutUser[4](2, Bob, Business Analyst, true)" classname="Put_Test" time="0.463"/>
  <testcase name="testPutUser[5](2, !@#$%^&amp;*(), Engineer, true)" classname="Put_Test" time="0.483"/>
  <testcase name="testPutUser[6](3, Jane Doe, Tester, true)" classname="Put_Test" time="0.728"/>
  <system-out><![CDATA[name before =null
Request method:	PUT
Request URI:	https://reqres.in/api/users/22
Proxy:			<none>
Request params:	<none>
Query params:	<none>
Form params:	<none>
Path params:	<none>
Headers:		Accept=*/*
				Content-Type=application/json
Cookies:		<none>
Multiparts:		<none>
Body:
{
    "name": "John Doe",
    "job": "Software Developer",
    "userID": 2
}
HTTP/1.1 200 OK
Date: Thu, 30 Jan 2025 15:14:50 GMT
Content-Type: application/json; charset=utf-8
Transfer-Encoding: chunked
Connection: keep-alive
Report-To: {"group":"heroku-nel","max_age":3600,"endpoints":[{"url":"https://nel.heroku.com/reports?ts=1738250089&sid=c4c9725f-1ab0-44d8-820f-430df2718e11&s=x7XMlkKH3Q5OWcZbunr%2Fczm7VCe9rOhXXq3jwxoncnY%3D"}]}
Reporting-Endpoints: heroku-nel=https://nel.heroku.com/reports?ts=1738250089&sid=c4c9725f-1ab0-44d8-820f-430df2718e11&s=x7XMlkKH3Q5OWcZbunr%2Fczm7VCe9rOhXXq3jwxoncnY%3D
Nel: {"report_to":"heroku-nel","max_age":3600,"success_fraction":0.005,"failure_fraction":0.05,"response_headers":["Via"]}
X-Powered-By: Express
Access-Control-Allow-Origin: *
Etag: W/"60-rH2sT69+p8/KDzP5alpvXxImKtY"
Via: 1.1 vegur
CF-Cache-Status: DYNAMIC
Vary: Accept-Encoding
Server: cloudflare
CF-RAY: 90a269f56a831819-EWR
Content-Encoding: gzip
server-timing: cfL4;desc="?proto=TCP&rtt=11441&min_rtt=11432&rtt_var=4294&sent=5&recv=7&lost=0&retrans=0&sent_bytes=3106&recv_bytes=869&delivery_rate=374737&cwnd=252&unsent_bytes=0&cid=0fdffc6dfd0fab04&ts=254&x=0"

{
    "name": "John Doe",
    "job": "Software Developer",
    "userID": 2,
    "updatedAt": "2025-01-30T15:14:50.000Z"
}
name before =null
Request method:	PUT
Request URI:	https://reqres.in/api/users/22
Proxy:			<none>
Request params:	<none>
Query params:	<none>
Form params:	<none>
Path params:	<none>
Headers:		Accept=*/*
				Content-Type=application/json
Cookies:		<none>
Multiparts:		<none>
Body:
{
    "name": "",
    "job": "QA Engineer",
    "userID": 2
}
HTTP/1.1 200 OK
Date: Thu, 30 Jan 2025 15:14:50 GMT
Content-Type: application/json; charset=utf-8
Transfer-Encoding: chunked
Connection: keep-alive
Report-To: {"group":"heroku-nel","max_age":3600,"endpoints":[{"url":"https://nel.heroku.com/reports?ts=1738250090&sid=c4c9725f-1ab0-44d8-820f-430df2718e11&s=qLcSA1e99TME3j4uxnBn3n4IA09UNvALp5f611Xcyfg%3D"}]}
Reporting-Endpoints: heroku-nel=https://nel.heroku.com/reports?ts=1738250090&sid=c4c9725f-1ab0-44d8-820f-430df2718e11&s=qLcSA1e99TME3j4uxnBn3n4IA09UNvALp5f611Xcyfg%3D
Nel: {"report_to":"heroku-nel","max_age":3600,"success_fraction":0.005,"failure_fraction":0.05,"response_headers":["Via"]}
X-Powered-By: Express
Access-Control-Allow-Origin: *
Etag: W/"51-S93FYFnuffYtNKbiM+NyRPrwFD0"
Via: 1.1 vegur
CF-Cache-Status: DYNAMIC
Vary: Accept-Encoding
Server: cloudflare
CF-RAY: 90a269f8492e599d-IAD
Content-Encoding: gzip
server-timing: cfL4;desc="?proto=TCP&rtt=5300&min_rtt=5286&rtt_var=1993&sent=6&recv=7&lost=0&retrans=0&sent_bytes=3107&recv_bytes=854&delivery_rate=810442&cwnd=239&unsent_bytes=0&cid=d676516c7d4f008f&ts=209&x=0"

{
    "name": "",
    "job": "QA Engineer",
    "userID": 2,
    "updatedAt": "2025-01-30T15:14:50.431Z"
}
name before =null
Request method:	PUT
Request URI:	https://reqres.in/api/users/22
Proxy:			<none>
Request params:	<none>
Query params:	<none>
Form params:	<none>
Path params:	<none>
Headers:		Accept=*/*
				Content-Type=application/json
Cookies:		<none>
Multiparts:		<none>
Body:
{
    "name": "Alice",
    "job": "",
    "userID": 2
}
HTTP/1.1 200 OK
Date: Thu, 30 Jan 2025 15:14:50 GMT
Content-Type: application/json; charset=utf-8
Transfer-Encoding: chunked
Connection: keep-alive
Report-To: {"group":"heroku-nel","max_age":3600,"endpoints":[{"url":"https://nel.heroku.com/reports?ts=1738250090&sid=c4c9725f-1ab0-44d8-820f-430df2718e11&s=qLcSA1e99TME3j4uxnBn3n4IA09UNvALp5f611Xcyfg%3D"}]}
Reporting-Endpoints: heroku-nel=https://nel.heroku.com/reports?ts=1738250090&sid=c4c9725f-1ab0-44d8-820f-430df2718e11&s=qLcSA1e99TME3j4uxnBn3n4IA09UNvALp5f611Xcyfg%3D
Nel: {"report_to":"heroku-nel","max_age":3600,"success_fraction":0.005,"failure_fraction":0.05,"response_headers":["Via"]}
X-Powered-By: Express
Access-Control-Allow-Origin: *
Etag: W/"4b-o4Oi9Bynp0H2DBZ/rXcgztZBSRU"
Via: 1.1 vegur
CF-Cache-Status: DYNAMIC
Vary: Accept-Encoding
Server: cloudflare
CF-RAY: 90a269faaa1a81ff-IAD
Content-Encoding: gzip
server-timing: cfL4;desc="?proto=TCP&rtt=5459&min_rtt=5377&rtt_var=1662&sent=6&recv=8&lost=0&retrans=0&sent_bytes=3106&recv_bytes=848&delivery_rate=735829&cwnd=252&unsent_bytes=0&cid=9b081b6ecba6b79b&ts=318&x=0"

{
    "name": "Alice",
    "job": "",
    "userID": 2,
    "updatedAt": "2025-01-30T15:14:50.890Z"
}
name before =null
Request method:	PUT
Request URI:	https://reqres.in/api/users/22
Proxy:			<none>
Request params:	<none>
Query params:	<none>
Form params:	<none>
Path params:	<none>
Headers:		Accept=*/*
				Content-Type=application/json
Cookies:		<none>
Multiparts:		<none>
Body:
{
    "name": "VeryLongNameThatExceedsNormalLengthaldhiuhisabdkauhiugfKJKASJHFKSJH",
    "job": "Dev",
    "userID": 2
}
HTTP/1.1 200 OK
Date: Thu, 30 Jan 2025 15:14:51 GMT
Content-Type: application/json; charset=utf-8
Transfer-Encoding: chunked
Connection: keep-alive
Report-To: {"group":"heroku-nel","max_age":3600,"endpoints":[{"url":"https://nel.heroku.com/reports?ts=1738250091&sid=c4c9725f-1ab0-44d8-820f-430df2718e11&s=AP0b0tscPIMSE2MPmbbfnihs%2FIK5GwUxOUdEPvmuUww%3D"}]}
Reporting-Endpoints: heroku-nel=https://nel.heroku.com/reports?ts=1738250091&sid=c4c9725f-1ab0-44d8-820f-430df2718e11&s=AP0b0tscPIMSE2MPmbbfnihs%2FIK5GwUxOUdEPvmuUww%3D
Nel: {"report_to":"heroku-nel","max_age":3600,"success_fraction":0.005,"failure_fraction":0.05,"response_headers":["Via"]}
X-Powered-By: Express
Access-Control-Allow-Origin: *
Etag: W/"8c-tvB+S1LsKg43Grb1kNNhqU9qytg"
Via: 1.1 vegur
CF-Cache-Status: DYNAMIC
Vary: Accept-Encoding
Server: cloudflare
CF-RAY: 90a269fdc98a28a6-IAD
Content-Encoding: gzip
server-timing: cfL4;desc="?proto=TCP&rtt=5361&min_rtt=5358&rtt_var=2015&sent=6&recv=7&lost=0&retrans=0&sent_bytes=3106&recv_bytes=914&delivery_rate=795986&cwnd=252&unsent_bytes=0&cid=a8f22f782ba64732&ts=294&x=0"

{
    "name": "VeryLongNameThatExceedsNormalLengthaldhiuhisabdkauhiugfKJKASJHFKSJH",
    "job": "Dev",
    "userID": 2,
    "updatedAt": "2025-01-30T15:14:51.371Z"
}
name before =null
Request method:	PUT
Request URI:	https://reqres.in/api/users/22
Proxy:			<none>
Request params:	<none>
Query params:	<none>
Form params:	<none>
Path params:	<none>
Headers:		Accept=*/*
				Content-Type=application/json
Cookies:		<none>
Multiparts:		<none>
Body:
{
    "name": "Bob",
    "job": "Business Analyst",
    "userID": 2
}
HTTP/1.1 200 OK
Date: Thu, 30 Jan 2025 15:14:51 GMT
Content-Type: application/json; charset=utf-8
Transfer-Encoding: chunked
Connection: keep-alive
Report-To: {"group":"heroku-nel","max_age":3600,"endpoints":[{"url":"https://nel.heroku.com/reports?ts=1738250091&sid=c4c9725f-1ab0-44d8-820f-430df2718e11&s=AP0b0tscPIMSE2MPmbbfnihs%2FIK5GwUxOUdEPvmuUww%3D"}]}
Reporting-Endpoints: heroku-nel=https://nel.heroku.com/reports?ts=1738250091&sid=c4c9725f-1ab0-44d8-820f-430df2718e11&s=AP0b0tscPIMSE2MPmbbfnihs%2FIK5GwUxOUdEPvmuUww%3D
Nel: {"report_to":"heroku-nel","max_age":3600,"success_fraction":0.005,"failure_fraction":0.05,"response_headers":["Via"]}
X-Powered-By: Express
Access-Control-Allow-Origin: *
Etag: W/"59-G80cCIK/09m39Qmw/48zwd7pxZw"
Via: 1.1 vegur
CF-Cache-Status: DYNAMIC
Vary: Accept-Encoding
Server: cloudflare
CF-RAY: 90a26a009eb60834-IAD
Content-Encoding: gzip
server-timing: cfL4;desc="?proto=TCP&rtt=5353&min_rtt=5304&rtt_var=2024&sent=6&recv=7&lost=0&retrans=0&sent_bytes=3105&recv_bytes=862&delivery_rate=807692&cwnd=252&unsent_bytes=0&cid=d2ce389f5229addd&ts=314&x=0"

{
    "name": "Bob",
    "job": "Business Analyst",
    "userID": 2,
    "updatedAt": "2025-01-30T15:14:51.841Z"
}
name before =null
Request method:	PUT
Request URI:	https://reqres.in/api/users/22
Proxy:			<none>
Request params:	<none>
Query params:	<none>
Form params:	<none>
Path params:	<none>
Headers:		Accept=*/*
				Content-Type=application/json
Cookies:		<none>
Multiparts:		<none>
Body:
{
    "name": "!@#$%^&*()",
    "job": "Engineer",
    "userID": 2
}
HTTP/1.1 200 OK
Date: Thu, 30 Jan 2025 15:14:52 GMT
Content-Type: application/json; charset=utf-8
Transfer-Encoding: chunked
Connection: keep-alive
Report-To: {"group":"heroku-nel","max_age":3600,"endpoints":[{"url":"https://nel.heroku.com/reports?ts=1738250092&sid=c4c9725f-1ab0-44d8-820f-430df2718e11&s=VZS3QzSOZHV9kAsKcHfkKMhD9qDlR2UnhYNkDOPGZ1k%3D"}]}
Reporting-Endpoints: heroku-nel=https://nel.heroku.com/reports?ts=1738250092&sid=c4c9725f-1ab0-44d8-820f-430df2718e11&s=VZS3QzSOZHV9kAsKcHfkKMhD9qDlR2UnhYNkDOPGZ1k%3D
Nel: {"report_to":"heroku-nel","max_age":3600,"success_fraction":0.005,"failure_fraction":0.05,"response_headers":["Via"]}
X-Powered-By: Express
Access-Control-Allow-Origin: *
Etag: W/"58-PlWOX9xYQEUVNUGj8c4+SPc+2k4"
Via: 1.1 vegur
CF-Cache-Status: DYNAMIC
Vary: Accept-Encoding
Server: cloudflare
CF-RAY: 90a26a03b8235b5f-IAD
Content-Encoding: gzip
server-timing: cfL4;desc="?proto=TCP&rtt=6150&min_rtt=5777&rtt_var=2433&sent=6&recv=7&lost=0&retrans=0&sent_bytes=3106&recv_bytes=861&delivery_rate=741561&cwnd=247&unsent_bytes=0&cid=2e9642c5a9f3ded9&ts=291&x=0"

{
    "name": "!@#$%^&*()",
    "job": "Engineer",
    "userID": 2,
    "updatedAt": "2025-01-30T15:14:52.325Z"
}
name before =null
Request method:	PUT
Request URI:	https://reqres.in/api/users/23
Proxy:			<none>
Request params:	<none>
Query params:	<none>
Form params:	<none>
Path params:	<none>
Headers:		Accept=*/*
				Content-Type=application/json
Cookies:		<none>
Multiparts:		<none>
Body:
{
    "name": "Jane Doe",
    "job": "Tester",
    "userID": 3
}
HTTP/1.1 200 OK
Date: Thu, 30 Jan 2025 15:14:53 GMT
Content-Type: application/json; charset=utf-8
Transfer-Encoding: chunked
Connection: keep-alive
Report-To: {"group":"heroku-nel","max_age":3600,"endpoints":[{"url":"https://nel.heroku.com/reports?ts=1738250093&sid=c4c9725f-1ab0-44d8-820f-430df2718e11&s=y349PLn9CBLCBq0mzUK9n1Kc7bWkkBrrWuDbMtNzBrE%3D"}]}
Reporting-Endpoints: heroku-nel=https://nel.heroku.com/reports?ts=1738250093&sid=c4c9725f-1ab0-44d8-820f-430df2718e11&s=y349PLn9CBLCBq0mzUK9n1Kc7bWkkBrrWuDbMtNzBrE%3D
Nel: {"report_to":"heroku-nel","max_age":3600,"success_fraction":0.005,"failure_fraction":0.05,"response_headers":["Via"]}
X-Powered-By: Express
Access-Control-Allow-Origin: *
Etag: W/"54-GJe7njaVK6N6BjIl864KBcQuP+k"
Via: 1.1 vegur
CF-Cache-Status: DYNAMIC
Vary: Accept-Encoding
Server: cloudflare
CF-RAY: 90a26a083ffa2d27-IAD
Content-Encoding: gzip
server-timing: cfL4;desc="?proto=TCP&rtt=5208&min_rtt=5123&rtt_var=1982&sent=6&recv=7&lost=0&retrans=0&sent_bytes=3106&recv_bytes=857&delivery_rate=836228&cwnd=252&unsent_bytes=0&cid=33f3055627f49ea1&ts=301&x=0"

{
    "name": "Jane Doe",
    "job": "Tester",
    "userID": 3,
    "updatedAt": "2025-01-30T15:14:53.052Z"
}
]]></system-out>
  <system-err><![CDATA[]]></system-err>
</testsuite>
