<?xml version="1.0" encoding="UTF-8"?>
<testsuite name="Put_Test" tests="7" skipped="0" failures="0" errors="0" timestamp="2025-01-31T10:18:17" hostname="fv-az1693-420" time="3.47">
  <properties/>
  <testcase name="testPutUser[0](2, John Doe, Software Developer, true)" classname="Put_Test" time="0.729"/>
  <testcase name="testPutUser[1](2, , QA Engineer, true)" classname="Put_Test" time="0.423"/>
  <testcase name="testPutUser[2](2, Alice, , true)" classname="Put_Test" time="0.406"/>
  <testcase name="testPutUser[3](2, VeryLongNameThatExceedsNormalLengthaldhiuhisabdkauhiugfKJKASJHFKSJH, Dev, true)" classname="Put_Test" time="0.407"/>
  <testcase name="testPutUser[4](2, Bob, Business Analyst, true)" classname="Put_Test" time="0.411"/>
  <testcase name="testPutUser[5](2, !@#$%^&amp;*(), Engineer, true)" classname="Put_Test" time="0.422"/>
  <testcase name="testPutUser[6](3, Jane Doe, Tester, true)" classname="Put_Test" time="0.663"/>
  <system-out><![CDATA[name before =null
Request method:	PUT
Request URI:	https://reqres.in/api/users/22
Proxy:			<none>
Request params:	<none>
Query params:	<none>
Form params:	<none>
Path params:	<none>
Headers:		Accept=*/*
				Content-Type=application/json
Cookies:		<none>
Multiparts:		<none>
Body:
{
    "name": "John Doe",
    "job": "Software Developer",
    "userID": 2
}
HTTP/1.1 200 OK
Date: Fri, 31 Jan 2025 10:18:18 GMT
Content-Type: application/json; charset=utf-8
Transfer-Encoding: chunked
Connection: keep-alive
Report-To: {"group":"heroku-nel","max_age":3600,"endpoints":[{"url":"https://nel.heroku.com/reports?ts=1738318698&sid=c4c9725f-1ab0-44d8-820f-430df2718e11&s=wYaQPAEvlokAECrH2UAaUDNWKXLXTCpmHuPzTEcWB34%3D"}]}
Reporting-Endpoints: heroku-nel=https://nel.heroku.com/reports?ts=1738318698&sid=c4c9725f-1ab0-44d8-820f-430df2718e11&s=wYaQPAEvlokAECrH2UAaUDNWKXLXTCpmHuPzTEcWB34%3D
Nel: {"report_to":"heroku-nel","max_age":3600,"success_fraction":0.005,"failure_fraction":0.05,"response_headers":["Via"]}
X-Powered-By: Express
Access-Control-Allow-Origin: *
Etag: W/"60-uChUYEdqjHslkpLicQN3N2me3Qk"
Via: 1.1 vegur
CF-Cache-Status: DYNAMIC
Vary: Accept-Encoding
Server: cloudflare
CF-RAY: 90a8f4f89c44fa52-SJC
Content-Encoding: gzip
server-timing: cfL4;desc="?proto=TCP&rtt=2377&min_rtt=1766&rtt_var=1099&sent=6&recv=7&lost=0&retrans=0&sent_bytes=3106&recv_bytes=869&delivery_rate=2425821&cwnd=252&unsent_bytes=0&cid=2a8dedfdf1bee6cc&ts=280&x=0"

{
    "name": "John Doe",
    "job": "Software Developer",
    "userID": 2,
    "updatedAt": "2025-01-31T10:18:18.538Z"
}
name before =null
Request method:	PUT
Request URI:	https://reqres.in/api/users/22
Proxy:			<none>
Request params:	<none>
Query params:	<none>
Form params:	<none>
Path params:	<none>
Headers:		Accept=*/*
				Content-Type=application/json
Cookies:		<none>
Multiparts:		<none>
Body:
{
    "name": "",
    "job": "QA Engineer",
    "userID": 2
}
HTTP/1.1 200 OK
Date: Fri, 31 Jan 2025 10:18:19 GMT
Content-Type: application/json; charset=utf-8
Transfer-Encoding: chunked
Connection: keep-alive
Report-To: {"group":"heroku-nel","max_age":3600,"endpoints":[{"url":"https://nel.heroku.com/reports?ts=1738318698&sid=c4c9725f-1ab0-44d8-820f-430df2718e11&s=wYaQPAEvlokAECrH2UAaUDNWKXLXTCpmHuPzTEcWB34%3D"}]}
Reporting-Endpoints: heroku-nel=https://nel.heroku.com/reports?ts=1738318698&sid=c4c9725f-1ab0-44d8-820f-430df2718e11&s=wYaQPAEvlokAECrH2UAaUDNWKXLXTCpmHuPzTEcWB34%3D
Nel: {"report_to":"heroku-nel","max_age":3600,"success_fraction":0.005,"failure_fraction":0.05,"response_headers":["Via"]}
X-Powered-By: Express
Access-Control-Allow-Origin: *
Etag: W/"51-zKBaMQGPvf7ggQmKHT5YsGbqJGs"
Via: 1.1 vegur
CF-Cache-Status: DYNAMIC
Vary: Accept-Encoding
Server: cloudflare
CF-RAY: 90a8f4fb4f2067a9-SJC
Content-Encoding: gzip
server-timing: cfL4;desc="?proto=TCP&rtt=1779&min_rtt=1543&rtt_var=747&sent=5&recv=7&lost=0&retrans=0&sent_bytes=3107&recv_bytes=854&delivery_rate=2776409&cwnd=252&unsent_bytes=0&cid=204fdb8274bfc0a5&ts=282&x=0"

{
    "name": "",
    "job": "QA Engineer",
    "userID": 2,
    "updatedAt": "2025-01-31T10:18:18.963Z"
}
name before =null
Request method:	PUT
Request URI:	https://reqres.in/api/users/22
Proxy:			<none>
Request params:	<none>
Query params:	<none>
Form params:	<none>
Path params:	<none>
Headers:		Accept=*/*
				Content-Type=application/json
Cookies:		<none>
Multiparts:		<none>
Body:
{
    "name": "Alice",
    "job": "",
    "userID": 2
}
HTTP/1.1 200 OK
Date: Fri, 31 Jan 2025 10:18:19 GMT
Content-Type: application/json; charset=utf-8
Transfer-Encoding: chunked
Connection: keep-alive
Report-To: {"group":"heroku-nel","max_age":3600,"endpoints":[{"url":"https://nel.heroku.com/reports?ts=1738318699&sid=c4c9725f-1ab0-44d8-820f-430df2718e11&s=0xBfPRR31C2XjFDpu1Gl2kCIyfSlHH7OaI6ThpQ9DDg%3D"}]}
Reporting-Endpoints: heroku-nel=https://nel.heroku.com/reports?ts=1738318699&sid=c4c9725f-1ab0-44d8-820f-430df2718e11&s=0xBfPRR31C2XjFDpu1Gl2kCIyfSlHH7OaI6ThpQ9DDg%3D
Nel: {"report_to":"heroku-nel","max_age":3600,"success_fraction":0.005,"failure_fraction":0.05,"response_headers":["Via"]}
X-Powered-By: Express
Access-Control-Allow-Origin: *
Etag: W/"4b-yVd94TG5J4YgHjTQAEDKLVzrGGw"
Via: 1.1 vegur
CF-Cache-Status: DYNAMIC
Vary: Accept-Encoding
Server: cloudflare
CF-RAY: 90a8f4fddf66ebeb-SJC
Content-Encoding: gzip
server-timing: cfL4;desc="?proto=TCP&rtt=1703&min_rtt=1586&rtt_var=829&sent=5&recv=7&lost=0&retrans=0&sent_bytes=3106&recv_bytes=848&delivery_rate=1695961&cwnd=252&unsent_bytes=0&cid=d83420a069296293&ts=274&x=0"

{
    "name": "Alice",
    "job": "",
    "userID": 2,
    "updatedAt": "2025-01-31T10:18:19.370Z"
}
name before =null
Request method:	PUT
Request URI:	https://reqres.in/api/users/22
Proxy:			<none>
Request params:	<none>
Query params:	<none>
Form params:	<none>
Path params:	<none>
Headers:		Accept=*/*
				Content-Type=application/json
Cookies:		<none>
Multiparts:		<none>
Body:
{
    "name": "VeryLongNameThatExceedsNormalLengthaldhiuhisabdkauhiugfKJKASJHFKSJH",
    "job": "Dev",
    "userID": 2
}
HTTP/1.1 200 OK
Date: Fri, 31 Jan 2025 10:18:19 GMT
Content-Type: application/json; charset=utf-8
Transfer-Encoding: chunked
Connection: keep-alive
Report-To: {"group":"heroku-nel","max_age":3600,"endpoints":[{"url":"https://nel.heroku.com/reports?ts=1738318699&sid=c4c9725f-1ab0-44d8-820f-430df2718e11&s=0xBfPRR31C2XjFDpu1Gl2kCIyfSlHH7OaI6ThpQ9DDg%3D"}]}
Reporting-Endpoints: heroku-nel=https://nel.heroku.com/reports?ts=1738318699&sid=c4c9725f-1ab0-44d8-820f-430df2718e11&s=0xBfPRR31C2XjFDpu1Gl2kCIyfSlHH7OaI6ThpQ9DDg%3D
Nel: {"report_to":"heroku-nel","max_age":3600,"success_fraction":0.005,"failure_fraction":0.05,"response_headers":["Via"]}
X-Powered-By: Express
Access-Control-Allow-Origin: *
Etag: W/"8c-Io7SETUcAeVz0o8j8OtVaLGJQbM"
Via: 1.1 vegur
CF-Cache-Status: DYNAMIC
Vary: Accept-Encoding
Server: cloudflare
CF-RAY: 90a8f5005e7ff9f5-SJC
Content-Encoding: gzip
server-timing: cfL4;desc="?proto=TCP&rtt=1925&min_rtt=1853&rtt_var=746&sent=6&recv=7&lost=0&retrans=0&sent_bytes=3105&recv_bytes=914&delivery_rate=2311926&cwnd=252&unsent_bytes=0&cid=5c785ea7a659b9fa&ts=287&x=0"

{
    "name": "VeryLongNameThatExceedsNormalLengthaldhiuhisabdkauhiugfKJKASJHFKSJH",
    "job": "Dev",
    "userID": 2,
    "updatedAt": "2025-01-31T10:18:19.778Z"
}
name before =null
Request method:	PUT
Request URI:	https://reqres.in/api/users/22
Proxy:			<none>
Request params:	<none>
Query params:	<none>
Form params:	<none>
Path params:	<none>
Headers:		Accept=*/*
				Content-Type=application/json
Cookies:		<none>
Multiparts:		<none>
Body:
{
    "name": "Bob",
    "job": "Business Analyst",
    "userID": 2
}
HTTP/1.1 200 OK
Date: Fri, 31 Jan 2025 10:18:20 GMT
Content-Type: application/json; charset=utf-8
Transfer-Encoding: chunked
Connection: keep-alive
Report-To: {"group":"heroku-nel","max_age":3600,"endpoints":[{"url":"https://nel.heroku.com/reports?ts=1738318700&sid=c4c9725f-1ab0-44d8-820f-430df2718e11&s=g4mME1hUdKgga4fTXWjhYWwg9ptKh0EtIyeP7hdULkE%3D"}]}
Reporting-Endpoints: heroku-nel=https://nel.heroku.com/reports?ts=1738318700&sid=c4c9725f-1ab0-44d8-820f-430df2718e11&s=g4mME1hUdKgga4fTXWjhYWwg9ptKh0EtIyeP7hdULkE%3D
Nel: {"report_to":"heroku-nel","max_age":3600,"success_fraction":0.005,"failure_fraction":0.05,"response_headers":["Via"]}
X-Powered-By: Express
Access-Control-Allow-Origin: *
Etag: W/"59-lLoxT9MEOiT6jVH91ba4GwsIrqw"
Via: 1.1 vegur
CF-Cache-Status: DYNAMIC
Vary: Accept-Encoding
Server: cloudflare
CF-RAY: 90a8f502efc1ebe9-SJC
Content-Encoding: gzip
server-timing: cfL4;desc="?proto=TCP&rtt=1622&min_rtt=1598&rtt_var=648&sent=5&recv=7&lost=0&retrans=0&sent_bytes=3106&recv_bytes=862&delivery_rate=2389291&cwnd=252&unsent_bytes=0&cid=8042dcf79fb5fb05&ts=294&x=0"

{
    "name": "Bob",
    "job": "Business Analyst",
    "userID": 2,
    "updatedAt": "2025-01-31T10:18:20.192Z"
}
name before =null
Request method:	PUT
Request URI:	https://reqres.in/api/users/22
Proxy:			<none>
Request params:	<none>
Query params:	<none>
Form params:	<none>
Path params:	<none>
Headers:		Accept=*/*
				Content-Type=application/json
Cookies:		<none>
Multiparts:		<none>
Body:
{
    "name": "!@#$%^&*()",
    "job": "Engineer",
    "userID": 2
}
HTTP/1.1 200 OK
Date: Fri, 31 Jan 2025 10:18:20 GMT
Content-Type: application/json; charset=utf-8
Transfer-Encoding: chunked
Connection: keep-alive
Report-To: {"group":"heroku-nel","max_age":3600,"endpoints":[{"url":"https://nel.heroku.com/reports?ts=1738318700&sid=c4c9725f-1ab0-44d8-820f-430df2718e11&s=g4mME1hUdKgga4fTXWjhYWwg9ptKh0EtIyeP7hdULkE%3D"}]}
Reporting-Endpoints: heroku-nel=https://nel.heroku.com/reports?ts=1738318700&sid=c4c9725f-1ab0-44d8-820f-430df2718e11&s=g4mME1hUdKgga4fTXWjhYWwg9ptKh0EtIyeP7hdULkE%3D
Nel: {"report_to":"heroku-nel","max_age":3600,"success_fraction":0.005,"failure_fraction":0.05,"response_headers":["Via"]}
X-Powered-By: Express
Access-Control-Allow-Origin: *
Etag: W/"58-Eo98YPxn+cJfvbiSQrBnNOU5np8"
Via: 1.1 vegur
CF-Cache-Status: DYNAMIC
Vary: Accept-Encoding
Server: cloudflare
CF-RAY: 90a8f5059ceeeb31-SJC
Content-Encoding: gzip
server-timing: cfL4;desc="?proto=TCP&rtt=1513&min_rtt=1459&rtt_var=586&sent=6&recv=7&lost=0&retrans=0&sent_bytes=3106&recv_bytes=861&delivery_rate=2936257&cwnd=252&unsent_bytes=0&cid=b42b0c8bca62eef4&ts=295&x=0"

{
    "name": "!@#$%^&*()",
    "job": "Engineer",
    "userID": 2,
    "updatedAt": "2025-01-31T10:18:20.613Z"
}
name before =null
Request method:	PUT
Request URI:	https://reqres.in/api/users/23
Proxy:			<none>
Request params:	<none>
Query params:	<none>
Form params:	<none>
Path params:	<none>
Headers:		Accept=*/*
				Content-Type=application/json
Cookies:		<none>
Multiparts:		<none>
Body:
{
    "name": "Jane Doe",
    "job": "Tester",
    "userID": 3
}
HTTP/1.1 200 OK
Date: Fri, 31 Jan 2025 10:18:21 GMT
Content-Type: application/json; charset=utf-8
Transfer-Encoding: chunked
Connection: keep-alive
Report-To: {"group":"heroku-nel","max_age":3600,"endpoints":[{"url":"https://nel.heroku.com/reports?ts=1738318701&sid=c4c9725f-1ab0-44d8-820f-430df2718e11&s=VZS1lEFD2vbA3Dj2k1I5c2vp12JNuyyAEs0IT0n5oqQ%3D"}]}
Reporting-Endpoints: heroku-nel=https://nel.heroku.com/reports?ts=1738318701&sid=c4c9725f-1ab0-44d8-820f-430df2718e11&s=VZS1lEFD2vbA3Dj2k1I5c2vp12JNuyyAEs0IT0n5oqQ%3D
Nel: {"report_to":"heroku-nel","max_age":3600,"success_fraction":0.005,"failure_fraction":0.05,"response_headers":["Via"]}
X-Powered-By: Express
Access-Control-Allow-Origin: *
Etag: W/"54-CkSYTxJJwdm+35wydfoNO4HkyV0"
Via: 1.1 vegur
CF-Cache-Status: DYNAMIC
Vary: Accept-Encoding
Server: cloudflare
CF-RAY: 90a8f509af1d15f7-SJC
Content-Encoding: gzip
server-timing: cfL4;desc="?proto=TCP&rtt=2198&min_rtt=2192&rtt_var=835&sent=5&recv=7&lost=0&retrans=0&sent_bytes=3105&recv_bytes=857&delivery_rate=1907390&cwnd=252&unsent_bytes=0&cid=d0162141aad4b73b&ts=296&x=0"

{
    "name": "Jane Doe",
    "job": "Tester",
    "userID": 3,
    "updatedAt": "2025-01-31T10:18:21.278Z"
}
]]></system-out>
  <system-err><![CDATA[]]></system-err>
</testsuite>
