<?xml version="1.0" encoding="UTF-8"?>
<testsuite name="DeleteTest" tests="1" skipped="0" failures="0" errors="0" timestamp="2025-02-10T14:10:19" hostname="fv-az1316-159" time="0.194">
  <properties/>
  <testcase name="DeleteUser[0](204)" classname="DeleteTest" time="0.194"/>
  <system-out><![CDATA[Request method:	DELETE
Request URI:	https://reqres.in/api/users/2
Proxy:			<none>
Request params:	<none>
Query params:	<none>
Form params:	<none>
Path params:	<none>
Headers:		Accept=*/*
Cookies:		<none>
Multiparts:		<none>
Body:			<none>
HTTP/1.1 204 No Content
Date: Mon, 10 Feb 2025 14:10:19 GMT
Content-Length: 0
Connection: keep-alive
Report-To: {"group":"heroku-nel","max_age":3600,"endpoints":[{"url":"https://nel.heroku.com/reports?ts=1739196619&sid=c4c9725f-1ab0-44d8-820f-430df2718e11&s=Y9Ga9iP4T%2F2Rsm1HAGryZQqkl9Z3txEviC%2FTZoZ9u7g%3D"}]}
Reporting-Endpoints: heroku-nel=https://nel.heroku.com/reports?ts=1739196619&sid=c4c9725f-1ab0-44d8-820f-430df2718e11&s=Y9Ga9iP4T%2F2Rsm1HAGryZQqkl9Z3txEviC%2FTZoZ9u7g%3D
Nel: {"report_to":"heroku-nel","max_age":3600,"success_fraction":0.005,"failure_fraction":0.05,"response_headers":["Via"]}
X-Powered-By: Express
Access-Control-Allow-Origin: *
Etag: W/"2-vyGp6PvFo4RvsFtPoIWeCReyIC8"
Via: 1.1 vegur
cf-cache-status: DYNAMIC
Server: cloudflare
CF-RAY: 90fcae96fe6feaef-ORD
server-timing: cfL4;desc="?proto=TCP&rtt=2644&min_rtt=2639&rtt_var=752&sent=6&recv=8&lost=0&retrans=0&sent_bytes=3108&recv_bytes=762&delivery_rate=1605697&cwnd=252&unsent_bytes=0&cid=4fdf97e0a99aeace&ts=177&x=0"
]]></system-out>
  <system-err><![CDATA[]]></system-err>
</testsuite>
