<?xml version="1.0" encoding="UTF-8"?>
<testsuite name="PutTest" tests="7" skipped="0" failures="0" errors="0" timestamp="2025-02-06T10:04:27" hostname="fv-az1770-17" time="3.212">
  <properties/>
  <testcase name="testPutUser[0](2, John Doe, Software Developer, true)" classname="PutTest" time="0.678"/>
  <testcase name="testPutUser[1](2, , QA Engineer, true)" classname="PutTest" time="0.381"/>
  <testcase name="testPutUser[2](2, Alice, , true)" classname="PutTest" time="0.374"/>
  <testcase name="testPutUser[3](2, VeryLongNameThatExceedsNormalLengthaldhiuhisabdkauhiugfKJKASJHFKSJH, Dev, true)" classname="PutTest" time="0.375"/>
  <testcase name="testPutUser[4](2, Bob, Business Analyst, true)" classname="PutTest" time="0.384"/>
  <testcase name="testPutUser[5](2, !@#$%^&amp;*(), Engineer, true)" classname="PutTest" time="0.372"/>
  <testcase name="testPutUser[6](3, Jane Doe, Tester, true)" classname="PutTest" time="0.637"/>
  <system-out><![CDATA[name before =null
Request method:	PUT
Request URI:	https://reqres.in/api/users/22
Proxy:			<none>
Request params:	<none>
Query params:	<none>
Form params:	<none>
Path params:	<none>
Headers:		Accept=*/*
				Content-Type=application/json
Cookies:		<none>
Multiparts:		<none>
Body:
{
    "name": "John Doe",
    "job": "Software Developer",
    "userID": 2
}
HTTP/1.1 200 OK
Date: Thu, 06 Feb 2025 10:04:27 GMT
Content-Type: application/json; charset=utf-8
Transfer-Encoding: chunked
Connection: keep-alive
Content-Encoding: gzip
Cf-Ray: 90da50f0efcfcfac-SJC
Report-To: {"group":"heroku-nel","max_age":3600,"endpoints":[{"url":"https://nel.heroku.com/reports?ts=1738836267&sid=c4c9725f-1ab0-44d8-820f-430df2718e11&s=Wxjr3XYvZcQ3TRug9D9%2BGgke1%2BrKfjSdINNRR2jV4kc%3D"}]}
Reporting-Endpoints: heroku-nel=https://nel.heroku.com/reports?ts=1738836267&sid=c4c9725f-1ab0-44d8-820f-430df2718e11&s=Wxjr3XYvZcQ3TRug9D9%2BGgke1%2BrKfjSdINNRR2jV4kc%3D
Nel: {"report_to":"heroku-nel","max_age":3600,"success_fraction":0.005,"failure_fraction":0.05,"response_headers":["Via"]}
X-Powered-By: Express
Access-Control-Allow-Origin: *
Etag: W/"60-wGyi9qrHMHJK5F49d2qiiWeTq4w"
Via: 1.1 vegur
Cf-Cache-Status: DYNAMIC
Vary: Accept-Encoding
Server: cloudflare
server-timing: cfL4;desc="?proto=TCP&rtt=1551&min_rtt=1545&rtt_var=592&sent=6&recv=7&lost=0&retrans=0&sent_bytes=3107&recv_bytes=869&delivery_rate=2682529&cwnd=252&unsent_bytes=0&cid=54e8eb343c74cd6e&ts=285&x=0"

{
    "name": "John Doe",
    "job": "Software Developer",
    "userID": 2,
    "updatedAt": "2025-02-06T10:04:27.868Z"
}
name before =null
Request method:	PUT
Request URI:	https://reqres.in/api/users/22
Proxy:			<none>
Request params:	<none>
Query params:	<none>
Form params:	<none>
Path params:	<none>
Headers:		Accept=*/*
				Content-Type=application/json
Cookies:		<none>
Multiparts:		<none>
Body:
{
    "name": "",
    "job": "QA Engineer",
    "userID": 2
}
HTTP/1.1 200 OK
Date: Thu, 06 Feb 2025 10:04:28 GMT
Content-Type: application/json; charset=utf-8
Transfer-Encoding: chunked
Connection: keep-alive
Report-To: {"group":"heroku-nel","max_age":3600,"endpoints":[{"url":"https://nel.heroku.com/reports?ts=1738836268&sid=c4c9725f-1ab0-44d8-820f-430df2718e11&s=1zqBfDMLMwN%2Fmg8vkUL0zZDUDL%2BmKqW8Qdfr78CK18E%3D"}]}
Reporting-Endpoints: heroku-nel=https://nel.heroku.com/reports?ts=1738836268&sid=c4c9725f-1ab0-44d8-820f-430df2718e11&s=1zqBfDMLMwN%2Fmg8vkUL0zZDUDL%2BmKqW8Qdfr78CK18E%3D
Nel: {"report_to":"heroku-nel","max_age":3600,"success_fraction":0.005,"failure_fraction":0.05,"response_headers":["Via"]}
X-Powered-By: Express
Access-Control-Allow-Origin: *
Etag: W/"51-t4fROQG2H2FUKrC+xU+d3dnCOSI"
Via: 1.1 vegur
CF-Cache-Status: DYNAMIC
Vary: Accept-Encoding
Server: cloudflare
CF-RAY: 90da50f34831ceb5-SJC
Content-Encoding: gzip
server-timing: cfL4;desc="?proto=TCP&rtt=1769&min_rtt=1510&rtt_var=752&sent=6&recv=7&lost=0&retrans=0&sent_bytes=3108&recv_bytes=854&delivery_rate=2837086&cwnd=252&unsent_bytes=0&cid=879f35f78391208c&ts=287&x=0"

{
    "name": "",
    "job": "QA Engineer",
    "userID": 2,
    "updatedAt": "2025-02-06T10:04:28.255Z"
}
name before =null
Request method:	PUT
Request URI:	https://reqres.in/api/users/22
Proxy:			<none>
Request params:	<none>
Query params:	<none>
Form params:	<none>
Path params:	<none>
Headers:		Accept=*/*
				Content-Type=application/json
Cookies:		<none>
Multiparts:		<none>
Body:
{
    "name": "Alice",
    "job": "",
    "userID": 2
}
HTTP/1.1 200 OK
Date: Thu, 06 Feb 2025 10:04:28 GMT
Content-Type: application/json; charset=utf-8
Transfer-Encoding: chunked
Connection: keep-alive
Report-To: {"group":"heroku-nel","max_age":3600,"endpoints":[{"url":"https://nel.heroku.com/reports?ts=1738836268&sid=c4c9725f-1ab0-44d8-820f-430df2718e11&s=1zqBfDMLMwN%2Fmg8vkUL0zZDUDL%2BmKqW8Qdfr78CK18E%3D"}]}
Reporting-Endpoints: heroku-nel=https://nel.heroku.com/reports?ts=1738836268&sid=c4c9725f-1ab0-44d8-820f-430df2718e11&s=1zqBfDMLMwN%2Fmg8vkUL0zZDUDL%2BmKqW8Qdfr78CK18E%3D
Nel: {"report_to":"heroku-nel","max_age":3600,"success_fraction":0.005,"failure_fraction":0.05,"response_headers":["Via"]}
X-Powered-By: Express
Access-Control-Allow-Origin: *
Etag: W/"4b-dnzcnNUfEoT8y0b1R6klOmZFHjQ"
Via: 1.1 vegur
CF-Cache-Status: DYNAMIC
Vary: Accept-Encoding
Server: cloudflare
CF-RAY: 90da50f5ace21742-SJC
Content-Encoding: gzip
server-timing: cfL4;desc="?proto=TCP&rtt=1450&min_rtt=1435&rtt_var=569&sent=6&recv=7&lost=0&retrans=0&sent_bytes=3108&recv_bytes=848&delivery_rate=2744394&cwnd=251&unsent_bytes=0&cid=251a320ed152cdab&ts=282&x=0"

{
    "name": "Alice",
    "job": "",
    "userID": 2,
    "updatedAt": "2025-02-06T10:04:28.622Z"
}
name before =null
Request method:	PUT
Request URI:	https://reqres.in/api/users/22
Proxy:			<none>
Request params:	<none>
Query params:	<none>
Form params:	<none>
Path params:	<none>
Headers:		Accept=*/*
				Content-Type=application/json
Cookies:		<none>
Multiparts:		<none>
Body:
{
    "name": "VeryLongNameThatExceedsNormalLengthaldhiuhisabdkauhiugfKJKASJHFKSJH",
    "job": "Dev",
    "userID": 2
}
HTTP/1.1 200 OK
Date: Thu, 06 Feb 2025 10:04:29 GMT
Content-Type: application/json; charset=utf-8
Transfer-Encoding: chunked
Connection: keep-alive
Report-To: {"group":"heroku-nel","max_age":3600,"endpoints":[{"url":"https://nel.heroku.com/reports?ts=1738836269&sid=c4c9725f-1ab0-44d8-820f-430df2718e11&s=AAMKT6CXLku3lgIeLs5PKnSqc2%2FfFeMV7ITnM6hs3kU%3D"}]}
Reporting-Endpoints: heroku-nel=https://nel.heroku.com/reports?ts=1738836269&sid=c4c9725f-1ab0-44d8-820f-430df2718e11&s=AAMKT6CXLku3lgIeLs5PKnSqc2%2FfFeMV7ITnM6hs3kU%3D
Nel: {"report_to":"heroku-nel","max_age":3600,"success_fraction":0.005,"failure_fraction":0.05,"response_headers":["Via"]}
X-Powered-By: Express
Access-Control-Allow-Origin: *
Etag: W/"8c-fjK/hkB4LKa0cXPc5cFr+KZq0qE"
Via: 1.1 vegur
CF-Cache-Status: DYNAMIC
Vary: Accept-Encoding
Server: cloudflare
CF-RAY: 90da50f80e3cce80-SJC
Content-Encoding: gzip
server-timing: cfL4;desc="?proto=TCP&rtt=3261&min_rtt=3203&rtt_var=1318&sent=6&recv=7&lost=0&retrans=0&sent_bytes=3107&recv_bytes=914&delivery_rate=1166984&cwnd=252&unsent_bytes=0&cid=b55ec2b72dd76174&ts=288&x=0"

{
    "name": "VeryLongNameThatExceedsNormalLengthaldhiuhisabdkauhiugfKJKASJHFKSJH",
    "job": "Dev",
    "userID": 2,
    "updatedAt": "2025-02-06T10:04:29.010Z"
}
name before =null
Request method:	PUT
Request URI:	https://reqres.in/api/users/22
Proxy:			<none>
Request params:	<none>
Query params:	<none>
Form params:	<none>
Path params:	<none>
Headers:		Accept=*/*
				Content-Type=application/json
Cookies:		<none>
Multiparts:		<none>
Body:
{
    "name": "Bob",
    "job": "Business Analyst",
    "userID": 2
}
HTTP/1.1 200 OK
Date: Thu, 06 Feb 2025 10:04:29 GMT
Content-Type: application/json; charset=utf-8
Transfer-Encoding: chunked
Connection: keep-alive
Report-To: {"group":"heroku-nel","max_age":3600,"endpoints":[{"url":"https://nel.heroku.com/reports?ts=1738836269&sid=c4c9725f-1ab0-44d8-820f-430df2718e11&s=AAMKT6CXLku3lgIeLs5PKnSqc2%2FfFeMV7ITnM6hs3kU%3D"}]}
Reporting-Endpoints: heroku-nel=https://nel.heroku.com/reports?ts=1738836269&sid=c4c9725f-1ab0-44d8-820f-430df2718e11&s=AAMKT6CXLku3lgIeLs5PKnSqc2%2FfFeMV7ITnM6hs3kU%3D
Nel: {"report_to":"heroku-nel","max_age":3600,"success_fraction":0.005,"failure_fraction":0.05,"response_headers":["Via"]}
X-Powered-By: Express
Access-Control-Allow-Origin: *
Etag: W/"59-sOFjG+UHSbIeoSL8frWMv23Kqnk"
Via: 1.1 vegur
CF-Cache-Status: DYNAMIC
Vary: Accept-Encoding
Server: cloudflare
CF-RAY: 90da50fa5ebf2379-SJC
Content-Encoding: gzip
server-timing: cfL4;desc="?proto=TCP&rtt=2273&min_rtt=2037&rtt_var=1237&sent=6&recv=7&lost=0&retrans=0&sent_bytes=3108&recv_bytes=862&delivery_rate=1090353&cwnd=252&unsent_bytes=0&cid=b9edfcdf0747f404&ts=305&x=0"

{
    "name": "Bob",
    "job": "Business Analyst",
    "userID": 2,
    "updatedAt": "2025-02-06T10:04:29.396Z"
}
name before =null
Request method:	PUT
Request URI:	https://reqres.in/api/users/22
Proxy:			<none>
Request params:	<none>
Query params:	<none>
Form params:	<none>
Path params:	<none>
Headers:		Accept=*/*
				Content-Type=application/json
Cookies:		<none>
Multiparts:		<none>
Body:
{
    "name": "!@#$%^&*()",
    "job": "Engineer",
    "userID": 2
}
HTTP/1.1 200 OK
Date: Thu, 06 Feb 2025 10:04:29 GMT
Content-Type: application/json; charset=utf-8
Transfer-Encoding: chunked
Connection: keep-alive
Report-To: {"group":"heroku-nel","max_age":3600,"endpoints":[{"url":"https://nel.heroku.com/reports?ts=1738836269&sid=c4c9725f-1ab0-44d8-820f-430df2718e11&s=AAMKT6CXLku3lgIeLs5PKnSqc2%2FfFeMV7ITnM6hs3kU%3D"}]}
Reporting-Endpoints: heroku-nel=https://nel.heroku.com/reports?ts=1738836269&sid=c4c9725f-1ab0-44d8-820f-430df2718e11&s=AAMKT6CXLku3lgIeLs5PKnSqc2%2FfFeMV7ITnM6hs3kU%3D
Nel: {"report_to":"heroku-nel","max_age":3600,"success_fraction":0.005,"failure_fraction":0.05,"response_headers":["Via"]}
X-Powered-By: Express
Access-Control-Allow-Origin: *
Etag: W/"58-Ia66X1KCoVPZSGMnFuv7QNvQrf0"
Via: 1.1 vegur
CF-Cache-Status: DYNAMIC
Vary: Accept-Encoding
Server: cloudflare
CF-RAY: 90da50fccb76faae-SJC
Content-Encoding: gzip
server-timing: cfL4;desc="?proto=TCP&rtt=1601&min_rtt=1569&rtt_var=611&sent=6&recv=7&lost=0&retrans=0&sent_bytes=3109&recv_bytes=861&delivery_rate=2730401&cwnd=252&unsent_bytes=0&cid=340b3f77d3f9fc05&ts=284&x=0"

{
    "name": "!@#$%^&*()",
    "job": "Engineer",
    "userID": 2,
    "updatedAt": "2025-02-06T10:04:29.767Z"
}
name before =null
Request method:	PUT
Request URI:	https://reqres.in/api/users/23
Proxy:			<none>
Request params:	<none>
Query params:	<none>
Form params:	<none>
Path params:	<none>
Headers:		Accept=*/*
				Content-Type=application/json
Cookies:		<none>
Multiparts:		<none>
Body:
{
    "name": "Jane Doe",
    "job": "Tester",
    "userID": 3
}
HTTP/1.1 200 OK
Date: Thu, 06 Feb 2025 10:04:30 GMT
Content-Type: application/json; charset=utf-8
Transfer-Encoding: chunked
Connection: keep-alive
Report-To: {"group":"heroku-nel","max_age":3600,"endpoints":[{"url":"https://nel.heroku.com/reports?ts=1738836270&sid=c4c9725f-1ab0-44d8-820f-430df2718e11&s=Hiwm0PJkcX9ArS9OA3Vg51nkzK759E8Wjr3ywkmmphM%3D"}]}
Reporting-Endpoints: heroku-nel=https://nel.heroku.com/reports?ts=1738836270&sid=c4c9725f-1ab0-44d8-820f-430df2718e11&s=Hiwm0PJkcX9ArS9OA3Vg51nkzK759E8Wjr3ywkmmphM%3D
Nel: {"report_to":"heroku-nel","max_age":3600,"success_fraction":0.005,"failure_fraction":0.05,"response_headers":["Via"]}
X-Powered-By: Express
Access-Control-Allow-Origin: *
Etag: W/"54-28nrjofhDaiGkqbNtV6GpXepGf4"
Via: 1.1 vegur
CF-Cache-Status: DYNAMIC
Vary: Accept-Encoding
Server: cloudflare
CF-RAY: 90da5100bae92710-SJC
Content-Encoding: gzip
server-timing: cfL4;desc="?proto=TCP&rtt=2121&min_rtt=2100&rtt_var=831&sent=6&recv=7&lost=0&retrans=0&sent_bytes=3108&recv_bytes=857&delivery_rate=1883076&cwnd=252&unsent_bytes=0&cid=d0e0481bc458346f&ts=287&x=0"

{
    "name": "Jane Doe",
    "job": "Tester",
    "userID": 3,
    "updatedAt": "2025-02-06T10:04:30.406Z"
}
]]></system-out>
  <system-err><![CDATA[]]></system-err>
</testsuite>
