<?xml version="1.0" encoding="UTF-8"?>
<testsuite name="GetTest" tests="3" skipped="0" failures="0" errors="0" timestamp="2025-02-03T14:58:38" hostname="fv-az1042-23" time="4.126">
  <properties/>
  <testcase name="GetUser[0](9, true)" classname="GetTest" time="3.584"/>
  <testcase name="GetUser[1](999, false)" classname="GetTest" time="0.224"/>
  <testcase name="GetUser[2](0, false)" classname="GetTest" time="0.231"/>
  <system-out><![CDATA[Request method:	GET
Request URI:	https://reqres.in/api/users/9
Proxy:			<none>
Request params:	<none>
Query params:	<none>
Form params:	<none>
Path params:	id=9
Headers:		Accept=*/*
Cookies:		<none>
Multiparts:		<none>
Body:			<none>
HTTP/1.1 200 OK
Date: Mon, 03 Feb 2025 14:58:40 GMT
Content-Type: application/json; charset=utf-8
Transfer-Encoding: chunked
Connection: keep-alive
Report-To: {"group":"heroku-nel","max_age":3600,"endpoints":[{"url":"https://nel.heroku.com/reports?ts=1738439676&sid=c4c9725f-1ab0-44d8-820f-430df2718e11&s=AAYRsXbSi21LFBMpIYz4%2BGS98um%2FPgMWkP%2F5%2BTesT08%3D"}]}
Reporting-Endpoints: heroku-nel=https://nel.heroku.com/reports?ts=1738439676&sid=c4c9725f-1ab0-44d8-820f-430df2718e11&s=AAYRsXbSi21LFBMpIYz4%2BGS98um%2FPgMWkP%2F5%2BTesT08%3D
Nel: {"report_to":"heroku-nel","max_age":3600,"success_fraction":0.005,"failure_fraction":0.05,"response_headers":["Via"]}
X-Powered-By: Express
Access-Control-Allow-Origin: *
Etag: W/"152-FpYvp70F61UHmjz1MpAbXegc4Hc"
Via: 1.1 vegur
Cache-Control: max-age=14400
CF-Cache-Status: REVALIDATED
Vary: Accept-Encoding
Server: cloudflare
CF-RAY: 90c347cb1c5df607-ORD
Content-Encoding: gzip
server-timing: cfL4;desc="?proto=TCP&rtt=1846&min_rtt=1833&rtt_var=715&sent=7&recv=7&lost=0&retrans=0&sent_bytes=3108&recv_bytes=759&delivery_rate=2204837&cwnd=252&unsent_bytes=0&cid=812d67fbe38becef&ts=311&x=0"

{
    "data": {
        "id": 9,
        "email": "tobias.funke@reqres.in",
        "first_name": "Tobias",
        "last_name": "Funke",
        "avatar": "https://reqres.in/img/faces/9-image.jpg"
    },
    "support": {
        "url": "https://contentcaddy.io?utm_source=reqres&utm_medium=json&utm_campaign=referral",
        "text": "Tired of writing endless social media content? Let Content Caddy generate it for you."
    }
}
Request method:	GET
Request URI:	https://reqres.in/api/users/999
Proxy:			<none>
Request params:	<none>
Query params:	<none>
Form params:	<none>
Path params:	id=999
Headers:		Accept=*/*
Cookies:		<none>
Multiparts:		<none>
Body:			<none>
HTTP/1.1 404 Not Found
Date: Mon, 03 Feb 2025 14:58:42 GMT
Content-Type: application/json; charset=utf-8
Content-Length: 2
Connection: keep-alive
Report-To: {"group":"heroku-nel","max_age":3600,"endpoints":[{"url":"https://nel.heroku.com/reports?ts=1738594722&sid=c4c9725f-1ab0-44d8-820f-430df2718e11&s=PBYT6OgF%2FxFQgzWruJCpQ93OU1HYj8TwGAr0bgKNX%2FY%3D"}]}
Reporting-Endpoints: heroku-nel=https://nel.heroku.com/reports?ts=1738594722&sid=c4c9725f-1ab0-44d8-820f-430df2718e11&s=PBYT6OgF%2FxFQgzWruJCpQ93OU1HYj8TwGAr0bgKNX%2FY%3D
Nel: {"report_to":"heroku-nel","max_age":3600,"success_fraction":0.005,"failure_fraction":0.05,"response_headers":["Via"]}
X-Powered-By: Express
Access-Control-Allow-Origin: *
Etag: W/"2-vyGp6PvFo4RvsFtPoIWeCReyIC8"
Via: 1.1 vegur
Cache-Control: max-age=14400
CF-Cache-Status: EXPIRED
Vary: Accept-Encoding
Server: cloudflare
CF-RAY: 90c347d6ac8b89fd-ORD
server-timing: cfL4;desc="?proto=TCP&rtt=2647&min_rtt=2527&rtt_var=816&sent=6&recv=8&lost=0&retrans=0&sent_bytes=3108&recv_bytes=761&delivery_rate=1690607&cwnd=252&unsent_bytes=0&cid=a827887f48e00e26&ts=197&x=0"

{
    
}
Request method:	GET
Request URI:	https://reqres.in/api/users/0
Proxy:			<none>
Request params:	<none>
Query params:	<none>
Form params:	<none>
Path params:	id=0
Headers:		Accept=*/*
Cookies:		<none>
Multiparts:		<none>
Body:			<none>
HTTP/1.1 404 Not Found
Date: Mon, 03 Feb 2025 14:58:42 GMT
Content-Type: application/json; charset=utf-8
Content-Length: 2
Connection: keep-alive
Report-To: {"group":"heroku-nel","max_age":3600,"endpoints":[{"url":"https://nel.heroku.com/reports?ts=1738594722&sid=c4c9725f-1ab0-44d8-820f-430df2718e11&s=PBYT6OgF%2FxFQgzWruJCpQ93OU1HYj8TwGAr0bgKNX%2FY%3D"}]}
Reporting-Endpoints: heroku-nel=https://nel.heroku.com/reports?ts=1738594722&sid=c4c9725f-1ab0-44d8-820f-430df2718e11&s=PBYT6OgF%2FxFQgzWruJCpQ93OU1HYj8TwGAr0bgKNX%2FY%3D
Nel: {"report_to":"heroku-nel","max_age":3600,"success_fraction":0.005,"failure_fraction":0.05,"response_headers":["Via"]}
X-Powered-By: Express
Access-Control-Allow-Origin: *
Etag: W/"2-vyGp6PvFo4RvsFtPoIWeCReyIC8"
Via: 1.1 vegur
Cache-Control: max-age=14400
CF-Cache-Status: EXPIRED
Vary: Accept-Encoding
Server: cloudflare
CF-RAY: 90c347d8186feadc-ORD
server-timing: cfL4;desc="?proto=TCP&rtt=2112&min_rtt=2106&rtt_var=803&sent=6&recv=7&lost=0&retrans=0&sent_bytes=3108&recv_bytes=759&delivery_rate=1984251&cwnd=252&unsent_bytes=0&cid=adedd9ff19a4dddd&ts=202&x=0"

{
    
}
]]></system-out>
  <system-err><![CDATA[]]></system-err>
</testsuite>
