<?xml version="1.0" encoding="UTF-8"?>
<testsuite name="Put_Test" tests="7" skipped="0" failures="0" errors="0" timestamp="2025-01-30T19:41:28" hostname="fv-az1950-687" time="2.777">
  <properties/>
  <testcase name="testPutUser[0](2, John Doe, Software Developer, true)" classname="Put_Test" time="0.543"/>
  <testcase name="testPutUser[1](2, , QA Engineer, true)" classname="Put_Test" time="0.377"/>
  <testcase name="testPutUser[2](2, Alice, , true)" classname="Put_Test" time="0.324"/>
  <testcase name="testPutUser[3](2, VeryLongNameThatExceedsNormalLengthaldhiuhisabdkauhiugfKJKASJHFKSJH, Dev, true)" classname="Put_Test" time="0.384"/>
  <testcase name="testPutUser[4](2, Bob, Business Analyst, true)" classname="Put_Test" time="0.331"/>
  <testcase name="testPutUser[5](2, !@#$%^&amp;*(), Engineer, true)" classname="Put_Test" time="0.312"/>
  <testcase name="testPutUser[6](3, Jane Doe, Tester, true)" classname="Put_Test" time="0.496"/>
  <system-out><![CDATA[name before =null
Request method:	PUT
Request URI:	https://reqres.in/api/users/22
Proxy:			<none>
Request params:	<none>
Query params:	<none>
Form params:	<none>
Path params:	<none>
Headers:		Accept=*/*
				Content-Type=application/json
Cookies:		<none>
Multiparts:		<none>
Body:
{
    "name": "John Doe",
    "job": "Software Developer",
    "userID": 2
}
HTTP/1.1 200 OK
Date: Thu, 30 Jan 2025 19:41:29 GMT
Content-Type: application/json; charset=utf-8
Transfer-Encoding: chunked
Connection: keep-alive
Report-To: {"group":"heroku-nel","max_age":3600,"endpoints":[{"url":"https://nel.heroku.com/reports?ts=1738266089&sid=c4c9725f-1ab0-44d8-820f-430df2718e11&s=14FWkYFKSqMMIubZLMwpSyW%2BPM2q7d5DW5z1mep25jU%3D"}]}
Reporting-Endpoints: heroku-nel=https://nel.heroku.com/reports?ts=1738266089&sid=c4c9725f-1ab0-44d8-820f-430df2718e11&s=14FWkYFKSqMMIubZLMwpSyW%2BPM2q7d5DW5z1mep25jU%3D
Nel: {"report_to":"heroku-nel","max_age":3600,"success_fraction":0.005,"failure_fraction":0.05,"response_headers":["Via"]}
X-Powered-By: Express
Access-Control-Allow-Origin: *
Etag: W/"60-tBUpNeJvC1Q7iPUSeEIgoNUlzr4"
Via: 1.1 vegur
CF-Cache-Status: DYNAMIC
Vary: Accept-Encoding
Server: cloudflare
CF-RAY: 90a3f08feba2d6b8-IAD
Content-Encoding: gzip
server-timing: cfL4;desc="?proto=TCP&rtt=5180&min_rtt=5024&rtt_var=1996&sent=6&recv=7&lost=0&retrans=0&sent_bytes=3106&recv_bytes=869&delivery_rate=852707&cwnd=252&unsent_bytes=0&cid=3a16a1a77d170562&ts=174&x=0"

{
    "name": "John Doe",
    "job": "Software Developer",
    "userID": 2,
    "updatedAt": "2025-01-30T19:41:29.058Z"
}
name before =null
Request method:	PUT
Request URI:	https://reqres.in/api/users/22
Proxy:			<none>
Request params:	<none>
Query params:	<none>
Form params:	<none>
Path params:	<none>
Headers:		Accept=*/*
				Content-Type=application/json
Cookies:		<none>
Multiparts:		<none>
Body:
{
    "name": "",
    "job": "QA Engineer",
    "userID": 2
}
HTTP/1.1 200 OK
Date: Thu, 30 Jan 2025 19:41:29 GMT
Content-Type: application/json; charset=utf-8
Transfer-Encoding: chunked
Connection: keep-alive
Report-To: {"group":"heroku-nel","max_age":3600,"endpoints":[{"url":"https://nel.heroku.com/reports?ts=1738266089&sid=c4c9725f-1ab0-44d8-820f-430df2718e11&s=14FWkYFKSqMMIubZLMwpSyW%2BPM2q7d5DW5z1mep25jU%3D"}]}
Reporting-Endpoints: heroku-nel=https://nel.heroku.com/reports?ts=1738266089&sid=c4c9725f-1ab0-44d8-820f-430df2718e11&s=14FWkYFKSqMMIubZLMwpSyW%2BPM2q7d5DW5z1mep25jU%3D
Nel: {"report_to":"heroku-nel","max_age":3600,"success_fraction":0.005,"failure_fraction":0.05,"response_headers":["Via"]}
X-Powered-By: Express
Access-Control-Allow-Origin: *
Etag: W/"51-VPHsLh9l1b+JBhr7q8aAW2BRa+M"
Via: 1.1 vegur
CF-Cache-Status: DYNAMIC
Vary: Accept-Encoding
Server: cloudflare
CF-RAY: 90a3f0924956c574-IAD
Content-Encoding: gzip
server-timing: cfL4;desc="?proto=TCP&rtt=5063&min_rtt=5009&rtt_var=1917&sent=6&recv=7&lost=0&retrans=0&sent_bytes=3106&recv_bytes=854&delivery_rate=855260&cwnd=252&unsent_bytes=0&cid=a5bedbf2e5353754&ts=172&x=0"

{
    "name": "",
    "job": "QA Engineer",
    "userID": 2,
    "updatedAt": "2025-01-30T19:41:29.447Z"
}
name before =null
Request method:	PUT
Request URI:	https://reqres.in/api/users/22
Proxy:			<none>
Request params:	<none>
Query params:	<none>
Form params:	<none>
Path params:	<none>
Headers:		Accept=*/*
				Content-Type=application/json
Cookies:		<none>
Multiparts:		<none>
Body:
{
    "name": "Alice",
    "job": "",
    "userID": 2
}
HTTP/1.1 200 OK
Date: Thu, 30 Jan 2025 19:41:29 GMT
Content-Type: application/json; charset=utf-8
Transfer-Encoding: chunked
Connection: keep-alive
Report-To: {"group":"heroku-nel","max_age":3600,"endpoints":[{"url":"https://nel.heroku.com/reports?ts=1738266089&sid=c4c9725f-1ab0-44d8-820f-430df2718e11&s=14FWkYFKSqMMIubZLMwpSyW%2BPM2q7d5DW5z1mep25jU%3D"}]}
Reporting-Endpoints: heroku-nel=https://nel.heroku.com/reports?ts=1738266089&sid=c4c9725f-1ab0-44d8-820f-430df2718e11&s=14FWkYFKSqMMIubZLMwpSyW%2BPM2q7d5DW5z1mep25jU%3D
Nel: {"report_to":"heroku-nel","max_age":3600,"success_fraction":0.005,"failure_fraction":0.05,"response_headers":["Via"]}
X-Powered-By: Express
Access-Control-Allow-Origin: *
Etag: W/"4b-wKYtwCKLSR9bPW4E/aYnHd4e2aQ"
Via: 1.1 vegur
CF-Cache-Status: DYNAMIC
Vary: Accept-Encoding
Server: cloudflare
CF-RAY: 90a3f0945c245a4c-IAD
Content-Encoding: gzip
server-timing: cfL4;desc="?proto=TCP&rtt=5081&min_rtt=5008&rtt_var=1471&sent=6&recv=8&lost=0&retrans=0&sent_bytes=3106&recv_bytes=848&delivery_rate=854066&cwnd=252&unsent_bytes=0&cid=d46d873b346a949c&ts=179&x=0"

{
    "name": "Alice",
    "job": "",
    "userID": 2,
    "updatedAt": "2025-01-30T19:41:29.766Z"
}
name before =null
Request method:	PUT
Request URI:	https://reqres.in/api/users/22
Proxy:			<none>
Request params:	<none>
Query params:	<none>
Form params:	<none>
Path params:	<none>
Headers:		Accept=*/*
				Content-Type=application/json
Cookies:		<none>
Multiparts:		<none>
Body:
{
    "name": "VeryLongNameThatExceedsNormalLengthaldhiuhisabdkauhiugfKJKASJHFKSJH",
    "job": "Dev",
    "userID": 2
}
HTTP/1.1 200 OK
Date: Thu, 30 Jan 2025 19:41:30 GMT
Content-Type: application/json; charset=utf-8
Transfer-Encoding: chunked
Connection: keep-alive
Report-To: {"group":"heroku-nel","max_age":3600,"endpoints":[{"url":"https://nel.heroku.com/reports?ts=1738266090&sid=c4c9725f-1ab0-44d8-820f-430df2718e11&s=Xu9JaulbE9OLm4pymJtcLO77QEQCBWtuwP25oDlJXaU%3D"}]}
Reporting-Endpoints: heroku-nel=https://nel.heroku.com/reports?ts=1738266090&sid=c4c9725f-1ab0-44d8-820f-430df2718e11&s=Xu9JaulbE9OLm4pymJtcLO77QEQCBWtuwP25oDlJXaU%3D
Nel: {"report_to":"heroku-nel","max_age":3600,"success_fraction":0.005,"failure_fraction":0.05,"response_headers":["Via"]}
X-Powered-By: Express
Access-Control-Allow-Origin: *
Etag: W/"8c-f9fnes4S4wmwpR1LJWw17eG34pY"
Via: 1.1 vegur
CF-Cache-Status: DYNAMIC
Vary: Accept-Encoding
Server: cloudflare
CF-RAY: 90a3f096ce79c938-IAD
Content-Encoding: gzip
server-timing: cfL4;desc="?proto=TCP&rtt=5089&min_rtt=5029&rtt_var=1466&sent=6&recv=8&lost=0&retrans=0&sent_bytes=3107&recv_bytes=914&delivery_rate=850337&cwnd=252&unsent_bytes=0&cid=b4df3b849c5cd77a&ts=171&x=0"

{
    "name": "VeryLongNameThatExceedsNormalLengthaldhiuhisabdkauhiugfKJKASJHFKSJH",
    "job": "Dev",
    "userID": 2,
    "updatedAt": "2025-01-30T19:41:30.159Z"
}
name before =null
Request method:	PUT
Request URI:	https://reqres.in/api/users/22
Proxy:			<none>
Request params:	<none>
Query params:	<none>
Form params:	<none>
Path params:	<none>
Headers:		Accept=*/*
				Content-Type=application/json
Cookies:		<none>
Multiparts:		<none>
Body:
{
    "name": "Bob",
    "job": "Business Analyst",
    "userID": 2
}
HTTP/1.1 200 OK
Date: Thu, 30 Jan 2025 19:41:30 GMT
Content-Type: application/json; charset=utf-8
Transfer-Encoding: chunked
Connection: keep-alive
Report-To: {"group":"heroku-nel","max_age":3600,"endpoints":[{"url":"https://nel.heroku.com/reports?ts=1738266090&sid=c4c9725f-1ab0-44d8-820f-430df2718e11&s=Xu9JaulbE9OLm4pymJtcLO77QEQCBWtuwP25oDlJXaU%3D"}]}
Reporting-Endpoints: heroku-nel=https://nel.heroku.com/reports?ts=1738266090&sid=c4c9725f-1ab0-44d8-820f-430df2718e11&s=Xu9JaulbE9OLm4pymJtcLO77QEQCBWtuwP25oDlJXaU%3D
Nel: {"report_to":"heroku-nel","max_age":3600,"success_fraction":0.005,"failure_fraction":0.05,"response_headers":["Via"]}
X-Powered-By: Express
Access-Control-Allow-Origin: *
Etag: W/"59-o2DoS6LvqPK+OblFT4XMUzBUSw8"
Via: 1.1 vegur
CF-Cache-Status: DYNAMIC
Vary: Accept-Encoding
Server: cloudflare
CF-RAY: 90a3f098cdde173f-IAD
Content-Encoding: gzip
server-timing: cfL4;desc="?proto=TCP&rtt=5207&min_rtt=5099&rtt_var=1989&sent=5&recv=7&lost=0&retrans=0&sent_bytes=3105&recv_bytes=862&delivery_rate=840164&cwnd=252&unsent_bytes=0&cid=79adf84898d771d4&ts=177&x=0"

{
    "name": "Bob",
    "job": "Business Analyst",
    "userID": 2,
    "updatedAt": "2025-01-30T19:41:30.490Z"
}
name before =null
Request method:	PUT
Request URI:	https://reqres.in/api/users/22
Proxy:			<none>
Request params:	<none>
Query params:	<none>
Form params:	<none>
Path params:	<none>
Headers:		Accept=*/*
				Content-Type=application/json
Cookies:		<none>
Multiparts:		<none>
Body:
{
    "name": "!@#$%^&*()",
    "job": "Engineer",
    "userID": 2
}
HTTP/1.1 200 OK
Date: Thu, 30 Jan 2025 19:41:30 GMT
Content-Type: application/json; charset=utf-8
Transfer-Encoding: chunked
Connection: keep-alive
Report-To: {"group":"heroku-nel","max_age":3600,"endpoints":[{"url":"https://nel.heroku.com/reports?ts=1738266090&sid=c4c9725f-1ab0-44d8-820f-430df2718e11&s=Xu9JaulbE9OLm4pymJtcLO77QEQCBWtuwP25oDlJXaU%3D"}]}
Reporting-Endpoints: heroku-nel=https://nel.heroku.com/reports?ts=1738266090&sid=c4c9725f-1ab0-44d8-820f-430df2718e11&s=Xu9JaulbE9OLm4pymJtcLO77QEQCBWtuwP25oDlJXaU%3D
Nel: {"report_to":"heroku-nel","max_age":3600,"success_fraction":0.005,"failure_fraction":0.05,"response_headers":["Via"]}
X-Powered-By: Express
Access-Control-Allow-Origin: *
Etag: W/"58-Gg0aG1sUwqf+xFzEHg/ti6XPl+0"
Via: 1.1 vegur
CF-Cache-Status: DYNAMIC
Vary: Accept-Encoding
Server: cloudflare
CF-RAY: 90a3f09ac945391f-IAD
Content-Encoding: gzip
server-timing: cfL4;desc="?proto=TCP&rtt=5264&min_rtt=5244&rtt_var=1981&sent=6&recv=7&lost=0&retrans=0&sent_bytes=3107&recv_bytes=861&delivery_rate=816933&cwnd=252&unsent_bytes=0&cid=b3a27bc3cd4110d6&ts=169&x=0"

{
    "name": "!@#$%^&*()",
    "job": "Engineer",
    "userID": 2,
    "updatedAt": "2025-01-30T19:41:30.806Z"
}
name before =null
Request method:	PUT
Request URI:	https://reqres.in/api/users/23
Proxy:			<none>
Request params:	<none>
Query params:	<none>
Form params:	<none>
Path params:	<none>
Headers:		Accept=*/*
				Content-Type=application/json
Cookies:		<none>
Multiparts:		<none>
Body:
{
    "name": "Jane Doe",
    "job": "Tester",
    "userID": 3
}
HTTP/1.1 200 OK
Date: Thu, 30 Jan 2025 19:41:31 GMT
Content-Type: application/json; charset=utf-8
Transfer-Encoding: chunked
Connection: keep-alive
Report-To: {"group":"heroku-nel","max_age":3600,"endpoints":[{"url":"https://nel.heroku.com/reports?ts=1738266091&sid=c4c9725f-1ab0-44d8-820f-430df2718e11&s=t0pSOYl0y3kUiBGvJ1XvB6jNtpWGWl7QbAr6DxjbSxI%3D"}]}
Reporting-Endpoints: heroku-nel=https://nel.heroku.com/reports?ts=1738266091&sid=c4c9725f-1ab0-44d8-820f-430df2718e11&s=t0pSOYl0y3kUiBGvJ1XvB6jNtpWGWl7QbAr6DxjbSxI%3D
Nel: {"report_to":"heroku-nel","max_age":3600,"success_fraction":0.005,"failure_fraction":0.05,"response_headers":["Via"]}
X-Powered-By: Express
Access-Control-Allow-Origin: *
Etag: W/"54-rSjwM+kCtMdFM1oXFrrKas84HdI"
Via: 1.1 vegur
CF-Cache-Status: DYNAMIC
Vary: Accept-Encoding
Server: cloudflare
CF-RAY: 90a3f09de82c3b7e-IAD
Content-Encoding: gzip
server-timing: cfL4;desc="?proto=TCP&rtt=5450&min_rtt=5450&rtt_var=2045&sent=6&recv=7&lost=0&retrans=0&sent_bytes=3106&recv_bytes=857&delivery_rate=785190&cwnd=252&unsent_bytes=0&cid=9a4c4c904b879a15&ts=182&x=0"

{
    "name": "Jane Doe",
    "job": "Tester",
    "userID": 3,
    "updatedAt": "2025-01-30T19:41:31.306Z"
}
]]></system-out>
  <system-err><![CDATA[]]></system-err>
</testsuite>
