<?xml version="1.0" encoding="UTF-8"?>
<testsuite name="Delete_Test" tests="1" skipped="0" failures="0" errors="0" timestamp="2025-01-30T15:08:34" hostname="fv-az1371-570" time="0.186">
  <properties/>
  <testcase name="DeleteUser[0](204)" classname="Delete_Test" time="0.186"/>
  <system-out><![CDATA[Request method:	DELETE
Request URI:	https://reqres.in/api/users/2
Proxy:			<none>
Request params:	<none>
Query params:	<none>
Form params:	<none>
Path params:	<none>
Headers:		Accept=*/*
Cookies:		<none>
Multiparts:		<none>
Body:			<none>
HTTP/1.1 204 No Content
Date: Thu, 30 Jan 2025 15:08:35 GMT
Content-Length: 0
Connection: keep-alive
Report-To: {"group":"heroku-nel","max_age":3600,"endpoints":[{"url":"https://nel.heroku.com/reports?ts=1738249715&sid=c4c9725f-1ab0-44d8-820f-430df2718e11&s=6F2SajGzdVAfE20FjpWnQ6%2BucXPL6c0OI8lnrF2mP5I%3D"}]}
Reporting-Endpoints: heroku-nel=https://nel.heroku.com/reports?ts=1738249715&sid=c4c9725f-1ab0-44d8-820f-430df2718e11&s=6F2SajGzdVAfE20FjpWnQ6%2BucXPL6c0OI8lnrF2mP5I%3D
Nel: {"report_to":"heroku-nel","max_age":3600,"success_fraction":0.005,"failure_fraction":0.05,"response_headers":["Via"]}
X-Powered-By: Express
Access-Control-Allow-Origin: *
Etag: W/"2-vyGp6PvFo4RvsFtPoIWeCReyIC8"
Via: 1.1 vegur
cf-cache-status: DYNAMIC
Server: cloudflare
CF-RAY: 90a260ce8c97f14f-ORD
server-timing: cfL4;desc="?proto=TCP&rtt=1965&min_rtt=1791&rtt_var=796&sent=6&recv=7&lost=0&retrans=0&sent_bytes=3107&recv_bytes=762&delivery_rate=2391959&cwnd=242&unsent_bytes=0&cid=deec891ea99efe9c&ts=173&x=0"
]]></system-out>
  <system-err><![CDATA[]]></system-err>
</testsuite>
