<?xml version="1.0" encoding="UTF-8"?>
<testsuite name="Put_Test" tests="7" skipped="0" failures="0" errors="0" timestamp="2025-01-30T15:27:09" hostname="fv-az1336-213" time="4.292">
  <properties/>
  <testcase name="testPutUser[0](2, John Doe, Software Developer, true)" classname="Put_Test" time="0.883"/>
  <testcase name="testPutUser[1](2, , QA Engineer, true)" classname="Put_Test" time="0.545"/>
  <testcase name="testPutUser[2](2, Alice, , true)" classname="Put_Test" time="0.519"/>
  <testcase name="testPutUser[3](2, VeryLongNameThatExceedsNormalLengthaldhiuhisabdkauhiugfKJKASJHFKSJH, Dev, true)" classname="Put_Test" time="0.532"/>
  <testcase name="testPutUser[4](2, Bob, Business Analyst, true)" classname="Put_Test" time="0.518"/>
  <testcase name="testPutUser[5](2, !@#$%^&amp;*(), Engineer, true)" classname="Put_Test" time="0.501"/>
  <testcase name="testPutUser[6](3, Jane Doe, Tester, true)" classname="Put_Test" time="0.781"/>
  <system-out><![CDATA[name before =null
Request method:	PUT
Request URI:	https://reqres.in/api/users/22
Proxy:			<none>
Request params:	<none>
Query params:	<none>
Form params:	<none>
Path params:	<none>
Headers:		Accept=*/*
				Content-Type=application/json
Cookies:		<none>
Multiparts:		<none>
Body:
{
    "name": "John Doe",
    "job": "Software Developer",
    "userID": 2
}
HTTP/1.1 200 OK
Date: Thu, 30 Jan 2025 15:27:10 GMT
Content-Type: application/json; charset=utf-8
Transfer-Encoding: chunked
Connection: keep-alive
Report-To: {"group":"heroku-nel","max_age":3600,"endpoints":[{"url":"https://nel.heroku.com/reports?ts=1738250830&sid=c4c9725f-1ab0-44d8-820f-430df2718e11&s=5ZLizBjdsdCwndQ%2BuCetdM6j%2BvM4BdGK0El3UGk1u7Y%3D"}]}
Reporting-Endpoints: heroku-nel=https://nel.heroku.com/reports?ts=1738250830&sid=c4c9725f-1ab0-44d8-820f-430df2718e11&s=5ZLizBjdsdCwndQ%2BuCetdM6j%2BvM4BdGK0El3UGk1u7Y%3D
Nel: {"report_to":"heroku-nel","max_age":3600,"success_fraction":0.005,"failure_fraction":0.05,"response_headers":["Via"]}
X-Powered-By: Express
Access-Control-Allow-Origin: *
Etag: W/"60-Wl3kLex1QRFq4RH2j1YZ2RDzXVE"
Via: 1.1 vegur
CF-Cache-Status: DYNAMIC
Vary: Accept-Encoding
Server: cloudflare
CF-RAY: 90a27c0a0e0f7c74-LAX
Content-Encoding: gzip
server-timing: cfL4;desc="?proto=TCP&rtt=11774&min_rtt=11385&rtt_var=5047&sent=6&recv=7&lost=0&retrans=0&sent_bytes=3105&recv_bytes=869&delivery_rate=295509&cwnd=250&unsent_bytes=0&cid=cce7de365cbf15c3&ts=308&x=0"

{
    "name": "John Doe",
    "job": "Software Developer",
    "userID": 2,
    "updatedAt": "2025-01-30T15:27:10.622Z"
}
name before =null
Request method:	PUT
Request URI:	https://reqres.in/api/users/22
Proxy:			<none>
Request params:	<none>
Query params:	<none>
Form params:	<none>
Path params:	<none>
Headers:		Accept=*/*
				Content-Type=application/json
Cookies:		<none>
Multiparts:		<none>
Body:
{
    "name": "",
    "job": "QA Engineer",
    "userID": 2
}
HTTP/1.1 200 OK
Date: Thu, 30 Jan 2025 15:27:11 GMT
Content-Type: application/json; charset=utf-8
Transfer-Encoding: chunked
Connection: keep-alive
Report-To: {"group":"heroku-nel","max_age":3600,"endpoints":[{"url":"https://nel.heroku.com/reports?ts=1738250831&sid=c4c9725f-1ab0-44d8-820f-430df2718e11&s=z5Ony4bQlOWliiZchXGwLmUtOwRhK2q4QAQvGco6MnE%3D"}]}
Reporting-Endpoints: heroku-nel=https://nel.heroku.com/reports?ts=1738250831&sid=c4c9725f-1ab0-44d8-820f-430df2718e11&s=z5Ony4bQlOWliiZchXGwLmUtOwRhK2q4QAQvGco6MnE%3D
Nel: {"report_to":"heroku-nel","max_age":3600,"success_fraction":0.005,"failure_fraction":0.05,"response_headers":["Via"]}
X-Powered-By: Express
Access-Control-Allow-Origin: *
Etag: W/"51-FsiMl7doG4kYA0Nyi+6xur3pN34"
Via: 1.1 vegur
CF-Cache-Status: DYNAMIC
Vary: Accept-Encoding
Server: cloudflare
CF-RAY: 90a27c0d7a0f2f2d-LAX
Content-Encoding: gzip
server-timing: cfL4;desc="?proto=TCP&rtt=11347&min_rtt=11242&rtt_var=4291&sent=6&recv=7&lost=0&retrans=0&sent_bytes=3106&recv_bytes=854&delivery_rate=381070&cwnd=245&unsent_bytes=0&cid=4ffd846c9f939446&ts=306&x=0"

{
    "name": "",
    "job": "QA Engineer",
    "userID": 2,
    "updatedAt": "2025-01-30T15:27:11.169Z"
}
name before =null
Request method:	PUT
Request URI:	https://reqres.in/api/users/22
Proxy:			<none>
Request params:	<none>
Query params:	<none>
Form params:	<none>
Path params:	<none>
Headers:		Accept=*/*
				Content-Type=application/json
Cookies:		<none>
Multiparts:		<none>
Body:
{
    "name": "Alice",
    "job": "",
    "userID": 2
}
HTTP/1.1 200 OK
Date: Thu, 30 Jan 2025 15:27:11 GMT
Content-Type: application/json; charset=utf-8
Transfer-Encoding: chunked
Connection: keep-alive
Report-To: {"group":"heroku-nel","max_age":3600,"endpoints":[{"url":"https://nel.heroku.com/reports?ts=1738250831&sid=c4c9725f-1ab0-44d8-820f-430df2718e11&s=z5Ony4bQlOWliiZchXGwLmUtOwRhK2q4QAQvGco6MnE%3D"}]}
Reporting-Endpoints: heroku-nel=https://nel.heroku.com/reports?ts=1738250831&sid=c4c9725f-1ab0-44d8-820f-430df2718e11&s=z5Ony4bQlOWliiZchXGwLmUtOwRhK2q4QAQvGco6MnE%3D
Nel: {"report_to":"heroku-nel","max_age":3600,"success_fraction":0.005,"failure_fraction":0.05,"response_headers":["Via"]}
X-Powered-By: Express
Access-Control-Allow-Origin: *
Etag: W/"4b-tjgUZrxZWk82z1RZ3NLNRAEwMXQ"
Via: 1.1 vegur
CF-Cache-Status: DYNAMIC
Vary: Accept-Encoding
Server: cloudflare
CF-RAY: 90a27c10bfc652f5-LAX
Content-Encoding: gzip
server-timing: cfL4;desc="?proto=TCP&rtt=11381&min_rtt=11339&rtt_var=4282&sent=6&recv=7&lost=0&retrans=0&sent_bytes=3107&recv_bytes=848&delivery_rate=377811&cwnd=252&unsent_bytes=0&cid=f8f8e679967a696e&ts=300&x=0"

{
    "name": "Alice",
    "job": "",
    "userID": 2,
    "updatedAt": "2025-01-30T15:27:11.690Z"
}
name before =null
Request method:	PUT
Request URI:	https://reqres.in/api/users/22
Proxy:			<none>
Request params:	<none>
Query params:	<none>
Form params:	<none>
Path params:	<none>
Headers:		Accept=*/*
				Content-Type=application/json
Cookies:		<none>
Multiparts:		<none>
Body:
{
    "name": "VeryLongNameThatExceedsNormalLengthaldhiuhisabdkauhiugfKJKASJHFKSJH",
    "job": "Dev",
    "userID": 2
}
HTTP/1.1 200 OK
Date: Thu, 30 Jan 2025 15:27:12 GMT
Content-Type: application/json; charset=utf-8
Transfer-Encoding: chunked
Connection: keep-alive
Report-To: {"group":"heroku-nel","max_age":3600,"endpoints":[{"url":"https://nel.heroku.com/reports?ts=1738250832&sid=c4c9725f-1ab0-44d8-820f-430df2718e11&s=rP293nYqNe%2BIo3c63faOT0HVnykqTHY961Fa%2F8aJdmE%3D"}]}
Reporting-Endpoints: heroku-nel=https://nel.heroku.com/reports?ts=1738250832&sid=c4c9725f-1ab0-44d8-820f-430df2718e11&s=rP293nYqNe%2BIo3c63faOT0HVnykqTHY961Fa%2F8aJdmE%3D
Nel: {"report_to":"heroku-nel","max_age":3600,"success_fraction":0.005,"failure_fraction":0.05,"response_headers":["Via"]}
X-Powered-By: Express
Access-Control-Allow-Origin: *
Etag: W/"8c-dearrlgvudsdqL2MZQHo+3y2FtE"
Via: 1.1 vegur
CF-Cache-Status: DYNAMIC
Vary: Accept-Encoding
Server: cloudflare
CF-RAY: 90a27c1409d32ae8-LAX
Content-Encoding: gzip
server-timing: cfL4;desc="?proto=TCP&rtt=11415&min_rtt=11409&rtt_var=4291&sent=6&recv=7&lost=0&retrans=0&sent_bytes=3106&recv_bytes=914&delivery_rate=373789&cwnd=252&unsent_bytes=0&cid=fb7988b353931211&ts=316&x=0"

{
    "name": "VeryLongNameThatExceedsNormalLengthaldhiuhisabdkauhiugfKJKASJHFKSJH",
    "job": "Dev",
    "userID": 2,
    "updatedAt": "2025-01-30T15:27:12.227Z"
}
name before =null
Request method:	PUT
Request URI:	https://reqres.in/api/users/22
Proxy:			<none>
Request params:	<none>
Query params:	<none>
Form params:	<none>
Path params:	<none>
Headers:		Accept=*/*
				Content-Type=application/json
Cookies:		<none>
Multiparts:		<none>
Body:
{
    "name": "Bob",
    "job": "Business Analyst",
    "userID": 2
}
HTTP/1.1 200 OK
Date: Thu, 30 Jan 2025 15:27:12 GMT
Content-Type: application/json; charset=utf-8
Transfer-Encoding: chunked
Connection: keep-alive
Report-To: {"group":"heroku-nel","max_age":3600,"endpoints":[{"url":"https://nel.heroku.com/reports?ts=1738250832&sid=c4c9725f-1ab0-44d8-820f-430df2718e11&s=rP293nYqNe%2BIo3c63faOT0HVnykqTHY961Fa%2F8aJdmE%3D"}]}
Reporting-Endpoints: heroku-nel=https://nel.heroku.com/reports?ts=1738250832&sid=c4c9725f-1ab0-44d8-820f-430df2718e11&s=rP293nYqNe%2BIo3c63faOT0HVnykqTHY961Fa%2F8aJdmE%3D
Nel: {"report_to":"heroku-nel","max_age":3600,"success_fraction":0.005,"failure_fraction":0.05,"response_headers":["Via"]}
X-Powered-By: Express
Access-Control-Allow-Origin: *
Etag: W/"59-BaBdWh+lFUdTKxcf2SN1pgGWcLU"
Via: 1.1 vegur
CF-Cache-Status: DYNAMIC
Vary: Accept-Encoding
Server: cloudflare
CF-RAY: 90a27c174aaf521a-LAX
Content-Encoding: gzip
server-timing: cfL4;desc="?proto=TCP&rtt=11355&min_rtt=11339&rtt_var=4285&sent=6&recv=7&lost=0&retrans=0&sent_bytes=3106&recv_bytes=862&delivery_rate=373430&cwnd=252&unsent_bytes=0&cid=ae11cd0f78a53acf&ts=309&x=0"

{
    "name": "Bob",
    "job": "Business Analyst",
    "userID": 2,
    "updatedAt": "2025-01-30T15:27:12.743Z"
}
name before =null
Request method:	PUT
Request URI:	https://reqres.in/api/users/22
Proxy:			<none>
Request params:	<none>
Query params:	<none>
Form params:	<none>
Path params:	<none>
Headers:		Accept=*/*
				Content-Type=application/json
Cookies:		<none>
Multiparts:		<none>
Body:
{
    "name": "!@#$%^&*()",
    "job": "Engineer",
    "userID": 2
}
HTTP/1.1 200 OK
Date: Thu, 30 Jan 2025 15:27:13 GMT
Content-Type: application/json; charset=utf-8
Transfer-Encoding: chunked
Connection: keep-alive
Report-To: {"group":"heroku-nel","max_age":3600,"endpoints":[{"url":"https://nel.heroku.com/reports?ts=1738250833&sid=c4c9725f-1ab0-44d8-820f-430df2718e11&s=iYbxWFD7%2B6cu%2B9B1fzBXkZXwLrlphHs3U3O1kXFkpwQ%3D"}]}
Reporting-Endpoints: heroku-nel=https://nel.heroku.com/reports?ts=1738250833&sid=c4c9725f-1ab0-44d8-820f-430df2718e11&s=iYbxWFD7%2B6cu%2B9B1fzBXkZXwLrlphHs3U3O1kXFkpwQ%3D
Nel: {"report_to":"heroku-nel","max_age":3600,"success_fraction":0.005,"failure_fraction":0.05,"response_headers":["Via"]}
X-Powered-By: Express
Access-Control-Allow-Origin: *
Etag: W/"58-WAFtj9RQTd2G2peEXKvNAekHs7o"
Via: 1.1 vegur
CF-Cache-Status: DYNAMIC
Vary: Accept-Encoding
Server: cloudflare
CF-RAY: 90a27c1a6d0d2f4a-LAX
Content-Encoding: gzip
server-timing: cfL4;desc="?proto=TCP&rtt=11302&min_rtt=11282&rtt_var=4245&sent=6&recv=7&lost=0&retrans=0&sent_bytes=3107&recv_bytes=861&delivery_rate=379719&cwnd=252&unsent_bytes=0&cid=b93d543f7449a7d0&ts=304&x=0"

{
    "name": "!@#$%^&*()",
    "job": "Engineer",
    "userID": 2,
    "updatedAt": "2025-01-30T15:27:13.246Z"
}
name before =null
Request method:	PUT
Request URI:	https://reqres.in/api/users/23
Proxy:			<none>
Request params:	<none>
Query params:	<none>
Form params:	<none>
Path params:	<none>
Headers:		Accept=*/*
				Content-Type=application/json
Cookies:		<none>
Multiparts:		<none>
Body:
{
    "name": "Jane Doe",
    "job": "Tester",
    "userID": 3
}
HTTP/1.1 200 OK
Date: Thu, 30 Jan 2025 15:27:14 GMT
Content-Type: application/json; charset=utf-8
Transfer-Encoding: chunked
Connection: keep-alive
Report-To: {"group":"heroku-nel","max_age":3600,"endpoints":[{"url":"https://nel.heroku.com/reports?ts=1738250834&sid=c4c9725f-1ab0-44d8-820f-430df2718e11&s=gJxoJZ7lO7fSq3OuPfv1iEvJU%2BFndBugN1kttXBvqsw%3D"}]}
Reporting-Endpoints: heroku-nel=https://nel.heroku.com/reports?ts=1738250834&sid=c4c9725f-1ab0-44d8-820f-430df2718e11&s=gJxoJZ7lO7fSq3OuPfv1iEvJU%2BFndBugN1kttXBvqsw%3D
Nel: {"report_to":"heroku-nel","max_age":3600,"success_fraction":0.005,"failure_fraction":0.05,"response_headers":["Via"]}
X-Powered-By: Express
Access-Control-Allow-Origin: *
Etag: W/"54-6imiWUm/vXtFd6NTgbmVhGjkTQQ"
Via: 1.1 vegur
CF-Cache-Status: DYNAMIC
Vary: Accept-Encoding
Server: cloudflare
CF-RAY: 90a27c1f6fa20fe9-LAX
Content-Encoding: gzip
server-timing: cfL4;desc="?proto=TCP&rtt=11601&min_rtt=11557&rtt_var=4365&sent=6&recv=7&lost=0&retrans=0&sent_bytes=3106&recv_bytes=857&delivery_rate=370684&cwnd=252&unsent_bytes=0&cid=b61238c7cbbd5b44&ts=305&x=0"

{
    "name": "Jane Doe",
    "job": "Tester",
    "userID": 3,
    "updatedAt": "2025-01-30T15:27:14.035Z"
}
]]></system-out>
  <system-err><![CDATA[]]></system-err>
</testsuite>
