<?xml version="1.0" encoding="UTF-8"?>
<testsuite name="GetTest" tests="3" skipped="0" failures="0" errors="0" timestamp="2025-02-03T14:26:46" hostname="fv-az1441-609" time="4.243">
  <properties/>
  <testcase name="GetUser[0](9, true)" classname="GetTest" time="3.749"/>
  <testcase name="GetUser[1](999, false)" classname="GetTest" time="0.219"/>
  <testcase name="GetUser[2](0, false)" classname="GetTest" time="0.213"/>
  <system-out><![CDATA[Request method:	GET
Request URI:	https://reqres.in/api/users/9
Proxy:			<none>
Request params:	<none>
Query params:	<none>
Form params:	<none>
Path params:	id=9
Headers:		Accept=*/*
Cookies:		<none>
Multiparts:		<none>
Body:			<none>
HTTP/1.1 200 OK
Date: Mon, 03 Feb 2025 14:26:49 GMT
Content-Type: application/json; charset=utf-8
Transfer-Encoding: chunked
Connection: keep-alive
Report-To: {"group":"heroku-nel","max_age":3600,"endpoints":[{"url":"https://nel.heroku.com/reports?ts=1738582220&sid=c4c9725f-1ab0-44d8-820f-430df2718e11&s=Ki7bdnJy7w0buN1qY%2FJEZnAGBwpc%2B5za7wsCmsoRZWM%3D"}]}
Reporting-Endpoints: heroku-nel=https://nel.heroku.com/reports?ts=1738582220&sid=c4c9725f-1ab0-44d8-820f-430df2718e11&s=Ki7bdnJy7w0buN1qY%2FJEZnAGBwpc%2B5za7wsCmsoRZWM%3D
Nel: {"report_to":"heroku-nel","max_age":3600,"success_fraction":0.005,"failure_fraction":0.05,"response_headers":["Via"]}
X-Powered-By: Express
Access-Control-Allow-Origin: *
Etag: W/"152-FpYvp70F61UHmjz1MpAbXegc4Hc"
Via: 1.1 vegur
Cache-Control: max-age=14400
CF-Cache-Status: REVALIDATED
Vary: Accept-Encoding
Server: cloudflare
CF-RAY: 90c3191fe8512099-IAD
Content-Encoding: gzip
server-timing: cfL4;desc="?proto=TCP&rtt=5255&min_rtt=5169&rtt_var=2000&sent=7&recv=7&lost=0&retrans=0&sent_bytes=3108&recv_bytes=759&delivery_rate=828786&cwnd=252&unsent_bytes=0&cid=47192a833bdde68a&ts=284&x=0"

{
    "data": {
        "id": 9,
        "email": "tobias.funke@reqres.in",
        "first_name": "Tobias",
        "last_name": "Funke",
        "avatar": "https://reqres.in/img/faces/9-image.jpg"
    },
    "support": {
        "url": "https://contentcaddy.io?utm_source=reqres&utm_medium=json&utm_campaign=referral",
        "text": "Tired of writing endless social media content? Let Content Caddy generate it for you."
    }
}
Request method:	GET
Request URI:	https://reqres.in/api/users/999
Proxy:			<none>
Request params:	<none>
Query params:	<none>
Form params:	<none>
Path params:	id=999
Headers:		Accept=*/*
Cookies:		<none>
Multiparts:		<none>
Body:			<none>
HTTP/1.1 404 Not Found
Date: Mon, 03 Feb 2025 14:26:50 GMT
Content-Type: application/json; charset=utf-8
Content-Length: 2
Connection: keep-alive
Report-To: {"group":"heroku-nel","max_age":3600,"endpoints":[{"url":"https://nel.heroku.com/reports?ts=1738592810&sid=c4c9725f-1ab0-44d8-820f-430df2718e11&s=6QKdVmW%2BRkEigJvjScoSL6MWHJN7keCI%2FhLXS2kAPDA%3D"}]}
Reporting-Endpoints: heroku-nel=https://nel.heroku.com/reports?ts=1738592810&sid=c4c9725f-1ab0-44d8-820f-430df2718e11&s=6QKdVmW%2BRkEigJvjScoSL6MWHJN7keCI%2FhLXS2kAPDA%3D
Nel: {"report_to":"heroku-nel","max_age":3600,"success_fraction":0.005,"failure_fraction":0.05,"response_headers":["Via"]}
X-Powered-By: Express
Access-Control-Allow-Origin: *
Etag: W/"2-vyGp6PvFo4RvsFtPoIWeCReyIC8"
Via: 1.1 vegur
Cache-Control: max-age=14400
CF-Cache-Status: EXPIRED
Vary: Accept-Encoding
Server: cloudflare
CF-RAY: 90c3192b6f35d643-IAD
server-timing: cfL4;desc="?proto=TCP&rtt=5296&min_rtt=5269&rtt_var=1995&sent=6&recv=7&lost=0&retrans=0&sent_bytes=3108&recv_bytes=761&delivery_rate=813057&cwnd=251&unsent_bytes=0&cid=6528b500a54807c1&ts=181&x=0"

{
    
}
Request method:	GET
Request URI:	https://reqres.in/api/users/0
Proxy:			<none>
Request params:	<none>
Query params:	<none>
Form params:	<none>
Path params:	id=0
Headers:		Accept=*/*
Cookies:		<none>
Multiparts:		<none>
Body:			<none>
HTTP/1.1 404 Not Found
Date: Mon, 03 Feb 2025 14:26:51 GMT
Content-Type: application/json; charset=utf-8
Content-Length: 2
Connection: keep-alive
Report-To: {"group":"heroku-nel","max_age":3600,"endpoints":[{"url":"https://nel.heroku.com/reports?ts=1738592811&sid=c4c9725f-1ab0-44d8-820f-430df2718e11&s=z2Fh0JLvOI5cv2ohUTxz4V1Ye9ibF8o2habsKBKgVhg%3D"}]}
Reporting-Endpoints: heroku-nel=https://nel.heroku.com/reports?ts=1738592811&sid=c4c9725f-1ab0-44d8-820f-430df2718e11&s=z2Fh0JLvOI5cv2ohUTxz4V1Ye9ibF8o2habsKBKgVhg%3D
Nel: {"report_to":"heroku-nel","max_age":3600,"success_fraction":0.005,"failure_fraction":0.05,"response_headers":["Via"]}
X-Powered-By: Express
Access-Control-Allow-Origin: *
Etag: W/"2-vyGp6PvFo4RvsFtPoIWeCReyIC8"
Via: 1.1 vegur
Cache-Control: max-age=14400
CF-Cache-Status: EXPIRED
Vary: Accept-Encoding
Server: cloudflare
CF-RAY: 90c3192cc8f12f18-IAD
server-timing: cfL4;desc="?proto=TCP&rtt=5392&min_rtt=5347&rtt_var=2097&sent=6&recv=7&lost=0&retrans=0&sent_bytes=3109&recv_bytes=759&delivery_rate=749737&cwnd=252&unsent_bytes=0&cid=ac085b96168b478d&ts=182&x=0"

{
    
}
]]></system-out>
  <system-err><![CDATA[]]></system-err>
</testsuite>
