<?xml version="1.0" encoding="UTF-8"?>
<testsuite name="Put_Test" tests="7" skipped="0" failures="0" errors="0" timestamp="2025-01-30T17:32:20" hostname="fv-az1436-45" time="3.924">
  <properties/>
  <testcase name="testPutUser[0](2, John Doe, Software Developer, true)" classname="Put_Test" time="0.798"/>
  <testcase name="testPutUser[1](2, , QA Engineer, true)" classname="Put_Test" time="0.474"/>
  <testcase name="testPutUser[2](2, Alice, , true)" classname="Put_Test" time="0.484"/>
  <testcase name="testPutUser[3](2, VeryLongNameThatExceedsNormalLengthaldhiuhisabdkauhiugfKJKASJHFKSJH, Dev, true)" classname="Put_Test" time="0.471"/>
  <testcase name="testPutUser[4](2, Bob, Business Analyst, true)" classname="Put_Test" time="0.49"/>
  <testcase name="testPutUser[5](2, !@#$%^&amp;*(), Engineer, true)" classname="Put_Test" time="0.453"/>
  <testcase name="testPutUser[6](3, Jane Doe, Tester, true)" classname="Put_Test" time="0.744"/>
  <system-out><![CDATA[name before =null
Request method:	PUT
Request URI:	https://reqres.in/api/users/22
Proxy:			<none>
Request params:	<none>
Query params:	<none>
Form params:	<none>
Path params:	<none>
Headers:		Accept=*/*
				Content-Type=application/json
Cookies:		<none>
Multiparts:		<none>
Body:
{
    "name": "John Doe",
    "job": "Software Developer",
    "userID": 2
}
HTTP/1.1 200 OK
Date: Thu, 30 Jan 2025 17:32:21 GMT
Content-Type: application/json; charset=utf-8
Transfer-Encoding: chunked
Connection: keep-alive
Report-To: {"group":"heroku-nel","max_age":3600,"endpoints":[{"url":"https://nel.heroku.com/reports?ts=1738258341&sid=c4c9725f-1ab0-44d8-820f-430df2718e11&s=pwaxnYJuySm84gumFBa0KVgrNJ8Thso1z2IW9ZJvVVU%3D"}]}
Reporting-Endpoints: heroku-nel=https://nel.heroku.com/reports?ts=1738258341&sid=c4c9725f-1ab0-44d8-820f-430df2718e11&s=pwaxnYJuySm84gumFBa0KVgrNJ8Thso1z2IW9ZJvVVU%3D
Nel: {"report_to":"heroku-nel","max_age":3600,"success_fraction":0.005,"failure_fraction":0.05,"response_headers":["Via"]}
X-Powered-By: Express
Access-Control-Allow-Origin: *
Etag: W/"60-9nyqGzIZDiTf2xhlmwgISFS/++c"
Via: 1.1 vegur
CF-Cache-Status: DYNAMIC
Vary: Accept-Encoding
Server: cloudflare
CF-RAY: 90a33369c8a59e64-SJC
Content-Encoding: gzip
server-timing: cfL4;desc="?proto=TCP&rtt=1994&min_rtt=1986&rtt_var=761&sent=6&recv=7&lost=0&retrans=0&sent_bytes=3106&recv_bytes=869&delivery_rate=2085686&cwnd=252&unsent_bytes=0&cid=7333d42eaf4f85dc&ts=307&x=0"

{
    "name": "John Doe",
    "job": "Software Developer",
    "userID": 2,
    "updatedAt": "2025-01-30T17:32:21.628Z"
}
name before =null
Request method:	PUT
Request URI:	https://reqres.in/api/users/22
Proxy:			<none>
Request params:	<none>
Query params:	<none>
Form params:	<none>
Path params:	<none>
Headers:		Accept=*/*
				Content-Type=application/json
Cookies:		<none>
Multiparts:		<none>
Body:
{
    "name": "",
    "job": "QA Engineer",
    "userID": 2
}
HTTP/1.1 200 OK
Date: Thu, 30 Jan 2025 17:32:22 GMT
Content-Type: application/json; charset=utf-8
Transfer-Encoding: chunked
Connection: keep-alive
Report-To: {"group":"heroku-nel","max_age":3600,"endpoints":[{"url":"https://nel.heroku.com/reports?ts=1738258342&sid=c4c9725f-1ab0-44d8-820f-430df2718e11&s=7YxF5yZUA1hWOkmHOIfbuRG5bwRHC%2FeUBsv%2BjdOXUwA%3D"}]}
Reporting-Endpoints: heroku-nel=https://nel.heroku.com/reports?ts=1738258342&sid=c4c9725f-1ab0-44d8-820f-430df2718e11&s=7YxF5yZUA1hWOkmHOIfbuRG5bwRHC%2FeUBsv%2BjdOXUwA%3D
Nel: {"report_to":"heroku-nel","max_age":3600,"success_fraction":0.005,"failure_fraction":0.05,"response_headers":["Via"]}
X-Powered-By: Express
Access-Control-Allow-Origin: *
Etag: W/"51-zh77ypgHmwFkJN7eIEL3VCJYwys"
Via: 1.1 vegur
CF-Cache-Status: DYNAMIC
Vary: Accept-Encoding
Server: cloudflare
CF-RAY: 90a3336cbafef9e4-SJC
Content-Encoding: gzip
server-timing: cfL4;desc="?proto=TCP&rtt=1781&min_rtt=1711&rtt_var=691&sent=6&recv=7&lost=0&retrans=0&sent_bytes=3106&recv_bytes=854&delivery_rate=2503798&cwnd=252&unsent_bytes=0&cid=589a9d0041c7ed95&ts=306&x=0"

{
    "name": "",
    "job": "QA Engineer",
    "userID": 2,
    "updatedAt": "2025-01-30T17:32:22.090Z"
}
name before =null
Request method:	PUT
Request URI:	https://reqres.in/api/users/22
Proxy:			<none>
Request params:	<none>
Query params:	<none>
Form params:	<none>
Path params:	<none>
Headers:		Accept=*/*
				Content-Type=application/json
Cookies:		<none>
Multiparts:		<none>
Body:
{
    "name": "Alice",
    "job": "",
    "userID": 2
}
HTTP/1.1 200 OK
Date: Thu, 30 Jan 2025 17:32:22 GMT
Content-Type: application/json; charset=utf-8
Transfer-Encoding: chunked
Connection: keep-alive
Report-To: {"group":"heroku-nel","max_age":3600,"endpoints":[{"url":"https://nel.heroku.com/reports?ts=1738258342&sid=c4c9725f-1ab0-44d8-820f-430df2718e11&s=7YxF5yZUA1hWOkmHOIfbuRG5bwRHC%2FeUBsv%2BjdOXUwA%3D"}]}
Reporting-Endpoints: heroku-nel=https://nel.heroku.com/reports?ts=1738258342&sid=c4c9725f-1ab0-44d8-820f-430df2718e11&s=7YxF5yZUA1hWOkmHOIfbuRG5bwRHC%2FeUBsv%2BjdOXUwA%3D
Nel: {"report_to":"heroku-nel","max_age":3600,"success_fraction":0.005,"failure_fraction":0.05,"response_headers":["Via"]}
X-Powered-By: Express
Access-Control-Allow-Origin: *
Etag: W/"4b-Qcw9L37P8n5+F3gVIfzL6RckrpQ"
Via: 1.1 vegur
CF-Cache-Status: DYNAMIC
Vary: Accept-Encoding
Server: cloudflare
CF-RAY: 90a3336fab8e1732-SJC
Content-Encoding: gzip
server-timing: cfL4;desc="?proto=TCP&rtt=1642&min_rtt=1602&rtt_var=629&sent=6&recv=7&lost=0&retrans=0&sent_bytes=3106&recv_bytes=848&delivery_rate=2674157&cwnd=252&unsent_bytes=0&cid=3af4c8f1d4868812&ts=323&x=0"

{
    "name": "Alice",
    "job": "",
    "userID": 2,
    "updatedAt": "2025-01-30T17:32:22.583Z"
}
name before =null
Request method:	PUT
Request URI:	https://reqres.in/api/users/22
Proxy:			<none>
Request params:	<none>
Query params:	<none>
Form params:	<none>
Path params:	<none>
Headers:		Accept=*/*
				Content-Type=application/json
Cookies:		<none>
Multiparts:		<none>
Body:
{
    "name": "VeryLongNameThatExceedsNormalLengthaldhiuhisabdkauhiugfKJKASJHFKSJH",
    "job": "Dev",
    "userID": 2
}
HTTP/1.1 200 OK
Date: Thu, 30 Jan 2025 17:32:23 GMT
Content-Type: application/json; charset=utf-8
Transfer-Encoding: chunked
Connection: keep-alive
Report-To: {"group":"heroku-nel","max_age":3600,"endpoints":[{"url":"https://nel.heroku.com/reports?ts=1738258343&sid=c4c9725f-1ab0-44d8-820f-430df2718e11&s=cxfbeNFC2uNlT%2Bi2VtvOUnPIcEelL6yOczdKBSGrnls%3D"}]}
Reporting-Endpoints: heroku-nel=https://nel.heroku.com/reports?ts=1738258343&sid=c4c9725f-1ab0-44d8-820f-430df2718e11&s=cxfbeNFC2uNlT%2Bi2VtvOUnPIcEelL6yOczdKBSGrnls%3D
Nel: {"report_to":"heroku-nel","max_age":3600,"success_fraction":0.005,"failure_fraction":0.05,"response_headers":["Via"]}
X-Powered-By: Express
Access-Control-Allow-Origin: *
Etag: W/"8c-5bBiwXX/qTPCNb8EV9PYCKfASbw"
Via: 1.1 vegur
CF-Cache-Status: DYNAMIC
Vary: Accept-Encoding
Server: cloudflare
CF-RAY: 90a33372bc6a9e52-SJC
Content-Encoding: gzip
server-timing: cfL4;desc="?proto=TCP&rtt=2288&min_rtt=2106&rtt_var=920&sent=6&recv=7&lost=0&retrans=0&sent_bytes=3106&recv_bytes=914&delivery_rate=2034188&cwnd=252&unsent_bytes=0&cid=aeb9c4fcaea9357b&ts=295&x=0"

{
    "name": "VeryLongNameThatExceedsNormalLengthaldhiuhisabdkauhiugfKJKASJHFKSJH",
    "job": "Dev",
    "userID": 2,
    "updatedAt": "2025-01-30T17:32:23.048Z"
}
name before =null
Request method:	PUT
Request URI:	https://reqres.in/api/users/22
Proxy:			<none>
Request params:	<none>
Query params:	<none>
Form params:	<none>
Path params:	<none>
Headers:		Accept=*/*
				Content-Type=application/json
Cookies:		<none>
Multiparts:		<none>
Body:
{
    "name": "Bob",
    "job": "Business Analyst",
    "userID": 2
}
HTTP/1.1 200 OK
Date: Thu, 30 Jan 2025 17:32:23 GMT
Content-Type: application/json; charset=utf-8
Transfer-Encoding: chunked
Connection: keep-alive
Report-To: {"group":"heroku-nel","max_age":3600,"endpoints":[{"url":"https://nel.heroku.com/reports?ts=1738258343&sid=c4c9725f-1ab0-44d8-820f-430df2718e11&s=cxfbeNFC2uNlT%2Bi2VtvOUnPIcEelL6yOczdKBSGrnls%3D"}]}
Reporting-Endpoints: heroku-nel=https://nel.heroku.com/reports?ts=1738258343&sid=c4c9725f-1ab0-44d8-820f-430df2718e11&s=cxfbeNFC2uNlT%2Bi2VtvOUnPIcEelL6yOczdKBSGrnls%3D
Nel: {"report_to":"heroku-nel","max_age":3600,"success_fraction":0.005,"failure_fraction":0.05,"response_headers":["Via"]}
X-Powered-By: Express
Access-Control-Allow-Origin: *
Etag: W/"59-hLnRSNOhmy8pZQerZjwxz4+3Lrs"
Via: 1.1 vegur
CF-Cache-Status: DYNAMIC
Vary: Accept-Encoding
Server: cloudflare
CF-RAY: 90a33375df539e62-SJC
Content-Encoding: gzip
server-timing: cfL4;desc="?proto=TCP&rtt=2582&min_rtt=2169&rtt_var=1109&sent=6&recv=7&lost=0&retrans=0&sent_bytes=3107&recv_bytes=862&delivery_rate=1975103&cwnd=252&unsent_bytes=0&cid=3636eb9482d5aa94&ts=300&x=0"

{
    "name": "Bob",
    "job": "Business Analyst",
    "userID": 2,
    "updatedAt": "2025-01-30T17:32:23.549Z"
}
name before =null
Request method:	PUT
Request URI:	https://reqres.in/api/users/22
Proxy:			<none>
Request params:	<none>
Query params:	<none>
Form params:	<none>
Path params:	<none>
Headers:		Accept=*/*
				Content-Type=application/json
Cookies:		<none>
Multiparts:		<none>
Body:
{
    "name": "!@#$%^&*()",
    "job": "Engineer",
    "userID": 2
}
HTTP/1.1 200 OK
Date: Thu, 30 Jan 2025 17:32:24 GMT
Content-Type: application/json; charset=utf-8
Transfer-Encoding: chunked
Connection: keep-alive
Report-To: {"group":"heroku-nel","max_age":3600,"endpoints":[{"url":"https://nel.heroku.com/reports?ts=1738258343&sid=c4c9725f-1ab0-44d8-820f-430df2718e11&s=cxfbeNFC2uNlT%2Bi2VtvOUnPIcEelL6yOczdKBSGrnls%3D"}]}
Reporting-Endpoints: heroku-nel=https://nel.heroku.com/reports?ts=1738258343&sid=c4c9725f-1ab0-44d8-820f-430df2718e11&s=cxfbeNFC2uNlT%2Bi2VtvOUnPIcEelL6yOczdKBSGrnls%3D
Nel: {"report_to":"heroku-nel","max_age":3600,"success_fraction":0.005,"failure_fraction":0.05,"response_headers":["Via"]}
X-Powered-By: Express
Access-Control-Allow-Origin: *
Etag: W/"58-Qzb8INNY1KPG59UaYGclMlYyPCc"
Via: 1.1 vegur
CF-Cache-Status: DYNAMIC
Vary: Accept-Encoding
Server: cloudflare
CF-RAY: 90a33378993e238f-SJC
Content-Encoding: gzip
server-timing: cfL4;desc="?proto=TCP&rtt=1724&min_rtt=1708&rtt_var=652&sent=6&recv=7&lost=0&retrans=0&sent_bytes=3106&recv_bytes=861&delivery_rate=2508196&cwnd=252&unsent_bytes=0&cid=b35b028f27b95d7c&ts=317&x=0"

{
    "name": "!@#$%^&*()",
    "job": "Engineer",
    "userID": 2,
    "updatedAt": "2025-01-30T17:32:24.005Z"
}
name before =null
Request method:	PUT
Request URI:	https://reqres.in/api/users/23
Proxy:			<none>
Request params:	<none>
Query params:	<none>
Form params:	<none>
Path params:	<none>
Headers:		Accept=*/*
				Content-Type=application/json
Cookies:		<none>
Multiparts:		<none>
Body:
{
    "name": "Jane Doe",
    "job": "Tester",
    "userID": 3
}
HTTP/1.1 200 OK
Date: Thu, 30 Jan 2025 17:32:24 GMT
Content-Type: application/json; charset=utf-8
Transfer-Encoding: chunked
Connection: keep-alive
Report-To: {"group":"heroku-nel","max_age":3600,"endpoints":[{"url":"https://nel.heroku.com/reports?ts=1738258344&sid=c4c9725f-1ab0-44d8-820f-430df2718e11&s=I11nrHuur8VO66p%2Bwul2I5b%2BZ0MbAsJCpiyr1aIO6Dc%3D"}]}
Reporting-Endpoints: heroku-nel=https://nel.heroku.com/reports?ts=1738258344&sid=c4c9725f-1ab0-44d8-820f-430df2718e11&s=I11nrHuur8VO66p%2Bwul2I5b%2BZ0MbAsJCpiyr1aIO6Dc%3D
Nel: {"report_to":"heroku-nel","max_age":3600,"success_fraction":0.005,"failure_fraction":0.05,"response_headers":["Via"]}
X-Powered-By: Express
Access-Control-Allow-Origin: *
Etag: W/"54-uvmuglx1EkI/oU3UfwAIqsUl3hk"
Via: 1.1 vegur
CF-Cache-Status: DYNAMIC
Vary: Accept-Encoding
Server: cloudflare
CF-RAY: 90a3337d5f3baaa5-SJC
Content-Encoding: gzip
server-timing: cfL4;desc="?proto=TCP&rtt=1675&min_rtt=1544&rtt_var=672&sent=6&recv=7&lost=0&retrans=0&sent_bytes=3107&recv_bytes=857&delivery_rate=2774611&cwnd=252&unsent_bytes=0&cid=852d0e203035c38d&ts=308&x=0"

{
    "name": "Jane Doe",
    "job": "Tester",
    "userID": 3,
    "updatedAt": "2025-01-30T17:32:24.756Z"
}
]]></system-out>
  <system-err><![CDATA[]]></system-err>
</testsuite>
