<?xml version="1.0" encoding="UTF-8"?>
<testsuite name="Get_Test" tests="3" skipped="0" failures="0" errors="0" timestamp="2025-01-30T17:32:13" hostname="fv-az1436-45" time="4.378">
  <properties/>
  <testcase name="GetUser[0](9, true)" classname="Get_Test" time="3.614"/>
  <testcase name="GetUser[1](999, false)" classname="Get_Test" time="0.357"/>
  <testcase name="GetUser[2](0, false)" classname="Get_Test" time="0.339"/>
  <system-out><![CDATA[Request method:	GET
Request URI:	https://reqres.in/api/users/9
Proxy:			<none>
Request params:	<none>
Query params:	<none>
Form params:	<none>
Path params:	id=9
Headers:		Accept=*/*
Cookies:		<none>
Multiparts:		<none>
Body:			<none>
HTTP/1.1 200 OK
Date: Thu, 30 Jan 2025 17:32:16 GMT
Content-Type: application/json; charset=utf-8
Transfer-Encoding: chunked
Connection: keep-alive
Report-To: {"group":"heroku-nel","max_age":3600,"endpoints":[{"url":"https://nel.heroku.com/reports?ts=1738257630&sid=c4c9725f-1ab0-44d8-820f-430df2718e11&s=YjiDwDYG70oGhc%2BJw6Js7ZEYgyW3pkTcZYlaFYUDzCk%3D"}]}
Reporting-Endpoints: heroku-nel=https://nel.heroku.com/reports?ts=1738257630&sid=c4c9725f-1ab0-44d8-820f-430df2718e11&s=YjiDwDYG70oGhc%2BJw6Js7ZEYgyW3pkTcZYlaFYUDzCk%3D
Nel: {"report_to":"heroku-nel","max_age":3600,"success_fraction":0.005,"failure_fraction":0.05,"response_headers":["Via"]}
X-Powered-By: Express
Access-Control-Allow-Origin: *
Etag: W/"152-FpYvp70F61UHmjz1MpAbXegc4Hc"
Via: 1.1 vegur
Cache-Control: max-age=14400
CF-Cache-Status: HIT
Age: 706
Vary: Accept-Encoding
Server: cloudflare
CF-RAY: 90a333479c4015ae-SJC
Content-Encoding: gzip
server-timing: cfL4;desc="?proto=TCP&rtt=2314&min_rtt=1617&rtt_var=1104&sent=7&recv=7&lost=0&retrans=0&sent_bytes=3107&recv_bytes=759&delivery_rate=2649350&cwnd=252&unsent_bytes=0&cid=994679b5fcb0ede5&ts=214&x=0"

{
    "data": {
        "id": 9,
        "email": "tobias.funke@reqres.in",
        "first_name": "Tobias",
        "last_name": "Funke",
        "avatar": "https://reqres.in/img/faces/9-image.jpg"
    },
    "support": {
        "url": "https://contentcaddy.io?utm_source=reqres&utm_medium=json&utm_campaign=referral",
        "text": "Tired of writing endless social media content? Let Content Caddy generate it for you."
    }
}
Request method:	GET
Request URI:	https://reqres.in/api/users/999
Proxy:			<none>
Request params:	<none>
Query params:	<none>
Form params:	<none>
Path params:	id=999
Headers:		Accept=*/*
Cookies:		<none>
Multiparts:		<none>
Body:			<none>
HTTP/1.1 404 Not Found
Date: Thu, 30 Jan 2025 17:32:17 GMT
Content-Type: application/json; charset=utf-8
Content-Length: 2
Connection: keep-alive
Report-To: {"group":"heroku-nel","max_age":3600,"endpoints":[{"url":"https://nel.heroku.com/reports?ts=1738258337&sid=c4c9725f-1ab0-44d8-820f-430df2718e11&s=0zOWiSw372igK8Yb57nnm1my6Ix5bfT9UTADUenE5lc%3D"}]}
Reporting-Endpoints: heroku-nel=https://nel.heroku.com/reports?ts=1738258337&sid=c4c9725f-1ab0-44d8-820f-430df2718e11&s=0zOWiSw372igK8Yb57nnm1my6Ix5bfT9UTADUenE5lc%3D
Nel: {"report_to":"heroku-nel","max_age":3600,"success_fraction":0.005,"failure_fraction":0.05,"response_headers":["Via"]}
X-Powered-By: Express
Access-Control-Allow-Origin: *
Etag: W/"2-vyGp6PvFo4RvsFtPoIWeCReyIC8"
Via: 1.1 vegur
Cache-Control: max-age=14400
CF-Cache-Status: EXPIRED
Vary: Accept-Encoding
Server: cloudflare
CF-RAY: 90a333526c1bcfc0-SJC
server-timing: cfL4;desc="?proto=TCP&rtt=2804&min_rtt=1776&rtt_var=2722&sent=7&recv=8&lost=0&retrans=1&sent_bytes=3354&recv_bytes=761&delivery_rate=445924&cwnd=252&unsent_bytes=0&cid=8eaa0ad877ac6979&ts=328&x=0"

{
    
}
Request method:	GET
Request URI:	https://reqres.in/api/users/0
Proxy:			<none>
Request params:	<none>
Query params:	<none>
Form params:	<none>
Path params:	id=0
Headers:		Accept=*/*
Cookies:		<none>
Multiparts:		<none>
Body:			<none>
HTTP/1.1 404 Not Found
Date: Thu, 30 Jan 2025 17:32:18 GMT
Content-Type: application/json; charset=utf-8
Content-Length: 2
Connection: keep-alive
Report-To: {"group":"heroku-nel","max_age":3600,"endpoints":[{"url":"https://nel.heroku.com/reports?ts=1738258338&sid=c4c9725f-1ab0-44d8-820f-430df2718e11&s=P4O%2F3M%2FtWaDv5Med3eGd2dbL6%2Bio4U5q0WGAj8kpXLM%3D"}]}
Reporting-Endpoints: heroku-nel=https://nel.heroku.com/reports?ts=1738258338&sid=c4c9725f-1ab0-44d8-820f-430df2718e11&s=P4O%2F3M%2FtWaDv5Med3eGd2dbL6%2Bio4U5q0WGAj8kpXLM%3D
Nel: {"report_to":"heroku-nel","max_age":3600,"success_fraction":0.005,"failure_fraction":0.05,"response_headers":["Via"]}
X-Powered-By: Express
Access-Control-Allow-Origin: *
Etag: W/"2-vyGp6PvFo4RvsFtPoIWeCReyIC8"
Via: 1.1 vegur
Cache-Control: max-age=14400
CF-Cache-Status: EXPIRED
Vary: Accept-Encoding
Server: cloudflare
CF-RAY: 90a333548d472364-SJC
server-timing: cfL4;desc="?proto=TCP&rtt=1602&min_rtt=1581&rtt_var=608&sent=6&recv=7&lost=0&retrans=0&sent_bytes=3107&recv_bytes=759&delivery_rate=2709677&cwnd=252&unsent_bytes=0&cid=99e5705bda20ae90&ts=313&x=0"

{
    
}
]]></system-out>
  <system-err><![CDATA[]]></system-err>
</testsuite>
