<?xml version="1.0" encoding="UTF-8"?>
<testsuite name="Put_Test" tests="7" skipped="0" failures="0" errors="0" timestamp="2025-01-30T17:50:06" hostname="fv-az1335-855" time="4.886">
  <properties/>
  <testcase name="testPutUser[0](2, John Doe, Software Developer, true)" classname="Put_Test" time="0.856"/>
  <testcase name="testPutUser[1](2, , QA Engineer, true)" classname="Put_Test" time="0.648"/>
  <testcase name="testPutUser[2](2, Alice, , true)" classname="Put_Test" time="0.905"/>
  <testcase name="testPutUser[3](2, VeryLongNameThatExceedsNormalLengthaldhiuhisabdkauhiugfKJKASJHFKSJH, Dev, true)" classname="Put_Test" time="0.562"/>
  <testcase name="testPutUser[4](2, Bob, Business Analyst, true)" classname="Put_Test" time="0.553"/>
  <testcase name="testPutUser[5](2, !@#$%^&amp;*(), Engineer, true)" classname="Put_Test" time="0.535"/>
  <testcase name="testPutUser[6](3, Jane Doe, Tester, true)" classname="Put_Test" time="0.816"/>
  <system-out><![CDATA[name before =null
Request method:	PUT
Request URI:	https://reqres.in/api/users/22
Proxy:			<none>
Request params:	<none>
Query params:	<none>
Form params:	<none>
Path params:	<none>
Headers:		Accept=*/*
				Content-Type=application/json
Cookies:		<none>
Multiparts:		<none>
Body:
{
    "name": "John Doe",
    "job": "Software Developer",
    "userID": 2
}
HTTP/1.1 200 OK
Date: Thu, 30 Jan 2025 17:50:07 GMT
Content-Type: application/json; charset=utf-8
Transfer-Encoding: chunked
Connection: keep-alive
Report-To: {"group":"heroku-nel","max_age":3600,"endpoints":[{"url":"https://nel.heroku.com/reports?ts=1738259407&sid=c4c9725f-1ab0-44d8-820f-430df2718e11&s=wSy37FXNsqu4cLy%2BOyIlzJS0pkiM8aBhcdIPWcwCE1Y%3D"}]}
Reporting-Endpoints: heroku-nel=https://nel.heroku.com/reports?ts=1738259407&sid=c4c9725f-1ab0-44d8-820f-430df2718e11&s=wSy37FXNsqu4cLy%2BOyIlzJS0pkiM8aBhcdIPWcwCE1Y%3D
Nel: {"report_to":"heroku-nel","max_age":3600,"success_fraction":0.005,"failure_fraction":0.05,"response_headers":["Via"]}
X-Powered-By: Express
Access-Control-Allow-Origin: *
Etag: W/"60-dzn+jiXz1HDTux3N8Sfwl7aiyng"
Via: 1.1 vegur
CF-Cache-Status: DYNAMIC
Vary: Accept-Encoding
Server: cloudflare
CF-RAY: 90a34d6f5f640ffc-LAX
Content-Encoding: gzip
server-timing: cfL4;desc="?proto=TCP&rtt=11585&min_rtt=11482&rtt_var=3318&sent=5&recv=8&lost=0&retrans=0&sent_bytes=3107&recv_bytes=869&delivery_rate=372781&cwnd=180&unsent_bytes=0&cid=d0154fbcda23ead4&ts=310&x=0"

{
    "name": "John Doe",
    "job": "Software Developer",
    "userID": 2,
    "updatedAt": "2025-01-30T17:50:07.469Z"
}
name before =null
Request method:	PUT
Request URI:	https://reqres.in/api/users/22
Proxy:			<none>
Request params:	<none>
Query params:	<none>
Form params:	<none>
Path params:	<none>
Headers:		Accept=*/*
				Content-Type=application/json
Cookies:		<none>
Multiparts:		<none>
Body:
{
    "name": "",
    "job": "QA Engineer",
    "userID": 2
}
HTTP/1.1 200 OK
Date: Thu, 30 Jan 2025 17:50:08 GMT
Content-Type: application/json; charset=utf-8
Transfer-Encoding: chunked
Connection: keep-alive
Report-To: {"group":"heroku-nel","max_age":3600,"endpoints":[{"url":"https://nel.heroku.com/reports?ts=1738259408&sid=c4c9725f-1ab0-44d8-820f-430df2718e11&s=klMg0YwmOJyHMNDCqjCSNpcEq%2Bwmh5CVoBQUsZ2F12w%3D"}]}
Reporting-Endpoints: heroku-nel=https://nel.heroku.com/reports?ts=1738259408&sid=c4c9725f-1ab0-44d8-820f-430df2718e11&s=klMg0YwmOJyHMNDCqjCSNpcEq%2Bwmh5CVoBQUsZ2F12w%3D
Nel: {"report_to":"heroku-nel","max_age":3600,"success_fraction":0.005,"failure_fraction":0.05,"response_headers":["Via"]}
X-Powered-By: Express
Access-Control-Allow-Origin: *
Etag: W/"51-eIgwn0/ylWOVwDWoMg70CCshaPw"
Via: 1.1 vegur
CF-Cache-Status: DYNAMIC
Vary: Accept-Encoding
Server: cloudflare
CF-RAY: 90a34d72fe1f101c-LAX
Content-Encoding: gzip
server-timing: cfL4;desc="?proto=TCP&rtt=11863&min_rtt=11842&rtt_var=4455&sent=5&recv=7&lost=0&retrans=0&sent_bytes=3106&recv_bytes=854&delivery_rate=361763&cwnd=168&unsent_bytes=0&cid=e5a7f7723e17ce31&ts=376&x=0"

{
    "name": "",
    "job": "QA Engineer",
    "userID": 2,
    "updatedAt": "2025-01-30T17:50:08.121Z"
}
name before =null
Request method:	PUT
Request URI:	https://reqres.in/api/users/22
Proxy:			<none>
Request params:	<none>
Query params:	<none>
Form params:	<none>
Path params:	<none>
Headers:		Accept=*/*
				Content-Type=application/json
Cookies:		<none>
Multiparts:		<none>
Body:
{
    "name": "Alice",
    "job": "",
    "userID": 2
}
HTTP/1.1 200 OK
Date: Thu, 30 Jan 2025 17:50:09 GMT
Content-Type: application/json; charset=utf-8
Transfer-Encoding: chunked
Connection: keep-alive
Report-To: {"group":"heroku-nel","max_age":3600,"endpoints":[{"url":"https://nel.heroku.com/reports?ts=1738259409&sid=c4c9725f-1ab0-44d8-820f-430df2718e11&s=EqGIjmF7meFY%2FHyhfXysdTWv3Mx3ABmVU5FbpDheoC8%3D"}]}
Reporting-Endpoints: heroku-nel=https://nel.heroku.com/reports?ts=1738259409&sid=c4c9725f-1ab0-44d8-820f-430df2718e11&s=EqGIjmF7meFY%2FHyhfXysdTWv3Mx3ABmVU5FbpDheoC8%3D
Nel: {"report_to":"heroku-nel","max_age":3600,"success_fraction":0.005,"failure_fraction":0.05,"response_headers":["Via"]}
X-Powered-By: Express
Access-Control-Allow-Origin: *
Etag: W/"4b-xJZLuqLcHD/ujwXrZAfJVtovx0c"
Via: 1.1 vegur
CF-Cache-Status: DYNAMIC
Vary: Accept-Encoding
Server: cloudflare
CF-RAY: 90a34d78edf5f7a1-LAX
Content-Encoding: gzip
server-timing: cfL4;desc="?proto=TCP&rtt=11397&min_rtt=11263&rtt_var=4320&sent=5&recv=7&lost=0&retrans=0&sent_bytes=3107&recv_bytes=848&delivery_rate=380360&cwnd=133&unsent_bytes=0&cid=e9b8f2fd7d874d89&ts=320&x=0"

{
    "name": "Alice",
    "job": "",
    "userID": 2,
    "updatedAt": "2025-01-30T17:50:09.006Z"
}
name before =null
Request method:	PUT
Request URI:	https://reqres.in/api/users/22
Proxy:			<none>
Request params:	<none>
Query params:	<none>
Form params:	<none>
Path params:	<none>
Headers:		Accept=*/*
				Content-Type=application/json
Cookies:		<none>
Multiparts:		<none>
Body:
{
    "name": "VeryLongNameThatExceedsNormalLengthaldhiuhisabdkauhiugfKJKASJHFKSJH",
    "job": "Dev",
    "userID": 2
}
HTTP/1.1 200 OK
Date: Thu, 30 Jan 2025 17:50:09 GMT
Content-Type: application/json; charset=utf-8
Transfer-Encoding: chunked
Connection: keep-alive
Report-To: {"group":"heroku-nel","max_age":3600,"endpoints":[{"url":"https://nel.heroku.com/reports?ts=1738259409&sid=c4c9725f-1ab0-44d8-820f-430df2718e11&s=EqGIjmF7meFY%2FHyhfXysdTWv3Mx3ABmVU5FbpDheoC8%3D"}]}
Reporting-Endpoints: heroku-nel=https://nel.heroku.com/reports?ts=1738259409&sid=c4c9725f-1ab0-44d8-820f-430df2718e11&s=EqGIjmF7meFY%2FHyhfXysdTWv3Mx3ABmVU5FbpDheoC8%3D
Nel: {"report_to":"heroku-nel","max_age":3600,"success_fraction":0.005,"failure_fraction":0.05,"response_headers":["Via"]}
X-Powered-By: Express
Access-Control-Allow-Origin: *
Etag: W/"8c-rYXfAEkHAsnVgc2fx1MBHR227h0"
Via: 1.1 vegur
CF-Cache-Status: DYNAMIC
Vary: Accept-Encoding
Server: cloudflare
CF-RAY: 90a34d7c6bee6899-SJC
Content-Encoding: gzip
server-timing: cfL4;desc="?proto=TCP&rtt=19807&min_rtt=19672&rtt_var=5650&sent=6&recv=8&lost=0&retrans=0&sent_bytes=3106&recv_bytes=914&delivery_rate=217649&cwnd=252&unsent_bytes=0&cid=1f3ae4df8c5f866b&ts=343&x=0"

{
    "name": "VeryLongNameThatExceedsNormalLengthaldhiuhisabdkauhiugfKJKASJHFKSJH",
    "job": "Dev",
    "userID": 2,
    "updatedAt": "2025-01-30T17:50:09.583Z"
}
name before =null
Request method:	PUT
Request URI:	https://reqres.in/api/users/22
Proxy:			<none>
Request params:	<none>
Query params:	<none>
Form params:	<none>
Path params:	<none>
Headers:		Accept=*/*
				Content-Type=application/json
Cookies:		<none>
Multiparts:		<none>
Body:
{
    "name": "Bob",
    "job": "Business Analyst",
    "userID": 2
}
HTTP/1.1 200 OK
Date: Thu, 30 Jan 2025 17:50:10 GMT
Content-Type: application/json; charset=utf-8
Transfer-Encoding: chunked
Connection: keep-alive
Report-To: {"group":"heroku-nel","max_age":3600,"endpoints":[{"url":"https://nel.heroku.com/reports?ts=1738259410&sid=c4c9725f-1ab0-44d8-820f-430df2718e11&s=2htocnMbZnVn5bWVyYG5PHcMtPhOp2qPldIKRaqBkSo%3D"}]}
Reporting-Endpoints: heroku-nel=https://nel.heroku.com/reports?ts=1738259410&sid=c4c9725f-1ab0-44d8-820f-430df2718e11&s=2htocnMbZnVn5bWVyYG5PHcMtPhOp2qPldIKRaqBkSo%3D
Nel: {"report_to":"heroku-nel","max_age":3600,"success_fraction":0.005,"failure_fraction":0.05,"response_headers":["Via"]}
X-Powered-By: Express
Access-Control-Allow-Origin: *
Etag: W/"59-/SW3aI0bVJHuh/6BbrJ2yZo2QW0"
Via: 1.1 vegur
CF-Cache-Status: DYNAMIC
Vary: Accept-Encoding
Server: cloudflare
CF-RAY: 90a34d801888d7af-LAX
Content-Encoding: gzip
server-timing: cfL4;desc="?proto=TCP&rtt=11436&min_rtt=11386&rtt_var=4370&sent=6&recv=7&lost=0&retrans=0&sent_bytes=3106&recv_bytes=862&delivery_rate=363358&cwnd=97&unsent_bytes=0&cid=03662bd91ba9d2df&ts=303&x=0"

{
    "name": "Bob",
    "job": "Business Analyst",
    "userID": 2,
    "updatedAt": "2025-01-30T17:50:10.148Z"
}
name before =null
Request method:	PUT
Request URI:	https://reqres.in/api/users/22
Proxy:			<none>
Request params:	<none>
Query params:	<none>
Form params:	<none>
Path params:	<none>
Headers:		Accept=*/*
				Content-Type=application/json
Cookies:		<none>
Multiparts:		<none>
Body:
{
    "name": "!@#$%^&*()",
    "job": "Engineer",
    "userID": 2
}
HTTP/1.1 200 OK
Date: Thu, 30 Jan 2025 17:50:10 GMT
Content-Type: application/json; charset=utf-8
Transfer-Encoding: chunked
Connection: keep-alive
Report-To: {"group":"heroku-nel","max_age":3600,"endpoints":[{"url":"https://nel.heroku.com/reports?ts=1738259410&sid=c4c9725f-1ab0-44d8-820f-430df2718e11&s=2htocnMbZnVn5bWVyYG5PHcMtPhOp2qPldIKRaqBkSo%3D"}]}
Reporting-Endpoints: heroku-nel=https://nel.heroku.com/reports?ts=1738259410&sid=c4c9725f-1ab0-44d8-820f-430df2718e11&s=2htocnMbZnVn5bWVyYG5PHcMtPhOp2qPldIKRaqBkSo%3D
Nel: {"report_to":"heroku-nel","max_age":3600,"success_fraction":0.005,"failure_fraction":0.05,"response_headers":["Via"]}
X-Powered-By: Express
Access-Control-Allow-Origin: *
Etag: W/"58-slwXjs+AMzBwG1t72uRcNrBDTDU"
Via: 1.1 vegur
CF-Cache-Status: DYNAMIC
Vary: Accept-Encoding
Server: cloudflare
CF-RAY: 90a34d837c5e2b6a-LAX
Content-Encoding: gzip
server-timing: cfL4;desc="?proto=TCP&rtt=11537&min_rtt=11460&rtt_var=4352&sent=6&recv=7&lost=0&retrans=0&sent_bytes=3107&recv_bytes=861&delivery_rate=373821&cwnd=124&unsent_bytes=0&cid=882ce494fca9f79f&ts=308&x=0"

{
    "name": "!@#$%^&*()",
    "job": "Engineer",
    "userID": 2,
    "updatedAt": "2025-01-30T17:50:10.686Z"
}
name before =null
Request method:	PUT
Request URI:	https://reqres.in/api/users/23
Proxy:			<none>
Request params:	<none>
Query params:	<none>
Form params:	<none>
Path params:	<none>
Headers:		Accept=*/*
				Content-Type=application/json
Cookies:		<none>
Multiparts:		<none>
Body:
{
    "name": "Jane Doe",
    "job": "Tester",
    "userID": 3
}
HTTP/1.1 200 OK
Date: Thu, 30 Jan 2025 17:50:11 GMT
Content-Type: application/json; charset=utf-8
Transfer-Encoding: chunked
Connection: keep-alive
Report-To: {"group":"heroku-nel","max_age":3600,"endpoints":[{"url":"https://nel.heroku.com/reports?ts=1738259411&sid=c4c9725f-1ab0-44d8-820f-430df2718e11&s=JpMLWSKzsD23gn8vd%2BtMv1O7yOweMgZ9GIgV%2FWYk1uQ%3D"}]}
Reporting-Endpoints: heroku-nel=https://nel.heroku.com/reports?ts=1738259411&sid=c4c9725f-1ab0-44d8-820f-430df2718e11&s=JpMLWSKzsD23gn8vd%2BtMv1O7yOweMgZ9GIgV%2FWYk1uQ%3D
Nel: {"report_to":"heroku-nel","max_age":3600,"success_fraction":0.005,"failure_fraction":0.05,"response_headers":["Via"]}
X-Powered-By: Express
Access-Control-Allow-Origin: *
Etag: W/"54-CPMsei2hDOlEJvnCTo//czCdf84"
Via: 1.1 vegur
CF-Cache-Status: DYNAMIC
Vary: Accept-Encoding
Server: cloudflare
CF-RAY: 90a34d888bce7d5e-LAX
Content-Encoding: gzip
server-timing: cfL4;desc="?proto=TCP&rtt=11538&min_rtt=11417&rtt_var=4368&sent=6&recv=7&lost=0&retrans=0&sent_bytes=3106&recv_bytes=857&delivery_rate=375229&cwnd=166&unsent_bytes=0&cid=df7987b9d8048baa&ts=311&x=0"

{
    "name": "Jane Doe",
    "job": "Tester",
    "userID": 3,
    "updatedAt": "2025-01-30T17:50:11.510Z"
}
]]></system-out>
  <system-err><![CDATA[]]></system-err>
</testsuite>
