<?xml version="1.0" encoding="UTF-8"?>
<testsuite name="Get_Test" tests="3" skipped="0" failures="0" errors="0" timestamp="2025-01-30T17:59:16" hostname="fv-az1341-365" time="4.398">
  <properties/>
  <testcase name="GetUser[0](9, true)" classname="Get_Test" time="3.745"/>
  <testcase name="GetUser[1](999, false)" classname="Get_Test" time="0.33"/>
  <testcase name="GetUser[2](0, false)" classname="Get_Test" time="0.249"/>
  <system-out><![CDATA[Request method:	GET
Request URI:	https://reqres.in/api/users/9
Proxy:			<none>
Request params:	<none>
Query params:	<none>
Form params:	<none>
Path params:	id=9
Headers:		Accept=*/*
Cookies:		<none>
Multiparts:		<none>
Body:			<none>
HTTP/1.1 200 OK
Date: Thu, 30 Jan 2025 17:59:19 GMT
Content-Type: application/json; charset=utf-8
Transfer-Encoding: chunked
Connection: keep-alive
Report-To: {"group":"heroku-nel","max_age":3600,"endpoints":[{"url":"https://nel.heroku.com/reports?ts=1738207853&sid=c4c9725f-1ab0-44d8-820f-430df2718e11&s=kObEoCYvWVmmyonimOm1WSBfrGenPssl45dEtICYqlQ%3D"}]}
Reporting-Endpoints: heroku-nel=https://nel.heroku.com/reports?ts=1738207853&sid=c4c9725f-1ab0-44d8-820f-430df2718e11&s=kObEoCYvWVmmyonimOm1WSBfrGenPssl45dEtICYqlQ%3D
Nel: {"report_to":"heroku-nel","max_age":3600,"success_fraction":0.005,"failure_fraction":0.05,"response_headers":["Via"]}
X-Powered-By: Express
Access-Control-Allow-Origin: *
Etag: W/"152-FpYvp70F61UHmjz1MpAbXegc4Hc"
Via: 1.1 vegur
Cache-Control: max-age=14400
CF-Cache-Status: REVALIDATED
Vary: Accept-Encoding
Server: cloudflare
CF-RAY: 90a35ae78bfee5e5-IAD
Content-Encoding: gzip
server-timing: cfL4;desc="?proto=TCP&rtt=1555&min_rtt=1540&rtt_var=608&sent=7&recv=7&lost=0&retrans=0&sent_bytes=3105&recv_bytes=759&delivery_rate=2574519&cwnd=252&unsent_bytes=0&cid=b6d6cca715edcf99&ts=432&x=0"

{
    "data": {
        "id": 9,
        "email": "tobias.funke@reqres.in",
        "first_name": "Tobias",
        "last_name": "Funke",
        "avatar": "https://reqres.in/img/faces/9-image.jpg"
    },
    "support": {
        "url": "https://contentcaddy.io?utm_source=reqres&utm_medium=json&utm_campaign=referral",
        "text": "Tired of writing endless social media content? Let Content Caddy generate it for you."
    }
}
Request method:	GET
Request URI:	https://reqres.in/api/users/999
Proxy:			<none>
Request params:	<none>
Query params:	<none>
Form params:	<none>
Path params:	id=999
Headers:		Accept=*/*
Cookies:		<none>
Multiparts:		<none>
Body:			<none>
HTTP/1.1 404 Not Found
Date: Thu, 30 Jan 2025 17:59:21 GMT
Content-Type: application/json; charset=utf-8
Content-Length: 2
Connection: keep-alive
Report-To: {"group":"heroku-nel","max_age":3600,"endpoints":[{"url":"https://nel.heroku.com/reports?ts=1738259961&sid=c4c9725f-1ab0-44d8-820f-430df2718e11&s=16qCVcRcjw8phtdrEWDCh%2F0RY%2B2EWa6WyGZG7D%2FYIcQ%3D"}]}
Reporting-Endpoints: heroku-nel=https://nel.heroku.com/reports?ts=1738259961&sid=c4c9725f-1ab0-44d8-820f-430df2718e11&s=16qCVcRcjw8phtdrEWDCh%2F0RY%2B2EWa6WyGZG7D%2FYIcQ%3D
Nel: {"report_to":"heroku-nel","max_age":3600,"success_fraction":0.005,"failure_fraction":0.05,"response_headers":["Via"]}
X-Powered-By: Express
Access-Control-Allow-Origin: *
Etag: W/"2-vyGp6PvFo4RvsFtPoIWeCReyIC8"
Via: 1.1 vegur
Cache-Control: max-age=14400
CF-Cache-Status: EXPIRED
Vary: Accept-Encoding
Server: cloudflare
CF-RAY: 90a35af31df9d6c0-IAD
server-timing: cfL4;desc="?proto=TCP&rtt=1686&min_rtt=1580&rtt_var=668&sent=6&recv=7&lost=0&retrans=0&sent_bytes=3106&recv_bytes=761&delivery_rate=2711392&cwnd=250&unsent_bytes=0&cid=b50c72aba21d59d7&ts=302&x=0"

{
    
}
Request method:	GET
Request URI:	https://reqres.in/api/users/0
Proxy:			<none>
Request params:	<none>
Query params:	<none>
Form params:	<none>
Path params:	id=0
Headers:		Accept=*/*
Cookies:		<none>
Multiparts:		<none>
Body:			<none>
HTTP/1.1 404 Not Found
Date: Thu, 30 Jan 2025 17:59:21 GMT
Content-Type: application/json; charset=utf-8
Content-Length: 2
Connection: keep-alive
Report-To: {"group":"heroku-nel","max_age":3600,"endpoints":[{"url":"https://nel.heroku.com/reports?ts=1738259961&sid=c4c9725f-1ab0-44d8-820f-430df2718e11&s=16qCVcRcjw8phtdrEWDCh%2F0RY%2B2EWa6WyGZG7D%2FYIcQ%3D"}]}
Reporting-Endpoints: heroku-nel=https://nel.heroku.com/reports?ts=1738259961&sid=c4c9725f-1ab0-44d8-820f-430df2718e11&s=16qCVcRcjw8phtdrEWDCh%2F0RY%2B2EWa6WyGZG7D%2FYIcQ%3D
Nel: {"report_to":"heroku-nel","max_age":3600,"success_fraction":0.005,"failure_fraction":0.05,"response_headers":["Via"]}
X-Powered-By: Express
Access-Control-Allow-Origin: *
Etag: W/"2-vyGp6PvFo4RvsFtPoIWeCReyIC8"
Via: 1.1 vegur
Cache-Control: max-age=14400
CF-Cache-Status: EXPIRED
Vary: Accept-Encoding
Server: cloudflare
CF-RAY: 90a35af51910f278-IAD
server-timing: cfL4;desc="?proto=TCP&rtt=1124&min_rtt=1059&rtt_var=444&sent=5&recv=7&lost=0&retrans=0&sent_bytes=3105&recv_bytes=759&delivery_rate=4045325&cwnd=252&unsent_bytes=0&cid=8391116042f3b47f&ts=226&x=0"

{
    
}
]]></system-out>
  <system-err><![CDATA[]]></system-err>
</testsuite>
