<?xml version="1.0" encoding="UTF-8"?>
<testsuite name="Put_Test" tests="7" skipped="0" failures="0" errors="0" timestamp="2025-01-30T17:59:23" hostname="fv-az1341-365" time="2.608">
  <properties/>
  <testcase name="testPutUser[0](2, John Doe, Software Developer, true)" classname="Put_Test" time="0.53"/>
  <testcase name="testPutUser[1](2, , QA Engineer, true)" classname="Put_Test" time="0.468"/>
  <testcase name="testPutUser[2](2, Alice, , true)" classname="Put_Test" time="0.319"/>
  <testcase name="testPutUser[3](2, VeryLongNameThatExceedsNormalLengthaldhiuhisabdkauhiugfKJKASJHFKSJH, Dev, true)" classname="Put_Test" time="0.328"/>
  <testcase name="testPutUser[4](2, Bob, Business Analyst, true)" classname="Put_Test" time="0.33"/>
  <testcase name="testPutUser[5](2, !@#$%^&amp;*(), Engineer, true)" classname="Put_Test" time="0.314"/>
  <testcase name="testPutUser[6](3, Jane Doe, Tester, true)" classname="Put_Test" time="0.309"/>
  <system-out><![CDATA[name before =null
Request method:	PUT
Request URI:	https://reqres.in/api/users/22
Proxy:			<none>
Request params:	<none>
Query params:	<none>
Form params:	<none>
Path params:	<none>
Headers:		Accept=*/*
				Content-Type=application/json
Cookies:		<none>
Multiparts:		<none>
Body:
{
    "name": "John Doe",
    "job": "Software Developer",
    "userID": 2
}
HTTP/1.1 200 OK
Date: Thu, 30 Jan 2025 17:59:23 GMT
Content-Type: application/json; charset=utf-8
Transfer-Encoding: chunked
Connection: keep-alive
Report-To: {"group":"heroku-nel","max_age":3600,"endpoints":[{"url":"https://nel.heroku.com/reports?ts=1738259963&sid=c4c9725f-1ab0-44d8-820f-430df2718e11&s=tJn6Pag9dS2jTqqYnfQWPmIXjsjy1RITTzN3HjzYAZI%3D"}]}
Reporting-Endpoints: heroku-nel=https://nel.heroku.com/reports?ts=1738259963&sid=c4c9725f-1ab0-44d8-820f-430df2718e11&s=tJn6Pag9dS2jTqqYnfQWPmIXjsjy1RITTzN3HjzYAZI%3D
Nel: {"report_to":"heroku-nel","max_age":3600,"success_fraction":0.005,"failure_fraction":0.05,"response_headers":["Via"]}
X-Powered-By: Express
Access-Control-Allow-Origin: *
Etag: W/"60-XE36sje4ptNPOXZT5pxgKdJ1k80"
Via: 1.1 vegur
CF-Cache-Status: DYNAMIC
Vary: Accept-Encoding
Server: cloudflare
CF-RAY: 90a35b0328ec883e-IAD
Content-Encoding: gzip
server-timing: cfL4;desc="?proto=TCP&rtt=1180&min_rtt=1108&rtt_var=467&sent=6&recv=7&lost=0&retrans=0&sent_bytes=3106&recv_bytes=869&delivery_rate=3866425&cwnd=252&unsent_bytes=0&cid=c9463bb26bc60dce&ts=167&x=0"

{
    "name": "John Doe",
    "job": "Software Developer",
    "userID": 2,
    "updatedAt": "2025-01-30T17:59:23.506Z"
}
name before =null
Request method:	PUT
Request URI:	https://reqres.in/api/users/22
Proxy:			<none>
Request params:	<none>
Query params:	<none>
Form params:	<none>
Path params:	<none>
Headers:		Accept=*/*
				Content-Type=application/json
Cookies:		<none>
Multiparts:		<none>
Body:
{
    "name": "",
    "job": "QA Engineer",
    "userID": 2
}
HTTP/1.1 200 OK
Date: Thu, 30 Jan 2025 17:59:24 GMT
Content-Type: application/json; charset=utf-8
Transfer-Encoding: chunked
Connection: keep-alive
Report-To: {"group":"heroku-nel","max_age":3600,"endpoints":[{"url":"https://nel.heroku.com/reports?ts=1738259963&sid=c4c9725f-1ab0-44d8-820f-430df2718e11&s=tJn6Pag9dS2jTqqYnfQWPmIXjsjy1RITTzN3HjzYAZI%3D"}]}
Reporting-Endpoints: heroku-nel=https://nel.heroku.com/reports?ts=1738259963&sid=c4c9725f-1ab0-44d8-820f-430df2718e11&s=tJn6Pag9dS2jTqqYnfQWPmIXjsjy1RITTzN3HjzYAZI%3D
Nel: {"report_to":"heroku-nel","max_age":3600,"success_fraction":0.005,"failure_fraction":0.05,"response_headers":["Via"]}
X-Powered-By: Express
Access-Control-Allow-Origin: *
Etag: W/"51-TW8CFFi6jHa5zS3gFDI3Onc+6kE"
Via: 1.1 vegur
CF-Cache-Status: DYNAMIC
Vary: Accept-Encoding
Server: cloudflare
CF-RAY: 90a35b054bb982da-IAD
Content-Encoding: gzip
server-timing: cfL4;desc="?proto=TCP&rtt=1038&min_rtt=907&rtt_var=434&sent=6&recv=7&lost=0&retrans=0&sent_bytes=3106&recv_bytes=854&delivery_rate=4723263&cwnd=252&unsent_bytes=0&cid=d2be0bce18f3dbbb&ts=302&x=0"

{
    "name": "",
    "job": "QA Engineer",
    "userID": 2,
    "updatedAt": "2025-01-30T17:59:23.939Z"
}
name before =null
Request method:	PUT
Request URI:	https://reqres.in/api/users/22
Proxy:			<none>
Request params:	<none>
Query params:	<none>
Form params:	<none>
Path params:	<none>
Headers:		Accept=*/*
				Content-Type=application/json
Cookies:		<none>
Multiparts:		<none>
Body:
{
    "name": "Alice",
    "job": "",
    "userID": 2
}
HTTP/1.1 200 OK
Date: Thu, 30 Jan 2025 17:59:24 GMT
Content-Type: application/json; charset=utf-8
Transfer-Encoding: chunked
Connection: keep-alive
Report-To: {"group":"heroku-nel","max_age":3600,"endpoints":[{"url":"https://nel.heroku.com/reports?ts=1738259964&sid=c4c9725f-1ab0-44d8-820f-430df2718e11&s=sAXAz4AMSHgrxyf4VIRg0gzWO1n8HtOp7zRYcvMghv4%3D"}]}
Reporting-Endpoints: heroku-nel=https://nel.heroku.com/reports?ts=1738259964&sid=c4c9725f-1ab0-44d8-820f-430df2718e11&s=sAXAz4AMSHgrxyf4VIRg0gzWO1n8HtOp7zRYcvMghv4%3D
Nel: {"report_to":"heroku-nel","max_age":3600,"success_fraction":0.005,"failure_fraction":0.05,"response_headers":["Via"]}
X-Powered-By: Express
Access-Control-Allow-Origin: *
Etag: W/"4b-D7qXVXBxBDrYe5X+54IxkIYO/Mg"
Via: 1.1 vegur
CF-Cache-Status: DYNAMIC
Vary: Accept-Encoding
Server: cloudflare
CF-RAY: 90a35b082bafc9bd-IAD
Content-Encoding: gzip
server-timing: cfL4;desc="?proto=TCP&rtt=949&min_rtt=909&rtt_var=289&sent=6&recv=8&lost=0&retrans=0&sent_bytes=3106&recv_bytes=848&delivery_rate=4676855&cwnd=252&unsent_bytes=0&cid=946d148435e8a21f&ts=159&x=0"

{
    "name": "Alice",
    "job": "",
    "userID": 2,
    "updatedAt": "2025-01-30T17:59:24.297Z"
}
name before =null
Request method:	PUT
Request URI:	https://reqres.in/api/users/22
Proxy:			<none>
Request params:	<none>
Query params:	<none>
Form params:	<none>
Path params:	<none>
Headers:		Accept=*/*
				Content-Type=application/json
Cookies:		<none>
Multiparts:		<none>
Body:
{
    "name": "VeryLongNameThatExceedsNormalLengthaldhiuhisabdkauhiugfKJKASJHFKSJH",
    "job": "Dev",
    "userID": 2
}
HTTP/1.1 200 OK
Date: Thu, 30 Jan 2025 17:59:24 GMT
Content-Type: application/json; charset=utf-8
Transfer-Encoding: chunked
Connection: keep-alive
Report-To: {"group":"heroku-nel","max_age":3600,"endpoints":[{"url":"https://nel.heroku.com/reports?ts=1738259964&sid=c4c9725f-1ab0-44d8-820f-430df2718e11&s=sAXAz4AMSHgrxyf4VIRg0gzWO1n8HtOp7zRYcvMghv4%3D"}]}
Reporting-Endpoints: heroku-nel=https://nel.heroku.com/reports?ts=1738259964&sid=c4c9725f-1ab0-44d8-820f-430df2718e11&s=sAXAz4AMSHgrxyf4VIRg0gzWO1n8HtOp7zRYcvMghv4%3D
Nel: {"report_to":"heroku-nel","max_age":3600,"success_fraction":0.005,"failure_fraction":0.05,"response_headers":["Via"]}
X-Powered-By: Express
Access-Control-Allow-Origin: *
Etag: W/"8c-0jUmmFgwbM+tXbKKcaDcQo1mYYQ"
Via: 1.1 vegur
CF-Cache-Status: DYNAMIC
Vary: Accept-Encoding
Server: cloudflare
CF-RAY: 90a35b0a2c76d69d-IAD
Content-Encoding: gzip
server-timing: cfL4;desc="?proto=TCP&rtt=1177&min_rtt=1106&rtt_var=369&sent=6&recv=8&lost=0&retrans=0&sent_bytes=3106&recv_bytes=914&delivery_rate=3814781&cwnd=252&unsent_bytes=0&cid=3b1ccb5063f102ac&ts=163&x=0"

{
    "name": "VeryLongNameThatExceedsNormalLengthaldhiuhisabdkauhiugfKJKASJHFKSJH",
    "job": "Dev",
    "userID": 2,
    "updatedAt": "2025-01-30T17:59:24.622Z"
}
name before =null
Request method:	PUT
Request URI:	https://reqres.in/api/users/22
Proxy:			<none>
Request params:	<none>
Query params:	<none>
Form params:	<none>
Path params:	<none>
Headers:		Accept=*/*
				Content-Type=application/json
Cookies:		<none>
Multiparts:		<none>
Body:
{
    "name": "Bob",
    "job": "Business Analyst",
    "userID": 2
}
HTTP/1.1 200 OK
Date: Thu, 30 Jan 2025 17:59:24 GMT
Content-Type: application/json; charset=utf-8
Transfer-Encoding: chunked
Connection: keep-alive
Report-To: {"group":"heroku-nel","max_age":3600,"endpoints":[{"url":"https://nel.heroku.com/reports?ts=1738259964&sid=c4c9725f-1ab0-44d8-820f-430df2718e11&s=sAXAz4AMSHgrxyf4VIRg0gzWO1n8HtOp7zRYcvMghv4%3D"}]}
Reporting-Endpoints: heroku-nel=https://nel.heroku.com/reports?ts=1738259964&sid=c4c9725f-1ab0-44d8-820f-430df2718e11&s=sAXAz4AMSHgrxyf4VIRg0gzWO1n8HtOp7zRYcvMghv4%3D
Nel: {"report_to":"heroku-nel","max_age":3600,"success_fraction":0.005,"failure_fraction":0.05,"response_headers":["Via"]}
X-Powered-By: Express
Access-Control-Allow-Origin: *
Etag: W/"59-ROwv5Wcuf9RY9JKILUMtLT1ZFVk"
Via: 1.1 vegur
CF-Cache-Status: DYNAMIC
Vary: Accept-Encoding
Server: cloudflare
CF-RAY: 90a35b0c499c2d1d-IAD
Content-Encoding: gzip
server-timing: cfL4;desc="?proto=TCP&rtt=896&min_rtt=855&rtt_var=274&sent=6&recv=8&lost=0&retrans=0&sent_bytes=3107&recv_bytes=862&delivery_rate=4952601&cwnd=247&unsent_bytes=0&cid=e7583a7015a99259&ts=163&x=0"

{
    "name": "Bob",
    "job": "Business Analyst",
    "userID": 2,
    "updatedAt": "2025-01-30T17:59:24.960Z"
}
name before =null
Request method:	PUT
Request URI:	https://reqres.in/api/users/22
Proxy:			<none>
Request params:	<none>
Query params:	<none>
Form params:	<none>
Path params:	<none>
Headers:		Accept=*/*
				Content-Type=application/json
Cookies:		<none>
Multiparts:		<none>
Body:
{
    "name": "!@#$%^&*()",
    "job": "Engineer",
    "userID": 2
}
HTTP/1.1 200 OK
Date: Thu, 30 Jan 2025 17:59:25 GMT
Content-Type: application/json; charset=utf-8
Transfer-Encoding: chunked
Connection: keep-alive
Report-To: {"group":"heroku-nel","max_age":3600,"endpoints":[{"url":"https://nel.heroku.com/reports?ts=1738259965&sid=c4c9725f-1ab0-44d8-820f-430df2718e11&s=VICoHPLX%2F3YKXIjkH39LQLULSgHk%2B4E7gWL3knomEfI%3D"}]}
Reporting-Endpoints: heroku-nel=https://nel.heroku.com/reports?ts=1738259965&sid=c4c9725f-1ab0-44d8-820f-430df2718e11&s=VICoHPLX%2F3YKXIjkH39LQLULSgHk%2B4E7gWL3knomEfI%3D
Nel: {"report_to":"heroku-nel","max_age":3600,"success_fraction":0.005,"failure_fraction":0.05,"response_headers":["Via"]}
X-Powered-By: Express
Access-Control-Allow-Origin: *
Etag: W/"58-S7e3DPvEeg+HNTupJbGJdVoWoW4"
Via: 1.1 vegur
CF-Cache-Status: DYNAMIC
Vary: Accept-Encoding
Server: cloudflare
CF-RAY: 90a35b0e3b2b081a-IAD
Content-Encoding: gzip
server-timing: cfL4;desc="?proto=TCP&rtt=1198&min_rtt=1142&rtt_var=469&sent=6&recv=7&lost=0&retrans=0&sent_bytes=3107&recv_bytes=861&delivery_rate=3751313&cwnd=252&unsent_bytes=0&cid=1e0fdb022aade2ab&ts=167&x=0"

{
    "name": "!@#$%^&*()",
    "job": "Engineer",
    "userID": 2,
    "updatedAt": "2025-01-30T17:59:25.271Z"
}
name before =null
Request method:	PUT
Request URI:	https://reqres.in/api/users/23
Proxy:			<none>
Request params:	<none>
Query params:	<none>
Form params:	<none>
Path params:	<none>
Headers:		Accept=*/*
				Content-Type=application/json
Cookies:		<none>
Multiparts:		<none>
Body:
{
    "name": "Jane Doe",
    "job": "Tester",
    "userID": 3
}
HTTP/1.1 200 OK
Date: Thu, 30 Jan 2025 17:59:25 GMT
Content-Type: application/json; charset=utf-8
Transfer-Encoding: chunked
Connection: keep-alive
Content-Encoding: gzip
Cf-Ray: 90a35b100d02c984-IAD
Report-To: {"group":"heroku-nel","max_age":3600,"endpoints":[{"url":"https://nel.heroku.com/reports?ts=1738259965&sid=c4c9725f-1ab0-44d8-820f-430df2718e11&s=VICoHPLX%2F3YKXIjkH39LQLULSgHk%2B4E7gWL3knomEfI%3D"}]}
Reporting-Endpoints: heroku-nel=https://nel.heroku.com/reports?ts=1738259965&sid=c4c9725f-1ab0-44d8-820f-430df2718e11&s=VICoHPLX%2F3YKXIjkH39LQLULSgHk%2B4E7gWL3knomEfI%3D
Nel: {"report_to":"heroku-nel","max_age":3600,"success_fraction":0.005,"failure_fraction":0.05,"response_headers":["Via"]}
X-Powered-By: Express
Access-Control-Allow-Origin: *
Etag: W/"54-92InbtUr7yo4L8xk/67D4m7qAc4"
Via: 1.1 vegur
Cf-Cache-Status: DYNAMIC
Vary: Accept-Encoding
Server: cloudflare
server-timing: cfL4;desc="?proto=TCP&rtt=1146&min_rtt=1137&rtt_var=433&sent=6&recv=7&lost=0&retrans=0&sent_bytes=3106&recv_bytes=857&delivery_rate=3767810&cwnd=252&unsent_bytes=0&cid=271776f1b7b093a4&ts=189&x=0"

{
    "name": "Jane Doe",
    "job": "Tester",
    "userID": 3,
    "updatedAt": "2025-01-30T17:59:25.568Z"
}
]]></system-out>
  <system-err><![CDATA[]]></system-err>
</testsuite>
